# 2024-10-30 13:46:23.091
# BNase-seq_50U-30min_1_hg38.bam
# Chromosome_ID	Chromosome_Size	Aligned_Reads	Unaligned_Reads
# chr1	248956422	753384.0	0.0
# chr10	133797422	317631.0	0.0
# chr11	135086622	311702.0	0.0
# chr11_KI270721v1_random	100316	190.0	0.0
# chr12	133275309	301236.0	0.0
# chr13	114364328	146464.0	0.0
# chr14	107043718	145677.0	0.0
# chr14_GL000009v2_random	201709	1056.0	0.0
# chr14_GL000225v1_random	211173	3581.0	0.0
# chr14_KI270722v1_random	194050	420.0	0.0
# chr14_GL000194v1_random	191469	1140.0	0.0
# chr14_KI270723v1_random	38115	133.0	0.0
# chr14_KI270724v1_random	39555	149.0	0.0
# chr14_KI270725v1_random	172810	231.0	0.0
# chr14_KI270726v1_random	43739	32.0	0.0
# chr15	101991189	211566.0	0.0
# chr15_KI270727v1_random	448248	534.0	0.0
# chr16	90338345	231355.0	0.0
# chr16_KI270728v1_random	1872759	2468.0	0.0
# chr17	83257441	211576.0	0.0
# chr17_GL000205v2_random	185591	1800.0	0.0
# chr17_KI270729v1_random	280839	1220.0	0.0
# chr17_KI270730v1_random	112551	281.0	0.0
# chr18	80373285	156978.0	0.0
# chr19	58617616	176283.0	0.0
# chr1_KI270706v1_random	175055	996.0	0.0
# chr1_KI270707v1_random	32032	124.0	0.0
# chr1_KI270708v1_random	127682	203.0	0.0
# chr1_KI270709v1_random	66860	2930.0	0.0
# chr1_KI270710v1_random	40176	96.0	0.0
# chr1_KI270711v1_random	42210	531.0	0.0
# chr1_KI270712v1_random	176043	419.0	0.0
# chr1_KI270713v1_random	40745	530.0	0.0
# chr1_KI270714v1_random	41717	255.0	0.0
# chr2	242193529	523027.0	0.0
# chr20	64444167	152336.0	0.0
# chr21	46709983	116852.0	0.0
# chr22	50818468	148656.0	0.0
# chr22_KI270731v1_random	150754	653.0	0.0
# chr22_KI270732v1_random	41543	92.0	0.0
# chr22_KI270733v1_random	179772	3297.0	0.0
# chr22_KI270734v1_random	165050	673.0	0.0
# chr22_KI270735v1_random	42811	145.0	0.0
# chr22_KI270736v1_random	181920	732.0	0.0
# chr22_KI270737v1_random	103838	539.0	0.0
# chr22_KI270738v1_random	99375	652.0	0.0
# chr22_KI270739v1_random	73985	86.0	0.0
# chr2_KI270715v1_random	161471	304.0	0.0
# chr2_KI270716v1_random	153799	291.0	0.0
# chr3	198295559	401449.0	0.0
# chr3_GL000221v1_random	155397	953.0	0.0
# chr4	190214555	342871.0	0.0
# chr4_GL000008v2_random	209709	969.0	0.0
# chr5	181538259	393145.0	0.0
# chr5_GL000208v1_random	92689	189.0	0.0
# chr6	170805979	429322.0	0.0
# chr7	159345973	454115.0	0.0
# chr8	145138636	294904.0	0.0
# chr9	138394717	242543.0	0.0
# chr9_KI270717v1_random	40062	42.0	0.0
# chr9_KI270718v1_random	38054	105.0	0.0
# chr9_KI270719v1_random	176845	406.0	0.0
# chr9_KI270720v1_random	39050	180.0	0.0
# chr1_KI270762v1_alt	354444	658.0	0.0
# chr1_KI270766v1_alt	256271	447.0	0.0
# chr1_KI270760v1_alt	109528	173.0	0.0
# chr1_KI270765v1_alt	185285	424.0	0.0
# chr1_GL383518v1_alt	182439	358.0	0.0
# chr1_GL383519v1_alt	110268	327.0	0.0
# chr1_GL383520v2_alt	366580	465.0	0.0
# chr1_KI270764v1_alt	50258	75.0	0.0
# chr1_KI270763v1_alt	911658	1542.0	0.0
# chr1_KI270759v1_alt	425601	710.0	0.0
# chr1_KI270761v1_alt	165834	105.0	0.0
# chr2_KI270770v1_alt	136240	181.0	0.0
# chr2_KI270773v1_alt	70887	67.0	0.0
# chr2_KI270774v1_alt	223625	187.0	0.0
# chr2_KI270769v1_alt	120616	192.0	0.0
# chr2_GL383521v1_alt	143390	111.0	0.0
# chr2_KI270772v1_alt	133041	493.0	0.0
# chr2_KI270775v1_alt	138019	98.0	0.0
# chr2_KI270771v1_alt	110395	46.0	0.0
# chr2_KI270768v1_alt	110099	158.0	0.0
# chr2_GL582966v2_alt	96131	203.0	0.0
# chr2_GL383522v1_alt	123821	347.0	0.0
# chr2_KI270776v1_alt	174166	235.0	0.0
# chr2_KI270767v1_alt	161578	116.0	0.0
# chr3_JH636055v2_alt	173151	300.0	0.0
# chr3_KI270783v1_alt	109187	222.0	0.0
# chr3_KI270780v1_alt	224108	246.0	0.0
# chr3_GL383526v1_alt	180671	261.0	0.0
# chr3_KI270777v1_alt	173649	184.0	0.0
# chr3_KI270778v1_alt	248252	127.0	0.0
# chr3_KI270781v1_alt	113034	124.0	0.0
# chr3_KI270779v1_alt	205312	222.0	0.0
# chr3_KI270782v1_alt	162429	329.0	0.0
# chr3_KI270784v1_alt	184404	455.0	0.0
# chr4_KI270790v1_alt	220246	139.0	0.0
# chr4_GL383528v1_alt	376187	159.0	0.0
# chr4_KI270787v1_alt	111943	210.0	0.0
# chr4_GL000257v2_alt	586476	583.0	0.0
# chr4_KI270788v1_alt	158965	69.0	0.0
# chr4_GL383527v1_alt	164536	112.0	0.0
# chr4_KI270785v1_alt	119912	135.0	0.0
# chr4_KI270789v1_alt	205944	129.0	0.0
# chr4_KI270786v1_alt	244096	132.0	0.0
# chr5_KI270793v1_alt	126136	212.0	0.0
# chr5_KI270792v1_alt	179043	392.0	0.0
# chr5_KI270791v1_alt	195710	359.0	0.0
# chr5_GL383532v1_alt	82728	54.0	0.0
# chr5_GL949742v1_alt	226852	185.0	0.0
# chr5_KI270794v1_alt	164558	216.0	0.0
# chr5_GL339449v2_alt	1612928	2334.0	0.0
# chr5_GL383530v1_alt	101241	109.0	0.0
# chr5_KI270796v1_alt	172708	64.0	0.0
# chr5_GL383531v1_alt	173459	96.0	0.0
# chr5_KI270795v1_alt	131892	169.0	0.0
# chr6_GL000250v2_alt	4672374	1493.0	0.0
# chr6_KI270800v1_alt	175808	78.0	0.0
# chr6_KI270799v1_alt	152148	183.0	0.0
# chr6_GL383533v1_alt	124736	126.0	0.0
# chr6_KI270801v1_alt	870480	458.0	0.0
# chr6_KI270802v1_alt	75005	113.0	0.0
# chr6_KB021644v2_alt	185823	217.0	0.0
# chr6_KI270797v1_alt	197536	305.0	0.0
# chr6_KI270798v1_alt	271782	522.0	0.0
# chr7_KI270804v1_alt	157952	168.0	0.0
# chr7_KI270809v1_alt	209586	458.0	0.0
# chr7_KI270806v1_alt	158166	337.0	0.0
# chr7_GL383534v2_alt	119183	230.0	0.0
# chr7_KI270803v1_alt	1111570	1819.0	0.0
# chr7_KI270808v1_alt	271455	462.0	0.0
# chr7_KI270807v1_alt	126434	211.0	0.0
# chr7_KI270805v1_alt	209988	321.0	0.0
# chr8_KI270818v1_alt	145606	159.0	0.0
# chr8_KI270812v1_alt	282736	334.0	0.0
# chr8_KI270811v1_alt	292436	234.0	0.0
# chr8_KI270821v1_alt	985506	1240.0	0.0
# chr8_KI270813v1_alt	300230	560.0	0.0
# chr8_KI270822v1_alt	624492	530.0	0.0
# chr8_KI270814v1_alt	141812	196.0	0.0
# chr8_KI270810v1_alt	374415	463.0	0.0
# chr8_KI270819v1_alt	133535	335.0	0.0
# chr8_KI270820v1_alt	36640	37.0	0.0
# chr8_KI270817v1_alt	158983	219.0	0.0
# chr8_KI270816v1_alt	305841	578.0	0.0
# chr8_KI270815v1_alt	132244	188.0	0.0
# chr9_GL383539v1_alt	162988	81.0	0.0
# chr9_GL383540v1_alt	71551	42.0	0.0
# chr9_GL383541v1_alt	171286	139.0	0.0
# chr9_GL383542v1_alt	60032	43.0	0.0
# chr9_KI270823v1_alt	439082	300.0	0.0
# chr10_GL383545v1_alt	179254	233.0	0.0
# chr10_KI270824v1_alt	181496	338.0	0.0
# chr10_GL383546v1_alt	309802	657.0	0.0
# chr10_KI270825v1_alt	188315	426.0	0.0
# chr11_KI270832v1_alt	210133	397.0	0.0
# chr11_KI270830v1_alt	177092	188.0	0.0
# chr11_KI270831v1_alt	296895	571.0	0.0
# chr11_KI270829v1_alt	204059	178.0	0.0
# chr11_GL383547v1_alt	154407	67.0	0.0
# chr11_JH159136v1_alt	200998	98.0	0.0
# chr11_JH159137v1_alt	191409	160.0	0.0
# chr11_KI270827v1_alt	67707	108.0	0.0
# chr11_KI270826v1_alt	186169	203.0	0.0
# chr12_GL877875v1_alt	167313	427.0	0.0
# chr12_GL877876v1_alt	408271	259.0	0.0
# chr12_KI270837v1_alt	40090	18.0	0.0
# chr12_GL383549v1_alt	120804	204.0	0.0
# chr12_KI270835v1_alt	238139	343.0	0.0
# chr12_GL383550v2_alt	169178	181.0	0.0
# chr12_GL383552v1_alt	138655	86.0	0.0
# chr12_GL383553v2_alt	152874	113.0	0.0
# chr12_KI270834v1_alt	119498	187.0	0.0
# chr12_GL383551v1_alt	184319	134.0	0.0
# chr12_KI270833v1_alt	76061	51.0	0.0
# chr12_KI270836v1_alt	56134	76.0	0.0
# chr13_KI270840v1_alt	191684	252.0	0.0
# chr13_KI270839v1_alt	180306	153.0	0.0
# chr13_KI270843v1_alt	103832	50.0	0.0
# chr13_KI270841v1_alt	169134	59.0	0.0
# chr13_KI270838v1_alt	306913	217.0	0.0
# chr13_KI270842v1_alt	37287	35.0	0.0
# chr14_KI270844v1_alt	322166	289.0	0.0
# chr14_KI270847v1_alt	1511111	1388.0	0.0
# chr14_KI270845v1_alt	180703	191.0	0.0
# chr14_KI270846v1_alt	1351393	924.0	0.0
# chr15_KI270852v1_alt	478999	577.0	0.0
# chr15_KI270851v1_alt	263054	447.0	0.0
# chr15_KI270848v1_alt	327382	384.0	0.0
# chr15_GL383554v1_alt	296527	346.0	0.0
# chr15_KI270849v1_alt	244917	444.0	0.0
# chr15_GL383555v2_alt	388773	568.0	0.0
# chr15_KI270850v1_alt	430880	1099.0	0.0
# chr16_KI270854v1_alt	134193	266.0	0.0
# chr16_KI270856v1_alt	63982	154.0	0.0
# chr16_KI270855v1_alt	232857	496.0	0.0
# chr16_KI270853v1_alt	2659700	4881.0	0.0
# chr16_GL383556v1_alt	192462	217.0	0.0
# chr16_GL383557v1_alt	89672	160.0	0.0
# chr17_GL383563v3_alt	375691	313.0	0.0
# chr17_KI270862v1_alt	391357	430.0	0.0
# chr17_KI270861v1_alt	196688	300.0	0.0
# chr17_KI270857v1_alt	2877074	4213.0	0.0
# chr17_JH159146v1_alt	278131	329.0	0.0
# chr17_JH159147v1_alt	70345	58.0	0.0
# chr17_GL383564v2_alt	133151	136.0	0.0
# chr17_GL000258v2_alt	1821992	1886.0	0.0
# chr17_GL383565v1_alt	223995	153.0	0.0
# chr17_KI270858v1_alt	235827	118.0	0.0
# chr17_KI270859v1_alt	108763	179.0	0.0
# chr17_GL383566v1_alt	90219	160.0	0.0
# chr17_KI270860v1_alt	178921	251.0	0.0
# chr18_KI270864v1_alt	111737	35.0	0.0
# chr18_GL383567v1_alt	289831	288.0	0.0
# chr18_GL383570v1_alt	164789	79.0	0.0
# chr18_GL383571v1_alt	198278	68.0	0.0
# chr18_GL383568v1_alt	104552	46.0	0.0
# chr18_GL383569v1_alt	167950	82.0	0.0
# chr18_GL383572v1_alt	159547	83.0	0.0
# chr18_KI270863v1_alt	167999	146.0	0.0
# chr19_KI270868v1_alt	61734	132.0	0.0
# chr19_KI270865v1_alt	52969	89.0	0.0
# chr19_GL383573v1_alt	385657	295.0	0.0
# chr19_GL383575v2_alt	170222	185.0	0.0
# chr19_GL383576v1_alt	188024	118.0	0.0
# chr19_GL383574v1_alt	155864	308.0	0.0
# chr19_KI270866v1_alt	43156	129.0	0.0
# chr19_KI270867v1_alt	233762	213.0	0.0
# chr19_GL949746v1_alt	987716	461.0	0.0
# chr20_GL383577v2_alt	128386	133.0	0.0
# chr20_KI270869v1_alt	118774	142.0	0.0
# chr20_KI270871v1_alt	58661	81.0	0.0
# chr20_KI270870v1_alt	183433	355.0	0.0
# chr21_GL383578v2_alt	63917	130.0	0.0
# chr21_KI270874v1_alt	166743	126.0	0.0
# chr21_KI270873v1_alt	143900	197.0	0.0
# chr21_GL383579v2_alt	201197	245.0	0.0
# chr21_GL383580v2_alt	74653	148.0	0.0
# chr21_GL383581v2_alt	116689	268.0	0.0
# chr21_KI270872v1_alt	82692	253.0	0.0
# chr22_KI270875v1_alt	259914	2004.0	0.0
# chr22_KI270878v1_alt	186262	252.0	0.0
# chr22_KI270879v1_alt	304135	466.0	0.0
# chr22_KI270876v1_alt	263666	322.0	0.0
# chr22_KI270877v1_alt	101331	89.0	0.0
# chr22_GL383583v2_alt	96924	111.0	0.0
# chr22_GL383582v2_alt	162811	150.0	0.0
# chrX_KI270880v1_alt	284869	148.0	0.0
# chrX_KI270881v1_alt	144206	78.0	0.0
# chr19_KI270882v1_alt	248807	22.0	0.0
# chr19_KI270883v1_alt	170399	12.0	0.0
# chr19_KI270884v1_alt	157053	17.0	0.0
# chr19_KI270885v1_alt	171027	12.0	0.0
# chr19_KI270886v1_alt	204239	3.0	0.0
# chr19_KI270887v1_alt	209512	22.0	0.0
# chr19_KI270888v1_alt	155532	19.0	0.0
# chr19_KI270889v1_alt	170698	16.0	0.0
# chr19_KI270890v1_alt	184499	10.0	0.0
# chr19_KI270891v1_alt	170680	7.0	0.0
# chr1_KI270892v1_alt	162212	95.0	0.0
# chr2_KI270894v1_alt	214158	732.0	0.0
# chr2_KI270893v1_alt	161218	156.0	0.0
# chr3_KI270895v1_alt	162896	148.0	0.0
# chr4_KI270896v1_alt	378547	325.0	0.0
# chr5_KI270897v1_alt	1144418	1623.0	0.0
# chr5_KI270898v1_alt	130957	140.0	0.0
# chr6_GL000251v2_alt	4795265	3594.0	0.0
# chr7_KI270899v1_alt	190869	307.0	0.0
# chr8_KI270901v1_alt	136959	181.0	0.0
# chr8_KI270900v1_alt	318687	258.0	0.0
# chr11_KI270902v1_alt	106711	104.0	0.0
# chr11_KI270903v1_alt	214625	231.0	0.0
# chr12_KI270904v1_alt	572349	416.0	0.0
# chr15_KI270906v1_alt	196384	185.0	0.0
# chr15_KI270905v1_alt	5161414	6205.0	0.0
# chr17_KI270907v1_alt	137721	88.0	0.0
# chr17_KI270910v1_alt	157099	117.0	0.0
# chr17_KI270909v1_alt	325800	313.0	0.0
# chr17_JH159148v1_alt	88070	59.0	0.0
# chr17_KI270908v1_alt	1423190	2189.0	0.0
# chr18_KI270912v1_alt	174061	88.0	0.0
# chr18_KI270911v1_alt	157710	78.0	0.0
# chr19_GL949747v2_alt	729520	271.0	0.0
# chr22_KB663609v1_alt	74013	51.0	0.0
# chrX_KI270913v1_alt	274009	110.0	0.0
# chr19_KI270914v1_alt	205194	29.0	0.0
# chr19_KI270915v1_alt	170665	16.0	0.0
# chr19_KI270916v1_alt	184516	17.0	0.0
# chr19_KI270917v1_alt	190932	21.0	0.0
# chr19_KI270918v1_alt	123111	15.0	0.0
# chr19_KI270919v1_alt	170701	23.0	0.0
# chr19_KI270920v1_alt	198005	28.0	0.0
# chr19_KI270921v1_alt	282224	29.0	0.0
# chr19_KI270922v1_alt	187935	20.0	0.0
# chr19_KI270923v1_alt	189352	28.0	0.0
# chr3_KI270924v1_alt	166540	168.0	0.0
# chr4_KI270925v1_alt	555799	320.0	0.0
# chr6_GL000252v2_alt	4604811	2865.0	0.0
# chr8_KI270926v1_alt	229282	320.0	0.0
# chr11_KI270927v1_alt	218612	231.0	0.0
# chr19_GL949748v2_alt	1064304	156.0	0.0
# chr22_KI270928v1_alt	176103	150.0	0.0
# chr19_KI270929v1_alt	186203	20.0	0.0
# chr19_KI270930v1_alt	200773	18.0	0.0
# chr19_KI270931v1_alt	170148	23.0	0.0
# chr19_KI270932v1_alt	215732	21.0	0.0
# chr19_KI270933v1_alt	170537	20.0	0.0
# chr19_GL000209v2_alt	177381	16.0	0.0
# chr3_KI270934v1_alt	163458	184.0	0.0
# chr6_GL000253v2_alt	4677643	2488.0	0.0
# chr19_GL949749v2_alt	1091841	167.0	0.0
# chr3_KI270935v1_alt	197351	237.0	0.0
# chr6_GL000254v2_alt	4827813	2525.0	0.0
# chr19_GL949750v2_alt	1066390	156.0	0.0
# chr3_KI270936v1_alt	164170	213.0	0.0
# chr6_GL000255v2_alt	4606388	3667.0	0.0
# chr19_GL949751v2_alt	1002683	163.0	0.0
# chr3_KI270937v1_alt	165607	163.0	0.0
# chr6_GL000256v2_alt	4929269	2963.0	0.0
# chr19_GL949752v1_alt	987100	464.0	0.0
# chr6_KI270758v1_alt	76752	19.0	0.0
# chr19_GL949753v2_alt	796479	287.0	0.0
# chr19_KI270938v1_alt	1066800	534.0	0.0
# chrM	16569	826.0	0.0
# chrUn_KI270302v1	2274	4.0	0.0
# chrUn_KI270304v1	2165	10.0	0.0
# chrUn_KI270303v1	1942	6.0	0.0
# chrUn_KI270305v1	1472	4.0	0.0
# chrUn_KI270322v1	21476	16.0	0.0
# chrUn_KI270320v1	4416	24.0	0.0
# chrUn_KI270310v1	1201	12.0	0.0
# chrUn_KI270316v1	1444	15.0	0.0
# chrUn_KI270315v1	2276	2.0	0.0
# chrUn_KI270312v1	998	0.0	0.0
# chrUn_KI270311v1	12399	18.0	0.0
# chrUn_KI270317v1	37690	8.0	0.0
# chrUn_KI270412v1	1179	6.0	0.0
# chrUn_KI270411v1	2646	16.0	0.0
# chrUn_KI270414v1	2489	0.0	0.0
# chrUn_KI270419v1	1029	2.0	0.0
# chrUn_KI270418v1	2145	6.0	0.0
# chrUn_KI270420v1	2321	2.0	0.0
# chrUn_KI270424v1	2140	4.0	0.0
# chrUn_KI270417v1	2043	0.0	0.0
# chrUn_KI270422v1	1445	4.0	0.0
# chrUn_KI270423v1	981	4.0	0.0
# chrUn_KI270425v1	1884	0.0	0.0
# chrUn_KI270429v1	1361	4.0	0.0
# chrUn_KI270442v1	392061	1469.0	0.0
# chrUn_KI270466v1	1233	60.0	0.0
# chrUn_KI270465v1	1774	5.0	0.0
# chrUn_KI270467v1	3920	234.0	0.0
# chrUn_KI270435v1	92983	235.0	0.0
# chrUn_KI270438v1	112505	5098.0	0.0
# chrUn_KI270468v1	4055	8.0	0.0
# chrUn_KI270510v1	2415	14.0	0.0
# chrUn_KI270509v1	2318	6.0	0.0
# chrUn_KI270518v1	2186	12.0	0.0
# chrUn_KI270508v1	1951	2.0	0.0
# chrUn_KI270516v1	1300	0.0	0.0
# chrUn_KI270512v1	22689	54.0	0.0
# chrUn_KI270519v1	138126	309.0	0.0
# chrUn_KI270522v1	5674	10.0	0.0
# chrUn_KI270511v1	8127	11.0	0.0
# chrUn_KI270515v1	6361	30.0	0.0
# chrUn_KI270507v1	5353	22.0	0.0
# chrUn_KI270517v1	3253	6.0	0.0
# chrUn_KI270529v1	1899	2.0	0.0
# chrUn_KI270528v1	2983	2.0	0.0
# chrUn_KI270530v1	2168	2.0	0.0
# chrUn_KI270539v1	993	2.0	0.0
# chrUn_KI270538v1	91309	171.0	0.0
# chrUn_KI270544v1	1202	2.0	0.0
# chrUn_KI270548v1	1599	6.0	0.0
# chrUn_KI270583v1	1400	4.0	0.0
# chrUn_KI270587v1	2969	10.0	0.0
# chrUn_KI270580v1	1553	4.0	0.0
# chrUn_KI270581v1	7046	7.0	0.0
# chrUn_KI270579v1	31033	35.0	0.0
# chrUn_KI270589v1	44474	102.0	0.0
# chrUn_KI270590v1	4685	24.0	0.0
# chrUn_KI270584v1	4513	10.0	0.0
# chrUn_KI270582v1	6504	12.0	0.0
# chrUn_KI270588v1	6158	22.0	0.0
# chrUn_KI270593v1	3041	6.0	0.0
# chrUn_KI270591v1	5796	27.0	0.0
# chrUn_KI270330v1	1652	51.0	0.0
# chrUn_KI270329v1	1040	0.0	0.0
# chrUn_KI270334v1	1368	4.0	0.0
# chrUn_KI270333v1	2699	69.0	0.0
# chrUn_KI270335v1	1048	10.0	0.0
# chrUn_KI270338v1	1428	2.0	0.0
# chrUn_KI270340v1	1428	2.0	0.0
# chrUn_KI270336v1	1026	24.0	0.0
# chrUn_KI270337v1	1121	60.0	0.0
# chrUn_KI270363v1	1803	0.0	0.0
# chrUn_KI270364v1	2855	2.0	0.0
# chrUn_KI270362v1	3530	2.0	0.0
# chrUn_KI270366v1	8320	20.0	0.0
# chrUn_KI270378v1	1048	0.0	0.0
# chrUn_KI270379v1	1045	0.0	0.0
# chrUn_KI270389v1	1298	2.0	0.0
# chrUn_KI270390v1	2387	2.0	0.0
# chrUn_KI270387v1	1537	4.0	0.0
# chrUn_KI270395v1	1143	4.0	0.0
# chrUn_KI270396v1	1880	2.0	0.0
# chrUn_KI270388v1	1216	0.0	0.0
# chrUn_KI270394v1	970	0.0	0.0
# chrUn_KI270386v1	1788	0.0	0.0
# chrUn_KI270391v1	1484	4.0	0.0
# chrUn_KI270383v1	1750	2.0	0.0
# chrUn_KI270393v1	1308	2.0	0.0
# chrUn_KI270384v1	1658	0.0	0.0
# chrUn_KI270392v1	971	0.0	0.0
# chrUn_KI270381v1	1930	8.0	0.0
# chrUn_KI270385v1	990	0.0	0.0
# chrUn_KI270382v1	4215	10.0	0.0
# chrUn_KI270376v1	1136	0.0	0.0
# chrUn_KI270374v1	2656	4.0	0.0
# chrUn_KI270372v1	1650	2.0	0.0
# chrUn_KI270373v1	1451	0.0	0.0
# chrUn_KI270375v1	2378	0.0	0.0
# chrUn_KI270371v1	2805	0.0	0.0
# chrUn_KI270448v1	7992	28.0	0.0
# chrUn_KI270521v1	7642	14.0	0.0
# chrUn_GL000195v1	182896	917.0	0.0
# chrUn_GL000219v1	179198	1309.0	0.0
# chrUn_GL000220v1	161802	4383.0	0.0
# chrUn_GL000224v1	179693	2511.0	0.0
# chrUn_KI270741v1	157432	638.0	0.0
# chrUn_GL000226v1	15008	70.0	0.0
# chrUn_GL000213v1	164239	154.0	0.0
# chrUn_KI270743v1	210658	824.0	0.0
# chrUn_KI270744v1	168472	1804.0	0.0
# chrUn_KI270745v1	41891	144.0	0.0
# chrUn_KI270746v1	66486	208.0	0.0
# chrUn_KI270747v1	198735	308.0	0.0
# chrUn_KI270748v1	93321	239.0	0.0
# chrUn_KI270749v1	158759	230.0	0.0
# chrUn_KI270750v1	148850	272.0	0.0
# chrUn_KI270751v1	150742	876.0	0.0
# chrUn_KI270752v1	27745	0.0	0.0
# chrUn_KI270753v1	62944	113.0	0.0
# chrUn_KI270754v1	40191	394.0	0.0
# chrUn_KI270755v1	36723	16.0	0.0
# chrUn_KI270756v1	79590	214.0	0.0
# chrUn_KI270757v1	71251	206.0	0.0
# chrUn_GL000214v1	137718	1409.0	0.0
# chrUn_KI270742v1	186739	1896.0	0.0
# chrUn_GL000216v2	176608	2077.0	0.0
# chrUn_GL000218v1	161147	1048.0	0.0
# chrX	156040895	193057.0	0.0
# chrY	57227415	7919.0	0.0
# chrY_KI270740v1_random	37240	0.0	0.0
# Total Genome Size: 3.209286105E9	Total Aligned Tags: 6827791.0
# bwa	# 0.7.17-r1188
# bwa mem -t 8 -v 1 /storage/group/bfp2/default/00_pughlab/tool_data/hg38/bwa_mem_index/hg38/hg38.fa /storage/group/bfp2/default/00_pughlab/pulsar/files/staging/796516/inputs/459-28393_S67_R1_001.fastq.gz /storage/group/bfp2/default/00_pughlab/pulsar/files/staging/796516/inputs/459-28393_S67_R2_001.fastq.gz
# MarkDuplicates	# 2.18.2-SNAPSHOT
# MarkDuplicates TAGGING_POLICY=All INPUT=[Map_with_BWA-MEM_on_data_4_and_data_3__mapped_reads_in_BAM_format_] OUTPUT=/storage/group/bfp2/default/00_pughlab/pulsar/files/staging/796520/outputs/dataset_42d41427-9b00-473d-9e51-a95e4286458c.dat METRICS_FILE=/storage/group/bfp2/default/00_pughlab/pulsar/files/staging/796520/outputs/dataset_81b47611-e8cb-4621-96f9-ce81fa0f6bc0.dat REMOVE_DUPLICATES=false ASSUME_SORTED=true DUPLICATE_SCORING_STRATEGY=SUM_OF_BASE_QUALITIES READ_NAME_REGEX=[a-zA-Z0-9]+:[0-9]:([0-9]+):([0-9]+):([0-9]+).*. OPTICAL_DUPLICATE_PIXEL_DISTANCE=100 VERBOSITY=ERROR QUIET=true VALIDATION_STRINGENCY=LENIENT    MAX_SEQUENCES_FOR_DISK_READ_ENDS_MAP=50000 MAX_FILE_HANDLES_FOR_READ_ENDS_MAP=8000 SORTING_COLLECTION_SIZE_RATIO=0.25 TAG_DUPLICATE_SET_MEMBERS=false REMOVE_SEQUENCING_DUPLICATES=false CLEAR_DT=true ADD_PG_TAG_TO_READS=true PROGRAM_RECORD_ID=MarkDuplicates PROGRAM_GROUP_NAME=MarkDuplicates MAX_OPTICAL_DUPLICATE_SET_SIZE=300000 COMPRESSION_LEVEL=5 MAX_RECORDS_IN_RAM=500000 CREATE_INDEX=false CREATE_MD5_FILE=false GA4GH_CLIENT_SECRETS=client_secrets.json USE_JDK_DEFLATER=false USE_JDK_INFLATER=false
# Average Insert Size: 91.10046775449594
# Median Insert Size: 89.0
# Mode Insert Size: 80.0
# Std deviation of Insert Size: 29.290860310197974
# Number of ReadPairs: 3363089.0
# Histogram
# Size (bp)	Frequency
0	0.0
1	0.0
2	24.0
3	23.0
4	24.0
5	36.0
6	28.0
7	23.0
8	25.0
9	22.0
10	40.0
11	39.0
12	19.0
13	26.0
14	40.0
15	30.0
16	41.0
17	22.0
18	46.0
19	104.0
20	86.0
21	70.0
22	74.0
23	80.0
24	87.0
25	106.0
26	144.0
27	232.0
28	547.0
29	1176.0
30	1510.0
31	864.0
32	467.0
33	399.0
34	467.0
35	654.0
36	1342.0
37	3772.0
38	11199.0
39	19663.0
40	18813.0
41	10151.0
42	2893.0
43	1330.0
44	1397.0
45	1751.0
46	2920.0
47	6808.0
48	22853.0
49	54138.0
50	66296.0
51	34104.0
52	8277.0
53	2948.0
54	2682.0
55	3488.0
56	6321.0
57	15601.0
58	41457.0
59	78262.0
60	87526.0
61	55840.0
62	20214.0
63	6506.0
64	4811.0
65	4964.0
66	6575.0
67	12698.0
68	40120.0
69	97784.0
70	131969.0
71	90999.0
72	33755.0
73	10583.0
74	6846.0
75	6756.0
76	9039.0
77	19104.0
78	50800.0
79	102848.0
80	134338.0
81	113773.0
82	58511.0
83	22024.0
84	10495.0
85	7963.0
86	8920.0
87	15887.0
88	39379.0
89	81114.0
90	112676.0
91	105618.0
92	65935.0
93	28994.0
94	13758.0
95	10110.0
96	12502.0
97	22058.0
98	42136.0
99	65595.0
100	79087.0
101	72555.0
102	50356.0
103	28852.0
104	15958.0
105	11119.0
106	11101.0
107	15728.0
108	26591.0
109	42976.0
110	55144.0
111	54196.0
112	39515.0
113	23282.0
114	14009.0
115	10746.0
116	10672.0
117	13500.0
118	19567.0
119	26507.0
120	32143.0
121	33138.0
122	27855.0
123	20265.0
124	13797.0
125	10114.0
126	9335.0
127	10462.0
128	13594.0
129	17320.0
130	20123.0
131	20365.0
132	18775.0
133	15202.0
134	11532.0
135	9285.0
136	8854.0
137	9081.0
138	10599.0
139	11721.0
140	12113.0
141	11562.0
142	10114.0
143	9239.0
144	8145.0
145	7167.0
146	6478.0
147	6463.0
148	6754.0
149	7019.0
150	7032.0
151	6699.0
152	6060.0
153	5458.0
154	4996.0
155	4745.0
156	4789.0
157	4441.0
158	4421.0
159	4445.0
160	4145.0
161	3828.0
162	3465.0
163	3099.0
164	2974.0
165	2871.0
166	2872.0
167	2752.0
168	2846.0
169	2872.0
170	2690.0
171	2336.0
172	2142.0
173	2016.0
174	1816.0
175	1735.0
176	1696.0
177	1752.0
178	1772.0
179	1798.0
180	1701.0
181	1488.0
182	1361.0
183	1298.0
184	1194.0
185	1088.0
186	1119.0
187	1046.0
188	1167.0
189	1112.0
190	1136.0
191	1086.0
192	876.0
193	750.0
194	732.0
195	688.0
196	650.0
197	656.0
198	748.0
199	746.0
200	799.0
201	646.0
202	616.0
203	532.0
204	476.0
205	437.0
206	418.0
207	414.0
208	475.0
209	495.0
210	461.0
211	489.0
212	468.0
213	413.0
214	308.0
215	293.0
216	297.0
217	306.0
218	337.0
219	352.0
220	399.0
221	495.0
222	319.0
223	0.0
224	0.0
225	0.0
226	0.0
227	0.0
228	0.0
229	0.0
230	0.0
231	0.0
232	0.0
233	0.0
234	0.0
235	0.0
236	0.0
237	0.0
238	0.0
239	0.0
240	0.0
241	0.0
242	0.0
243	0.0
244	0.0
245	0.0
246	0.0
247	0.0
248	0.0
249	0.0
250	0.0
251	0.0
252	0.0
253	0.0
254	0.0
255	0.0
256	0.0
257	0.0
258	0.0
259	0.0
260	0.0
261	0.0
262	0.0
263	0.0
264	0.0
265	0.0
266	0.0
267	0.0
268	0.0
269	0.0
270	0.0
271	0.0
272	0.0
273	0.0
274	0.0
275	0.0
276	0.0
277	0.0
278	0.0
279	0.0
280	0.0
281	0.0
282	0.0
283	0.0
284	0.0
285	0.0
286	0.0
287	0.0
288	0.0
289	0.0
290	0.0
291	0.0
292	0.0
293	0.0
294	0.0
295	0.0
296	0.0
297	0.0
298	0.0
299	0.0
300	0.0
301	0.0
302	0.0
303	0.0
304	0.0
305	0.0
306	0.0
307	0.0
308	0.0
309	0.0
310	0.0
311	0.0
312	0.0
313	0.0
314	0.0
315	0.0
316	0.0
317	0.0
318	0.0
319	0.0
320	0.0
321	0.0
322	0.0
323	0.0
324	0.0
325	0.0
326	0.0
327	0.0
328	0.0
329	0.0
330	0.0
331	0.0
332	0.0
333	0.0
334	0.0
335	0.0
336	0.0
337	0.0
338	0.0
339	0.0
340	0.0
