# 2025-03-25 15:17:32.853
# NakedDNA_BNase-seq_0.375U_3_hg38.bam
# Chromosome_ID	Chromosome_Size	Aligned_Reads	Unaligned_Reads
# chr1	248956422	114974.0	0.0
# chr10	133797422	54793.0	0.0
# chr11	135086622	50025.0	0.0
# chr11_KI270721v1_random	100316	3.0	0.0
# chr12	133275309	55545.0	0.0
# chr13	114364328	35677.0	0.0
# chr14	107043718	26631.0	0.0
# chr14_GL000009v2_random	201709	178.0	0.0
# chr14_GL000225v1_random	211173	240.0	0.0
# chr14_KI270722v1_random	194050	149.0	0.0
# chr14_GL000194v1_random	191469	176.0	0.0
# chr14_KI270723v1_random	38115	14.0	0.0
# chr14_KI270724v1_random	39555	18.0	0.0
# chr14_KI270725v1_random	172810	68.0	0.0
# chr14_KI270726v1_random	43739	0.0	0.0
# chr15	101991189	34704.0	0.0
# chr15_KI270727v1_random	448248	124.0	0.0
# chr16	90338345	32710.0	0.0
# chr16_KI270728v1_random	1872759	473.0	0.0
# chr17	83257441	25364.0	0.0
# chr17_GL000205v2_random	185591	142.0	0.0
# chr17_KI270729v1_random	280839	335.0	0.0
# chr17_KI270730v1_random	112551	62.0	0.0
# chr18	80373285	33685.0	0.0
# chr19	58617616	19825.0	0.0
# chr1_KI270706v1_random	175055	93.0	0.0
# chr1_KI270707v1_random	32032	24.0	0.0
# chr1_KI270708v1_random	127682	69.0	0.0
# chr1_KI270709v1_random	66860	981.0	0.0
# chr1_KI270710v1_random	40176	36.0	0.0
# chr1_KI270711v1_random	42210	38.0	0.0
# chr1_KI270712v1_random	176043	57.0	0.0
# chr1_KI270713v1_random	40745	31.0	0.0
# chr1_KI270714v1_random	41717	12.0	0.0
# chr2	242193529	100577.0	0.0
# chr20	64444167	21106.0	0.0
# chr21	46709983	20267.0	0.0
# chr22	50818468	14516.0	0.0
# chr22_KI270731v1_random	150754	74.0	0.0
# chr22_KI270732v1_random	41543	46.0	0.0
# chr22_KI270733v1_random	179772	616.0	0.0
# chr22_KI270734v1_random	165050	44.0	0.0
# chr22_KI270735v1_random	42811	49.0	0.0
# chr22_KI270736v1_random	181920	83.0	0.0
# chr22_KI270737v1_random	103838	140.0	0.0
# chr22_KI270738v1_random	99375	219.0	0.0
# chr22_KI270739v1_random	73985	30.0	0.0
# chr2_KI270715v1_random	161471	64.0	0.0
# chr2_KI270716v1_random	153799	40.0	0.0
# chr3	198295559	79384.0	0.0
# chr3_GL000221v1_random	155397	150.0	0.0
# chr4	190214555	84258.0	0.0
# chr4_GL000008v2_random	209709	146.0	0.0
# chr5	181538259	81664.0	0.0
# chr5_GL000208v1_random	92689	58.0	0.0
# chr6	170805979	83153.0	0.0
# chr7	159345973	85421.0	0.0
# chr8	145138636	58794.0	0.0
# chr9	138394717	37494.0	0.0
# chr9_KI270717v1_random	40062	32.0	0.0
# chr9_KI270718v1_random	38054	24.0	0.0
# chr9_KI270719v1_random	176845	122.0	0.0
# chr9_KI270720v1_random	39050	36.0	0.0
# chr1_KI270762v1_alt	354444	25.0	0.0
# chr1_KI270766v1_alt	256271	73.0	0.0
# chr1_KI270760v1_alt	109528	13.0	0.0
# chr1_KI270765v1_alt	185285	74.0	0.0
# chr1_GL383518v1_alt	182439	51.0	0.0
# chr1_GL383519v1_alt	110268	13.0	0.0
# chr1_GL383520v2_alt	366580	137.0	0.0
# chr1_KI270764v1_alt	50258	6.0	0.0
# chr1_KI270763v1_alt	911658	285.0	0.0
# chr1_KI270759v1_alt	425601	77.0	0.0
# chr1_KI270761v1_alt	165834	39.0	0.0
# chr2_KI270770v1_alt	136240	21.0	0.0
# chr2_KI270773v1_alt	70887	9.0	0.0
# chr2_KI270774v1_alt	223625	20.0	0.0
# chr2_KI270769v1_alt	120616	14.0	0.0
# chr2_GL383521v1_alt	143390	26.0	0.0
# chr2_KI270772v1_alt	133041	139.0	0.0
# chr2_KI270775v1_alt	138019	34.0	0.0
# chr2_KI270771v1_alt	110395	24.0	0.0
# chr2_KI270768v1_alt	110099	34.0	0.0
# chr2_GL582966v2_alt	96131	154.0	0.0
# chr2_GL383522v1_alt	123821	54.0	0.0
# chr2_KI270776v1_alt	174166	8.0	0.0
# chr2_KI270767v1_alt	161578	17.0	0.0
# chr3_JH636055v2_alt	173151	54.0	0.0
# chr3_KI270783v1_alt	109187	47.0	0.0
# chr3_KI270780v1_alt	224108	23.0	0.0
# chr3_GL383526v1_alt	180671	57.0	0.0
# chr3_KI270777v1_alt	173649	26.0	0.0
# chr3_KI270778v1_alt	248252	51.0	0.0
# chr3_KI270781v1_alt	113034	26.0	0.0
# chr3_KI270779v1_alt	205312	25.0	0.0
# chr3_KI270782v1_alt	162429	39.0	0.0
# chr3_KI270784v1_alt	184404	52.0	0.0
# chr4_KI270790v1_alt	220246	44.0	0.0
# chr4_GL383528v1_alt	376187	62.0	0.0
# chr4_KI270787v1_alt	111943	42.0	0.0
# chr4_GL000257v2_alt	586476	160.0	0.0
# chr4_KI270788v1_alt	158965	29.0	0.0
# chr4_GL383527v1_alt	164536	25.0	0.0
# chr4_KI270785v1_alt	119912	30.0	0.0
# chr4_KI270789v1_alt	205944	28.0	0.0
# chr4_KI270786v1_alt	244096	14.0	0.0
# chr5_KI270793v1_alt	126136	9.0	0.0
# chr5_KI270792v1_alt	179043	14.0	0.0
# chr5_KI270791v1_alt	195710	11.0	0.0
# chr5_GL383532v1_alt	82728	20.0	0.0
# chr5_GL949742v1_alt	226852	81.0	0.0
# chr5_KI270794v1_alt	164558	32.0	0.0
# chr5_GL339449v2_alt	1612928	410.0	0.0
# chr5_GL383530v1_alt	101241	29.0	0.0
# chr5_KI270796v1_alt	172708	49.0	0.0
# chr5_GL383531v1_alt	173459	36.0	0.0
# chr5_KI270795v1_alt	131892	16.0	0.0
# chr6_GL000250v2_alt	4672374	186.0	0.0
# chr6_KI270800v1_alt	175808	38.0	0.0
# chr6_KI270799v1_alt	152148	34.0	0.0
# chr6_GL383533v1_alt	124736	20.0	0.0
# chr6_KI270801v1_alt	870480	224.0	0.0
# chr6_KI270802v1_alt	75005	16.0	0.0
# chr6_KB021644v2_alt	185823	27.0	0.0
# chr6_KI270797v1_alt	197536	42.0	0.0
# chr6_KI270798v1_alt	271782	56.0	0.0
# chr7_KI270804v1_alt	157952	15.0	0.0
# chr7_KI270809v1_alt	209586	77.0	0.0
# chr7_KI270806v1_alt	158166	65.0	0.0
# chr7_GL383534v2_alt	119183	36.0	0.0
# chr7_KI270803v1_alt	1111570	303.0	0.0
# chr7_KI270808v1_alt	271455	69.0	0.0
# chr7_KI270807v1_alt	126434	10.0	0.0
# chr7_KI270805v1_alt	209988	44.0	0.0
# chr8_KI270818v1_alt	145606	13.0	0.0
# chr8_KI270812v1_alt	282736	23.0	0.0
# chr8_KI270811v1_alt	292436	31.0	0.0
# chr8_KI270821v1_alt	985506	156.0	0.0
# chr8_KI270813v1_alt	300230	71.0	0.0
# chr8_KI270822v1_alt	624492	179.0	0.0
# chr8_KI270814v1_alt	141812	20.0	0.0
# chr8_KI270810v1_alt	374415	119.0	0.0
# chr8_KI270819v1_alt	133535	9.0	0.0
# chr8_KI270820v1_alt	36640	6.0	0.0
# chr8_KI270817v1_alt	158983	17.0	0.0
# chr8_KI270816v1_alt	305841	21.0	0.0
# chr8_KI270815v1_alt	132244	23.0	0.0
# chr9_GL383539v1_alt	162988	18.0	0.0
# chr9_GL383540v1_alt	71551	4.0	0.0
# chr9_GL383541v1_alt	171286	19.0	0.0
# chr9_GL383542v1_alt	60032	12.0	0.0
# chr9_KI270823v1_alt	439082	138.0	0.0
# chr10_GL383545v1_alt	179254	51.0	0.0
# chr10_KI270824v1_alt	181496	110.0	0.0
# chr10_GL383546v1_alt	309802	89.0	0.0
# chr10_KI270825v1_alt	188315	24.0	0.0
# chr11_KI270832v1_alt	210133	31.0	0.0
# chr11_KI270830v1_alt	177092	21.0	0.0
# chr11_KI270831v1_alt	296895	31.0	0.0
# chr11_KI270829v1_alt	204059	40.0	0.0
# chr11_GL383547v1_alt	154407	46.0	0.0
# chr11_JH159136v1_alt	200998	40.0	0.0
# chr11_JH159137v1_alt	191409	56.0	0.0
# chr11_KI270827v1_alt	67707	10.0	0.0
# chr11_KI270826v1_alt	186169	20.0	0.0
# chr12_GL877875v1_alt	167313	35.0	0.0
# chr12_GL877876v1_alt	408271	35.0	0.0
# chr12_KI270837v1_alt	40090	6.0	0.0
# chr12_GL383549v1_alt	120804	34.0	0.0
# chr12_KI270835v1_alt	238139	56.0	0.0
# chr12_GL383550v2_alt	169178	37.0	0.0
# chr12_GL383552v1_alt	138655	29.0	0.0
# chr12_GL383553v2_alt	152874	35.0	0.0
# chr12_KI270834v1_alt	119498	22.0	0.0
# chr12_GL383551v1_alt	184319	22.0	0.0
# chr12_KI270833v1_alt	76061	15.0	0.0
# chr12_KI270836v1_alt	56134	4.0	0.0
# chr13_KI270840v1_alt	191684	31.0	0.0
# chr13_KI270839v1_alt	180306	12.0	0.0
# chr13_KI270843v1_alt	103832	15.0	0.0
# chr13_KI270841v1_alt	169134	26.0	0.0
# chr13_KI270838v1_alt	306913	24.0	0.0
# chr13_KI270842v1_alt	37287	3.0	0.0
# chr14_KI270844v1_alt	322166	47.0	0.0
# chr14_KI270847v1_alt	1511111	181.0	0.0
# chr14_KI270845v1_alt	180703	22.0	0.0
# chr14_KI270846v1_alt	1351393	160.0	0.0
# chr15_KI270852v1_alt	478999	146.0	0.0
# chr15_KI270851v1_alt	263054	76.0	0.0
# chr15_KI270848v1_alt	327382	144.0	0.0
# chr15_GL383554v1_alt	296527	48.0	0.0
# chr15_KI270849v1_alt	244917	39.0	0.0
# chr15_GL383555v2_alt	388773	117.0	0.0
# chr15_KI270850v1_alt	430880	93.0	0.0
# chr16_KI270854v1_alt	134193	14.0	0.0
# chr16_KI270856v1_alt	63982	11.0	0.0
# chr16_KI270855v1_alt	232857	23.0	0.0
# chr16_KI270853v1_alt	2659700	711.0	0.0
# chr16_GL383556v1_alt	192462	32.0	0.0
# chr16_GL383557v1_alt	89672	28.0	0.0
# chr17_GL383563v3_alt	375691	27.0	0.0
# chr17_KI270862v1_alt	391357	68.0	0.0
# chr17_KI270861v1_alt	196688	10.0	0.0
# chr17_KI270857v1_alt	2877074	504.0	0.0
# chr17_JH159146v1_alt	278131	46.0	0.0
# chr17_JH159147v1_alt	70345	4.0	0.0
# chr17_GL383564v2_alt	133151	20.0	0.0
# chr17_GL000258v2_alt	1821992	289.0	0.0
# chr17_GL383565v1_alt	223995	71.0	0.0
# chr17_KI270858v1_alt	235827	40.0	0.0
# chr17_KI270859v1_alt	108763	32.0	0.0
# chr17_GL383566v1_alt	90219	10.0	0.0
# chr17_KI270860v1_alt	178921	20.0	0.0
# chr18_KI270864v1_alt	111737	8.0	0.0
# chr18_GL383567v1_alt	289831	52.0	0.0
# chr18_GL383570v1_alt	164789	29.0	0.0
# chr18_GL383571v1_alt	198278	21.0	0.0
# chr18_GL383568v1_alt	104552	13.0	0.0
# chr18_GL383569v1_alt	167950	15.0	0.0
# chr18_GL383572v1_alt	159547	5.0	0.0
# chr18_KI270863v1_alt	167999	24.0	0.0
# chr19_KI270868v1_alt	61734	3.0	0.0
# chr19_KI270865v1_alt	52969	4.0	0.0
# chr19_GL383573v1_alt	385657	83.0	0.0
# chr19_GL383575v2_alt	170222	47.0	0.0
# chr19_GL383576v1_alt	188024	41.0	0.0
# chr19_GL383574v1_alt	155864	45.0	0.0
# chr19_KI270866v1_alt	43156	7.0	0.0
# chr19_KI270867v1_alt	233762	52.0	0.0
# chr19_GL949746v1_alt	987716	117.0	0.0
# chr20_GL383577v2_alt	128386	22.0	0.0
# chr20_KI270869v1_alt	118774	14.0	0.0
# chr20_KI270871v1_alt	58661	6.0	0.0
# chr20_KI270870v1_alt	183433	13.0	0.0
# chr21_GL383578v2_alt	63917	18.0	0.0
# chr21_KI270874v1_alt	166743	23.0	0.0
# chr21_KI270873v1_alt	143900	34.0	0.0
# chr21_GL383579v2_alt	201197	47.0	0.0
# chr21_GL383580v2_alt	74653	60.0	0.0
# chr21_GL383581v2_alt	116689	30.0	0.0
# chr21_KI270872v1_alt	82692	26.0	0.0
# chr22_KI270875v1_alt	259914	204.0	0.0
# chr22_KI270878v1_alt	186262	19.0	0.0
# chr22_KI270879v1_alt	304135	36.0	0.0
# chr22_KI270876v1_alt	263666	51.0	0.0
# chr22_KI270877v1_alt	101331	7.0	0.0
# chr22_GL383583v2_alt	96924	12.0	0.0
# chr22_GL383582v2_alt	162811	19.0	0.0
# chrX_KI270880v1_alt	284869	17.0	0.0
# chrX_KI270881v1_alt	144206	22.0	0.0
# chr19_KI270882v1_alt	248807	0.0	0.0
# chr19_KI270883v1_alt	170399	4.0	0.0
# chr19_KI270884v1_alt	157053	4.0	0.0
# chr19_KI270885v1_alt	171027	1.0	0.0
# chr19_KI270886v1_alt	204239	2.0	0.0
# chr19_KI270887v1_alt	209512	4.0	0.0
# chr19_KI270888v1_alt	155532	4.0	0.0
# chr19_KI270889v1_alt	170698	2.0	0.0
# chr19_KI270890v1_alt	184499	6.0	0.0
# chr19_KI270891v1_alt	170680	4.0	0.0
# chr1_KI270892v1_alt	162212	41.0	0.0
# chr2_KI270894v1_alt	214158	158.0	0.0
# chr2_KI270893v1_alt	161218	23.0	0.0
# chr3_KI270895v1_alt	162896	13.0	0.0
# chr4_KI270896v1_alt	378547	63.0	0.0
# chr5_KI270897v1_alt	1144418	267.0	0.0
# chr5_KI270898v1_alt	130957	11.0	0.0
# chr6_GL000251v2_alt	4795265	546.0	0.0
# chr7_KI270899v1_alt	190869	13.0	0.0
# chr8_KI270901v1_alt	136959	26.0	0.0
# chr8_KI270900v1_alt	318687	29.0	0.0
# chr11_KI270902v1_alt	106711	6.0	0.0
# chr11_KI270903v1_alt	214625	27.0	0.0
# chr12_KI270904v1_alt	572349	93.0	0.0
# chr15_KI270906v1_alt	196384	28.0	0.0
# chr15_KI270905v1_alt	5161414	921.0	0.0
# chr17_KI270907v1_alt	137721	5.0	0.0
# chr17_KI270910v1_alt	157099	4.0	0.0
# chr17_KI270909v1_alt	325800	31.0	0.0
# chr17_JH159148v1_alt	88070	4.0	0.0
# chr17_KI270908v1_alt	1423190	254.0	0.0
# chr18_KI270912v1_alt	174061	12.0	0.0
# chr18_KI270911v1_alt	157710	5.0	0.0
# chr19_GL949747v2_alt	729520	73.0	0.0
# chr22_KB663609v1_alt	74013	0.0	0.0
# chrX_KI270913v1_alt	274009	16.0	0.0
# chr19_KI270914v1_alt	205194	0.0	0.0
# chr19_KI270915v1_alt	170665	4.0	0.0
# chr19_KI270916v1_alt	184516	0.0	0.0
# chr19_KI270917v1_alt	190932	1.0	0.0
# chr19_KI270918v1_alt	123111	0.0	0.0
# chr19_KI270919v1_alt	170701	2.0	0.0
# chr19_KI270920v1_alt	198005	10.0	0.0
# chr19_KI270921v1_alt	282224	6.0	0.0
# chr19_KI270922v1_alt	187935	2.0	0.0
# chr19_KI270923v1_alt	189352	3.0	0.0
# chr3_KI270924v1_alt	166540	13.0	0.0
# chr4_KI270925v1_alt	555799	90.0	0.0
# chr6_GL000252v2_alt	4604811	474.0	0.0
# chr8_KI270926v1_alt	229282	18.0	0.0
# chr11_KI270927v1_alt	218612	9.0	0.0
# chr19_GL949748v2_alt	1064304	64.0	0.0
# chr22_KI270928v1_alt	176103	17.0	0.0
# chr19_KI270929v1_alt	186203	6.0	0.0
# chr19_KI270930v1_alt	200773	2.0	0.0
# chr19_KI270931v1_alt	170148	2.0	0.0
# chr19_KI270932v1_alt	215732	4.0	0.0
# chr19_KI270933v1_alt	170537	2.0	0.0
# chr19_GL000209v2_alt	177381	1.0	0.0
# chr3_KI270934v1_alt	163458	11.0	0.0
# chr6_GL000253v2_alt	4677643	977.0	0.0
# chr19_GL949749v2_alt	1091841	65.0	0.0
# chr3_KI270935v1_alt	197351	18.0	0.0
# chr6_GL000254v2_alt	4827813	303.0	0.0
# chr19_GL949750v2_alt	1066390	74.0	0.0
# chr3_KI270936v1_alt	164170	22.0	0.0
# chr6_GL000255v2_alt	4606388	484.0	0.0
# chr19_GL949751v2_alt	1002683	77.0	0.0
# chr3_KI270937v1_alt	165607	36.0	0.0
# chr6_GL000256v2_alt	4929269	401.0	0.0
# chr19_GL949752v1_alt	987100	111.0	0.0
# chr6_KI270758v1_alt	76752	2.0	0.0
# chr19_GL949753v2_alt	796479	90.0	0.0
# chr19_KI270938v1_alt	1066800	98.0	0.0
# chrM	16569	1362.0	0.0
# chrUn_KI270302v1	2274	0.0	0.0
# chrUn_KI270304v1	2165	4.0	0.0
# chrUn_KI270303v1	1942	0.0	0.0
# chrUn_KI270305v1	1472	1.0	0.0
# chrUn_KI270322v1	21476	6.0	0.0
# chrUn_KI270320v1	4416	12.0	0.0
# chrUn_KI270310v1	1201	3.0	0.0
# chrUn_KI270316v1	1444	4.0	0.0
# chrUn_KI270315v1	2276	2.0	0.0
# chrUn_KI270312v1	998	0.0	0.0
# chrUn_KI270311v1	12399	4.0	0.0
# chrUn_KI270317v1	37690	3.0	0.0
# chrUn_KI270412v1	1179	0.0	0.0
# chrUn_KI270411v1	2646	10.0	0.0
# chrUn_KI270414v1	2489	2.0	0.0
# chrUn_KI270419v1	1029	2.0	0.0
# chrUn_KI270418v1	2145	2.0	0.0
# chrUn_KI270420v1	2321	2.0	0.0
# chrUn_KI270424v1	2140	2.0	0.0
# chrUn_KI270417v1	2043	0.0	0.0
# chrUn_KI270422v1	1445	0.0	0.0
# chrUn_KI270423v1	981	4.0	0.0
# chrUn_KI270425v1	1884	0.0	0.0
# chrUn_KI270429v1	1361	0.0	0.0
# chrUn_KI270442v1	392061	383.0	0.0
# chrUn_KI270466v1	1233	88.0	0.0
# chrUn_KI270465v1	1774	0.0	0.0
# chrUn_KI270467v1	3920	188.0	0.0
# chrUn_KI270435v1	92983	70.0	0.0
# chrUn_KI270438v1	112505	1115.0	0.0
# chrUn_KI270468v1	4055	4.0	0.0
# chrUn_KI270510v1	2415	0.0	0.0
# chrUn_KI270509v1	2318	8.0	0.0
# chrUn_KI270518v1	2186	2.0	0.0
# chrUn_KI270508v1	1951	4.0	0.0
# chrUn_KI270516v1	1300	0.0	0.0
# chrUn_KI270512v1	22689	26.0	0.0
# chrUn_KI270519v1	138126	137.0	0.0
# chrUn_KI270522v1	5674	4.0	0.0
# chrUn_KI270511v1	8127	6.0	0.0
# chrUn_KI270515v1	6361	8.0	0.0
# chrUn_KI270507v1	5353	8.0	0.0
# chrUn_KI270517v1	3253	2.0	0.0
# chrUn_KI270529v1	1899	0.0	0.0
# chrUn_KI270528v1	2983	3.0	0.0
# chrUn_KI270530v1	2168	0.0	0.0
# chrUn_KI270539v1	993	0.0	0.0
# chrUn_KI270538v1	91309	60.0	0.0
# chrUn_KI270544v1	1202	2.0	0.0
# chrUn_KI270548v1	1599	0.0	0.0
# chrUn_KI270583v1	1400	2.0	0.0
# chrUn_KI270587v1	2969	8.0	0.0
# chrUn_KI270580v1	1553	0.0	0.0
# chrUn_KI270581v1	7046	6.0	0.0
# chrUn_KI270579v1	31033	16.0	0.0
# chrUn_KI270589v1	44474	36.0	0.0
# chrUn_KI270590v1	4685	12.0	0.0
# chrUn_KI270584v1	4513	2.0	0.0
# chrUn_KI270582v1	6504	2.0	0.0
# chrUn_KI270588v1	6158	10.0	0.0
# chrUn_KI270593v1	3041	4.0	0.0
# chrUn_KI270591v1	5796	13.0	0.0
# chrUn_KI270330v1	1652	6.0	0.0
# chrUn_KI270329v1	1040	0.0	0.0
# chrUn_KI270334v1	1368	0.0	0.0
# chrUn_KI270333v1	2699	28.0	0.0
# chrUn_KI270335v1	1048	0.0	0.0
# chrUn_KI270338v1	1428	0.0	0.0
# chrUn_KI270340v1	1428	2.0	0.0
# chrUn_KI270336v1	1026	8.0	0.0
# chrUn_KI270337v1	1121	18.0	0.0
# chrUn_KI270363v1	1803	0.0	0.0
# chrUn_KI270364v1	2855	2.0	0.0
# chrUn_KI270362v1	3530	0.0	0.0
# chrUn_KI270366v1	8320	8.0	0.0
# chrUn_KI270378v1	1048	0.0	0.0
# chrUn_KI270379v1	1045	0.0	0.0
# chrUn_KI270389v1	1298	0.0	0.0
# chrUn_KI270390v1	2387	0.0	0.0
# chrUn_KI270387v1	1537	2.0	0.0
# chrUn_KI270395v1	1143	0.0	0.0
# chrUn_KI270396v1	1880	2.0	0.0
# chrUn_KI270388v1	1216	2.0	0.0
# chrUn_KI270394v1	970	2.0	0.0
# chrUn_KI270386v1	1788	0.0	0.0
# chrUn_KI270391v1	1484	0.0	0.0
# chrUn_KI270383v1	1750	0.0	0.0
# chrUn_KI270393v1	1308	0.0	0.0
# chrUn_KI270384v1	1658	0.0	0.0
# chrUn_KI270392v1	971	0.0	0.0
# chrUn_KI270381v1	1930	0.0	0.0
# chrUn_KI270385v1	990	0.0	0.0
# chrUn_KI270382v1	4215	4.0	0.0
# chrUn_KI270376v1	1136	0.0	0.0
# chrUn_KI270374v1	2656	0.0	0.0
# chrUn_KI270372v1	1650	4.0	0.0
# chrUn_KI270373v1	1451	0.0	0.0
# chrUn_KI270375v1	2378	0.0	0.0
# chrUn_KI270371v1	2805	2.0	0.0
# chrUn_KI270448v1	7992	6.0	0.0
# chrUn_KI270521v1	7642	2.0	0.0
# chrUn_GL000195v1	182896	113.0	0.0
# chrUn_GL000219v1	179198	225.0	0.0
# chrUn_GL000220v1	161802	721.0	0.0
# chrUn_GL000224v1	179693	248.0	0.0
# chrUn_KI270741v1	157432	91.0	0.0
# chrUn_GL000226v1	15008	12.0	0.0
# chrUn_GL000213v1	164239	52.0	0.0
# chrUn_KI270743v1	210658	115.0	0.0
# chrUn_KI270744v1	168472	193.0	0.0
# chrUn_KI270745v1	41891	6.0	0.0
# chrUn_KI270746v1	66486	94.0	0.0
# chrUn_KI270747v1	198735	115.0	0.0
# chrUn_KI270748v1	93321	32.0	0.0
# chrUn_KI270749v1	158759	71.0	0.0
# chrUn_KI270750v1	148850	67.0	0.0
# chrUn_KI270751v1	150742	203.0	0.0
# chrUn_KI270752v1	27745	92.0	0.0
# chrUn_KI270753v1	62944	15.0	0.0
# chrUn_KI270754v1	40191	8.0	0.0
# chrUn_KI270755v1	36723	4.0	0.0
# chrUn_KI270756v1	79590	44.0	0.0
# chrUn_KI270757v1	71251	62.0	0.0
# chrUn_GL000214v1	137718	148.0	0.0
# chrUn_KI270742v1	186739	289.0	0.0
# chrUn_GL000216v2	176608	273.0	0.0
# chrUn_GL000218v1	161147	122.0	0.0
# chrX	156040895	43929.0	0.0
# chrY	57227415	3505.0	0.0
# chrY_KI270740v1_random	37240	0.0	0.0
# Total Genome Size: 3.209286105E9	Total Aligned Tags: 1226981.0
# bwa	# 0.7.17-r1188
# bwa mem -t 8 -v 1 /storage/group/bfp2/default/00_pughlab/tool_data/hg38/bwa_mem_index/hg38/hg38.fa /storage/group/bfp2/default/00_pughlab/pulsar/files/staging/1214329/inputs/777-40728_L1_R1.fastq.gz /storage/group/bfp2/default/00_pughlab/pulsar/files/staging/1214329/inputs/777-40728_L1_R2.fastq.gz
# MarkDuplicates	# 2.18.2-SNAPSHOT
# MarkDuplicates TAGGING_POLICY=All INPUT=[Map_with_BWA-MEM_on_data_4_and_data_3__mapped_reads_in_BAM_format_] OUTPUT=/storage/group/bfp2/default/00_pughlab/pulsar/files/staging/1214333/outputs/dataset_30f873b3-acdf-4f06-97e0-fbf338568d69.dat METRICS_FILE=/storage/group/bfp2/default/00_pughlab/pulsar/files/staging/1214333/outputs/dataset_03a4b234-7f71-4114-8685-15ada8d1a587.dat REMOVE_DUPLICATES=false ASSUME_SORTED=true DUPLICATE_SCORING_STRATEGY=SUM_OF_BASE_QUALITIES READ_NAME_REGEX=[a-zA-Z0-9]+:[0-9]:([0-9]+):([0-9]+):([0-9]+).*. OPTICAL_DUPLICATE_PIXEL_DISTANCE=100 VERBOSITY=ERROR QUIET=true VALIDATION_STRINGENCY=LENIENT    MAX_SEQUENCES_FOR_DISK_READ_ENDS_MAP=50000 MAX_FILE_HANDLES_FOR_READ_ENDS_MAP=8000 SORTING_COLLECTION_SIZE_RATIO=0.25 TAG_DUPLICATE_SET_MEMBERS=false REMOVE_SEQUENCING_DUPLICATES=false CLEAR_DT=true ADD_PG_TAG_TO_READS=true PROGRAM_RECORD_ID=MarkDuplicates PROGRAM_GROUP_NAME=MarkDuplicates MAX_OPTICAL_DUPLICATE_SET_SIZE=300000 COMPRESSION_LEVEL=5 MAX_RECORDS_IN_RAM=500000 CREATE_INDEX=false CREATE_MD5_FILE=false GA4GH_CLIENT_SECRETS=client_secrets.json USE_JDK_DEFLATER=false USE_JDK_INFLATER=false
# Average Insert Size: 64.0533238559904
# Median Insert Size: 59.0
# Mode Insert Size: 49.0
# Std deviation of Insert Size: 25.161618063720358
# Number of ReadPairs: 579719.0
# Histogram
# Size (bp)	Frequency
0	1483.0
1	0.0
2	30.0
3	12.0
4	43.0
5	18.0
6	71.0
7	32.0
8	62.0
9	29.0
10	86.0
11	37.0
12	88.0
13	53.0
14	209.0
15	133.0
16	254.0
17	198.0
18	326.0
19	1615.0
20	1618.0
21	1405.0
22	1314.0
23	1209.0
24	1238.0
25	1099.0
26	1639.0
27	1501.0
28	1768.0
29	1838.0
30	2047.0
31	2257.0
32	2609.0
33	3057.0
34	3777.0
35	4392.0
36	5239.0
37	5680.0
38	6499.0
39	7279.0
40	8138.0
41	9640.0
42	10261.0
43	10862.0
44	11798.0
45	12086.0
46	12509.0
47	12755.0
48	12902.0
49	12987.0
50	12874.0
51	12581.0
52	12762.0
53	12657.0
54	12760.0
55	12568.0
56	12180.0
57	11891.0
58	11586.0
59	10804.0
60	10676.0
61	10246.0
62	9968.0
63	9788.0
64	9563.0
65	9244.0
66	8789.0
67	8670.0
68	8192.0
69	7728.0
70	7341.0
71	7005.0
72	6830.0
73	6631.0
74	6444.0
75	6278.0
76	6170.0
77	5862.0
78	5489.0
79	5165.0
80	4977.0
81	4719.0
82	4530.0
83	4612.0
84	4376.0
85	4216.0
86	4090.0
87	3891.0
88	3642.0
89	3545.0
90	3366.0
91	3147.0
92	2914.0
93	2859.0
94	2824.0
95	2855.0
96	2684.0
97	2634.0
98	2498.0
99	2374.0
100	2195.0
101	2089.0
102	1919.0
103	1835.0
104	1836.0
105	1833.0
106	1767.0
107	1713.0
108	1626.0
109	1611.0
110	1568.0
111	1377.0
112	1309.0
113	1319.0
114	1270.0
115	1187.0
116	1193.0
117	1165.0
118	1121.0
119	1050.0
120	1061.0
121	974.0
122	860.0
123	872.0
124	829.0
125	780.0
126	822.0
127	827.0
128	766.0
129	711.0
130	681.0
131	629.0
132	623.0
133	594.0
134	564.0
135	553.0
136	556.0
137	509.0
138	537.0
139	459.0
140	459.0
141	489.0
142	455.0
143	431.0
144	415.0
145	383.0
146	389.0
147	369.0
148	356.0
149	334.0
150	333.0
151	299.0
152	314.0
153	270.0
154	285.0
155	250.0
156	315.0
157	264.0
158	252.0
159	261.0
160	233.0
161	248.0
162	218.0
163	193.0
164	191.0
165	227.0
166	163.0
167	81.0
168	72.0
169	107.0
170	68.0
171	0.0
172	0.0
173	0.0
174	0.0
175	0.0
176	0.0
177	0.0
178	0.0
179	3.0
180	0.0
181	0.0
182	0.0
183	1.0
184	0.0
185	0.0
186	2.0
187	0.0
188	0.0
189	0.0
190	0.0
191	0.0
192	0.0
193	0.0
194	0.0
195	0.0
196	1.0
197	1.0
198	1.0
199	0.0
200	0.0
201	0.0
202	0.0
203	1.0
204	0.0
205	0.0
206	0.0
207	0.0
208	1.0
209	1.0
210	0.0
211	1.0
212	0.0
213	0.0
214	0.0
215	0.0
216	0.0
217	1.0
218	1.0
219	0.0
220	0.0
221	2.0
222	0.0
223	1.0
224	0.0
225	0.0
226	0.0
227	0.0
228	0.0
229	1.0
230	0.0
231	0.0
232	0.0
233	0.0
234	0.0
235	1.0
236	1.0
237	0.0
238	0.0
239	0.0
240	0.0
241	0.0
242	0.0
243	0.0
244	0.0
245	0.0
246	0.0
247	0.0
248	0.0
249	1.0
250	0.0
251	1.0
252	0.0
253	2.0
254	0.0
255	0.0
256	0.0
257	0.0
258	1.0
259	0.0
260	0.0
261	0.0
262	0.0
263	0.0
264	0.0
265	0.0
266	1.0
267	0.0
268	0.0
269	0.0
270	0.0
271	2.0
272	0.0
273	1.0
274	0.0
275	0.0
276	0.0
277	0.0
278	0.0
279	1.0
280	0.0
281	0.0
282	0.0
283	0.0
284	0.0
285	0.0
286	0.0
287	0.0
288	0.0
289	0.0
290	0.0
291	0.0
292	0.0
293	0.0
294	0.0
295	0.0
296	0.0
297	0.0
298	0.0
299	0.0
300	0.0
301	0.0
302	1.0
303	0.0
304	0.0
305	0.0
306	0.0
307	0.0
308	1.0
309	0.0
310	0.0
311	0.0
312	1.0
313	0.0
314	0.0
315	0.0
316	0.0
317	0.0
318	0.0
319	1.0
320	0.0
321	2.0
322	0.0
323	0.0
324	0.0
325	0.0
326	0.0
327	0.0
328	0.0
329	0.0
330	0.0
331	0.0
332	0.0
333	0.0
334	0.0
335	0.0
336	0.0
337	0.0
338	0.0
339	0.0
340	0.0
