# 2025-03-25 15:12:10.798
# NakedDNA_BNase-seq_0.04U_1_hg38.bam
# Chromosome_ID	Chromosome_Size	Aligned_Reads	Unaligned_Reads
# chr1	248956422	1853249.0	0.0
# chr10	133797422	873647.0	0.0
# chr11	135086622	811262.0	0.0
# chr11_KI270721v1_random	100316	56.0	0.0
# chr12	133275309	812702.0	0.0
# chr13	114364328	570209.0	0.0
# chr14	107043718	409321.0	0.0
# chr14_GL000009v2_random	201709	2737.0	0.0
# chr14_GL000225v1_random	211173	5539.0	0.0
# chr14_KI270722v1_random	194050	1932.0	0.0
# chr14_GL000194v1_random	191469	2792.0	0.0
# chr14_KI270723v1_random	38115	318.0	0.0
# chr14_KI270724v1_random	39555	411.0	0.0
# chr14_KI270725v1_random	172810	1352.0	0.0
# chr14_KI270726v1_random	43739	49.0	0.0
# chr15	101991189	515644.0	0.0
# chr15_KI270727v1_random	448248	1945.0	0.0
# chr16	90338345	507836.0	0.0
# chr16_KI270728v1_random	1872759	8981.0	0.0
# chr17	83257441	389250.0	0.0
# chr17_GL000205v2_random	185591	3342.0	0.0
# chr17_KI270729v1_random	280839	6501.0	0.0
# chr17_KI270730v1_random	112551	1313.0	0.0
# chr18	80373285	530853.0	0.0
# chr19	58617616	294863.0	0.0
# chr1_KI270706v1_random	175055	1773.0	0.0
# chr1_KI270707v1_random	32032	255.0	0.0
# chr1_KI270708v1_random	127682	958.0	0.0
# chr1_KI270709v1_random	66860	17160.0	0.0
# chr1_KI270710v1_random	40176	489.0	0.0
# chr1_KI270711v1_random	42210	717.0	0.0
# chr1_KI270712v1_random	176043	948.0	0.0
# chr1_KI270713v1_random	40745	611.0	0.0
# chr1_KI270714v1_random	41717	193.0	0.0
# chr2	242193529	1580348.0	0.0
# chr20	64444167	333830.0	0.0
# chr21	46709983	332219.0	0.0
# chr22	50818468	237421.0	0.0
# chr22_KI270731v1_random	150754	1041.0	0.0
# chr22_KI270732v1_random	41543	745.0	0.0
# chr22_KI270733v1_random	179772	8017.0	0.0
# chr22_KI270734v1_random	165050	1064.0	0.0
# chr22_KI270735v1_random	42811	913.0	0.0
# chr22_KI270736v1_random	181920	1800.0	0.0
# chr22_KI270737v1_random	103838	3185.0	0.0
# chr22_KI270738v1_random	99375	3895.0	0.0
# chr22_KI270739v1_random	73985	547.0	0.0
# chr2_KI270715v1_random	161471	1119.0	0.0
# chr2_KI270716v1_random	153799	1139.0	0.0
# chr3	198295559	1237009.0	0.0
# chr3_GL000221v1_random	155397	2609.0	0.0
# chr4	190214555	1320753.0	0.0
# chr4_GL000008v2_random	209709	2278.0	0.0
# chr5	181538259	1328252.0	0.0
# chr5_GL000208v1_random	92689	1092.0	0.0
# chr6	170805979	1302838.0	0.0
# chr7	159345973	1358258.0	0.0
# chr8	145138636	929688.0	0.0
# chr9	138394717	598629.0	0.0
# chr9_KI270717v1_random	40062	227.0	0.0
# chr9_KI270718v1_random	38054	347.0	0.0
# chr9_KI270719v1_random	176845	1676.0	0.0
# chr9_KI270720v1_random	39050	440.0	0.0
# chr1_KI270762v1_alt	354444	552.0	0.0
# chr1_KI270766v1_alt	256271	1112.0	0.0
# chr1_KI270760v1_alt	109528	283.0	0.0
# chr1_KI270765v1_alt	185285	1311.0	0.0
# chr1_GL383518v1_alt	182439	547.0	0.0
# chr1_GL383519v1_alt	110268	169.0	0.0
# chr1_GL383520v2_alt	366580	2091.0	0.0
# chr1_KI270764v1_alt	50258	161.0	0.0
# chr1_KI270763v1_alt	911658	4743.0	0.0
# chr1_KI270759v1_alt	425601	1467.0	0.0
# chr1_KI270761v1_alt	165834	610.0	0.0
# chr2_KI270770v1_alt	136240	357.0	0.0
# chr2_KI270773v1_alt	70887	207.0	0.0
# chr2_KI270774v1_alt	223625	490.0	0.0
# chr2_KI270769v1_alt	120616	251.0	0.0
# chr2_GL383521v1_alt	143390	475.0	0.0
# chr2_KI270772v1_alt	133041	2704.0	0.0
# chr2_KI270775v1_alt	138019	479.0	0.0
# chr2_KI270771v1_alt	110395	347.0	0.0
# chr2_KI270768v1_alt	110099	535.0	0.0
# chr2_GL582966v2_alt	96131	712.0	0.0
# chr2_GL383522v1_alt	123821	780.0	0.0
# chr2_KI270776v1_alt	174166	201.0	0.0
# chr2_KI270767v1_alt	161578	239.0	0.0
# chr3_JH636055v2_alt	173151	750.0	0.0
# chr3_KI270783v1_alt	109187	684.0	0.0
# chr3_KI270780v1_alt	224108	498.0	0.0
# chr3_GL383526v1_alt	180671	834.0	0.0
# chr3_KI270777v1_alt	173649	532.0	0.0
# chr3_KI270778v1_alt	248252	1019.0	0.0
# chr3_KI270781v1_alt	113034	339.0	0.0
# chr3_KI270779v1_alt	205312	252.0	0.0
# chr3_KI270782v1_alt	162429	339.0	0.0
# chr3_KI270784v1_alt	184404	871.0	0.0
# chr4_KI270790v1_alt	220246	696.0	0.0
# chr4_GL383528v1_alt	376187	1240.0	0.0
# chr4_KI270787v1_alt	111943	581.0	0.0
# chr4_GL000257v2_alt	586476	2482.0	0.0
# chr4_KI270788v1_alt	158965	553.0	0.0
# chr4_GL383527v1_alt	164536	604.0	0.0
# chr4_KI270785v1_alt	119912	431.0	0.0
# chr4_KI270789v1_alt	205944	600.0	0.0
# chr4_KI270786v1_alt	244096	386.0	0.0
# chr5_KI270793v1_alt	126136	279.0	0.0
# chr5_KI270792v1_alt	179043	250.0	0.0
# chr5_KI270791v1_alt	195710	384.0	0.0
# chr5_GL383532v1_alt	82728	284.0	0.0
# chr5_GL949742v1_alt	226852	1167.0	0.0
# chr5_KI270794v1_alt	164558	615.0	0.0
# chr5_GL339449v2_alt	1612928	6490.0	0.0
# chr5_GL383530v1_alt	101241	501.0	0.0
# chr5_KI270796v1_alt	172708	518.0	0.0
# chr5_GL383531v1_alt	173459	603.0	0.0
# chr5_KI270795v1_alt	131892	357.0	0.0
# chr6_GL000250v2_alt	4672374	2947.0	0.0
# chr6_KI270800v1_alt	175808	696.0	0.0
# chr6_KI270799v1_alt	152148	655.0	0.0
# chr6_GL383533v1_alt	124736	429.0	0.0
# chr6_KI270801v1_alt	870480	3468.0	0.0
# chr6_KI270802v1_alt	75005	275.0	0.0
# chr6_KB021644v2_alt	185823	518.0	0.0
# chr6_KI270797v1_alt	197536	585.0	0.0
# chr6_KI270798v1_alt	271782	899.0	0.0
# chr7_KI270804v1_alt	157952	217.0	0.0
# chr7_KI270809v1_alt	209586	1195.0	0.0
# chr7_KI270806v1_alt	158166	813.0	0.0
# chr7_GL383534v2_alt	119183	555.0	0.0
# chr7_KI270803v1_alt	1111570	4962.0	0.0
# chr7_KI270808v1_alt	271455	1241.0	0.0
# chr7_KI270807v1_alt	126434	264.0	0.0
# chr7_KI270805v1_alt	209988	586.0	0.0
# chr8_KI270818v1_alt	145606	347.0	0.0
# chr8_KI270812v1_alt	282736	610.0	0.0
# chr8_KI270811v1_alt	292436	419.0	0.0
# chr8_KI270821v1_alt	985506	2906.0	0.0
# chr8_KI270813v1_alt	300230	1330.0	0.0
# chr8_KI270822v1_alt	624492	2781.0	0.0
# chr8_KI270814v1_alt	141812	415.0	0.0
# chr8_KI270810v1_alt	374415	1524.0	0.0
# chr8_KI270819v1_alt	133535	127.0	0.0
# chr8_KI270820v1_alt	36640	42.0	0.0
# chr8_KI270817v1_alt	158983	367.0	0.0
# chr8_KI270816v1_alt	305841	483.0	0.0
# chr8_KI270815v1_alt	132244	358.0	0.0
# chr9_GL383539v1_alt	162988	297.0	0.0
# chr9_GL383540v1_alt	71551	116.0	0.0
# chr9_GL383541v1_alt	171286	420.0	0.0
# chr9_GL383542v1_alt	60032	186.0	0.0
# chr9_KI270823v1_alt	439082	1640.0	0.0
# chr10_GL383545v1_alt	179254	709.0	0.0
# chr10_KI270824v1_alt	181496	1789.0	0.0
# chr10_GL383546v1_alt	309802	1284.0	0.0
# chr10_KI270825v1_alt	188315	397.0	0.0
# chr11_KI270832v1_alt	210133	398.0	0.0
# chr11_KI270830v1_alt	177092	201.0	0.0
# chr11_KI270831v1_alt	296895	476.0	0.0
# chr11_KI270829v1_alt	204059	704.0	0.0
# chr11_GL383547v1_alt	154407	615.0	0.0
# chr11_JH159136v1_alt	200998	879.0	0.0
# chr11_JH159137v1_alt	191409	747.0	0.0
# chr11_KI270827v1_alt	67707	117.0	0.0
# chr11_KI270826v1_alt	186169	482.0	0.0
# chr12_GL877875v1_alt	167313	415.0	0.0
# chr12_GL877876v1_alt	408271	785.0	0.0
# chr12_KI270837v1_alt	40090	94.0	0.0
# chr12_GL383549v1_alt	120804	444.0	0.0
# chr12_KI270835v1_alt	238139	750.0	0.0
# chr12_GL383550v2_alt	169178	680.0	0.0
# chr12_GL383552v1_alt	138655	537.0	0.0
# chr12_GL383553v2_alt	152874	495.0	0.0
# chr12_KI270834v1_alt	119498	332.0	0.0
# chr12_GL383551v1_alt	184319	543.0	0.0
# chr12_KI270833v1_alt	76061	245.0	0.0
# chr12_KI270836v1_alt	56134	100.0	0.0
# chr13_KI270840v1_alt	191684	512.0	0.0
# chr13_KI270839v1_alt	180306	396.0	0.0
# chr13_KI270843v1_alt	103832	264.0	0.0
# chr13_KI270841v1_alt	169134	441.0	0.0
# chr13_KI270838v1_alt	306913	545.0	0.0
# chr13_KI270842v1_alt	37287	36.0	0.0
# chr14_KI270844v1_alt	322166	875.0	0.0
# chr14_KI270847v1_alt	1511111	2732.0	0.0
# chr14_KI270845v1_alt	180703	239.0	0.0
# chr14_KI270846v1_alt	1351393	2430.0	0.0
# chr15_KI270852v1_alt	478999	2245.0	0.0
# chr15_KI270851v1_alt	263054	902.0	0.0
# chr15_KI270848v1_alt	327382	820.0	0.0
# chr15_GL383554v1_alt	296527	782.0	0.0
# chr15_KI270849v1_alt	244917	769.0	0.0
# chr15_GL383555v2_alt	388773	974.0	0.0
# chr15_KI270850v1_alt	430880	1649.0	0.0
# chr16_KI270854v1_alt	134193	249.0	0.0
# chr16_KI270856v1_alt	63982	131.0	0.0
# chr16_KI270855v1_alt	232857	415.0	0.0
# chr16_KI270853v1_alt	2659700	8818.0	0.0
# chr16_GL383556v1_alt	192462	527.0	0.0
# chr16_GL383557v1_alt	89672	315.0	0.0
# chr17_GL383563v3_alt	375691	549.0	0.0
# chr17_KI270862v1_alt	391357	740.0	0.0
# chr17_KI270861v1_alt	196688	274.0	0.0
# chr17_KI270857v1_alt	2877074	7151.0	0.0
# chr17_JH159146v1_alt	278131	903.0	0.0
# chr17_JH159147v1_alt	70345	163.0	0.0
# chr17_GL383564v2_alt	133151	354.0	0.0
# chr17_GL000258v2_alt	1821992	3344.0	0.0
# chr17_GL383565v1_alt	223995	1108.0	0.0
# chr17_KI270858v1_alt	235827	624.0	0.0
# chr17_KI270859v1_alt	108763	307.0	0.0
# chr17_GL383566v1_alt	90219	177.0	0.0
# chr17_KI270860v1_alt	178921	334.0	0.0
# chr18_KI270864v1_alt	111737	295.0	0.0
# chr18_GL383567v1_alt	289831	745.0	0.0
# chr18_GL383570v1_alt	164789	382.0	0.0
# chr18_GL383571v1_alt	198278	458.0	0.0
# chr18_GL383568v1_alt	104552	312.0	0.0
# chr18_GL383569v1_alt	167950	153.0	0.0
# chr18_GL383572v1_alt	159547	169.0	0.0
# chr18_KI270863v1_alt	167999	243.0	0.0
# chr19_KI270868v1_alt	61734	97.0	0.0
# chr19_KI270865v1_alt	52969	25.0	0.0
# chr19_GL383573v1_alt	385657	1222.0	0.0
# chr19_GL383575v2_alt	170222	601.0	0.0
# chr19_GL383576v1_alt	188024	745.0	0.0
# chr19_GL383574v1_alt	155864	666.0	0.0
# chr19_KI270866v1_alt	43156	80.0	0.0
# chr19_KI270867v1_alt	233762	633.0	0.0
# chr19_GL949746v1_alt	987716	754.0	0.0
# chr20_GL383577v2_alt	128386	246.0	0.0
# chr20_KI270869v1_alt	118774	194.0	0.0
# chr20_KI270871v1_alt	58661	42.0	0.0
# chr20_KI270870v1_alt	183433	255.0	0.0
# chr21_GL383578v2_alt	63917	345.0	0.0
# chr21_KI270874v1_alt	166743	597.0	0.0
# chr21_KI270873v1_alt	143900	462.0	0.0
# chr21_GL383579v2_alt	201197	904.0	0.0
# chr21_GL383580v2_alt	74653	467.0	0.0
# chr21_GL383581v2_alt	116689	557.0	0.0
# chr21_KI270872v1_alt	82692	204.0	0.0
# chr22_KI270875v1_alt	259914	3746.0	0.0
# chr22_KI270878v1_alt	186262	312.0	0.0
# chr22_KI270879v1_alt	304135	450.0	0.0
# chr22_KI270876v1_alt	263666	755.0	0.0
# chr22_KI270877v1_alt	101331	112.0	0.0
# chr22_GL383583v2_alt	96924	225.0	0.0
# chr22_GL383582v2_alt	162811	358.0	0.0
# chrX_KI270880v1_alt	284869	324.0	0.0
# chrX_KI270881v1_alt	144206	406.0	0.0
# chr19_KI270882v1_alt	248807	58.0	0.0
# chr19_KI270883v1_alt	170399	36.0	0.0
# chr19_KI270884v1_alt	157053	30.0	0.0
# chr19_KI270885v1_alt	171027	14.0	0.0
# chr19_KI270886v1_alt	204239	32.0	0.0
# chr19_KI270887v1_alt	209512	32.0	0.0
# chr19_KI270888v1_alt	155532	20.0	0.0
# chr19_KI270889v1_alt	170698	30.0	0.0
# chr19_KI270890v1_alt	184499	43.0	0.0
# chr19_KI270891v1_alt	170680	28.0	0.0
# chr1_KI270892v1_alt	162212	631.0	0.0
# chr2_KI270894v1_alt	214158	2898.0	0.0
# chr2_KI270893v1_alt	161218	259.0	0.0
# chr3_KI270895v1_alt	162896	255.0	0.0
# chr4_KI270896v1_alt	378547	1066.0	0.0
# chr5_KI270897v1_alt	1144418	4448.0	0.0
# chr5_KI270898v1_alt	130957	274.0	0.0
# chr6_GL000251v2_alt	4795265	7221.0	0.0
# chr7_KI270899v1_alt	190869	350.0	0.0
# chr8_KI270901v1_alt	136959	356.0	0.0
# chr8_KI270900v1_alt	318687	472.0	0.0
# chr11_KI270902v1_alt	106711	105.0	0.0
# chr11_KI270903v1_alt	214625	351.0	0.0
# chr12_KI270904v1_alt	572349	1267.0	0.0
# chr15_KI270906v1_alt	196384	400.0	0.0
# chr15_KI270905v1_alt	5161414	15000.0	0.0
# chr17_KI270907v1_alt	137721	97.0	0.0
# chr17_KI270910v1_alt	157099	116.0	0.0
# chr17_KI270909v1_alt	325800	627.0	0.0
# chr17_JH159148v1_alt	88070	188.0	0.0
# chr17_KI270908v1_alt	1423190	3671.0	0.0
# chr18_KI270912v1_alt	174061	178.0	0.0
# chr18_KI270911v1_alt	157710	182.0	0.0
# chr19_GL949747v2_alt	729520	507.0	0.0
# chr22_KB663609v1_alt	74013	55.0	0.0
# chrX_KI270913v1_alt	274009	263.0	0.0
# chr19_KI270914v1_alt	205194	35.0	0.0
# chr19_KI270915v1_alt	170665	36.0	0.0
# chr19_KI270916v1_alt	184516	24.0	0.0
# chr19_KI270917v1_alt	190932	32.0	0.0
# chr19_KI270918v1_alt	123111	12.0	0.0
# chr19_KI270919v1_alt	170701	21.0	0.0
# chr19_KI270920v1_alt	198005	63.0	0.0
# chr19_KI270921v1_alt	282224	48.0	0.0
# chr19_KI270922v1_alt	187935	45.0	0.0
# chr19_KI270923v1_alt	189352	52.0	0.0
# chr3_KI270924v1_alt	166540	231.0	0.0
# chr4_KI270925v1_alt	555799	1278.0	0.0
# chr6_GL000252v2_alt	4604811	5280.0	0.0
# chr8_KI270926v1_alt	229282	536.0	0.0
# chr11_KI270927v1_alt	218612	281.0	0.0
# chr19_GL949748v2_alt	1064304	262.0	0.0
# chr22_KI270928v1_alt	176103	204.0	0.0
# chr19_KI270929v1_alt	186203	42.0	0.0
# chr19_KI270930v1_alt	200773	26.0	0.0
# chr19_KI270931v1_alt	170148	30.0	0.0
# chr19_KI270932v1_alt	215732	29.0	0.0
# chr19_KI270933v1_alt	170537	44.0	0.0
# chr19_GL000209v2_alt	177381	28.0	0.0
# chr3_KI270934v1_alt	163458	227.0	0.0
# chr6_GL000253v2_alt	4677643	6676.0	0.0
# chr19_GL949749v2_alt	1091841	250.0	0.0
# chr3_KI270935v1_alt	197351	254.0	0.0
# chr6_GL000254v2_alt	4827813	4421.0	0.0
# chr19_GL949750v2_alt	1066390	262.0	0.0
# chr3_KI270936v1_alt	164170	234.0	0.0
# chr6_GL000255v2_alt	4606388	6516.0	0.0
# chr19_GL949751v2_alt	1002683	277.0	0.0
# chr3_KI270937v1_alt	165607	220.0	0.0
# chr6_GL000256v2_alt	4929269	5927.0	0.0
# chr19_GL949752v1_alt	987100	894.0	0.0
# chr6_KI270758v1_alt	76752	77.0	0.0
# chr19_GL949753v2_alt	796479	499.0	0.0
# chr19_KI270938v1_alt	1066800	884.0	0.0
# chrM	16569	22690.0	0.0
# chrUn_KI270302v1	2274	20.0	0.0
# chrUn_KI270304v1	2165	70.0	0.0
# chrUn_KI270303v1	1942	52.0	0.0
# chrUn_KI270305v1	1472	21.0	0.0
# chrUn_KI270322v1	21476	80.0	0.0
# chrUn_KI270320v1	4416	97.0	0.0
# chrUn_KI270310v1	1201	68.0	0.0
# chrUn_KI270316v1	1444	41.0	0.0
# chrUn_KI270315v1	2276	32.0	0.0
# chrUn_KI270312v1	998	10.0	0.0
# chrUn_KI270311v1	12399	95.0	0.0
# chrUn_KI270317v1	37690	39.0	0.0
# chrUn_KI270412v1	1179	22.0	0.0
# chrUn_KI270411v1	2646	145.0	0.0
# chrUn_KI270414v1	2489	24.0	0.0
# chrUn_KI270419v1	1029	9.0	0.0
# chrUn_KI270418v1	2145	25.0	0.0
# chrUn_KI270420v1	2321	26.0	0.0
# chrUn_KI270424v1	2140	6.0	0.0
# chrUn_KI270417v1	2043	13.0	0.0
# chrUn_KI270422v1	1445	20.0	0.0
# chrUn_KI270423v1	981	18.0	0.0
# chrUn_KI270425v1	1884	18.0	0.0
# chrUn_KI270429v1	1361	21.0	0.0
# chrUn_KI270442v1	392061	7424.0	0.0
# chrUn_KI270466v1	1233	1284.0	0.0
# chrUn_KI270465v1	1774	28.0	0.0
# chrUn_KI270467v1	3920	3707.0	0.0
# chrUn_KI270435v1	92983	1395.0	0.0
# chrUn_KI270438v1	112505	20651.0	0.0
# chrUn_KI270468v1	4055	73.0	0.0
# chrUn_KI270510v1	2415	61.0	0.0
# chrUn_KI270509v1	2318	63.0	0.0
# chrUn_KI270518v1	2186	61.0	0.0
# chrUn_KI270508v1	1951	30.0	0.0
# chrUn_KI270516v1	1300	30.0	0.0
# chrUn_KI270512v1	22689	301.0	0.0
# chrUn_KI270519v1	138126	2251.0	0.0
# chrUn_KI270522v1	5674	91.0	0.0
# chrUn_KI270511v1	8127	131.0	0.0
# chrUn_KI270515v1	6361	217.0	0.0
# chrUn_KI270507v1	5353	145.0	0.0
# chrUn_KI270517v1	3253	77.0	0.0
# chrUn_KI270529v1	1899	8.0	0.0
# chrUn_KI270528v1	2983	8.0	0.0
# chrUn_KI270530v1	2168	30.0	0.0
# chrUn_KI270539v1	993	0.0	0.0
# chrUn_KI270538v1	91309	974.0	0.0
# chrUn_KI270544v1	1202	19.0	0.0
# chrUn_KI270548v1	1599	12.0	0.0
# chrUn_KI270583v1	1400	16.0	0.0
# chrUn_KI270587v1	2969	86.0	0.0
# chrUn_KI270580v1	1553	36.0	0.0
# chrUn_KI270581v1	7046	36.0	0.0
# chrUn_KI270579v1	31033	260.0	0.0
# chrUn_KI270589v1	44474	617.0	0.0
# chrUn_KI270590v1	4685	210.0	0.0
# chrUn_KI270584v1	4513	104.0	0.0
# chrUn_KI270582v1	6504	46.0	0.0
# chrUn_KI270588v1	6158	197.0	0.0
# chrUn_KI270593v1	3041	80.0	0.0
# chrUn_KI270591v1	5796	225.0	0.0
# chrUn_KI270330v1	1652	115.0	0.0
# chrUn_KI270329v1	1040	16.0	0.0
# chrUn_KI270334v1	1368	20.0	0.0
# chrUn_KI270333v1	2699	861.0	0.0
# chrUn_KI270335v1	1048	8.0	0.0
# chrUn_KI270338v1	1428	19.0	0.0
# chrUn_KI270340v1	1428	18.0	0.0
# chrUn_KI270336v1	1026	223.0	0.0
# chrUn_KI270337v1	1121	538.0	0.0
# chrUn_KI270363v1	1803	18.0	0.0
# chrUn_KI270364v1	2855	15.0	0.0
# chrUn_KI270362v1	3530	34.0	0.0
# chrUn_KI270366v1	8320	96.0	0.0
# chrUn_KI270378v1	1048	5.0	0.0
# chrUn_KI270379v1	1045	8.0	0.0
# chrUn_KI270389v1	1298	4.0	0.0
# chrUn_KI270390v1	2387	14.0	0.0
# chrUn_KI270387v1	1537	38.0	0.0
# chrUn_KI270395v1	1143	16.0	0.0
# chrUn_KI270396v1	1880	28.0	0.0
# chrUn_KI270388v1	1216	31.0	0.0
# chrUn_KI270394v1	970	12.0	0.0
# chrUn_KI270386v1	1788	12.0	0.0
# chrUn_KI270391v1	1484	22.0	0.0
# chrUn_KI270383v1	1750	8.0	0.0
# chrUn_KI270393v1	1308	6.0	0.0
# chrUn_KI270384v1	1658	8.0	0.0
# chrUn_KI270392v1	971	18.0	0.0
# chrUn_KI270381v1	1930	12.0	0.0
# chrUn_KI270385v1	990	10.0	0.0
# chrUn_KI270382v1	4215	59.0	0.0
# chrUn_KI270376v1	1136	10.0	0.0
# chrUn_KI270374v1	2656	24.0	0.0
# chrUn_KI270372v1	1650	13.0	0.0
# chrUn_KI270373v1	1451	2.0	0.0
# chrUn_KI270375v1	2378	18.0	0.0
# chrUn_KI270371v1	2805	30.0	0.0
# chrUn_KI270448v1	7992	148.0	0.0
# chrUn_KI270521v1	7642	55.0	0.0
# chrUn_GL000195v1	182896	1877.0	0.0
# chrUn_GL000219v1	179198	3593.0	0.0
# chrUn_GL000220v1	161802	9285.0	0.0
# chrUn_GL000224v1	179693	4913.0	0.0
# chrUn_KI270741v1	157432	1606.0	0.0
# chrUn_GL000226v1	15008	235.0	0.0
# chrUn_GL000213v1	164239	628.0	0.0
# chrUn_KI270743v1	210658	2120.0	0.0
# chrUn_KI270744v1	168472	3085.0	0.0
# chrUn_KI270745v1	41891	196.0	0.0
# chrUn_KI270746v1	66486	1669.0	0.0
# chrUn_KI270747v1	198735	1848.0	0.0
# chrUn_KI270748v1	93321	546.0	0.0
# chrUn_KI270749v1	158759	1455.0	0.0
# chrUn_KI270750v1	148850	1263.0	0.0
# chrUn_KI270751v1	150742	3175.0	0.0
# chrUn_KI270752v1	27745	140.0	0.0
# chrUn_KI270753v1	62944	328.0	0.0
# chrUn_KI270754v1	40191	276.0	0.0
# chrUn_KI270755v1	36723	46.0	0.0
# chrUn_KI270756v1	79590	1042.0	0.0
# chrUn_KI270757v1	71251	1348.0	0.0
# chrUn_GL000214v1	137718	2565.0	0.0
# chrUn_KI270742v1	186739	4859.0	0.0
# chrUn_GL000216v2	176608	5831.0	0.0
# chrUn_GL000218v1	161147	2379.0	0.0
# chrX	156040895	673524.0	0.0
# chrY	57227415	34262.0	0.0
# chrY_KI270740v1_random	37240	0.0	0.0
# Total Genome Size: 3.209286105E9	Total Aligned Tags: 1.9286224E7
# bwa	# 0.7.17-r1188
# bwa mem -t 8 -v 1 /storage/group/bfp2/default/00_pughlab/tool_data/hg38/bwa_mem_index/hg38/hg38.fa /storage/group/bfp2/default/00_pughlab/pulsar/files/staging/1214275/inputs/777-40726_L1_R1.fastq.gz /storage/group/bfp2/default/00_pughlab/pulsar/files/staging/1214275/inputs/777-40726_L1_R2.fastq.gz
# MarkDuplicates	# 2.18.2-SNAPSHOT
# MarkDuplicates TAGGING_POLICY=All INPUT=[Map_with_BWA-MEM_on_data_4_and_data_3__mapped_reads_in_BAM_format_] OUTPUT=/storage/group/bfp2/default/00_pughlab/pulsar/files/staging/1214279/outputs/dataset_2e234c5a-d584-4646-95f7-57194982011b.dat METRICS_FILE=/storage/group/bfp2/default/00_pughlab/pulsar/files/staging/1214279/outputs/dataset_e637ccf0-ee78-44d9-ab34-a4cbd52015c3.dat REMOVE_DUPLICATES=false ASSUME_SORTED=true DUPLICATE_SCORING_STRATEGY=SUM_OF_BASE_QUALITIES READ_NAME_REGEX=[a-zA-Z0-9]+:[0-9]:([0-9]+):([0-9]+):([0-9]+).*. OPTICAL_DUPLICATE_PIXEL_DISTANCE=100 VERBOSITY=ERROR QUIET=true VALIDATION_STRINGENCY=LENIENT    MAX_SEQUENCES_FOR_DISK_READ_ENDS_MAP=50000 MAX_FILE_HANDLES_FOR_READ_ENDS_MAP=8000 SORTING_COLLECTION_SIZE_RATIO=0.25 TAG_DUPLICATE_SET_MEMBERS=false REMOVE_SEQUENCING_DUPLICATES=false CLEAR_DT=true ADD_PG_TAG_TO_READS=true PROGRAM_RECORD_ID=MarkDuplicates PROGRAM_GROUP_NAME=MarkDuplicates MAX_OPTICAL_DUPLICATE_SET_SIZE=300000 COMPRESSION_LEVEL=5 MAX_RECORDS_IN_RAM=500000 CREATE_INDEX=false CREATE_MD5_FILE=false GA4GH_CLIENT_SECRETS=client_secrets.json USE_JDK_DEFLATER=false USE_JDK_INFLATER=false
# Average Insert Size: 70.78893767413969
# Median Insert Size: 64.0
# Mode Insert Size: 55.0
# Std deviation of Insert Size: 31.123520544953653
# Number of ReadPairs: 9406519.0
# Histogram
# Size (bp)	Frequency
0	22793.0
1	0.0
2	142.0
3	55.0
4	82.0
5	57.0
6	85.0
7	57.0
8	152.0
9	97.0
10	180.0
11	144.0
12	199.0
13	157.0
14	275.0
15	271.0
16	439.0
17	577.0
18	1577.0
19	20664.0
20	31658.0
21	36735.0
22	39948.0
23	38734.0
24	36596.0
25	33696.0
26	31292.0
27	29905.0
28	29362.0
29	31262.0
30	33530.0
31	36708.0
32	40584.0
33	46847.0
34	53741.0
35	62257.0
36	70235.0
37	78164.0
38	85670.0
39	94127.0
40	103903.0
41	112103.0
42	122672.0
43	133338.0
44	142592.0
45	150797.0
46	156371.0
47	157404.0
48	160316.0
49	160345.0
50	161418.0
51	160937.0
52	162319.0
53	166112.0
54	167320.0
55	168791.0
56	165801.0
57	163506.0
58	158780.0
59	154654.0
60	150385.0
61	146888.0
62	145388.0
63	143755.0
64	143123.0
65	143306.0
66	139794.0
67	136812.0
68	130194.0
69	125340.0
70	120070.0
71	115727.0
72	113725.0
73	112669.0
74	112129.0
75	110418.0
76	108071.0
77	104240.0
78	100342.0
79	95448.0
80	90943.0
81	88155.0
82	84871.0
83	83748.0
84	82358.0
85	81235.0
86	79927.0
87	77376.0
88	74077.0
89	70877.0
90	66751.0
91	64301.0
92	61831.0
93	59931.0
94	59279.0
95	58599.0
96	57460.0
97	56375.0
98	53840.0
99	51177.0
100	49295.0
101	46479.0
102	44317.0
103	43059.0
104	41663.0
105	41900.0
106	41031.0
107	40116.0
108	38974.0
109	37657.0
110	35656.0
111	33878.0
112	32161.0
113	31115.0
114	30468.0
115	29787.0
116	28979.0
117	28920.0
118	27953.0
119	27028.0
120	26164.0
121	24744.0
122	23718.0
123	22616.0
124	21736.0
125	21442.0
126	20869.0
127	20643.0
128	20357.0
129	19654.0
130	18516.0
131	17823.0
132	17141.0
133	16640.0
134	15619.0
135	15403.0
136	15160.0
137	15060.0
138	14482.0
139	14335.0
140	13780.0
141	12986.0
142	12671.0
143	11850.0
144	11377.0
145	11154.0
146	10849.0
147	10826.0
148	10678.0
149	10312.0
150	10070.0
151	9619.0
152	9167.0
153	8835.0
154	8526.0
155	8172.0
156	8097.0
157	7878.0
158	7882.0
159	7730.0
160	7612.0
161	7183.0
162	6985.0
163	6489.0
164	6184.0
165	6034.0
166	5877.0
167	5827.0
168	5729.0
169	5705.0
170	5623.0
171	5480.0
172	5218.0
173	4909.0
174	4701.0
175	4604.0
176	4415.0
177	4299.0
178	4313.0
179	4273.0
180	4128.0
181	4032.0
182	3939.0
183	3671.0
184	3514.0
185	3405.0
186	3241.0
187	3265.0
188	3139.0
189	3111.0
190	3081.0
191	3020.0
192	3058.0
193	2834.0
194	2848.0
195	2579.0
196	3152.0
197	2234.0
198	236.0
199	294.0
200	207.0
201	2.0
202	2.0
203	2.0
204	5.0
205	4.0
206	3.0
207	1.0
208	3.0
209	0.0
210	3.0
211	2.0
212	1.0
213	2.0
214	3.0
215	4.0
216	2.0
217	5.0
218	4.0
219	3.0
220	0.0
221	2.0
222	4.0
223	2.0
224	1.0
225	4.0
226	3.0
227	0.0
228	1.0
229	0.0
230	2.0
231	1.0
232	1.0
233	4.0
234	0.0
235	1.0
236	3.0
237	2.0
238	2.0
239	3.0
240	0.0
241	1.0
242	0.0
243	2.0
244	3.0
245	3.0
246	2.0
247	2.0
248	4.0
249	0.0
250	1.0
251	3.0
252	0.0
253	2.0
254	0.0
255	1.0
256	2.0
257	1.0
258	2.0
259	1.0
260	1.0
261	0.0
262	4.0
263	2.0
264	2.0
265	0.0
266	4.0
267	4.0
268	1.0
269	0.0
270	1.0
271	1.0
272	0.0
273	3.0
274	1.0
275	1.0
276	0.0
277	1.0
278	0.0
279	1.0
280	2.0
281	1.0
282	1.0
283	3.0
284	0.0
285	0.0
286	1.0
287	2.0
288	1.0
289	0.0
290	0.0
291	3.0
292	4.0
293	2.0
294	1.0
295	0.0
296	2.0
297	0.0
298	0.0
299	2.0
300	3.0
301	1.0
302	1.0
303	2.0
304	2.0
305	3.0
306	0.0
307	2.0
308	3.0
309	1.0
310	4.0
311	1.0
312	3.0
313	1.0
314	0.0
315	3.0
316	2.0
317	1.0
318	1.0
319	2.0
320	1.0
321	0.0
322	0.0
323	4.0
324	2.0
325	0.0
326	0.0
327	1.0
328	1.0
329	0.0
330	4.0
331	6.0
332	2.0
333	1.0
334	0.0
335	0.0
336	1.0
337	0.0
338	2.0
339	1.0
340	1.0
