# 2025-03-25 14:59:55.142
# NakedDNA_BNase-seq_0.125U_2_hg38.bam
# Chromosome_ID	Chromosome_Size	Aligned_Reads	Unaligned_Reads
# chr1	248956422	483012.0	0.0
# chr10	133797422	234219.0	0.0
# chr11	135086622	213118.0	0.0
# chr11_KI270721v1_random	100316	18.0	0.0
# chr12	133275309	227544.0	0.0
# chr13	114364328	156488.0	0.0
# chr14	107043718	110939.0	0.0
# chr14_GL000009v2_random	201709	684.0	0.0
# chr14_GL000225v1_random	211173	863.0	0.0
# chr14_KI270722v1_random	194050	522.0	0.0
# chr14_GL000194v1_random	191469	708.0	0.0
# chr14_KI270723v1_random	38115	83.0	0.0
# chr14_KI270724v1_random	39555	81.0	0.0
# chr14_KI270725v1_random	172810	339.0	0.0
# chr14_KI270726v1_random	43739	8.0	0.0
# chr15	101991189	140370.0	0.0
# chr15_KI270727v1_random	448248	506.0	0.0
# chr16	90338345	137155.0	0.0
# chr16_KI270728v1_random	1872759	2444.0	0.0
# chr17	83257441	104119.0	0.0
# chr17_GL000205v2_random	185591	802.0	0.0
# chr17_KI270729v1_random	280839	1311.0	0.0
# chr17_KI270730v1_random	112551	277.0	0.0
# chr18	80373285	142862.0	0.0
# chr19	58617616	81579.0	0.0
# chr1_KI270706v1_random	175055	467.0	0.0
# chr1_KI270707v1_random	32032	65.0	0.0
# chr1_KI270708v1_random	127682	290.0	0.0
# chr1_KI270709v1_random	66860	3989.0	0.0
# chr1_KI270710v1_random	40176	140.0	0.0
# chr1_KI270711v1_random	42210	183.0	0.0
# chr1_KI270712v1_random	176043	258.0	0.0
# chr1_KI270713v1_random	40745	125.0	0.0
# chr1_KI270714v1_random	41717	41.0	0.0
# chr2	242193529	428866.0	0.0
# chr20	64444167	87233.0	0.0
# chr21	46709983	89014.0	0.0
# chr22	50818468	61348.0	0.0
# chr22_KI270731v1_random	150754	234.0	0.0
# chr22_KI270732v1_random	41543	203.0	0.0
# chr22_KI270733v1_random	179772	2551.0	0.0
# chr22_KI270734v1_random	165050	230.0	0.0
# chr22_KI270735v1_random	42811	207.0	0.0
# chr22_KI270736v1_random	181920	325.0	0.0
# chr22_KI270737v1_random	103838	824.0	0.0
# chr22_KI270738v1_random	99375	938.0	0.0
# chr22_KI270739v1_random	73985	143.0	0.0
# chr2_KI270715v1_random	161471	257.0	0.0
# chr2_KI270716v1_random	153799	293.0	0.0
# chr3	198295559	334848.0	0.0
# chr3_GL000221v1_random	155397	711.0	0.0
# chr4	190214555	359919.0	0.0
# chr4_GL000008v2_random	209709	528.0	0.0
# chr5	181538259	354454.0	0.0
# chr5_GL000208v1_random	92689	211.0	0.0
# chr6	170805979	354877.0	0.0
# chr7	159345973	365899.0	0.0
# chr8	145138636	252409.0	0.0
# chr9	138394717	160386.0	0.0
# chr9_KI270717v1_random	40062	129.0	0.0
# chr9_KI270718v1_random	38054	97.0	0.0
# chr9_KI270719v1_random	176845	393.0	0.0
# chr9_KI270720v1_random	39050	122.0	0.0
# chr1_KI270762v1_alt	354444	102.0	0.0
# chr1_KI270766v1_alt	256271	311.0	0.0
# chr1_KI270760v1_alt	109528	68.0	0.0
# chr1_KI270765v1_alt	185285	361.0	0.0
# chr1_GL383518v1_alt	182439	118.0	0.0
# chr1_GL383519v1_alt	110268	44.0	0.0
# chr1_GL383520v2_alt	366580	574.0	0.0
# chr1_KI270764v1_alt	50258	57.0	0.0
# chr1_KI270763v1_alt	911658	1323.0	0.0
# chr1_KI270759v1_alt	425601	320.0	0.0
# chr1_KI270761v1_alt	165834	166.0	0.0
# chr2_KI270770v1_alt	136240	81.0	0.0
# chr2_KI270773v1_alt	70887	45.0	0.0
# chr2_KI270774v1_alt	223625	153.0	0.0
# chr2_KI270769v1_alt	120616	82.0	0.0
# chr2_GL383521v1_alt	143390	114.0	0.0
# chr2_KI270772v1_alt	133041	588.0	0.0
# chr2_KI270775v1_alt	138019	112.0	0.0
# chr2_KI270771v1_alt	110395	105.0	0.0
# chr2_KI270768v1_alt	110099	156.0	0.0
# chr2_GL582966v2_alt	96131	466.0	0.0
# chr2_GL383522v1_alt	123821	177.0	0.0
# chr2_KI270776v1_alt	174166	64.0	0.0
# chr2_KI270767v1_alt	161578	62.0	0.0
# chr3_JH636055v2_alt	173151	175.0	0.0
# chr3_KI270783v1_alt	109187	141.0	0.0
# chr3_KI270780v1_alt	224108	91.0	0.0
# chr3_GL383526v1_alt	180671	214.0	0.0
# chr3_KI270777v1_alt	173649	138.0	0.0
# chr3_KI270778v1_alt	248252	288.0	0.0
# chr3_KI270781v1_alt	113034	127.0	0.0
# chr3_KI270779v1_alt	205312	69.0	0.0
# chr3_KI270782v1_alt	162429	94.0	0.0
# chr3_KI270784v1_alt	184404	188.0	0.0
# chr4_KI270790v1_alt	220246	187.0	0.0
# chr4_GL383528v1_alt	376187	333.0	0.0
# chr4_KI270787v1_alt	111943	183.0	0.0
# chr4_GL000257v2_alt	586476	719.0	0.0
# chr4_KI270788v1_alt	158965	141.0	0.0
# chr4_GL383527v1_alt	164536	186.0	0.0
# chr4_KI270785v1_alt	119912	117.0	0.0
# chr4_KI270789v1_alt	205944	138.0	0.0
# chr4_KI270786v1_alt	244096	100.0	0.0
# chr5_KI270793v1_alt	126136	58.0	0.0
# chr5_KI270792v1_alt	179043	64.0	0.0
# chr5_KI270791v1_alt	195710	115.0	0.0
# chr5_GL383532v1_alt	82728	77.0	0.0
# chr5_GL949742v1_alt	226852	288.0	0.0
# chr5_KI270794v1_alt	164558	162.0	0.0
# chr5_GL339449v2_alt	1612928	1721.0	0.0
# chr5_GL383530v1_alt	101241	139.0	0.0
# chr5_KI270796v1_alt	172708	167.0	0.0
# chr5_GL383531v1_alt	173459	178.0	0.0
# chr5_KI270795v1_alt	131892	84.0	0.0
# chr6_GL000250v2_alt	4672374	753.0	0.0
# chr6_KI270800v1_alt	175808	166.0	0.0
# chr6_KI270799v1_alt	152148	159.0	0.0
# chr6_GL383533v1_alt	124736	109.0	0.0
# chr6_KI270801v1_alt	870480	987.0	0.0
# chr6_KI270802v1_alt	75005	62.0	0.0
# chr6_KB021644v2_alt	185823	134.0	0.0
# chr6_KI270797v1_alt	197536	172.0	0.0
# chr6_KI270798v1_alt	271782	232.0	0.0
# chr7_KI270804v1_alt	157952	46.0	0.0
# chr7_KI270809v1_alt	209586	287.0	0.0
# chr7_KI270806v1_alt	158166	237.0	0.0
# chr7_GL383534v2_alt	119183	173.0	0.0
# chr7_KI270803v1_alt	1111570	1291.0	0.0
# chr7_KI270808v1_alt	271455	299.0	0.0
# chr7_KI270807v1_alt	126434	53.0	0.0
# chr7_KI270805v1_alt	209988	149.0	0.0
# chr8_KI270818v1_alt	145606	54.0	0.0
# chr8_KI270812v1_alt	282736	145.0	0.0
# chr8_KI270811v1_alt	292436	125.0	0.0
# chr8_KI270821v1_alt	985506	866.0	0.0
# chr8_KI270813v1_alt	300230	322.0	0.0
# chr8_KI270822v1_alt	624492	790.0	0.0
# chr8_KI270814v1_alt	141812	94.0	0.0
# chr8_KI270810v1_alt	374415	377.0	0.0
# chr8_KI270819v1_alt	133535	17.0	0.0
# chr8_KI270820v1_alt	36640	4.0	0.0
# chr8_KI270817v1_alt	158983	98.0	0.0
# chr8_KI270816v1_alt	305841	135.0	0.0
# chr8_KI270815v1_alt	132244	114.0	0.0
# chr9_GL383539v1_alt	162988	67.0	0.0
# chr9_GL383540v1_alt	71551	29.0	0.0
# chr9_GL383541v1_alt	171286	123.0	0.0
# chr9_GL383542v1_alt	60032	62.0	0.0
# chr9_KI270823v1_alt	439082	580.0	0.0
# chr10_GL383545v1_alt	179254	194.0	0.0
# chr10_KI270824v1_alt	181496	515.0	0.0
# chr10_GL383546v1_alt	309802	310.0	0.0
# chr10_KI270825v1_alt	188315	113.0	0.0
# chr11_KI270832v1_alt	210133	98.0	0.0
# chr11_KI270830v1_alt	177092	45.0	0.0
# chr11_KI270831v1_alt	296895	130.0	0.0
# chr11_KI270829v1_alt	204059	163.0	0.0
# chr11_GL383547v1_alt	154407	199.0	0.0
# chr11_JH159136v1_alt	200998	223.0	0.0
# chr11_JH159137v1_alt	191409	211.0	0.0
# chr11_KI270827v1_alt	67707	31.0	0.0
# chr11_KI270826v1_alt	186169	133.0	0.0
# chr12_GL877875v1_alt	167313	107.0	0.0
# chr12_GL877876v1_alt	408271	215.0	0.0
# chr12_KI270837v1_alt	40090	11.0	0.0
# chr12_GL383549v1_alt	120804	124.0	0.0
# chr12_KI270835v1_alt	238139	187.0	0.0
# chr12_GL383550v2_alt	169178	167.0	0.0
# chr12_GL383552v1_alt	138655	151.0	0.0
# chr12_GL383553v2_alt	152874	119.0	0.0
# chr12_KI270834v1_alt	119498	87.0	0.0
# chr12_GL383551v1_alt	184319	135.0	0.0
# chr12_KI270833v1_alt	76061	82.0	0.0
# chr12_KI270836v1_alt	56134	15.0	0.0
# chr13_KI270840v1_alt	191684	142.0	0.0
# chr13_KI270839v1_alt	180306	138.0	0.0
# chr13_KI270843v1_alt	103832	69.0	0.0
# chr13_KI270841v1_alt	169134	125.0	0.0
# chr13_KI270838v1_alt	306913	130.0	0.0
# chr13_KI270842v1_alt	37287	10.0	0.0
# chr14_KI270844v1_alt	322166	213.0	0.0
# chr14_KI270847v1_alt	1511111	722.0	0.0
# chr14_KI270845v1_alt	180703	68.0	0.0
# chr14_KI270846v1_alt	1351393	645.0	0.0
# chr15_KI270852v1_alt	478999	599.0	0.0
# chr15_KI270851v1_alt	263054	258.0	0.0
# chr15_KI270848v1_alt	327382	626.0	0.0
# chr15_GL383554v1_alt	296527	222.0	0.0
# chr15_KI270849v1_alt	244917	202.0	0.0
# chr15_GL383555v2_alt	388773	303.0	0.0
# chr15_KI270850v1_alt	430880	454.0	0.0
# chr16_KI270854v1_alt	134193	62.0	0.0
# chr16_KI270856v1_alt	63982	33.0	0.0
# chr16_KI270855v1_alt	232857	116.0	0.0
# chr16_KI270853v1_alt	2659700	2429.0	0.0
# chr16_GL383556v1_alt	192462	104.0	0.0
# chr16_GL383557v1_alt	89672	119.0	0.0
# chr17_GL383563v3_alt	375691	129.0	0.0
# chr17_KI270862v1_alt	391357	282.0	0.0
# chr17_KI270861v1_alt	196688	69.0	0.0
# chr17_KI270857v1_alt	2877074	2168.0	0.0
# chr17_JH159146v1_alt	278131	251.0	0.0
# chr17_JH159147v1_alt	70345	62.0	0.0
# chr17_GL383564v2_alt	133151	73.0	0.0
# chr17_GL000258v2_alt	1821992	1071.0	0.0
# chr17_GL383565v1_alt	223995	294.0	0.0
# chr17_KI270858v1_alt	235827	277.0	0.0
# chr17_KI270859v1_alt	108763	90.0	0.0
# chr17_GL383566v1_alt	90219	55.0	0.0
# chr17_KI270860v1_alt	178921	75.0	0.0
# chr18_KI270864v1_alt	111737	63.0	0.0
# chr18_GL383567v1_alt	289831	143.0	0.0
# chr18_GL383570v1_alt	164789	80.0	0.0
# chr18_GL383571v1_alt	198278	125.0	0.0
# chr18_GL383568v1_alt	104552	91.0	0.0
# chr18_GL383569v1_alt	167950	42.0	0.0
# chr18_GL383572v1_alt	159547	55.0	0.0
# chr18_KI270863v1_alt	167999	55.0	0.0
# chr19_KI270868v1_alt	61734	24.0	0.0
# chr19_KI270865v1_alt	52969	8.0	0.0
# chr19_GL383573v1_alt	385657	382.0	0.0
# chr19_GL383575v2_alt	170222	170.0	0.0
# chr19_GL383576v1_alt	188024	227.0	0.0
# chr19_GL383574v1_alt	155864	145.0	0.0
# chr19_KI270866v1_alt	43156	16.0	0.0
# chr19_KI270867v1_alt	233762	168.0	0.0
# chr19_GL949746v1_alt	987716	304.0	0.0
# chr20_GL383577v2_alt	128386	62.0	0.0
# chr20_KI270869v1_alt	118774	49.0	0.0
# chr20_KI270871v1_alt	58661	6.0	0.0
# chr20_KI270870v1_alt	183433	72.0	0.0
# chr21_GL383578v2_alt	63917	75.0	0.0
# chr21_KI270874v1_alt	166743	192.0	0.0
# chr21_KI270873v1_alt	143900	113.0	0.0
# chr21_GL383579v2_alt	201197	265.0	0.0
# chr21_GL383580v2_alt	74653	190.0	0.0
# chr21_GL383581v2_alt	116689	152.0	0.0
# chr21_KI270872v1_alt	82692	60.0	0.0
# chr22_KI270875v1_alt	259914	1011.0	0.0
# chr22_KI270878v1_alt	186262	75.0	0.0
# chr22_KI270879v1_alt	304135	101.0	0.0
# chr22_KI270876v1_alt	263666	248.0	0.0
# chr22_KI270877v1_alt	101331	32.0	0.0
# chr22_GL383583v2_alt	96924	55.0	0.0
# chr22_GL383582v2_alt	162811	85.0	0.0
# chrX_KI270880v1_alt	284869	75.0	0.0
# chrX_KI270881v1_alt	144206	119.0	0.0
# chr19_KI270882v1_alt	248807	6.0	0.0
# chr19_KI270883v1_alt	170399	12.0	0.0
# chr19_KI270884v1_alt	157053	7.0	0.0
# chr19_KI270885v1_alt	171027	5.0	0.0
# chr19_KI270886v1_alt	204239	8.0	0.0
# chr19_KI270887v1_alt	209512	9.0	0.0
# chr19_KI270888v1_alt	155532	3.0	0.0
# chr19_KI270889v1_alt	170698	5.0	0.0
# chr19_KI270890v1_alt	184499	9.0	0.0
# chr19_KI270891v1_alt	170680	4.0	0.0
# chr1_KI270892v1_alt	162212	165.0	0.0
# chr2_KI270894v1_alt	214158	650.0	0.0
# chr2_KI270893v1_alt	161218	67.0	0.0
# chr3_KI270895v1_alt	162896	61.0	0.0
# chr4_KI270896v1_alt	378547	253.0	0.0
# chr5_KI270897v1_alt	1144418	1286.0	0.0
# chr5_KI270898v1_alt	130957	85.0	0.0
# chr6_GL000251v2_alt	4795265	2094.0	0.0
# chr7_KI270899v1_alt	190869	81.0	0.0
# chr8_KI270901v1_alt	136959	87.0	0.0
# chr8_KI270900v1_alt	318687	151.0	0.0
# chr11_KI270902v1_alt	106711	17.0	0.0
# chr11_KI270903v1_alt	214625	83.0	0.0
# chr12_KI270904v1_alt	572349	319.0	0.0
# chr15_KI270906v1_alt	196384	101.0	0.0
# chr15_KI270905v1_alt	5161414	4039.0	0.0
# chr17_KI270907v1_alt	137721	28.0	0.0
# chr17_KI270910v1_alt	157099	15.0	0.0
# chr17_KI270909v1_alt	325800	161.0	0.0
# chr17_JH159148v1_alt	88070	40.0	0.0
# chr17_KI270908v1_alt	1423190	1067.0	0.0
# chr18_KI270912v1_alt	174061	43.0	0.0
# chr18_KI270911v1_alt	157710	59.0	0.0
# chr19_GL949747v2_alt	729520	237.0	0.0
# chr22_KB663609v1_alt	74013	18.0	0.0
# chrX_KI270913v1_alt	274009	85.0	0.0
# chr19_KI270914v1_alt	205194	11.0	0.0
# chr19_KI270915v1_alt	170665	7.0	0.0
# chr19_KI270916v1_alt	184516	11.0	0.0
# chr19_KI270917v1_alt	190932	9.0	0.0
# chr19_KI270918v1_alt	123111	4.0	0.0
# chr19_KI270919v1_alt	170701	10.0	0.0
# chr19_KI270920v1_alt	198005	26.0	0.0
# chr19_KI270921v1_alt	282224	20.0	0.0
# chr19_KI270922v1_alt	187935	12.0	0.0
# chr19_KI270923v1_alt	189352	17.0	0.0
# chr3_KI270924v1_alt	166540	52.0	0.0
# chr4_KI270925v1_alt	555799	287.0	0.0
# chr6_GL000252v2_alt	4604811	2025.0	0.0
# chr8_KI270926v1_alt	229282	108.0	0.0
# chr11_KI270927v1_alt	218612	71.0	0.0
# chr19_GL949748v2_alt	1064304	140.0	0.0
# chr22_KI270928v1_alt	176103	69.0	0.0
# chr19_KI270929v1_alt	186203	6.0	0.0
# chr19_KI270930v1_alt	200773	14.0	0.0
# chr19_KI270931v1_alt	170148	5.0	0.0
# chr19_KI270932v1_alt	215732	12.0	0.0
# chr19_KI270933v1_alt	170537	8.0	0.0
# chr19_GL000209v2_alt	177381	5.0	0.0
# chr3_KI270934v1_alt	163458	56.0	0.0
# chr6_GL000253v2_alt	4677643	2920.0	0.0
# chr19_GL949749v2_alt	1091841	150.0	0.0
# chr3_KI270935v1_alt	197351	70.0	0.0
# chr6_GL000254v2_alt	4827813	1169.0	0.0
# chr19_GL949750v2_alt	1066390	145.0	0.0
# chr3_KI270936v1_alt	164170	70.0	0.0
# chr6_GL000255v2_alt	4606388	1738.0	0.0
# chr19_GL949751v2_alt	1002683	158.0	0.0
# chr3_KI270937v1_alt	165607	69.0	0.0
# chr6_GL000256v2_alt	4929269	1662.0	0.0
# chr19_GL949752v1_alt	987100	308.0	0.0
# chr6_KI270758v1_alt	76752	23.0	0.0
# chr19_GL949753v2_alt	796479	204.0	0.0
# chr19_KI270938v1_alt	1066800	365.0	0.0
# chrM	16569	4599.0	0.0
# chrUn_KI270302v1	2274	8.0	0.0
# chrUn_KI270304v1	2165	20.0	0.0
# chrUn_KI270303v1	1942	18.0	0.0
# chrUn_KI270305v1	1472	2.0	0.0
# chrUn_KI270322v1	21476	13.0	0.0
# chrUn_KI270320v1	4416	25.0	0.0
# chrUn_KI270310v1	1201	14.0	0.0
# chrUn_KI270316v1	1444	4.0	0.0
# chrUn_KI270315v1	2276	6.0	0.0
# chrUn_KI270312v1	998	2.0	0.0
# chrUn_KI270311v1	12399	22.0	0.0
# chrUn_KI270317v1	37690	12.0	0.0
# chrUn_KI270412v1	1179	4.0	0.0
# chrUn_KI270411v1	2646	46.0	0.0
# chrUn_KI270414v1	2489	7.0	0.0
# chrUn_KI270419v1	1029	0.0	0.0
# chrUn_KI270418v1	2145	6.0	0.0
# chrUn_KI270420v1	2321	6.0	0.0
# chrUn_KI270424v1	2140	2.0	0.0
# chrUn_KI270417v1	2043	6.0	0.0
# chrUn_KI270422v1	1445	2.0	0.0
# chrUn_KI270423v1	981	2.0	0.0
# chrUn_KI270425v1	1884	5.0	0.0
# chrUn_KI270429v1	1361	2.0	0.0
# chrUn_KI270442v1	392061	1727.0	0.0
# chrUn_KI270466v1	1233	304.0	0.0
# chrUn_KI270465v1	1774	7.0	0.0
# chrUn_KI270467v1	3920	891.0	0.0
# chrUn_KI270435v1	92983	355.0	0.0
# chrUn_KI270438v1	112505	4260.0	0.0
# chrUn_KI270468v1	4055	16.0	0.0
# chrUn_KI270510v1	2415	16.0	0.0
# chrUn_KI270509v1	2318	18.0	0.0
# chrUn_KI270518v1	2186	20.0	0.0
# chrUn_KI270508v1	1951	9.0	0.0
# chrUn_KI270516v1	1300	8.0	0.0
# chrUn_KI270512v1	22689	65.0	0.0
# chrUn_KI270519v1	138126	580.0	0.0
# chrUn_KI270522v1	5674	26.0	0.0
# chrUn_KI270511v1	8127	26.0	0.0
# chrUn_KI270515v1	6361	50.0	0.0
# chrUn_KI270507v1	5353	53.0	0.0
# chrUn_KI270517v1	3253	20.0	0.0
# chrUn_KI270529v1	1899	2.0	0.0
# chrUn_KI270528v1	2983	4.0	0.0
# chrUn_KI270530v1	2168	7.0	0.0
# chrUn_KI270539v1	993	0.0	0.0
# chrUn_KI270538v1	91309	193.0	0.0
# chrUn_KI270544v1	1202	9.0	0.0
# chrUn_KI270548v1	1599	5.0	0.0
# chrUn_KI270583v1	1400	10.0	0.0
# chrUn_KI270587v1	2969	14.0	0.0
# chrUn_KI270580v1	1553	6.0	0.0
# chrUn_KI270581v1	7046	10.0	0.0
# chrUn_KI270579v1	31033	71.0	0.0
# chrUn_KI270589v1	44474	123.0	0.0
# chrUn_KI270590v1	4685	43.0	0.0
# chrUn_KI270584v1	4513	37.0	0.0
# chrUn_KI270582v1	6504	20.0	0.0
# chrUn_KI270588v1	6158	62.0	0.0
# chrUn_KI270593v1	3041	17.0	0.0
# chrUn_KI270591v1	5796	51.0	0.0
# chrUn_KI270330v1	1652	36.0	0.0
# chrUn_KI270329v1	1040	4.0	0.0
# chrUn_KI270334v1	1368	4.0	0.0
# chrUn_KI270333v1	2699	215.0	0.0
# chrUn_KI270335v1	1048	4.0	0.0
# chrUn_KI270338v1	1428	2.0	0.0
# chrUn_KI270340v1	1428	10.0	0.0
# chrUn_KI270336v1	1026	47.0	0.0
# chrUn_KI270337v1	1121	69.0	0.0
# chrUn_KI270363v1	1803	0.0	0.0
# chrUn_KI270364v1	2855	14.0	0.0
# chrUn_KI270362v1	3530	19.0	0.0
# chrUn_KI270366v1	8320	16.0	0.0
# chrUn_KI270378v1	1048	2.0	0.0
# chrUn_KI270379v1	1045	0.0	0.0
# chrUn_KI270389v1	1298	0.0	0.0
# chrUn_KI270390v1	2387	2.0	0.0
# chrUn_KI270387v1	1537	6.0	0.0
# chrUn_KI270395v1	1143	0.0	0.0
# chrUn_KI270396v1	1880	13.0	0.0
# chrUn_KI270388v1	1216	8.0	0.0
# chrUn_KI270394v1	970	0.0	0.0
# chrUn_KI270386v1	1788	0.0	0.0
# chrUn_KI270391v1	1484	10.0	0.0
# chrUn_KI270383v1	1750	0.0	0.0
# chrUn_KI270393v1	1308	6.0	0.0
# chrUn_KI270384v1	1658	2.0	0.0
# chrUn_KI270392v1	971	2.0	0.0
# chrUn_KI270381v1	1930	4.0	0.0
# chrUn_KI270385v1	990	2.0	0.0
# chrUn_KI270382v1	4215	8.0	0.0
# chrUn_KI270376v1	1136	0.0	0.0
# chrUn_KI270374v1	2656	5.0	0.0
# chrUn_KI270372v1	1650	0.0	0.0
# chrUn_KI270373v1	1451	0.0	0.0
# chrUn_KI270375v1	2378	8.0	0.0
# chrUn_KI270371v1	2805	2.0	0.0
# chrUn_KI270448v1	7992	37.0	0.0
# chrUn_KI270521v1	7642	13.0	0.0
# chrUn_GL000195v1	182896	472.0	0.0
# chrUn_GL000219v1	179198	886.0	0.0
# chrUn_GL000220v1	161802	2602.0	0.0
# chrUn_GL000224v1	179693	1130.0	0.0
# chrUn_KI270741v1	157432	344.0	0.0
# chrUn_GL000226v1	15008	21.0	0.0
# chrUn_GL000213v1	164239	163.0	0.0
# chrUn_KI270743v1	210658	586.0	0.0
# chrUn_KI270744v1	168472	716.0	0.0
# chrUn_KI270745v1	41891	44.0	0.0
# chrUn_KI270746v1	66486	396.0	0.0
# chrUn_KI270747v1	198735	604.0	0.0
# chrUn_KI270748v1	93321	135.0	0.0
# chrUn_KI270749v1	158759	415.0	0.0
# chrUn_KI270750v1	148850	324.0	0.0
# chrUn_KI270751v1	150742	788.0	0.0
# chrUn_KI270752v1	27745	173.0	0.0
# chrUn_KI270753v1	62944	104.0	0.0
# chrUn_KI270754v1	40191	30.0	0.0
# chrUn_KI270755v1	36723	16.0	0.0
# chrUn_KI270756v1	79590	216.0	0.0
# chrUn_KI270757v1	71251	384.0	0.0
# chrUn_GL000214v1	137718	603.0	0.0
# chrUn_KI270742v1	186739	1209.0	0.0
# chrUn_GL000216v2	176608	1103.0	0.0
# chrUn_GL000218v1	161147	576.0	0.0
# chrX	156040895	184908.0	0.0
# chrY	57227415	12515.0	0.0
# chrY_KI270740v1_random	37240	0.0	0.0
# Total Genome Size: 3.209286105E9	Total Aligned Tags: 5195882.0
# bwa	# 0.7.17-r1188
# bwa mem -t 8 -v 1 /storage/group/bfp2/default/00_pughlab/tool_data/hg38/bwa_mem_index/hg38/hg38.fa /storage/group/bfp2/default/00_pughlab/pulsar/files/staging/1214302/inputs/777-40727_L1_R1.fastq.gz /storage/group/bfp2/default/00_pughlab/pulsar/files/staging/1214302/inputs/777-40727_L1_R2.fastq.gz
# MarkDuplicates	# 2.18.2-SNAPSHOT
# MarkDuplicates TAGGING_POLICY=All INPUT=[Map_with_BWA-MEM_on_data_4_and_data_3__mapped_reads_in_BAM_format_] OUTPUT=/storage/group/bfp2/default/00_pughlab/pulsar/files/staging/1214306/outputs/dataset_5e2696c5-0220-441c-974a-cde351a87b49.dat METRICS_FILE=/storage/group/bfp2/default/00_pughlab/pulsar/files/staging/1214306/outputs/dataset_668ba3f3-da84-4c7d-9880-7b3d1aec262e.dat REMOVE_DUPLICATES=false ASSUME_SORTED=true DUPLICATE_SCORING_STRATEGY=SUM_OF_BASE_QUALITIES READ_NAME_REGEX=[a-zA-Z0-9]+:[0-9]:([0-9]+):([0-9]+):([0-9]+).*. OPTICAL_DUPLICATE_PIXEL_DISTANCE=100 VERBOSITY=ERROR QUIET=true VALIDATION_STRINGENCY=LENIENT    MAX_SEQUENCES_FOR_DISK_READ_ENDS_MAP=50000 MAX_FILE_HANDLES_FOR_READ_ENDS_MAP=8000 SORTING_COLLECTION_SIZE_RATIO=0.25 TAG_DUPLICATE_SET_MEMBERS=false REMOVE_SEQUENCING_DUPLICATES=false CLEAR_DT=true ADD_PG_TAG_TO_READS=true PROGRAM_RECORD_ID=MarkDuplicates PROGRAM_GROUP_NAME=MarkDuplicates MAX_OPTICAL_DUPLICATE_SET_SIZE=300000 COMPRESSION_LEVEL=5 MAX_RECORDS_IN_RAM=500000 CREATE_INDEX=false CREATE_MD5_FILE=false GA4GH_CLIENT_SECRETS=client_secrets.json USE_JDK_DEFLATER=false USE_JDK_INFLATER=false
# Average Insert Size: 60.28760617831249
# Median Insert Size: 56.0
# Mode Insert Size: 48.0
# Std deviation of Insert Size: 23.523305848770065
# Number of ReadPairs: 2460669.0
# Histogram
# Size (bp)	Frequency
0	18065.0
1	0.0
2	183.0
3	91.0
4	183.0
5	91.0
6	314.0
7	97.0
8	339.0
9	127.0
10	392.0
11	167.0
12	423.0
13	161.0
14	825.0
15	391.0
16	971.0
17	549.0
18	1222.0
19	5133.0
20	6920.0
21	7334.0
22	7723.0
23	7708.0
24	8182.0
25	8988.0
26	9899.0
27	9368.0
28	10594.0
29	10974.0
30	12794.0
31	13475.0
32	15730.0
33	17799.0
34	21048.0
35	23866.0
36	27188.0
37	30340.0
38	33226.0
39	36238.0
40	41905.0
41	43908.0
42	47520.0
43	50661.0
44	54067.0
45	55784.0
46	58047.0
47	57811.0
48	58447.0
49	57175.0
50	57464.0
51	56170.0
52	56562.0
53	55350.0
54	55253.0
55	54185.0
56	52997.0
57	50381.0
58	48811.0
59	46322.0
60	45223.0
61	42654.0
62	41275.0
63	39854.0
64	38850.0
65	37635.0
66	36467.0
67	34415.0
68	32648.0
69	30990.0
70	29362.0
71	27606.0
72	26835.0
73	25795.0
74	25202.0
75	24505.0
76	23304.0
77	22178.0
78	21088.0
79	19692.0
80	18927.0
81	17812.0
82	17255.0
83	16587.0
84	15889.0
85	15579.0
86	14756.0
87	13983.0
88	13408.0
89	12508.0
90	12091.0
91	11223.0
92	10850.0
93	10312.0
94	10034.0
95	9780.0
96	9560.0
97	9125.0
98	8727.0
99	8328.0
100	7731.0
101	7222.0
102	6786.0
103	6736.0
104	6443.0
105	6316.0
106	6082.0
107	5824.0
108	5607.0
109	5388.0
110	5005.0
111	4798.0
112	4565.0
113	4291.0
114	4067.0
115	4004.0
116	3841.0
117	3859.0
118	3648.0
119	3521.0
120	3273.0
121	3030.0
122	2955.0
123	2818.0
124	2770.0
125	2707.0
126	2586.0
127	2438.0
128	2412.0
129	2221.0
130	2234.0
131	2075.0
132	1927.0
133	1869.0
134	1850.0
135	1715.0
136	1668.0
137	1633.0
138	1556.0
139	1501.0
140	1478.0
141	1372.0
142	1306.0
143	1302.0
144	1128.0
145	1163.0
146	1148.0
147	1134.0
148	1114.0
149	1018.0
150	1041.0
151	994.0
152	883.0
153	874.0
154	846.0
155	999.0
156	733.0
157	1.0
158	1.0
159	4.0
160	2.0
161	7.0
162	1.0
163	1.0
164	3.0
165	0.0
166	1.0
167	2.0
168	2.0
169	2.0
170	0.0
171	2.0
172	4.0
173	4.0
174	0.0
175	0.0
176	2.0
177	1.0
178	0.0
179	2.0
180	3.0
181	3.0
182	0.0
183	1.0
184	1.0
185	1.0
186	1.0
187	0.0
188	0.0
189	5.0
190	2.0
191	0.0
192	3.0
193	1.0
194	0.0
195	1.0
196	0.0
197	0.0
198	2.0
199	0.0
200	2.0
201	0.0
202	1.0
203	0.0
204	0.0
205	0.0
206	0.0
207	1.0
208	0.0
209	1.0
210	0.0
211	2.0
212	2.0
213	3.0
214	2.0
215	3.0
216	0.0
217	2.0
218	0.0
219	0.0
220	0.0
221	1.0
222	0.0
223	1.0
224	0.0
225	0.0
226	1.0
227	0.0
228	1.0
229	0.0
230	2.0
231	0.0
232	1.0
233	2.0
234	0.0
235	2.0
236	0.0
237	0.0
238	0.0
239	0.0
240	0.0
241	0.0
242	1.0
243	0.0
244	0.0
245	0.0
246	1.0
247	0.0
248	1.0
249	0.0
250	0.0
251	0.0
252	0.0
253	0.0
254	0.0
255	1.0
256	1.0
257	2.0
258	0.0
259	2.0
260	0.0
261	0.0
262	0.0
263	2.0
264	1.0
265	1.0
266	0.0
267	0.0
268	0.0
269	2.0
270	0.0
271	1.0
272	0.0
273	0.0
274	0.0
275	1.0
276	0.0
277	1.0
278	1.0
279	0.0
280	0.0
281	0.0
282	0.0
283	0.0
284	2.0
285	0.0
286	0.0
287	0.0
288	0.0
289	0.0
290	1.0
291	0.0
292	0.0
293	0.0
294	0.0
295	0.0
296	0.0
297	0.0
298	1.0
299	1.0
300	0.0
301	0.0
302	0.0
303	1.0
304	3.0
305	0.0
306	1.0
307	0.0
308	0.0
309	0.0
310	0.0
311	0.0
312	1.0
313	0.0
314	1.0
315	2.0
316	0.0
317	1.0
318	1.0
319	1.0
320	0.0
321	1.0
322	0.0
323	0.0
324	2.0
325	1.0
326	0.0
327	0.0
328	0.0
329	0.0
330	0.0
331	0.0
332	1.0
333	1.0
334	0.0
335	0.0
336	1.0
337	0.0
338	1.0
339	0.0
340	0.0
