# 2024-10-30 13:46:32.87
# BNase-seq_50U-30min_2_hg38.bam
# Chromosome_ID	Chromosome_Size	Aligned_Reads	Unaligned_Reads
# chr1	248956422	714021.0	0.0
# chr10	133797422	300310.0	0.0
# chr11	135086622	297706.0	0.0
# chr11_KI270721v1_random	100316	175.0	0.0
# chr12	133275309	286343.0	0.0
# chr13	114364328	142980.0	0.0
# chr14	107043718	138505.0	0.0
# chr14_GL000009v2_random	201709	1012.0	0.0
# chr14_GL000225v1_random	211173	3241.0	0.0
# chr14_KI270722v1_random	194050	438.0	0.0
# chr14_GL000194v1_random	191469	1018.0	0.0
# chr14_KI270723v1_random	38115	170.0	0.0
# chr14_KI270724v1_random	39555	153.0	0.0
# chr14_KI270725v1_random	172810	158.0	0.0
# chr14_KI270726v1_random	43739	24.0	0.0
# chr15	101991189	200219.0	0.0
# chr15_KI270727v1_random	448248	519.0	0.0
# chr16	90338345	214821.0	0.0
# chr16_KI270728v1_random	1872759	2409.0	0.0
# chr17	83257441	194194.0	0.0
# chr17_GL000205v2_random	185591	1669.0	0.0
# chr17_KI270729v1_random	280839	1097.0	0.0
# chr17_KI270730v1_random	112551	280.0	0.0
# chr18	80373285	151241.0	0.0
# chr19	58617616	158500.0	0.0
# chr1_KI270706v1_random	175055	958.0	0.0
# chr1_KI270707v1_random	32032	114.0	0.0
# chr1_KI270708v1_random	127682	201.0	0.0
# chr1_KI270709v1_random	66860	2806.0	0.0
# chr1_KI270710v1_random	40176	95.0	0.0
# chr1_KI270711v1_random	42210	515.0	0.0
# chr1_KI270712v1_random	176043	389.0	0.0
# chr1_KI270713v1_random	40745	464.0	0.0
# chr1_KI270714v1_random	41717	207.0	0.0
# chr2	242193529	503323.0	0.0
# chr20	64444167	142190.0	0.0
# chr21	46709983	110894.0	0.0
# chr22	50818468	135923.0	0.0
# chr22_KI270731v1_random	150754	606.0	0.0
# chr22_KI270732v1_random	41543	130.0	0.0
# chr22_KI270733v1_random	179772	2992.0	0.0
# chr22_KI270734v1_random	165050	566.0	0.0
# chr22_KI270735v1_random	42811	144.0	0.0
# chr22_KI270736v1_random	181920	548.0	0.0
# chr22_KI270737v1_random	103838	587.0	0.0
# chr22_KI270738v1_random	99375	604.0	0.0
# chr22_KI270739v1_random	73985	67.0	0.0
# chr2_KI270715v1_random	161471	294.0	0.0
# chr2_KI270716v1_random	153799	329.0	0.0
# chr3	198295559	385725.0	0.0
# chr3_GL000221v1_random	155397	892.0	0.0
# chr4	190214555	335298.0	0.0
# chr4_GL000008v2_random	209709	903.0	0.0
# chr5	181538259	380304.0	0.0
# chr5_GL000208v1_random	92689	164.0	0.0
# chr6	170805979	412740.0	0.0
# chr7	159345973	431479.0	0.0
# chr8	145138636	282416.0	0.0
# chr9	138394717	229350.0	0.0
# chr9_KI270717v1_random	40062	60.0	0.0
# chr9_KI270718v1_random	38054	92.0	0.0
# chr9_KI270719v1_random	176845	403.0	0.0
# chr9_KI270720v1_random	39050	122.0	0.0
# chr1_KI270762v1_alt	354444	636.0	0.0
# chr1_KI270766v1_alt	256271	418.0	0.0
# chr1_KI270760v1_alt	109528	168.0	0.0
# chr1_KI270765v1_alt	185285	443.0	0.0
# chr1_GL383518v1_alt	182439	300.0	0.0
# chr1_GL383519v1_alt	110268	194.0	0.0
# chr1_GL383520v2_alt	366580	449.0	0.0
# chr1_KI270764v1_alt	50258	68.0	0.0
# chr1_KI270763v1_alt	911658	1419.0	0.0
# chr1_KI270759v1_alt	425601	736.0	0.0
# chr1_KI270761v1_alt	165834	91.0	0.0
# chr2_KI270770v1_alt	136240	183.0	0.0
# chr2_KI270773v1_alt	70887	66.0	0.0
# chr2_KI270774v1_alt	223625	210.0	0.0
# chr2_KI270769v1_alt	120616	167.0	0.0
# chr2_GL383521v1_alt	143390	89.0	0.0
# chr2_KI270772v1_alt	133041	485.0	0.0
# chr2_KI270775v1_alt	138019	79.0	0.0
# chr2_KI270771v1_alt	110395	33.0	0.0
# chr2_KI270768v1_alt	110099	112.0	0.0
# chr2_GL582966v2_alt	96131	146.0	0.0
# chr2_GL383522v1_alt	123821	367.0	0.0
# chr2_KI270776v1_alt	174166	215.0	0.0
# chr2_KI270767v1_alt	161578	147.0	0.0
# chr3_JH636055v2_alt	173151	246.0	0.0
# chr3_KI270783v1_alt	109187	187.0	0.0
# chr3_KI270780v1_alt	224108	241.0	0.0
# chr3_GL383526v1_alt	180671	251.0	0.0
# chr3_KI270777v1_alt	173649	170.0	0.0
# chr3_KI270778v1_alt	248252	121.0	0.0
# chr3_KI270781v1_alt	113034	157.0	0.0
# chr3_KI270779v1_alt	205312	197.0	0.0
# chr3_KI270782v1_alt	162429	326.0	0.0
# chr3_KI270784v1_alt	184404	428.0	0.0
# chr4_KI270790v1_alt	220246	107.0	0.0
# chr4_GL383528v1_alt	376187	141.0	0.0
# chr4_KI270787v1_alt	111943	214.0	0.0
# chr4_GL000257v2_alt	586476	647.0	0.0
# chr4_KI270788v1_alt	158965	72.0	0.0
# chr4_GL383527v1_alt	164536	126.0	0.0
# chr4_KI270785v1_alt	119912	122.0	0.0
# chr4_KI270789v1_alt	205944	116.0	0.0
# chr4_KI270786v1_alt	244096	103.0	0.0
# chr5_KI270793v1_alt	126136	182.0	0.0
# chr5_KI270792v1_alt	179043	347.0	0.0
# chr5_KI270791v1_alt	195710	283.0	0.0
# chr5_GL383532v1_alt	82728	77.0	0.0
# chr5_GL949742v1_alt	226852	221.0	0.0
# chr5_KI270794v1_alt	164558	190.0	0.0
# chr5_GL339449v2_alt	1612928	2203.0	0.0
# chr5_GL383530v1_alt	101241	93.0	0.0
# chr5_KI270796v1_alt	172708	90.0	0.0
# chr5_GL383531v1_alt	173459	107.0	0.0
# chr5_KI270795v1_alt	131892	143.0	0.0
# chr6_GL000250v2_alt	4672374	1306.0	0.0
# chr6_KI270800v1_alt	175808	80.0	0.0
# chr6_KI270799v1_alt	152148	162.0	0.0
# chr6_GL383533v1_alt	124736	120.0	0.0
# chr6_KI270801v1_alt	870480	394.0	0.0
# chr6_KI270802v1_alt	75005	84.0	0.0
# chr6_KB021644v2_alt	185823	223.0	0.0
# chr6_KI270797v1_alt	197536	338.0	0.0
# chr6_KI270798v1_alt	271782	472.0	0.0
# chr7_KI270804v1_alt	157952	150.0	0.0
# chr7_KI270809v1_alt	209586	411.0	0.0
# chr7_KI270806v1_alt	158166	284.0	0.0
# chr7_GL383534v2_alt	119183	243.0	0.0
# chr7_KI270803v1_alt	1111570	1872.0	0.0
# chr7_KI270808v1_alt	271455	448.0	0.0
# chr7_KI270807v1_alt	126434	182.0	0.0
# chr7_KI270805v1_alt	209988	305.0	0.0
# chr8_KI270818v1_alt	145606	151.0	0.0
# chr8_KI270812v1_alt	282736	280.0	0.0
# chr8_KI270811v1_alt	292436	237.0	0.0
# chr8_KI270821v1_alt	985506	1123.0	0.0
# chr8_KI270813v1_alt	300230	470.0	0.0
# chr8_KI270822v1_alt	624492	626.0	0.0
# chr8_KI270814v1_alt	141812	214.0	0.0
# chr8_KI270810v1_alt	374415	426.0	0.0
# chr8_KI270819v1_alt	133535	273.0	0.0
# chr8_KI270820v1_alt	36640	30.0	0.0
# chr8_KI270817v1_alt	158983	221.0	0.0
# chr8_KI270816v1_alt	305841	529.0	0.0
# chr8_KI270815v1_alt	132244	153.0	0.0
# chr9_GL383539v1_alt	162988	94.0	0.0
# chr9_GL383540v1_alt	71551	44.0	0.0
# chr9_GL383541v1_alt	171286	110.0	0.0
# chr9_GL383542v1_alt	60032	50.0	0.0
# chr9_KI270823v1_alt	439082	296.0	0.0
# chr10_GL383545v1_alt	179254	182.0	0.0
# chr10_KI270824v1_alt	181496	308.0	0.0
# chr10_GL383546v1_alt	309802	613.0	0.0
# chr10_KI270825v1_alt	188315	434.0	0.0
# chr11_KI270832v1_alt	210133	365.0	0.0
# chr11_KI270830v1_alt	177092	155.0	0.0
# chr11_KI270831v1_alt	296895	484.0	0.0
# chr11_KI270829v1_alt	204059	166.0	0.0
# chr11_GL383547v1_alt	154407	85.0	0.0
# chr11_JH159136v1_alt	200998	89.0	0.0
# chr11_JH159137v1_alt	191409	124.0	0.0
# chr11_KI270827v1_alt	67707	93.0	0.0
# chr11_KI270826v1_alt	186169	190.0	0.0
# chr12_GL877875v1_alt	167313	373.0	0.0
# chr12_GL877876v1_alt	408271	235.0	0.0
# chr12_KI270837v1_alt	40090	24.0	0.0
# chr12_GL383549v1_alt	120804	203.0	0.0
# chr12_KI270835v1_alt	238139	320.0	0.0
# chr12_GL383550v2_alt	169178	198.0	0.0
# chr12_GL383552v1_alt	138655	96.0	0.0
# chr12_GL383553v2_alt	152874	128.0	0.0
# chr12_KI270834v1_alt	119498	130.0	0.0
# chr12_GL383551v1_alt	184319	103.0	0.0
# chr12_KI270833v1_alt	76061	64.0	0.0
# chr12_KI270836v1_alt	56134	75.0	0.0
# chr13_KI270840v1_alt	191684	250.0	0.0
# chr13_KI270839v1_alt	180306	131.0	0.0
# chr13_KI270843v1_alt	103832	39.0	0.0
# chr13_KI270841v1_alt	169134	48.0	0.0
# chr13_KI270838v1_alt	306913	220.0	0.0
# chr13_KI270842v1_alt	37287	40.0	0.0
# chr14_KI270844v1_alt	322166	230.0	0.0
# chr14_KI270847v1_alt	1511111	1235.0	0.0
# chr14_KI270845v1_alt	180703	161.0	0.0
# chr14_KI270846v1_alt	1351393	934.0	0.0
# chr15_KI270852v1_alt	478999	602.0	0.0
# chr15_KI270851v1_alt	263054	382.0	0.0
# chr15_KI270848v1_alt	327382	356.0	0.0
# chr15_GL383554v1_alt	296527	320.0	0.0
# chr15_KI270849v1_alt	244917	442.0	0.0
# chr15_GL383555v2_alt	388773	565.0	0.0
# chr15_KI270850v1_alt	430880	1010.0	0.0
# chr16_KI270854v1_alt	134193	204.0	0.0
# chr16_KI270856v1_alt	63982	132.0	0.0
# chr16_KI270855v1_alt	232857	495.0	0.0
# chr16_KI270853v1_alt	2659700	4443.0	0.0
# chr16_GL383556v1_alt	192462	251.0	0.0
# chr16_GL383557v1_alt	89672	150.0	0.0
# chr17_GL383563v3_alt	375691	328.0	0.0
# chr17_KI270862v1_alt	391357	362.0	0.0
# chr17_KI270861v1_alt	196688	247.0	0.0
# chr17_KI270857v1_alt	2877074	3881.0	0.0
# chr17_JH159146v1_alt	278131	236.0	0.0
# chr17_JH159147v1_alt	70345	36.0	0.0
# chr17_GL383564v2_alt	133151	96.0	0.0
# chr17_GL000258v2_alt	1821992	1839.0	0.0
# chr17_GL383565v1_alt	223995	136.0	0.0
# chr17_KI270858v1_alt	235827	118.0	0.0
# chr17_KI270859v1_alt	108763	120.0	0.0
# chr17_GL383566v1_alt	90219	141.0	0.0
# chr17_KI270860v1_alt	178921	210.0	0.0
# chr18_KI270864v1_alt	111737	33.0	0.0
# chr18_GL383567v1_alt	289831	275.0	0.0
# chr18_GL383570v1_alt	164789	65.0	0.0
# chr18_GL383571v1_alt	198278	87.0	0.0
# chr18_GL383568v1_alt	104552	66.0	0.0
# chr18_GL383569v1_alt	167950	54.0	0.0
# chr18_GL383572v1_alt	159547	74.0	0.0
# chr18_KI270863v1_alt	167999	143.0	0.0
# chr19_KI270868v1_alt	61734	121.0	0.0
# chr19_KI270865v1_alt	52969	83.0	0.0
# chr19_GL383573v1_alt	385657	269.0	0.0
# chr19_GL383575v2_alt	170222	206.0	0.0
# chr19_GL383576v1_alt	188024	112.0	0.0
# chr19_GL383574v1_alt	155864	335.0	0.0
# chr19_KI270866v1_alt	43156	116.0	0.0
# chr19_KI270867v1_alt	233762	251.0	0.0
# chr19_GL949746v1_alt	987716	399.0	0.0
# chr20_GL383577v2_alt	128386	119.0	0.0
# chr20_KI270869v1_alt	118774	144.0	0.0
# chr20_KI270871v1_alt	58661	45.0	0.0
# chr20_KI270870v1_alt	183433	276.0	0.0
# chr21_GL383578v2_alt	63917	156.0	0.0
# chr21_KI270874v1_alt	166743	119.0	0.0
# chr21_KI270873v1_alt	143900	190.0	0.0
# chr21_GL383579v2_alt	201197	314.0	0.0
# chr21_GL383580v2_alt	74653	144.0	0.0
# chr21_GL383581v2_alt	116689	286.0	0.0
# chr21_KI270872v1_alt	82692	185.0	0.0
# chr22_KI270875v1_alt	259914	1909.0	0.0
# chr22_KI270878v1_alt	186262	245.0	0.0
# chr22_KI270879v1_alt	304135	412.0	0.0
# chr22_KI270876v1_alt	263666	348.0	0.0
# chr22_KI270877v1_alt	101331	90.0	0.0
# chr22_GL383583v2_alt	96924	112.0	0.0
# chr22_GL383582v2_alt	162811	114.0	0.0
# chrX_KI270880v1_alt	284869	98.0	0.0
# chrX_KI270881v1_alt	144206	55.0	0.0
# chr19_KI270882v1_alt	248807	15.0	0.0
# chr19_KI270883v1_alt	170399	8.0	0.0
# chr19_KI270884v1_alt	157053	20.0	0.0
# chr19_KI270885v1_alt	171027	7.0	0.0
# chr19_KI270886v1_alt	204239	20.0	0.0
# chr19_KI270887v1_alt	209512	16.0	0.0
# chr19_KI270888v1_alt	155532	18.0	0.0
# chr19_KI270889v1_alt	170698	11.0	0.0
# chr19_KI270890v1_alt	184499	28.0	0.0
# chr19_KI270891v1_alt	170680	12.0	0.0
# chr1_KI270892v1_alt	162212	87.0	0.0
# chr2_KI270894v1_alt	214158	653.0	0.0
# chr2_KI270893v1_alt	161218	124.0	0.0
# chr3_KI270895v1_alt	162896	148.0	0.0
# chr4_KI270896v1_alt	378547	276.0	0.0
# chr5_KI270897v1_alt	1144418	1472.0	0.0
# chr5_KI270898v1_alt	130957	115.0	0.0
# chr6_GL000251v2_alt	4795265	3476.0	0.0
# chr7_KI270899v1_alt	190869	242.0	0.0
# chr8_KI270901v1_alt	136959	141.0	0.0
# chr8_KI270900v1_alt	318687	211.0	0.0
# chr11_KI270902v1_alt	106711	127.0	0.0
# chr11_KI270903v1_alt	214625	170.0	0.0
# chr12_KI270904v1_alt	572349	375.0	0.0
# chr15_KI270906v1_alt	196384	140.0	0.0
# chr15_KI270905v1_alt	5161414	5764.0	0.0
# chr17_KI270907v1_alt	137721	95.0	0.0
# chr17_KI270910v1_alt	157099	108.0	0.0
# chr17_KI270909v1_alt	325800	220.0	0.0
# chr17_JH159148v1_alt	88070	39.0	0.0
# chr17_KI270908v1_alt	1423190	2121.0	0.0
# chr18_KI270912v1_alt	174061	98.0	0.0
# chr18_KI270911v1_alt	157710	56.0	0.0
# chr19_GL949747v2_alt	729520	186.0	0.0
# chr22_KB663609v1_alt	74013	56.0	0.0
# chrX_KI270913v1_alt	274009	125.0	0.0
# chr19_KI270914v1_alt	205194	15.0	0.0
# chr19_KI270915v1_alt	170665	14.0	0.0
# chr19_KI270916v1_alt	184516	7.0	0.0
# chr19_KI270917v1_alt	190932	39.0	0.0
# chr19_KI270918v1_alt	123111	6.0	0.0
# chr19_KI270919v1_alt	170701	6.0	0.0
# chr19_KI270920v1_alt	198005	32.0	0.0
# chr19_KI270921v1_alt	282224	37.0	0.0
# chr19_KI270922v1_alt	187935	26.0	0.0
# chr19_KI270923v1_alt	189352	19.0	0.0
# chr3_KI270924v1_alt	166540	171.0	0.0
# chr4_KI270925v1_alt	555799	324.0	0.0
# chr6_GL000252v2_alt	4604811	2597.0	0.0
# chr8_KI270926v1_alt	229282	278.0	0.0
# chr11_KI270927v1_alt	218612	217.0	0.0
# chr19_GL949748v2_alt	1064304	148.0	0.0
# chr22_KI270928v1_alt	176103	150.0	0.0
# chr19_KI270929v1_alt	186203	31.0	0.0
# chr19_KI270930v1_alt	200773	8.0	0.0
# chr19_KI270931v1_alt	170148	11.0	0.0
# chr19_KI270932v1_alt	215732	19.0	0.0
# chr19_KI270933v1_alt	170537	16.0	0.0
# chr19_GL000209v2_alt	177381	4.0	0.0
# chr3_KI270934v1_alt	163458	168.0	0.0
# chr6_GL000253v2_alt	4677643	2254.0	0.0
# chr19_GL949749v2_alt	1091841	126.0	0.0
# chr3_KI270935v1_alt	197351	207.0	0.0
# chr6_GL000254v2_alt	4827813	2276.0	0.0
# chr19_GL949750v2_alt	1066390	157.0	0.0
# chr3_KI270936v1_alt	164170	136.0	0.0
# chr6_GL000255v2_alt	4606388	3244.0	0.0
# chr19_GL949751v2_alt	1002683	140.0	0.0
# chr3_KI270937v1_alt	165607	161.0	0.0
# chr6_GL000256v2_alt	4929269	2739.0	0.0
# chr19_GL949752v1_alt	987100	419.0	0.0
# chr6_KI270758v1_alt	76752	24.0	0.0
# chr19_GL949753v2_alt	796479	277.0	0.0
# chr19_KI270938v1_alt	1066800	482.0	0.0
# chrM	16569	789.0	0.0
# chrUn_KI270302v1	2274	0.0	0.0
# chrUn_KI270304v1	2165	10.0	0.0
# chrUn_KI270303v1	1942	10.0	0.0
# chrUn_KI270305v1	1472	4.0	0.0
# chrUn_KI270322v1	21476	10.0	0.0
# chrUn_KI270320v1	4416	21.0	0.0
# chrUn_KI270310v1	1201	10.0	0.0
# chrUn_KI270316v1	1444	2.0	0.0
# chrUn_KI270315v1	2276	3.0	0.0
# chrUn_KI270312v1	998	2.0	0.0
# chrUn_KI270311v1	12399	4.0	0.0
# chrUn_KI270317v1	37690	10.0	0.0
# chrUn_KI270412v1	1179	0.0	0.0
# chrUn_KI270411v1	2646	14.0	0.0
# chrUn_KI270414v1	2489	0.0	0.0
# chrUn_KI270419v1	1029	0.0	0.0
# chrUn_KI270418v1	2145	2.0	0.0
# chrUn_KI270420v1	2321	2.0	0.0
# chrUn_KI270424v1	2140	0.0	0.0
# chrUn_KI270417v1	2043	6.0	0.0
# chrUn_KI270422v1	1445	4.0	0.0
# chrUn_KI270423v1	981	4.0	0.0
# chrUn_KI270425v1	1884	2.0	0.0
# chrUn_KI270429v1	1361	1.0	0.0
# chrUn_KI270442v1	392061	1371.0	0.0
# chrUn_KI270466v1	1233	92.0	0.0
# chrUn_KI270465v1	1774	2.0	0.0
# chrUn_KI270467v1	3920	277.0	0.0
# chrUn_KI270435v1	92983	152.0	0.0
# chrUn_KI270438v1	112505	4877.0	0.0
# chrUn_KI270468v1	4055	7.0	0.0
# chrUn_KI270510v1	2415	10.0	0.0
# chrUn_KI270509v1	2318	4.0	0.0
# chrUn_KI270518v1	2186	6.0	0.0
# chrUn_KI270508v1	1951	6.0	0.0
# chrUn_KI270516v1	1300	9.0	0.0
# chrUn_KI270512v1	22689	24.0	0.0
# chrUn_KI270519v1	138126	292.0	0.0
# chrUn_KI270522v1	5674	8.0	0.0
# chrUn_KI270511v1	8127	19.0	0.0
# chrUn_KI270515v1	6361	24.0	0.0
# chrUn_KI270507v1	5353	26.0	0.0
# chrUn_KI270517v1	3253	10.0	0.0
# chrUn_KI270529v1	1899	0.0	0.0
# chrUn_KI270528v1	2983	7.0	0.0
# chrUn_KI270530v1	2168	4.0	0.0
# chrUn_KI270539v1	993	0.0	0.0
# chrUn_KI270538v1	91309	152.0	0.0
# chrUn_KI270544v1	1202	2.0	0.0
# chrUn_KI270548v1	1599	4.0	0.0
# chrUn_KI270583v1	1400	12.0	0.0
# chrUn_KI270587v1	2969	14.0	0.0
# chrUn_KI270580v1	1553	6.0	0.0
# chrUn_KI270581v1	7046	6.0	0.0
# chrUn_KI270579v1	31033	44.0	0.0
# chrUn_KI270589v1	44474	79.0	0.0
# chrUn_KI270590v1	4685	28.0	0.0
# chrUn_KI270584v1	4513	11.0	0.0
# chrUn_KI270582v1	6504	12.0	0.0
# chrUn_KI270588v1	6158	21.0	0.0
# chrUn_KI270593v1	3041	2.0	0.0
# chrUn_KI270591v1	5796	31.0	0.0
# chrUn_KI270330v1	1652	53.0	0.0
# chrUn_KI270329v1	1040	2.0	0.0
# chrUn_KI270334v1	1368	6.0	0.0
# chrUn_KI270333v1	2699	75.0	0.0
# chrUn_KI270335v1	1048	0.0	0.0
# chrUn_KI270338v1	1428	2.0	0.0
# chrUn_KI270340v1	1428	4.0	0.0
# chrUn_KI270336v1	1026	34.0	0.0
# chrUn_KI270337v1	1121	42.0	0.0
# chrUn_KI270363v1	1803	2.0	0.0
# chrUn_KI270364v1	2855	2.0	0.0
# chrUn_KI270362v1	3530	6.0	0.0
# chrUn_KI270366v1	8320	6.0	0.0
# chrUn_KI270378v1	1048	2.0	0.0
# chrUn_KI270379v1	1045	0.0	0.0
# chrUn_KI270389v1	1298	6.0	0.0
# chrUn_KI270390v1	2387	4.0	0.0
# chrUn_KI270387v1	1537	2.0	0.0
# chrUn_KI270395v1	1143	6.0	0.0
# chrUn_KI270396v1	1880	2.0	0.0
# chrUn_KI270388v1	1216	6.0	0.0
# chrUn_KI270394v1	970	2.0	0.0
# chrUn_KI270386v1	1788	10.0	0.0
# chrUn_KI270391v1	1484	6.0	0.0
# chrUn_KI270383v1	1750	2.0	0.0
# chrUn_KI270393v1	1308	8.0	0.0
# chrUn_KI270384v1	1658	2.0	0.0
# chrUn_KI270392v1	971	2.0	0.0
# chrUn_KI270381v1	1930	6.0	0.0
# chrUn_KI270385v1	990	3.0	0.0
# chrUn_KI270382v1	4215	6.0	0.0
# chrUn_KI270376v1	1136	0.0	0.0
# chrUn_KI270374v1	2656	2.0	0.0
# chrUn_KI270372v1	1650	0.0	0.0
# chrUn_KI270373v1	1451	0.0	0.0
# chrUn_KI270375v1	2378	0.0	0.0
# chrUn_KI270371v1	2805	0.0	0.0
# chrUn_KI270448v1	7992	18.0	0.0
# chrUn_KI270521v1	7642	14.0	0.0
# chrUn_GL000195v1	182896	987.0	0.0
# chrUn_GL000219v1	179198	1301.0	0.0
# chrUn_GL000220v1	161802	3997.0	0.0
# chrUn_GL000224v1	179693	2333.0	0.0
# chrUn_KI270741v1	157432	677.0	0.0
# chrUn_GL000226v1	15008	54.0	0.0
# chrUn_GL000213v1	164239	150.0	0.0
# chrUn_KI270743v1	210658	870.0	0.0
# chrUn_KI270744v1	168472	1605.0	0.0
# chrUn_KI270745v1	41891	141.0	0.0
# chrUn_KI270746v1	66486	220.0	0.0
# chrUn_KI270747v1	198735	267.0	0.0
# chrUn_KI270748v1	93321	209.0	0.0
# chrUn_KI270749v1	158759	219.0	0.0
# chrUn_KI270750v1	148850	278.0	0.0
# chrUn_KI270751v1	150742	945.0	0.0
# chrUn_KI270752v1	27745	0.0	0.0
# chrUn_KI270753v1	62944	90.0	0.0
# chrUn_KI270754v1	40191	364.0	0.0
# chrUn_KI270755v1	36723	18.0	0.0
# chrUn_KI270756v1	79590	156.0	0.0
# chrUn_KI270757v1	71251	206.0	0.0
# chrUn_GL000214v1	137718	1348.0	0.0
# chrUn_KI270742v1	186739	1946.0	0.0
# chrUn_GL000216v2	176608	1828.0	0.0
# chrUn_GL000218v1	161147	942.0	0.0
# chrX	156040895	187865.0	0.0
# chrY	57227415	7251.0	0.0
# chrY_KI270740v1_random	37240	0.0	0.0
# Total Genome Size: 3.209286105E9	Total Aligned Tags: 6496240.0
# bwa	# 0.7.17-r1188
# bwa mem -t 8 -v 1 /storage/group/bfp2/default/00_pughlab/tool_data/hg38/bwa_mem_index/hg38/hg38.fa /storage/group/bfp2/default/00_pughlab/pulsar/files/staging/796543/inputs/459-28394_S68_R1_001.fastq.gz /storage/group/bfp2/default/00_pughlab/pulsar/files/staging/796543/inputs/459-28394_S68_R2_001.fastq.gz
# MarkDuplicates	# 2.18.2-SNAPSHOT
# MarkDuplicates TAGGING_POLICY=All INPUT=[Map_with_BWA-MEM_on_data_4_and_data_3__mapped_reads_in_BAM_format_] OUTPUT=/storage/group/bfp2/default/00_pughlab/pulsar/files/staging/796547/outputs/dataset_fada0704-fbf8-4b06-9c44-4727d210bbb0.dat METRICS_FILE=/storage/group/bfp2/default/00_pughlab/pulsar/files/staging/796547/outputs/dataset_db57151e-224d-4066-a6ba-f6ec2f28a67d.dat REMOVE_DUPLICATES=false ASSUME_SORTED=true DUPLICATE_SCORING_STRATEGY=SUM_OF_BASE_QUALITIES READ_NAME_REGEX=[a-zA-Z0-9]+:[0-9]:([0-9]+):([0-9]+):([0-9]+).*. OPTICAL_DUPLICATE_PIXEL_DISTANCE=100 VERBOSITY=ERROR QUIET=true VALIDATION_STRINGENCY=LENIENT    MAX_SEQUENCES_FOR_DISK_READ_ENDS_MAP=50000 MAX_FILE_HANDLES_FOR_READ_ENDS_MAP=8000 SORTING_COLLECTION_SIZE_RATIO=0.25 TAG_DUPLICATE_SET_MEMBERS=false REMOVE_SEQUENCING_DUPLICATES=false CLEAR_DT=true ADD_PG_TAG_TO_READS=true PROGRAM_RECORD_ID=MarkDuplicates PROGRAM_GROUP_NAME=MarkDuplicates MAX_OPTICAL_DUPLICATE_SET_SIZE=300000 COMPRESSION_LEVEL=5 MAX_RECORDS_IN_RAM=500000 CREATE_INDEX=false CREATE_MD5_FILE=false GA4GH_CLIENT_SECRETS=client_secrets.json USE_JDK_DEFLATER=false USE_JDK_INFLATER=false
# Average Insert Size: 91.63260370416519
# Median Insert Size: 89.0
# Mode Insert Size: 80.0
# Std deviation of Insert Size: 29.196834227236707
# Number of ReadPairs: 3194134.0
# Histogram
# Size (bp)	Frequency
0	0.0
1	0.0
2	13.0
3	21.0
4	21.0
5	25.0
6	21.0
7	20.0
8	18.0
9	16.0
10	23.0
11	30.0
12	30.0
13	24.0
14	32.0
15	38.0
16	32.0
17	29.0
18	30.0
19	89.0
20	74.0
21	73.0
22	48.0
23	65.0
24	93.0
25	110.0
26	105.0
27	223.0
28	529.0
29	1116.0
30	1329.0
31	796.0
32	440.0
33	391.0
34	431.0
35	581.0
36	1211.0
37	3449.0
38	9472.0
39	17289.0
40	16863.0
41	9284.0
42	2773.0
43	1257.0
44	1250.0
45	1584.0
46	2684.0
47	6207.0
48	20487.0
49	47654.0
50	58470.0
51	31103.0
52	7639.0
53	2876.0
54	2662.0
55	3311.0
56	5713.0
57	13798.0
58	36926.0
59	70431.0
60	79624.0
61	51966.0
62	18787.0
63	6273.0
64	4680.0
65	4631.0
66	6137.0
67	11843.0
68	37393.0
69	91084.0
70	123688.0
71	85698.0
72	32172.0
73	9939.0
74	6745.0
75	6655.0
76	8496.0
77	18300.0
78	48249.0
79	97775.0
80	130079.0
81	108903.0
82	57108.0
83	21479.0
84	10197.0
85	7856.0
86	8687.0
87	15327.0
88	37551.0
89	77767.0
90	108757.0
91	102889.0
92	63699.0
93	28374.0
94	13320.0
95	9800.0
96	12072.0
97	21271.0
98	40310.0
99	63802.0
100	76602.0
101	70071.0
102	49051.0
103	28200.0
104	15668.0
105	10858.0
106	10806.0
107	14945.0
108	25595.0
109	41117.0
110	52997.0
111	51948.0
112	38404.0
113	22553.0
114	13614.0
115	10557.0
116	10216.0
117	12901.0
118	18410.0
119	25501.0
120	30857.0
121	32200.0
122	26944.0
123	19824.0
124	13212.0
125	9751.0
126	9084.0
127	10172.0
128	12885.0
129	16692.0
130	19275.0
131	19390.0
132	17419.0
133	14593.0
134	11078.0
135	8751.0
136	8293.0
137	8789.0
138	9835.0
139	11120.0
140	11553.0
141	11043.0
142	9866.0
143	8671.0
144	7700.0
145	6828.0
146	6266.0
147	6237.0
148	6488.0
149	6574.0
150	6682.0
151	6410.0
152	5887.0
153	5314.0
154	4850.0
155	4488.0
156	4505.0
157	4414.0
158	4260.0
159	4203.0
160	4072.0
161	3699.0
162	3291.0
163	3069.0
164	2962.0
165	2777.0
166	2792.0
167	2897.0
168	2739.0
169	2829.0
170	2484.0
171	2367.0
172	2099.0
173	1961.0
174	1790.0
175	1742.0
176	1717.0
177	1780.0
178	1793.0
179	1865.0
180	1753.0
181	1549.0
182	1314.0
183	1218.0
184	1130.0
185	1076.0
186	1108.0
187	1101.0
188	1127.0
189	1124.0
190	1112.0
191	1020.0
192	867.0
193	821.0
194	654.0
195	652.0
196	667.0
197	660.0
198	734.0
199	754.0
200	759.0
201	631.0
202	588.0
203	530.0
204	436.0
205	412.0
206	408.0
207	428.0
208	446.0
209	476.0
210	503.0
211	465.0
212	390.0
213	350.0
214	324.0
215	308.0
216	316.0
217	265.0
218	301.0
219	348.0
220	383.0
221	448.0
222	344.0
223	0.0
224	0.0
225	0.0
226	0.0
227	0.0
228	0.0
229	0.0
230	0.0
231	0.0
232	0.0
233	0.0
234	0.0
235	0.0
236	0.0
237	0.0
238	0.0
239	0.0
240	0.0
241	0.0
242	0.0
243	0.0
244	0.0
245	0.0
246	0.0
247	0.0
248	0.0
249	0.0
250	0.0
251	0.0
252	0.0
253	0.0
254	0.0
255	0.0
256	0.0
257	0.0
258	0.0
259	0.0
260	0.0
261	0.0
262	0.0
263	0.0
264	0.0
265	0.0
266	0.0
267	0.0
268	0.0
269	0.0
270	0.0
271	0.0
272	0.0
273	0.0
274	0.0
275	0.0
276	0.0
277	0.0
278	0.0
279	0.0
280	0.0
281	0.0
282	0.0
283	0.0
284	0.0
285	0.0
286	0.0
287	0.0
288	0.0
289	0.0
290	0.0
291	0.0
292	0.0
293	0.0
294	0.0
295	0.0
296	0.0
297	0.0
298	0.0
299	0.0
300	0.0
301	0.0
302	0.0
303	0.0
304	0.0
305	0.0
306	0.0
307	0.0
308	0.0
309	0.0
310	0.0
311	0.0
312	0.0
313	0.0
314	0.0
315	0.0
316	0.0
317	0.0
318	0.0
319	0.0
320	0.0
321	0.0
322	0.0
323	0.0
324	0.0
325	0.0
326	0.0
327	0.0
328	0.0
329	0.0
330	0.0
331	0.0
332	0.0
333	0.0
334	0.0
335	0.0
336	0.0
337	0.0
338	0.0
339	0.0
340	0.0
