# 2024-10-30 16:05:48.262
# BNase-seq_50U-3min_2_hg38.bam
# Chromosome_ID	Chromosome_Size	Aligned_Reads	Unaligned_Reads
# chr1	248956422	1053650.0	0.0
# chr10	133797422	418020.0	0.0
# chr11	135086622	428013.0	0.0
# chr11_KI270721v1_random	100316	263.0	0.0
# chr12	133275309	416219.0	0.0
# chr13	114364328	189439.0	0.0
# chr14	107043718	197749.0	0.0
# chr14_GL000009v2_random	201709	1400.0	0.0
# chr14_GL000225v1_random	211173	3563.0	0.0
# chr14_KI270722v1_random	194050	427.0	0.0
# chr14_GL000194v1_random	191469	1450.0	0.0
# chr14_KI270723v1_random	38115	110.0	0.0
# chr14_KI270724v1_random	39555	138.0	0.0
# chr14_KI270725v1_random	172810	266.0	0.0
# chr14_KI270726v1_random	43739	43.0	0.0
# chr15	101991189	290525.0	0.0
# chr15_KI270727v1_random	448248	598.0	0.0
# chr16	90338345	304594.0	0.0
# chr16_KI270728v1_random	1872759	3046.0	0.0
# chr17	83257441	298686.0	0.0
# chr17_GL000205v2_random	185591	2376.0	0.0
# chr17_KI270729v1_random	280839	904.0	0.0
# chr17_KI270730v1_random	112551	259.0	0.0
# chr18	80373285	195326.0	0.0
# chr19	58617616	240506.0	0.0
# chr1_KI270706v1_random	175055	1474.0	0.0
# chr1_KI270707v1_random	32032	147.0	0.0
# chr1_KI270708v1_random	127682	258.0	0.0
# chr1_KI270709v1_random	66860	2944.0	0.0
# chr1_KI270710v1_random	40176	85.0	0.0
# chr1_KI270711v1_random	42210	797.0	0.0
# chr1_KI270712v1_random	176043	500.0	0.0
# chr1_KI270713v1_random	40745	706.0	0.0
# chr1_KI270714v1_random	41717	386.0	0.0
# chr2	242193529	730465.0	0.0
# chr20	64444167	200286.0	0.0
# chr21	46709983	148291.0	0.0
# chr22	50818468	197985.0	0.0
# chr22_KI270731v1_random	150754	810.0	0.0
# chr22_KI270732v1_random	41543	124.0	0.0
# chr22_KI270733v1_random	179772	2996.0	0.0
# chr22_KI270734v1_random	165050	828.0	0.0
# chr22_KI270735v1_random	42811	139.0	0.0
# chr22_KI270736v1_random	181920	507.0	0.0
# chr22_KI270737v1_random	103838	559.0	0.0
# chr22_KI270738v1_random	99375	630.0	0.0
# chr22_KI270739v1_random	73985	69.0	0.0
# chr2_KI270715v1_random	161471	228.0	0.0
# chr2_KI270716v1_random	153799	308.0	0.0
# chr3	198295559	559377.0	0.0
# chr3_GL000221v1_random	155397	1442.0	0.0
# chr4	190214555	457437.0	0.0
# chr4_GL000008v2_random	209709	1167.0	0.0
# chr5	181538259	523664.0	0.0
# chr5_GL000208v1_random	92689	136.0	0.0
# chr6	170805979	595524.0	0.0
# chr7	159345973	622408.0	0.0
# chr8	145138636	393187.0	0.0
# chr9	138394717	330915.0	0.0
# chr9_KI270717v1_random	40062	72.0	0.0
# chr9_KI270718v1_random	38054	130.0	0.0
# chr9_KI270719v1_random	176845	566.0	0.0
# chr9_KI270720v1_random	39050	167.0	0.0
# chr1_KI270762v1_alt	354444	863.0	0.0
# chr1_KI270766v1_alt	256271	563.0	0.0
# chr1_KI270760v1_alt	109528	219.0	0.0
# chr1_KI270765v1_alt	185285	613.0	0.0
# chr1_GL383518v1_alt	182439	395.0	0.0
# chr1_GL383519v1_alt	110268	461.0	0.0
# chr1_GL383520v2_alt	366580	725.0	0.0
# chr1_KI270764v1_alt	50258	88.0	0.0
# chr1_KI270763v1_alt	911658	2034.0	0.0
# chr1_KI270759v1_alt	425601	888.0	0.0
# chr1_KI270761v1_alt	165834	107.0	0.0
# chr2_KI270770v1_alt	136240	275.0	0.0
# chr2_KI270773v1_alt	70887	70.0	0.0
# chr2_KI270774v1_alt	223625	226.0	0.0
# chr2_KI270769v1_alt	120616	238.0	0.0
# chr2_GL383521v1_alt	143390	113.0	0.0
# chr2_KI270772v1_alt	133041	606.0	0.0
# chr2_KI270775v1_alt	138019	78.0	0.0
# chr2_KI270771v1_alt	110395	63.0	0.0
# chr2_KI270768v1_alt	110099	164.0	0.0
# chr2_GL582966v2_alt	96131	207.0	0.0
# chr2_GL383522v1_alt	123821	589.0	0.0
# chr2_KI270776v1_alt	174166	377.0	0.0
# chr2_KI270767v1_alt	161578	168.0	0.0
# chr3_JH636055v2_alt	173151	343.0	0.0
# chr3_KI270783v1_alt	109187	343.0	0.0
# chr3_KI270780v1_alt	224108	240.0	0.0
# chr3_GL383526v1_alt	180671	311.0	0.0
# chr3_KI270777v1_alt	173649	222.0	0.0
# chr3_KI270778v1_alt	248252	135.0	0.0
# chr3_KI270781v1_alt	113034	191.0	0.0
# chr3_KI270779v1_alt	205312	327.0	0.0
# chr3_KI270782v1_alt	162429	493.0	0.0
# chr3_KI270784v1_alt	184404	799.0	0.0
# chr4_KI270790v1_alt	220246	109.0	0.0
# chr4_GL383528v1_alt	376187	183.0	0.0
# chr4_KI270787v1_alt	111943	391.0	0.0
# chr4_GL000257v2_alt	586476	851.0	0.0
# chr4_KI270788v1_alt	158965	61.0	0.0
# chr4_GL383527v1_alt	164536	118.0	0.0
# chr4_KI270785v1_alt	119912	170.0	0.0
# chr4_KI270789v1_alt	205944	140.0	0.0
# chr4_KI270786v1_alt	244096	154.0	0.0
# chr5_KI270793v1_alt	126136	316.0	0.0
# chr5_KI270792v1_alt	179043	563.0	0.0
# chr5_KI270791v1_alt	195710	422.0	0.0
# chr5_GL383532v1_alt	82728	101.0	0.0
# chr5_GL949742v1_alt	226852	254.0	0.0
# chr5_KI270794v1_alt	164558	214.0	0.0
# chr5_GL339449v2_alt	1612928	3209.0	0.0
# chr5_GL383530v1_alt	101241	133.0	0.0
# chr5_KI270796v1_alt	172708	90.0	0.0
# chr5_GL383531v1_alt	173459	107.0	0.0
# chr5_KI270795v1_alt	131892	220.0	0.0
# chr6_GL000250v2_alt	4672374	2086.0	0.0
# chr6_KI270800v1_alt	175808	57.0	0.0
# chr6_KI270799v1_alt	152148	237.0	0.0
# chr6_GL383533v1_alt	124736	173.0	0.0
# chr6_KI270801v1_alt	870480	504.0	0.0
# chr6_KI270802v1_alt	75005	135.0	0.0
# chr6_KB021644v2_alt	185823	223.0	0.0
# chr6_KI270797v1_alt	197536	434.0	0.0
# chr6_KI270798v1_alt	271782	665.0	0.0
# chr7_KI270804v1_alt	157952	236.0	0.0
# chr7_KI270809v1_alt	209586	706.0	0.0
# chr7_KI270806v1_alt	158166	472.0	0.0
# chr7_GL383534v2_alt	119183	327.0	0.0
# chr7_KI270803v1_alt	1111570	2362.0	0.0
# chr7_KI270808v1_alt	271455	618.0	0.0
# chr7_KI270807v1_alt	126434	273.0	0.0
# chr7_KI270805v1_alt	209988	395.0	0.0
# chr8_KI270818v1_alt	145606	219.0	0.0
# chr8_KI270812v1_alt	282736	366.0	0.0
# chr8_KI270811v1_alt	292436	286.0	0.0
# chr8_KI270821v1_alt	985506	1604.0	0.0
# chr8_KI270813v1_alt	300230	655.0	0.0
# chr8_KI270822v1_alt	624492	827.0	0.0
# chr8_KI270814v1_alt	141812	254.0	0.0
# chr8_KI270810v1_alt	374415	617.0	0.0
# chr8_KI270819v1_alt	133535	478.0	0.0
# chr8_KI270820v1_alt	36640	55.0	0.0
# chr8_KI270817v1_alt	158983	311.0	0.0
# chr8_KI270816v1_alt	305841	798.0	0.0
# chr8_KI270815v1_alt	132244	236.0	0.0
# chr9_GL383539v1_alt	162988	100.0	0.0
# chr9_GL383540v1_alt	71551	79.0	0.0
# chr9_GL383541v1_alt	171286	172.0	0.0
# chr9_GL383542v1_alt	60032	66.0	0.0
# chr9_KI270823v1_alt	439082	460.0	0.0
# chr10_GL383545v1_alt	179254	238.0	0.0
# chr10_KI270824v1_alt	181496	339.0	0.0
# chr10_GL383546v1_alt	309802	951.0	0.0
# chr10_KI270825v1_alt	188315	578.0	0.0
# chr11_KI270832v1_alt	210133	558.0	0.0
# chr11_KI270830v1_alt	177092	308.0	0.0
# chr11_KI270831v1_alt	296895	769.0	0.0
# chr11_KI270829v1_alt	204059	220.0	0.0
# chr11_GL383547v1_alt	154407	58.0	0.0
# chr11_JH159136v1_alt	200998	130.0	0.0
# chr11_JH159137v1_alt	191409	146.0	0.0
# chr11_KI270827v1_alt	67707	124.0	0.0
# chr11_KI270826v1_alt	186169	280.0	0.0
# chr12_GL877875v1_alt	167313	785.0	0.0
# chr12_GL877876v1_alt	408271	326.0	0.0
# chr12_KI270837v1_alt	40090	10.0	0.0
# chr12_GL383549v1_alt	120804	296.0	0.0
# chr12_KI270835v1_alt	238139	469.0	0.0
# chr12_GL383550v2_alt	169178	285.0	0.0
# chr12_GL383552v1_alt	138655	98.0	0.0
# chr12_GL383553v2_alt	152874	145.0	0.0
# chr12_KI270834v1_alt	119498	236.0	0.0
# chr12_GL383551v1_alt	184319	126.0	0.0
# chr12_KI270833v1_alt	76061	81.0	0.0
# chr12_KI270836v1_alt	56134	91.0	0.0
# chr13_KI270840v1_alt	191684	309.0	0.0
# chr13_KI270839v1_alt	180306	127.0	0.0
# chr13_KI270843v1_alt	103832	32.0	0.0
# chr13_KI270841v1_alt	169134	65.0	0.0
# chr13_KI270838v1_alt	306913	275.0	0.0
# chr13_KI270842v1_alt	37287	42.0	0.0
# chr14_KI270844v1_alt	322166	399.0	0.0
# chr14_KI270847v1_alt	1511111	1834.0	0.0
# chr14_KI270845v1_alt	180703	246.0	0.0
# chr14_KI270846v1_alt	1351393	1180.0	0.0
# chr15_KI270852v1_alt	478999	719.0	0.0
# chr15_KI270851v1_alt	263054	627.0	0.0
# chr15_KI270848v1_alt	327382	493.0	0.0
# chr15_GL383554v1_alt	296527	545.0	0.0
# chr15_KI270849v1_alt	244917	705.0	0.0
# chr15_GL383555v2_alt	388773	822.0	0.0
# chr15_KI270850v1_alt	430880	1595.0	0.0
# chr16_KI270854v1_alt	134193	398.0	0.0
# chr16_KI270856v1_alt	63982	214.0	0.0
# chr16_KI270855v1_alt	232857	688.0	0.0
# chr16_KI270853v1_alt	2659700	6960.0	0.0
# chr16_GL383556v1_alt	192462	276.0	0.0
# chr16_GL383557v1_alt	89672	321.0	0.0
# chr17_GL383563v3_alt	375691	483.0	0.0
# chr17_KI270862v1_alt	391357	502.0	0.0
# chr17_KI270861v1_alt	196688	410.0	0.0
# chr17_KI270857v1_alt	2877074	5891.0	0.0
# chr17_JH159146v1_alt	278131	335.0	0.0
# chr17_JH159147v1_alt	70345	78.0	0.0
# chr17_GL383564v2_alt	133151	209.0	0.0
# chr17_GL000258v2_alt	1821992	2908.0	0.0
# chr17_GL383565v1_alt	223995	154.0	0.0
# chr17_KI270858v1_alt	235827	104.0	0.0
# chr17_KI270859v1_alt	108763	203.0	0.0
# chr17_GL383566v1_alt	90219	209.0	0.0
# chr17_KI270860v1_alt	178921	322.0	0.0
# chr18_KI270864v1_alt	111737	27.0	0.0
# chr18_GL383567v1_alt	289831	383.0	0.0
# chr18_GL383570v1_alt	164789	89.0	0.0
# chr18_GL383571v1_alt	198278	88.0	0.0
# chr18_GL383568v1_alt	104552	54.0	0.0
# chr18_GL383569v1_alt	167950	96.0	0.0
# chr18_GL383572v1_alt	159547	84.0	0.0
# chr18_KI270863v1_alt	167999	204.0	0.0
# chr19_KI270868v1_alt	61734	164.0	0.0
# chr19_KI270865v1_alt	52969	133.0	0.0
# chr19_GL383573v1_alt	385657	359.0	0.0
# chr19_GL383575v2_alt	170222	233.0	0.0
# chr19_GL383576v1_alt	188024	130.0	0.0
# chr19_GL383574v1_alt	155864	542.0	0.0
# chr19_KI270866v1_alt	43156	178.0	0.0
# chr19_KI270867v1_alt	233762	307.0	0.0
# chr19_GL949746v1_alt	987716	583.0	0.0
# chr20_GL383577v2_alt	128386	146.0	0.0
# chr20_KI270869v1_alt	118774	203.0	0.0
# chr20_KI270871v1_alt	58661	111.0	0.0
# chr20_KI270870v1_alt	183433	411.0	0.0
# chr21_GL383578v2_alt	63917	208.0	0.0
# chr21_KI270874v1_alt	166743	103.0	0.0
# chr21_KI270873v1_alt	143900	251.0	0.0
# chr21_GL383579v2_alt	201197	417.0	0.0
# chr21_GL383580v2_alt	74653	181.0	0.0
# chr21_GL383581v2_alt	116689	447.0	0.0
# chr21_KI270872v1_alt	82692	346.0	0.0
# chr22_KI270875v1_alt	259914	2675.0	0.0
# chr22_KI270878v1_alt	186262	397.0	0.0
# chr22_KI270879v1_alt	304135	717.0	0.0
# chr22_KI270876v1_alt	263666	531.0	0.0
# chr22_KI270877v1_alt	101331	92.0	0.0
# chr22_GL383583v2_alt	96924	173.0	0.0
# chr22_GL383582v2_alt	162811	209.0	0.0
# chrX_KI270880v1_alt	284869	132.0	0.0
# chrX_KI270881v1_alt	144206	80.0	0.0
# chr19_KI270882v1_alt	248807	14.0	0.0
# chr19_KI270883v1_alt	170399	32.0	0.0
# chr19_KI270884v1_alt	157053	8.0	0.0
# chr19_KI270885v1_alt	171027	19.0	0.0
# chr19_KI270886v1_alt	204239	20.0	0.0
# chr19_KI270887v1_alt	209512	15.0	0.0
# chr19_KI270888v1_alt	155532	12.0	0.0
# chr19_KI270889v1_alt	170698	24.0	0.0
# chr19_KI270890v1_alt	184499	14.0	0.0
# chr19_KI270891v1_alt	170680	13.0	0.0
# chr1_KI270892v1_alt	162212	101.0	0.0
# chr2_KI270894v1_alt	214158	740.0	0.0
# chr2_KI270893v1_alt	161218	176.0	0.0
# chr3_KI270895v1_alt	162896	257.0	0.0
# chr4_KI270896v1_alt	378547	403.0	0.0
# chr5_KI270897v1_alt	1144418	2320.0	0.0
# chr5_KI270898v1_alt	130957	147.0	0.0
# chr6_GL000251v2_alt	4795265	5666.0	0.0
# chr7_KI270899v1_alt	190869	470.0	0.0
# chr8_KI270901v1_alt	136959	185.0	0.0
# chr8_KI270900v1_alt	318687	244.0	0.0
# chr11_KI270902v1_alt	106711	161.0	0.0
# chr11_KI270903v1_alt	214625	314.0	0.0
# chr12_KI270904v1_alt	572349	599.0	0.0
# chr15_KI270906v1_alt	196384	209.0	0.0
# chr15_KI270905v1_alt	5161414	8300.0	0.0
# chr17_KI270907v1_alt	137721	94.0	0.0
# chr17_KI270910v1_alt	157099	160.0	0.0
# chr17_KI270909v1_alt	325800	412.0	0.0
# chr17_JH159148v1_alt	88070	57.0	0.0
# chr17_KI270908v1_alt	1423190	3305.0	0.0
# chr18_KI270912v1_alt	174061	86.0	0.0
# chr18_KI270911v1_alt	157710	122.0	0.0
# chr19_GL949747v2_alt	729520	307.0	0.0
# chr22_KB663609v1_alt	74013	64.0	0.0
# chrX_KI270913v1_alt	274009	92.0	0.0
# chr19_KI270914v1_alt	205194	4.0	0.0
# chr19_KI270915v1_alt	170665	10.0	0.0
# chr19_KI270916v1_alt	184516	15.0	0.0
# chr19_KI270917v1_alt	190932	51.0	0.0
# chr19_KI270918v1_alt	123111	18.0	0.0
# chr19_KI270919v1_alt	170701	22.0	0.0
# chr19_KI270920v1_alt	198005	29.0	0.0
# chr19_KI270921v1_alt	282224	51.0	0.0
# chr19_KI270922v1_alt	187935	34.0	0.0
# chr19_KI270923v1_alt	189352	35.0	0.0
# chr3_KI270924v1_alt	166540	258.0	0.0
# chr4_KI270925v1_alt	555799	374.0	0.0
# chr6_GL000252v2_alt	4604811	3978.0	0.0
# chr8_KI270926v1_alt	229282	431.0	0.0
# chr11_KI270927v1_alt	218612	370.0	0.0
# chr19_GL949748v2_alt	1064304	212.0	0.0
# chr22_KI270928v1_alt	176103	188.0	0.0
# chr19_KI270929v1_alt	186203	36.0	0.0
# chr19_KI270930v1_alt	200773	8.0	0.0
# chr19_KI270931v1_alt	170148	16.0	0.0
# chr19_KI270932v1_alt	215732	26.0	0.0
# chr19_KI270933v1_alt	170537	28.0	0.0
# chr19_GL000209v2_alt	177381	18.0	0.0
# chr3_KI270934v1_alt	163458	246.0	0.0
# chr6_GL000253v2_alt	4677643	3721.0	0.0
# chr19_GL949749v2_alt	1091841	187.0	0.0
# chr3_KI270935v1_alt	197351	280.0	0.0
# chr6_GL000254v2_alt	4827813	3937.0	0.0
# chr19_GL949750v2_alt	1066390	232.0	0.0
# chr3_KI270936v1_alt	164170	189.0	0.0
# chr6_GL000255v2_alt	4606388	5362.0	0.0
# chr19_GL949751v2_alt	1002683	204.0	0.0
# chr3_KI270937v1_alt	165607	270.0	0.0
# chr6_GL000256v2_alt	4929269	4512.0	0.0
# chr19_GL949752v1_alt	987100	655.0	0.0
# chr6_KI270758v1_alt	76752	33.0	0.0
# chr19_GL949753v2_alt	796479	419.0	0.0
# chr19_KI270938v1_alt	1066800	659.0	0.0
# chrM	16569	143665.0	0.0
# chrUn_KI270302v1	2274	3.0	0.0
# chrUn_KI270304v1	2165	2.0	0.0
# chrUn_KI270303v1	1942	4.0	0.0
# chrUn_KI270305v1	1472	0.0	0.0
# chrUn_KI270322v1	21476	11.0	0.0
# chrUn_KI270320v1	4416	24.0	0.0
# chrUn_KI270310v1	1201	8.0	0.0
# chrUn_KI270316v1	1444	2.0	0.0
# chrUn_KI270315v1	2276	10.0	0.0
# chrUn_KI270312v1	998	2.0	0.0
# chrUn_KI270311v1	12399	14.0	0.0
# chrUn_KI270317v1	37690	12.0	0.0
# chrUn_KI270412v1	1179	4.0	0.0
# chrUn_KI270411v1	2646	10.0	0.0
# chrUn_KI270414v1	2489	0.0	0.0
# chrUn_KI270419v1	1029	0.0	0.0
# chrUn_KI270418v1	2145	0.0	0.0
# chrUn_KI270420v1	2321	2.0	0.0
# chrUn_KI270424v1	2140	2.0	0.0
# chrUn_KI270417v1	2043	6.0	0.0
# chrUn_KI270422v1	1445	4.0	0.0
# chrUn_KI270423v1	981	4.0	0.0
# chrUn_KI270425v1	1884	0.0	0.0
# chrUn_KI270429v1	1361	2.0	0.0
# chrUn_KI270442v1	392061	1348.0	0.0
# chrUn_KI270466v1	1233	282.0	0.0
# chrUn_KI270465v1	1774	6.0	0.0
# chrUn_KI270467v1	3920	1072.0	0.0
# chrUn_KI270435v1	92983	133.0	0.0
# chrUn_KI270438v1	112505	4359.0	0.0
# chrUn_KI270468v1	4055	8.0	0.0
# chrUn_KI270510v1	2415	0.0	0.0
# chrUn_KI270509v1	2318	8.0	0.0
# chrUn_KI270518v1	2186	4.0	0.0
# chrUn_KI270508v1	1951	4.0	0.0
# chrUn_KI270516v1	1300	2.0	0.0
# chrUn_KI270512v1	22689	36.0	0.0
# chrUn_KI270519v1	138126	207.0	0.0
# chrUn_KI270522v1	5674	6.0	0.0
# chrUn_KI270511v1	8127	14.0	0.0
# chrUn_KI270515v1	6361	14.0	0.0
# chrUn_KI270507v1	5353	17.0	0.0
# chrUn_KI270517v1	3253	6.0	0.0
# chrUn_KI270529v1	1899	0.0	0.0
# chrUn_KI270528v1	2983	5.0	0.0
# chrUn_KI270530v1	2168	6.0	0.0
# chrUn_KI270539v1	993	0.0	0.0
# chrUn_KI270538v1	91309	150.0	0.0
# chrUn_KI270544v1	1202	2.0	0.0
# chrUn_KI270548v1	1599	4.0	0.0
# chrUn_KI270583v1	1400	10.0	0.0
# chrUn_KI270587v1	2969	9.0	0.0
# chrUn_KI270580v1	1553	2.0	0.0
# chrUn_KI270581v1	7046	16.0	0.0
# chrUn_KI270579v1	31033	51.0	0.0
# chrUn_KI270589v1	44474	66.0	0.0
# chrUn_KI270590v1	4685	27.0	0.0
# chrUn_KI270584v1	4513	6.0	0.0
# chrUn_KI270582v1	6504	6.0	0.0
# chrUn_KI270588v1	6158	6.0	0.0
# chrUn_KI270593v1	3041	4.0	0.0
# chrUn_KI270591v1	5796	25.0	0.0
# chrUn_KI270330v1	1652	72.0	0.0
# chrUn_KI270329v1	1040	0.0	0.0
# chrUn_KI270334v1	1368	0.0	0.0
# chrUn_KI270333v1	2699	271.0	0.0
# chrUn_KI270335v1	1048	4.0	0.0
# chrUn_KI270338v1	1428	4.0	0.0
# chrUn_KI270340v1	1428	2.0	0.0
# chrUn_KI270336v1	1026	68.0	0.0
# chrUn_KI270337v1	1121	149.0	0.0
# chrUn_KI270363v1	1803	0.0	0.0
# chrUn_KI270364v1	2855	2.0	0.0
# chrUn_KI270362v1	3530	6.0	0.0
# chrUn_KI270366v1	8320	10.0	0.0
# chrUn_KI270378v1	1048	0.0	0.0
# chrUn_KI270379v1	1045	0.0	0.0
# chrUn_KI270389v1	1298	4.0	0.0
# chrUn_KI270390v1	2387	4.0	0.0
# chrUn_KI270387v1	1537	2.0	0.0
# chrUn_KI270395v1	1143	0.0	0.0
# chrUn_KI270396v1	1880	4.0	0.0
# chrUn_KI270388v1	1216	0.0	0.0
# chrUn_KI270394v1	970	0.0	0.0
# chrUn_KI270386v1	1788	4.0	0.0
# chrUn_KI270391v1	1484	6.0	0.0
# chrUn_KI270383v1	1750	2.0	0.0
# chrUn_KI270393v1	1308	2.0	0.0
# chrUn_KI270384v1	1658	4.0	0.0
# chrUn_KI270392v1	971	4.0	0.0
# chrUn_KI270381v1	1930	2.0	0.0
# chrUn_KI270385v1	990	6.0	0.0
# chrUn_KI270382v1	4215	4.0	0.0
# chrUn_KI270376v1	1136	0.0	0.0
# chrUn_KI270374v1	2656	1.0	0.0
# chrUn_KI270372v1	1650	0.0	0.0
# chrUn_KI270373v1	1451	2.0	0.0
# chrUn_KI270375v1	2378	2.0	0.0
# chrUn_KI270371v1	2805	0.0	0.0
# chrUn_KI270448v1	7992	16.0	0.0
# chrUn_KI270521v1	7642	12.0	0.0
# chrUn_GL000195v1	182896	1424.0	0.0
# chrUn_GL000219v1	179198	1649.0	0.0
# chrUn_GL000220v1	161802	3850.0	0.0
# chrUn_GL000224v1	179693	2414.0	0.0
# chrUn_KI270741v1	157432	685.0	0.0
# chrUn_GL000226v1	15008	80.0	0.0
# chrUn_GL000213v1	164239	135.0	0.0
# chrUn_KI270743v1	210658	972.0	0.0
# chrUn_KI270744v1	168472	2133.0	0.0
# chrUn_KI270745v1	41891	269.0	0.0
# chrUn_KI270746v1	66486	259.0	0.0
# chrUn_KI270747v1	198735	309.0	0.0
# chrUn_KI270748v1	93321	384.0	0.0
# chrUn_KI270749v1	158759	205.0	0.0
# chrUn_KI270750v1	148850	305.0	0.0
# chrUn_KI270751v1	150742	1245.0	0.0
# chrUn_KI270752v1	27745	0.0	0.0
# chrUn_KI270753v1	62944	131.0	0.0
# chrUn_KI270754v1	40191	520.0	0.0
# chrUn_KI270755v1	36723	16.0	0.0
# chrUn_KI270756v1	79590	165.0	0.0
# chrUn_KI270757v1	71251	160.0	0.0
# chrUn_GL000214v1	137718	1642.0	0.0
# chrUn_KI270742v1	186739	2820.0	0.0
# chrUn_GL000216v2	176608	1781.0	0.0
# chrUn_GL000218v1	161147	1199.0	0.0
# chrX	156040895	254090.0	0.0
# chrY	57227415	8346.0	0.0
# chrY_KI270740v1_random	37240	0.0	0.0
# Total Genome Size: 3.209286105E9	Total Aligned Tags: 9405770.0
# bwa	# 0.7.17-r1188
# bwa mem -t 8 -v 1 /storage/group/bfp2/default/00_pughlab/tool_data/hg38/bwa_mem_index/hg38/hg38.fa /storage/group/bfp2/default/00_pughlab/pulsar/files/staging/801258/inputs/459-28386_S60_R1_001.fastq.gz /storage/group/bfp2/default/00_pughlab/pulsar/files/staging/801258/inputs/459-28386_S60_R2_001.fastq.gz
# MarkDuplicates	# 2.18.2-SNAPSHOT
# MarkDuplicates TAGGING_POLICY=All INPUT=[Map_with_BWA-MEM_on_data_4_and_data_3__mapped_reads_in_BAM_format_] OUTPUT=/storage/group/bfp2/default/00_pughlab/pulsar/files/staging/801262/outputs/dataset_86839a9c-ae35-40d7-abea-055fa9bb223a.dat METRICS_FILE=/storage/group/bfp2/default/00_pughlab/pulsar/files/staging/801262/outputs/dataset_fbc8da7b-f280-4777-a305-798b72efe313.dat REMOVE_DUPLICATES=false ASSUME_SORTED=true DUPLICATE_SCORING_STRATEGY=SUM_OF_BASE_QUALITIES READ_NAME_REGEX=[a-zA-Z0-9]+:[0-9]:([0-9]+):([0-9]+):([0-9]+).*. OPTICAL_DUPLICATE_PIXEL_DISTANCE=100 VERBOSITY=ERROR QUIET=true VALIDATION_STRINGENCY=LENIENT    MAX_SEQUENCES_FOR_DISK_READ_ENDS_MAP=50000 MAX_FILE_HANDLES_FOR_READ_ENDS_MAP=8000 SORTING_COLLECTION_SIZE_RATIO=0.25 TAG_DUPLICATE_SET_MEMBERS=false REMOVE_SEQUENCING_DUPLICATES=false CLEAR_DT=true ADD_PG_TAG_TO_READS=true PROGRAM_RECORD_ID=MarkDuplicates PROGRAM_GROUP_NAME=MarkDuplicates MAX_OPTICAL_DUPLICATE_SET_SIZE=300000 COMPRESSION_LEVEL=5 MAX_RECORDS_IN_RAM=500000 CREATE_INDEX=false CREATE_MD5_FILE=false GA4GH_CLIENT_SECRETS=client_secrets.json USE_JDK_DEFLATER=false USE_JDK_INFLATER=false
# Average Insert Size: 125.6876456076277
# Median Insert Size: 122.0
# Mode Insert Size: 91.0
# Std deviation of Insert Size: 41.20051844572781
# Number of ReadPairs: 4602695.0
# Histogram
# Size (bp)	Frequency
0	0.0
1	0.0
2	25.0
3	24.0
4	16.0
5	15.0
6	28.0
7	29.0
8	19.0
9	27.0
10	24.0
11	17.0
12	27.0
13	24.0
14	17.0
15	30.0
16	39.0
17	35.0
18	44.0
19	154.0
20	114.0
21	109.0
22	98.0
23	96.0
24	107.0
25	149.0
26	162.0
27	234.0
28	324.0
29	528.0
30	575.0
31	668.0
32	677.0
33	684.0
34	735.0
35	802.0
36	941.0
37	1404.0
38	2755.0
39	4484.0
40	4567.0
41	3233.0
42	2119.0
43	1728.0
44	1724.0
45	1770.0
46	1955.0
47	2575.0
48	4986.0
49	10767.0
50	15765.0
51	10501.0
52	4328.0
53	2669.0
54	2645.0
55	2832.0
56	3508.0
57	5396.0
58	10238.0
59	20221.0
60	26322.0
61	20512.0
62	10013.0
63	4799.0
64	3935.0
65	4074.0
66	4604.0
67	5716.0
68	12309.0
69	32576.0
70	56883.0
71	49905.0
72	22580.0
73	7759.0
74	5624.0
75	5315.0
76	5915.0
77	8888.0
78	20713.0
79	49849.0
80	82900.0
81	87003.0
82	50440.0
83	19435.0
84	9669.0
85	7406.0
86	7370.0
87	10448.0
88	21128.0
89	46223.0
90	78101.0
91	92263.0
92	69463.0
93	35938.0
94	17952.0
95	11921.0
96	12452.0
97	19078.0
98	34475.0
99	57401.0
100	79503.0
101	87012.0
102	70150.0
103	44509.0
104	26824.0
105	19049.0
106	17090.0
107	19829.0
108	29290.0
109	46847.0
110	68941.0
111	82859.0
112	74598.0
113	49539.0
114	28594.0
115	20431.0
116	18212.0
117	20427.0
118	28062.0
119	40702.0
120	55974.0
121	68428.0
122	67792.0
123	54637.0
124	36059.0
125	24118.0
126	19658.0
127	20593.0
128	27511.0
129	39258.0
130	51637.0
131	59748.0
132	61002.0
133	54543.0
134	42641.0
135	31978.0
136	25959.0
137	26014.0
138	31643.0
139	41225.0
140	50033.0
141	53864.0
142	53015.0
143	47633.0
144	41436.0
145	35368.0
146	30576.0
147	29411.0
148	31317.0
149	35633.0
150	39914.0
151	42548.0
152	41896.0
153	38953.0
154	35839.0
155	32758.0
156	30680.0
157	30839.0
158	31406.0
159	33286.0
160	34776.0
161	34085.0
162	33527.0
163	31187.0
164	29385.0
165	27560.0
166	26603.0
167	25716.0
168	24652.0
169	24224.0
170	23768.0
171	23007.0
172	22006.0
173	21086.0
174	19857.0
175	18798.0
176	17864.0
177	16890.0
178	16557.0
179	15752.0
180	15121.0
181	14373.0
182	13775.0
183	13073.0
184	12532.0
185	11873.0
186	11204.0
187	10595.0
188	10178.0
189	9760.0
190	9297.0
191	8979.0
192	8603.0
193	8043.0
194	7531.0
195	7279.0
196	6797.0
197	6524.0
198	6341.0
199	5945.0
200	5885.0
201	5569.0
202	5269.0
203	4955.0
204	4759.0
205	4536.0
206	4116.0
207	4000.0
208	4093.0
209	3759.0
210	3712.0
211	3621.0
212	3352.0
213	3218.0
214	2996.0
215	2860.0
216	2725.0
217	2514.0
218	2463.0
219	2466.0
220	2417.0
221	2435.0
222	2298.0
223	2161.0
224	1986.0
225	1848.0
226	1720.0
227	1673.0
228	1657.0
229	1733.0
230	1647.0
231	1693.0
232	1624.0
233	1593.0
234	1531.0
235	1348.0
236	1284.0
237	1181.0
238	1138.0
239	1265.0
240	1207.0
241	1374.0
242	1322.0
243	1262.0
244	1192.0
245	1108.0
246	1003.0
247	1004.0
248	1028.0
249	995.0
250	1048.0
251	1090.0
252	1097.0
253	1086.0
254	1015.0
255	1006.0
256	846.0
257	868.0
258	865.0
259	933.0
260	931.0
261	973.0
262	928.0
263	1025.0
264	918.0
265	874.0
266	819.0
267	782.0
268	787.0
269	796.0
270	850.0
271	871.0
272	898.0
273	842.0
274	877.0
275	912.0
276	837.0
277	813.0
278	730.0
279	764.0
280	803.0
281	813.0
282	851.0
283	867.0
284	864.0
285	793.0
286	785.0
287	778.0
288	802.0
289	789.0
290	839.0
291	759.0
292	823.0
293	799.0
294	804.0
295	772.0
296	772.0
297	750.0
298	752.0
299	758.0
300	747.0
301	743.0
302	781.0
303	807.0
304	745.0
305	782.0
306	773.0
307	729.0
308	758.0
309	654.0
310	720.0
311	745.0
312	739.0
313	758.0
314	724.0
315	702.0
316	931.0
317	670.0
318	0.0
319	0.0
320	0.0
321	0.0
322	0.0
323	0.0
324	0.0
325	0.0
326	0.0
327	0.0
328	0.0
329	0.0
330	0.0
331	0.0
332	0.0
333	0.0
334	0.0
335	0.0
336	0.0
337	0.0
338	0.0
339	0.0
340	0.0
