# 2024-10-30 16:07:07.169
# BNase-seq_50U-10min_2_hg38.bam
# Chromosome_ID	Chromosome_Size	Aligned_Reads	Unaligned_Reads
# chr1	248956422	3.5571225E7	0.0
# chr10	133797422	1.4659483E7	0.0
# chr11	135086622	1.4768149E7	0.0
# chr11_KI270721v1_random	100316	10337.0	0.0
# chr12	133275309	1.4198126E7	0.0
# chr13	114364328	6471629.0	0.0
# chr14	107043718	6815935.0	0.0
# chr14_GL000009v2_random	201709	52036.0	0.0
# chr14_GL000225v1_random	211173	130204.0	0.0
# chr14_KI270722v1_random	194050	16733.0	0.0
# chr14_GL000194v1_random	191469	50386.0	0.0
# chr14_KI270723v1_random	38115	5278.0	0.0
# chr14_KI270724v1_random	39555	5911.0	0.0
# chr14_KI270725v1_random	172810	8170.0	0.0
# chr14_KI270726v1_random	43739	1090.0	0.0
# chr15	101991189	1.0052389E7	0.0
# chr15_KI270727v1_random	448248	22957.0	0.0
# chr16	90338345	1.0716077E7	0.0
# chr16_KI270728v1_random	1872759	109641.0	0.0
# chr17	83257441	1.0376448E7	0.0
# chr17_GL000205v2_random	185591	78444.0	0.0
# chr17_KI270729v1_random	280839	43847.0	0.0
# chr17_KI270730v1_random	112551	11331.0	0.0
# chr18	80373285	6907681.0	0.0
# chr19	58617616	8355244.0	0.0
# chr1_KI270706v1_random	175055	48049.0	0.0
# chr1_KI270707v1_random	32032	5437.0	0.0
# chr1_KI270708v1_random	127682	9443.0	0.0
# chr1_KI270709v1_random	66860	109149.0	0.0
# chr1_KI270710v1_random	40176	3047.0	0.0
# chr1_KI270711v1_random	42210	26460.0	0.0
# chr1_KI270712v1_random	176043	18373.0	0.0
# chr1_KI270713v1_random	40745	25299.0	0.0
# chr1_KI270714v1_random	41717	11692.0	0.0
# chr2	242193529	2.4784591E7	0.0
# chr20	64444167	7178884.0	0.0
# chr21	46709983	5253754.0	0.0
# chr22	50818468	6999249.0	0.0
# chr22_KI270731v1_random	150754	32559.0	0.0
# chr22_KI270732v1_random	41543	4168.0	0.0
# chr22_KI270733v1_random	179772	122859.0	0.0
# chr22_KI270734v1_random	165050	31762.0	0.0
# chr22_KI270735v1_random	42811	5560.0	0.0
# chr22_KI270736v1_random	181920	22928.0	0.0
# chr22_KI270737v1_random	103838	23126.0	0.0
# chr22_KI270738v1_random	99375	26779.0	0.0
# chr22_KI270739v1_random	73985	2407.0	0.0
# chr2_KI270715v1_random	161471	10382.0	0.0
# chr2_KI270716v1_random	153799	12303.0	0.0
# chr3	198295559	1.8923221E7	0.0
# chr3_GL000221v1_random	155397	48335.0	0.0
# chr4	190214555	1.5408712E7	0.0
# chr4_GL000008v2_random	209709	41257.0	0.0
# chr5	181538259	1.7961802E7	0.0
# chr5_GL000208v1_random	92689	5597.0	0.0
# chr6	170805979	2.0208599E7	0.0
# chr7	159345973	2.0997913E7	0.0
# chr8	145138636	1.3587439E7	0.0
# chr9	138394717	1.1489478E7	0.0
# chr9_KI270717v1_random	40062	2806.0	0.0
# chr9_KI270718v1_random	38054	4699.0	0.0
# chr9_KI270719v1_random	176845	19047.0	0.0
# chr9_KI270720v1_random	39050	6532.0	0.0
# chr1_KI270762v1_alt	354444	30343.0	0.0
# chr1_KI270766v1_alt	256271	20671.0	0.0
# chr1_KI270760v1_alt	109528	8901.0	0.0
# chr1_KI270765v1_alt	185285	18751.0	0.0
# chr1_GL383518v1_alt	182439	16209.0	0.0
# chr1_GL383519v1_alt	110268	14278.0	0.0
# chr1_GL383520v2_alt	366580	24143.0	0.0
# chr1_KI270764v1_alt	50258	3496.0	0.0
# chr1_KI270763v1_alt	911658	69429.0	0.0
# chr1_KI270759v1_alt	425601	34624.0	0.0
# chr1_KI270761v1_alt	165834	4490.0	0.0
# chr2_KI270770v1_alt	136240	9515.0	0.0
# chr2_KI270773v1_alt	70887	3384.0	0.0
# chr2_KI270774v1_alt	223625	8886.0	0.0
# chr2_KI270769v1_alt	120616	8911.0	0.0
# chr2_GL383521v1_alt	143390	3928.0	0.0
# chr2_KI270772v1_alt	133041	25673.0	0.0
# chr2_KI270775v1_alt	138019	2819.0	0.0
# chr2_KI270771v1_alt	110395	1786.0	0.0
# chr2_KI270768v1_alt	110099	6400.0	0.0
# chr2_GL582966v2_alt	96131	7943.0	0.0
# chr2_GL383522v1_alt	123821	17599.0	0.0
# chr2_KI270776v1_alt	174166	12549.0	0.0
# chr2_KI270767v1_alt	161578	6709.0	0.0
# chr3_JH636055v2_alt	173151	13754.0	0.0
# chr3_KI270783v1_alt	109187	11401.0	0.0
# chr3_KI270780v1_alt	224108	11415.0	0.0
# chr3_GL383526v1_alt	180671	11884.0	0.0
# chr3_KI270777v1_alt	173649	8153.0	0.0
# chr3_KI270778v1_alt	248252	5520.0	0.0
# chr3_KI270781v1_alt	113034	7637.0	0.0
# chr3_KI270779v1_alt	205312	12727.0	0.0
# chr3_KI270782v1_alt	162429	16277.0	0.0
# chr3_KI270784v1_alt	184404	24154.0	0.0
# chr4_KI270790v1_alt	220246	3987.0	0.0
# chr4_GL383528v1_alt	376187	5477.0	0.0
# chr4_KI270787v1_alt	111943	11817.0	0.0
# chr4_GL000257v2_alt	586476	28556.0	0.0
# chr4_KI270788v1_alt	158965	2994.0	0.0
# chr4_GL383527v1_alt	164536	4346.0	0.0
# chr4_KI270785v1_alt	119912	5845.0	0.0
# chr4_KI270789v1_alt	205944	5490.0	0.0
# chr4_KI270786v1_alt	244096	4899.0	0.0
# chr5_KI270793v1_alt	126136	10514.0	0.0
# chr5_KI270792v1_alt	179043	18726.0	0.0
# chr5_KI270791v1_alt	195710	16667.0	0.0
# chr5_GL383532v1_alt	82728	3293.0	0.0
# chr5_GL949742v1_alt	226852	9689.0	0.0
# chr5_KI270794v1_alt	164558	9242.0	0.0
# chr5_GL339449v2_alt	1612928	110183.0	0.0
# chr5_GL383530v1_alt	101241	4271.0	0.0
# chr5_KI270796v1_alt	172708	3624.0	0.0
# chr5_GL383531v1_alt	173459	3839.0	0.0
# chr5_KI270795v1_alt	131892	7376.0	0.0
# chr6_GL000250v2_alt	4672374	75376.0	0.0
# chr6_KI270800v1_alt	175808	3252.0	0.0
# chr6_KI270799v1_alt	152148	8601.0	0.0
# chr6_GL383533v1_alt	124736	5924.0	0.0
# chr6_KI270801v1_alt	870480	16603.0	0.0
# chr6_KI270802v1_alt	75005	5286.0	0.0
# chr6_KB021644v2_alt	185823	10295.0	0.0
# chr6_KI270797v1_alt	197536	16778.0	0.0
# chr6_KI270798v1_alt	271782	24786.0	0.0
# chr7_KI270804v1_alt	157952	8666.0	0.0
# chr7_KI270809v1_alt	209586	23197.0	0.0
# chr7_KI270806v1_alt	158166	15939.0	0.0
# chr7_GL383534v2_alt	119183	11239.0	0.0
# chr7_KI270803v1_alt	1111570	90007.0	0.0
# chr7_KI270808v1_alt	271455	21210.0	0.0
# chr7_KI270807v1_alt	126434	9980.0	0.0
# chr7_KI270805v1_alt	209988	16718.0	0.0
# chr8_KI270818v1_alt	145606	8593.0	0.0
# chr8_KI270812v1_alt	282736	13313.0	0.0
# chr8_KI270811v1_alt	292436	11303.0	0.0
# chr8_KI270821v1_alt	985506	58431.0	0.0
# chr8_KI270813v1_alt	300230	25801.0	0.0
# chr8_KI270822v1_alt	624492	25580.0	0.0
# chr8_KI270814v1_alt	141812	9530.0	0.0
# chr8_KI270810v1_alt	374415	22374.0	0.0
# chr8_KI270819v1_alt	133535	17104.0	0.0
# chr8_KI270820v1_alt	36640	2013.0	0.0
# chr8_KI270817v1_alt	158983	10558.0	0.0
# chr8_KI270816v1_alt	305841	30138.0	0.0
# chr8_KI270815v1_alt	132244	9236.0	0.0
# chr9_GL383539v1_alt	162988	3887.0	0.0
# chr9_GL383540v1_alt	71551	2411.0	0.0
# chr9_GL383541v1_alt	171286	5873.0	0.0
# chr9_GL383542v1_alt	60032	2460.0	0.0
# chr9_KI270823v1_alt	439082	16021.0	0.0
# chr10_GL383545v1_alt	179254	9605.0	0.0
# chr10_KI270824v1_alt	181496	12316.0	0.0
# chr10_GL383546v1_alt	309802	30278.0	0.0
# chr10_KI270825v1_alt	188315	22395.0	0.0
# chr11_KI270832v1_alt	210133	21340.0	0.0
# chr11_KI270830v1_alt	177092	9520.0	0.0
# chr11_KI270831v1_alt	296895	30388.0	0.0
# chr11_KI270829v1_alt	204059	7025.0	0.0
# chr11_GL383547v1_alt	154407	2724.0	0.0
# chr11_JH159136v1_alt	200998	3954.0	0.0
# chr11_JH159137v1_alt	191409	5145.0	0.0
# chr11_KI270827v1_alt	67707	5446.0	0.0
# chr11_KI270826v1_alt	186169	9388.0	0.0
# chr12_GL877875v1_alt	167313	24559.0	0.0
# chr12_GL877876v1_alt	408271	10794.0	0.0
# chr12_KI270837v1_alt	40090	951.0	0.0
# chr12_GL383549v1_alt	120804	10242.0	0.0
# chr12_KI270835v1_alt	238139	15763.0	0.0
# chr12_GL383550v2_alt	169178	9355.0	0.0
# chr12_GL383552v1_alt	138655	3108.0	0.0
# chr12_GL383553v2_alt	152874	6064.0	0.0
# chr12_KI270834v1_alt	119498	9218.0	0.0
# chr12_GL383551v1_alt	184319	4430.0	0.0
# chr12_KI270833v1_alt	76061	3335.0	0.0
# chr12_KI270836v1_alt	56134	3363.0	0.0
# chr13_KI270840v1_alt	191684	12319.0	0.0
# chr13_KI270839v1_alt	180306	6024.0	0.0
# chr13_KI270843v1_alt	103832	1085.0	0.0
# chr13_KI270841v1_alt	169134	1971.0	0.0
# chr13_KI270838v1_alt	306913	10577.0	0.0
# chr13_KI270842v1_alt	37287	2135.0	0.0
# chr14_KI270844v1_alt	322166	13806.0	0.0
# chr14_KI270847v1_alt	1511111	67176.0	0.0
# chr14_KI270845v1_alt	180703	8694.0	0.0
# chr14_KI270846v1_alt	1351393	45458.0	0.0
# chr15_KI270852v1_alt	478999	26143.0	0.0
# chr15_KI270851v1_alt	263054	21494.0	0.0
# chr15_KI270848v1_alt	327382	18491.0	0.0
# chr15_GL383554v1_alt	296527	18403.0	0.0
# chr15_KI270849v1_alt	244917	24164.0	0.0
# chr15_GL383555v2_alt	388773	28553.0	0.0
# chr15_KI270850v1_alt	430880	57405.0	0.0
# chr16_KI270854v1_alt	134193	13884.0	0.0
# chr16_KI270856v1_alt	63982	6741.0	0.0
# chr16_KI270855v1_alt	232857	24719.0	0.0
# chr16_KI270853v1_alt	2659700	245184.0	0.0
# chr16_GL383556v1_alt	192462	9695.0	0.0
# chr16_GL383557v1_alt	89672	8222.0	0.0
# chr17_GL383563v3_alt	375691	17770.0	0.0
# chr17_KI270862v1_alt	391357	19798.0	0.0
# chr17_KI270861v1_alt	196688	15198.0	0.0
# chr17_KI270857v1_alt	2877074	215694.0	0.0
# chr17_JH159146v1_alt	278131	13302.0	0.0
# chr17_JH159147v1_alt	70345	2741.0	0.0
# chr17_GL383564v2_alt	133151	6655.0	0.0
# chr17_GL000258v2_alt	1821992	99990.0	0.0
# chr17_GL383565v1_alt	223995	5835.0	0.0
# chr17_KI270858v1_alt	235827	4389.0	0.0
# chr17_KI270859v1_alt	108763	8206.0	0.0
# chr17_GL383566v1_alt	90219	8170.0	0.0
# chr17_KI270860v1_alt	178921	12253.0	0.0
# chr18_KI270864v1_alt	111737	1198.0	0.0
# chr18_GL383567v1_alt	289831	14316.0	0.0
# chr18_GL383570v1_alt	164789	3151.0	0.0
# chr18_GL383571v1_alt	198278	2883.0	0.0
# chr18_GL383568v1_alt	104552	1855.0	0.0
# chr18_GL383569v1_alt	167950	3536.0	0.0
# chr18_GL383572v1_alt	159547	3857.0	0.0
# chr18_KI270863v1_alt	167999	7701.0	0.0
# chr19_KI270868v1_alt	61734	6335.0	0.0
# chr19_KI270865v1_alt	52969	4655.0	0.0
# chr19_GL383573v1_alt	385657	12389.0	0.0
# chr19_GL383575v2_alt	170222	10138.0	0.0
# chr19_GL383576v1_alt	188024	4464.0	0.0
# chr19_GL383574v1_alt	155864	16155.0	0.0
# chr19_KI270866v1_alt	43156	6681.0	0.0
# chr19_KI270867v1_alt	233762	12406.0	0.0
# chr19_GL949746v1_alt	987716	22506.0	0.0
# chr20_GL383577v2_alt	128386	6027.0	0.0
# chr20_KI270869v1_alt	118774	7713.0	0.0
# chr20_KI270871v1_alt	58661	3880.0	0.0
# chr20_KI270870v1_alt	183433	14598.0	0.0
# chr21_GL383578v2_alt	63917	6683.0	0.0
# chr21_KI270874v1_alt	166743	3618.0	0.0
# chr21_KI270873v1_alt	143900	9089.0	0.0
# chr21_GL383579v2_alt	201197	13347.0	0.0
# chr21_GL383580v2_alt	74653	6725.0	0.0
# chr21_GL383581v2_alt	116689	14633.0	0.0
# chr21_KI270872v1_alt	82692	11196.0	0.0
# chr22_KI270875v1_alt	259914	97244.0	0.0
# chr22_KI270878v1_alt	186262	15814.0	0.0
# chr22_KI270879v1_alt	304135	25719.0	0.0
# chr22_KI270876v1_alt	263666	16011.0	0.0
# chr22_KI270877v1_alt	101331	4195.0	0.0
# chr22_GL383583v2_alt	96924	5040.0	0.0
# chr22_GL383582v2_alt	162811	7058.0	0.0
# chrX_KI270880v1_alt	284869	5876.0	0.0
# chrX_KI270881v1_alt	144206	3021.0	0.0
# chr19_KI270882v1_alt	248807	1106.0	0.0
# chr19_KI270883v1_alt	170399	857.0	0.0
# chr19_KI270884v1_alt	157053	735.0	0.0
# chr19_KI270885v1_alt	171027	620.0	0.0
# chr19_KI270886v1_alt	204239	700.0	0.0
# chr19_KI270887v1_alt	209512	987.0	0.0
# chr19_KI270888v1_alt	155532	667.0	0.0
# chr19_KI270889v1_alt	170698	667.0	0.0
# chr19_KI270890v1_alt	184499	920.0	0.0
# chr19_KI270891v1_alt	170680	662.0	0.0
# chr1_KI270892v1_alt	162212	4363.0	0.0
# chr2_KI270894v1_alt	214158	31262.0	0.0
# chr2_KI270893v1_alt	161218	6866.0	0.0
# chr3_KI270895v1_alt	162896	9297.0	0.0
# chr4_KI270896v1_alt	378547	14245.0	0.0
# chr5_KI270897v1_alt	1144418	77801.0	0.0
# chr5_KI270898v1_alt	130957	6451.0	0.0
# chr6_GL000251v2_alt	4795265	194772.0	0.0
# chr7_KI270899v1_alt	190869	14918.0	0.0
# chr8_KI270901v1_alt	136959	6736.0	0.0
# chr8_KI270900v1_alt	318687	11570.0	0.0
# chr11_KI270902v1_alt	106711	5925.0	0.0
# chr11_KI270903v1_alt	214625	10891.0	0.0
# chr12_KI270904v1_alt	572349	18956.0	0.0
# chr15_KI270906v1_alt	196384	9210.0	0.0
# chr15_KI270905v1_alt	5161414	298101.0	0.0
# chr17_KI270907v1_alt	137721	4086.0	0.0
# chr17_KI270910v1_alt	157099	5185.0	0.0
# chr17_KI270909v1_alt	325800	14972.0	0.0
# chr17_JH159148v1_alt	88070	2557.0	0.0
# chr17_KI270908v1_alt	1423190	115631.0	0.0
# chr18_KI270912v1_alt	174061	3694.0	0.0
# chr18_KI270911v1_alt	157710	3991.0	0.0
# chr19_GL949747v2_alt	729520	12453.0	0.0
# chr22_KB663609v1_alt	74013	2227.0	0.0
# chrX_KI270913v1_alt	274009	4887.0	0.0
# chr19_KI270914v1_alt	205194	1022.0	0.0
# chr19_KI270915v1_alt	170665	652.0	0.0
# chr19_KI270916v1_alt	184516	776.0	0.0
# chr19_KI270917v1_alt	190932	1283.0	0.0
# chr19_KI270918v1_alt	123111	486.0	0.0
# chr19_KI270919v1_alt	170701	776.0	0.0
# chr19_KI270920v1_alt	198005	1469.0	0.0
# chr19_KI270921v1_alt	282224	1657.0	0.0
# chr19_KI270922v1_alt	187935	1306.0	0.0
# chr19_KI270923v1_alt	189352	1334.0	0.0
# chr3_KI270924v1_alt	166540	8805.0	0.0
# chr4_KI270925v1_alt	555799	14180.0	0.0
# chr6_GL000252v2_alt	4604811	143302.0	0.0
# chr8_KI270926v1_alt	229282	14969.0	0.0
# chr11_KI270927v1_alt	218612	12154.0	0.0
# chr19_GL949748v2_alt	1064304	8019.0	0.0
# chr22_KI270928v1_alt	176103	6889.0	0.0
# chr19_KI270929v1_alt	186203	1250.0	0.0
# chr19_KI270930v1_alt	200773	905.0	0.0
# chr19_KI270931v1_alt	170148	661.0	0.0
# chr19_KI270932v1_alt	215732	1040.0	0.0
# chr19_KI270933v1_alt	170537	884.0	0.0
# chr19_GL000209v2_alt	177381	782.0	0.0
# chr3_KI270934v1_alt	163458	9093.0	0.0
# chr6_GL000253v2_alt	4677643	131962.0	0.0
# chr19_GL949749v2_alt	1091841	7755.0	0.0
# chr3_KI270935v1_alt	197351	11278.0	0.0
# chr6_GL000254v2_alt	4827813	135737.0	0.0
# chr19_GL949750v2_alt	1066390	8236.0	0.0
# chr3_KI270936v1_alt	164170	9005.0	0.0
# chr6_GL000255v2_alt	4606388	185954.0	0.0
# chr19_GL949751v2_alt	1002683	8066.0	0.0
# chr3_KI270937v1_alt	165607	8945.0	0.0
# chr6_GL000256v2_alt	4929269	153471.0	0.0
# chr19_GL949752v1_alt	987100	24552.0	0.0
# chr6_KI270758v1_alt	76752	927.0	0.0
# chr19_GL949753v2_alt	796479	14644.0	0.0
# chr19_KI270938v1_alt	1066800	25477.0	0.0
# chrM	16569	47423.0	0.0
# chrUn_KI270302v1	2274	213.0	0.0
# chrUn_KI270304v1	2165	326.0	0.0
# chrUn_KI270303v1	1942	355.0	0.0
# chrUn_KI270305v1	1472	214.0	0.0
# chrUn_KI270322v1	21476	677.0	0.0
# chrUn_KI270320v1	4416	1041.0	0.0
# chrUn_KI270310v1	1201	411.0	0.0
# chrUn_KI270316v1	1444	201.0	0.0
# chrUn_KI270315v1	2276	281.0	0.0
# chrUn_KI270312v1	998	28.0	0.0
# chrUn_KI270311v1	12399	557.0	0.0
# chrUn_KI270317v1	37690	240.0	0.0
# chrUn_KI270412v1	1179	80.0	0.0
# chrUn_KI270411v1	2646	633.0	0.0
# chrUn_KI270414v1	2489	63.0	0.0
# chrUn_KI270419v1	1029	36.0	0.0
# chrUn_KI270418v1	2145	141.0	0.0
# chrUn_KI270420v1	2321	158.0	0.0
# chrUn_KI270424v1	2140	72.0	0.0
# chrUn_KI270417v1	2043	86.0	0.0
# chrUn_KI270422v1	1445	92.0	0.0
# chrUn_KI270423v1	981	90.0	0.0
# chrUn_KI270425v1	1884	45.0	0.0
# chrUn_KI270429v1	1361	65.0	0.0
# chrUn_KI270442v1	392061	55829.0	0.0
# chrUn_KI270466v1	1233	2544.0	0.0
# chrUn_KI270465v1	1774	115.0	0.0
# chrUn_KI270467v1	3920	9168.0	0.0
# chrUn_KI270435v1	92983	6898.0	0.0
# chrUn_KI270438v1	112505	131915.0	0.0
# chrUn_KI270468v1	4055	210.0	0.0
# chrUn_KI270510v1	2415	283.0	0.0
# chrUn_KI270509v1	2318	240.0	0.0
# chrUn_KI270518v1	2186	261.0	0.0
# chrUn_KI270508v1	1951	308.0	0.0
# chrUn_KI270516v1	1300	155.0	0.0
# chrUn_KI270512v1	22689	1650.0	0.0
# chrUn_KI270519v1	138126	10285.0	0.0
# chrUn_KI270522v1	5674	218.0	0.0
# chrUn_KI270511v1	8127	482.0	0.0
# chrUn_KI270515v1	6361	805.0	0.0
# chrUn_KI270507v1	5353	681.0	0.0
# chrUn_KI270517v1	3253	390.0	0.0
# chrUn_KI270529v1	1899	65.0	0.0
# chrUn_KI270528v1	2983	111.0	0.0
# chrUn_KI270530v1	2168	89.0	0.0
# chrUn_KI270539v1	993	9.0	0.0
# chrUn_KI270538v1	91309	6168.0	0.0
# chrUn_KI270544v1	1202	130.0	0.0
# chrUn_KI270548v1	1599	60.0	0.0
# chrUn_KI270583v1	1400	182.0	0.0
# chrUn_KI270587v1	2969	465.0	0.0
# chrUn_KI270580v1	1553	229.0	0.0
# chrUn_KI270581v1	7046	455.0	0.0
# chrUn_KI270579v1	31033	1401.0	0.0
# chrUn_KI270589v1	44474	3434.0	0.0
# chrUn_KI270590v1	4685	901.0	0.0
# chrUn_KI270584v1	4513	470.0	0.0
# chrUn_KI270582v1	6504	641.0	0.0
# chrUn_KI270588v1	6158	709.0	0.0
# chrUn_KI270593v1	3041	308.0	0.0
# chrUn_KI270591v1	5796	1148.0	0.0
# chrUn_KI270330v1	1652	2986.0	0.0
# chrUn_KI270329v1	1040	50.0	0.0
# chrUn_KI270334v1	1368	137.0	0.0
# chrUn_KI270333v1	2699	2960.0	0.0
# chrUn_KI270335v1	1048	124.0	0.0
# chrUn_KI270338v1	1428	134.0	0.0
# chrUn_KI270340v1	1428	225.0	0.0
# chrUn_KI270336v1	1026	905.0	0.0
# chrUn_KI270337v1	1121	1584.0	0.0
# chrUn_KI270363v1	1803	88.0	0.0
# chrUn_KI270364v1	2855	93.0	0.0
# chrUn_KI270362v1	3530	163.0	0.0
# chrUn_KI270366v1	8320	401.0	0.0
# chrUn_KI270378v1	1048	24.0	0.0
# chrUn_KI270379v1	1045	26.0	0.0
# chrUn_KI270389v1	1298	105.0	0.0
# chrUn_KI270390v1	2387	85.0	0.0
# chrUn_KI270387v1	1537	183.0	0.0
# chrUn_KI270395v1	1143	165.0	0.0
# chrUn_KI270396v1	1880	169.0	0.0
# chrUn_KI270388v1	1216	96.0	0.0
# chrUn_KI270394v1	970	74.0	0.0
# chrUn_KI270386v1	1788	114.0	0.0
# chrUn_KI270391v1	1484	76.0	0.0
# chrUn_KI270383v1	1750	137.0	0.0
# chrUn_KI270393v1	1308	72.0	0.0
# chrUn_KI270384v1	1658	79.0	0.0
# chrUn_KI270392v1	971	38.0	0.0
# chrUn_KI270381v1	1930	133.0	0.0
# chrUn_KI270385v1	990	89.0	0.0
# chrUn_KI270382v1	4215	200.0	0.0
# chrUn_KI270376v1	1136	26.0	0.0
# chrUn_KI270374v1	2656	76.0	0.0
# chrUn_KI270372v1	1650	30.0	0.0
# chrUn_KI270373v1	1451	27.0	0.0
# chrUn_KI270375v1	2378	48.0	0.0
# chrUn_KI270371v1	2805	89.0	0.0
# chrUn_KI270448v1	7992	725.0	0.0
# chrUn_KI270521v1	7642	475.0	0.0
# chrUn_GL000195v1	182896	45790.0	0.0
# chrUn_GL000219v1	179198	59476.0	0.0
# chrUn_GL000220v1	161802	163329.0	0.0
# chrUn_GL000224v1	179693	96764.0	0.0
# chrUn_KI270741v1	157432	26324.0	0.0
# chrUn_GL000226v1	15008	2502.0	0.0
# chrUn_GL000213v1	164239	5760.0	0.0
# chrUn_KI270743v1	210658	38481.0	0.0
# chrUn_KI270744v1	168472	79277.0	0.0
# chrUn_KI270745v1	41891	9116.0	0.0
# chrUn_KI270746v1	66486	8848.0	0.0
# chrUn_KI270747v1	198735	13385.0	0.0
# chrUn_KI270748v1	93321	11532.0	0.0
# chrUn_KI270749v1	158759	7561.0	0.0
# chrUn_KI270750v1	148850	10873.0	0.0
# chrUn_KI270751v1	150742	41017.0	0.0
# chrUn_KI270752v1	27745	10.0	0.0
# chrUn_KI270753v1	62944	4168.0	0.0
# chrUn_KI270754v1	40191	19059.0	0.0
# chrUn_KI270755v1	36723	675.0	0.0
# chrUn_KI270756v1	79590	7136.0	0.0
# chrUn_KI270757v1	71251	6878.0	0.0
# chrUn_GL000214v1	137718	62013.0	0.0
# chrUn_KI270742v1	186739	94328.0	0.0
# chrUn_GL000216v2	176608	70313.0	0.0
# chrUn_GL000218v1	161147	43198.0	0.0
# chrX	156040895	9016297.0	0.0
# chrY	57227415	324292.0	0.0
# chrY_KI270740v1_random	37240	0.0	0.0
# Total Genome Size: 3.209286105E9	Total Aligned Tags: 3.18524112E8
# bwa	# 0.7.17-r1188
# bwa mem -t 8 -v 1 /storage/group/bfp2/default/00_pughlab/tool_data/hg38/bwa_mem_index/hg38/hg38.fa /storage/group/bfp2/default/00_pughlab/pulsar/files/staging/792022/inputs/423-25976_S30_R1_001.fastq.gz /storage/group/bfp2/default/00_pughlab/pulsar/files/staging/792022/inputs/423-25976_S30_R2_001.fastq.gz
# MarkDuplicates	# 2.18.2-SNAPSHOT
# MarkDuplicates TAGGING_POLICY=All INPUT=[Map_with_BWA-MEM_on_data_4_and_data_3__mapped_reads_in_BAM_format_] OUTPUT=/storage/group/bfp2/default/00_pughlab/pulsar/files/staging/792026/outputs/dataset_5691c403-187f-431e-8700-302313e9e2ad.dat METRICS_FILE=/storage/group/bfp2/default/00_pughlab/pulsar/files/staging/792026/outputs/dataset_d50618fe-f68e-4199-8bc1-1affcd8aa63f.dat REMOVE_DUPLICATES=false ASSUME_SORTED=true DUPLICATE_SCORING_STRATEGY=SUM_OF_BASE_QUALITIES READ_NAME_REGEX=[a-zA-Z0-9]+:[0-9]:([0-9]+):([0-9]+):([0-9]+).*. OPTICAL_DUPLICATE_PIXEL_DISTANCE=100 VERBOSITY=ERROR QUIET=true VALIDATION_STRINGENCY=LENIENT    MAX_SEQUENCES_FOR_DISK_READ_ENDS_MAP=50000 MAX_FILE_HANDLES_FOR_READ_ENDS_MAP=8000 SORTING_COLLECTION_SIZE_RATIO=0.25 TAG_DUPLICATE_SET_MEMBERS=false REMOVE_SEQUENCING_DUPLICATES=false CLEAR_DT=true ADD_PG_TAG_TO_READS=true PROGRAM_RECORD_ID=MarkDuplicates PROGRAM_GROUP_NAME=MarkDuplicates MAX_OPTICAL_DUPLICATE_SET_SIZE=300000 COMPRESSION_LEVEL=5 MAX_RECORDS_IN_RAM=500000 CREATE_INDEX=false CREATE_MD5_FILE=false GA4GH_CLIENT_SECRETS=client_secrets.json USE_JDK_DEFLATER=false USE_JDK_INFLATER=false
# Average Insert Size: 107.49472454396619
# Median Insert Size: 102.0
# Mode Insert Size: 80.0
# Std deviation of Insert Size: 34.85260304429854
# Number of ReadPairs: 1.55403058E8
# Histogram
# Size (bp)	Frequency
0	0.0
1	0.0
2	834.0
3	842.0
4	1003.0
5	963.0
6	1048.0
7	905.0
8	837.0
9	1008.0
10	1049.0
11	972.0
12	942.0
13	1204.0
14	1373.0
15	1399.0
16	1583.0
17	1350.0
18	2204.0
19	4513.0
20	4385.0
21	4011.0
22	3953.0
23	3852.0
24	4193.0
25	4209.0
26	4397.0
27	4631.0
28	6186.0
29	7787.0
30	9110.0
31	7939.0
32	7249.0
33	7623.0
34	8253.0
35	9387.0
36	12310.0
37	23115.0
38	69260.0
39	146936.0
40	145370.0
41	82261.0
42	29442.0
43	19865.0
44	21094.0
45	24257.0
46	36538.0
47	70026.0
48	248610.0
49	752836.0
50	1134423.0
51	647824.0
52	160914.0
53	58907.0
54	57664.0
55	70053.0
56	112682.0
57	261211.0
58	829014.0
59	1915399.0
60	2400571.0
61	1644703.0
62	593783.0
63	163792.0
64	111972.0
65	115749.0
66	138650.0
67	239225.0
68	903554.0
69	2790037.0
70	4499519.0
71	3418520.0
72	1226494.0
73	300429.0
74	172762.0
75	160323.0
76	198397.0
77	421744.0
78	1328104.0
79	3263049.0
80	5048525.0
81	4712675.0
82	2472494.0
83	836892.0
84	356291.0
85	252818.0
86	266869.0
87	450220.0
88	1125201.0
89	2667292.0
90	4336020.0
91	4685032.0
92	3203140.0
93	1481675.0
94	677116.0
95	448955.0
96	494798.0
97	837236.0
98	1627860.0
99	2760789.0
100	3756656.0
101	3856491.0
102	2918031.0
103	1729432.0
104	982370.0
105	664222.0
106	601587.0
107	748079.0
108	1197910.0
109	2009198.0
110	2878020.0
111	3243910.0
112	2683236.0
113	1664966.0
114	934867.0
115	653178.0
116	586065.0
117	703962.0
118	1015931.0
119	1493928.0
120	2011287.0
121	2318723.0
122	2178733.0
123	1641508.0
124	1044245.0
125	690312.0
126	571008.0
127	626156.0
128	843725.0
129	1203735.0
130	1567431.0
131	1762509.0
132	1704438.0
133	1441207.0
134	1081802.0
135	787872.0
136	649781.0
137	673689.0
138	829428.0
139	1054061.0
140	1227108.0
141	1275511.0
142	1186615.0
143	1029506.0
144	876648.0
145	733347.0
146	630477.0
147	600152.0
148	640279.0
149	714297.0
150	786236.0
151	805105.0
152	763814.0
153	690908.0
154	611214.0
155	555646.0
156	518229.0
157	510057.0
158	518491.0
159	526547.0
160	522079.0
161	497934.0
162	466980.0
163	429805.0
164	396271.0
165	361204.0
166	341383.0
167	329001.0
168	321047.0
169	310027.0
170	295693.0
171	279573.0
172	261402.0
173	245394.0
174	229732.0
175	215384.0
176	204704.0
177	197308.0
178	194023.0
179	188037.0
180	180279.0
181	170576.0
182	158979.0
183	143332.0
184	136216.0
185	129912.0
186	126012.0
187	122937.0
188	121680.0
189	120042.0
190	116815.0
191	109477.0
192	101138.0
193	93987.0
194	86738.0
195	82774.0
196	80499.0
197	80937.0
198	79557.0
199	81053.0
200	80127.0
201	76577.0
202	71538.0
203	64821.0
204	59031.0
205	55314.0
206	53646.0
207	54151.0
208	56176.0
209	59231.0
210	60514.0
211	58620.0
212	54028.0
213	49804.0
214	45210.0
215	41262.0
216	38843.0
217	39714.0
218	41729.0
219	45075.0
220	48013.0
221	48033.0
222	46749.0
223	41541.0
224	37422.0
225	33974.0
226	32219.0
227	32440.0
228	34261.0
229	37374.0
230	39855.0
231	41373.0
232	41077.0
233	38551.0
234	33773.0
235	30375.0
236	27799.0
237	27542.0
238	29176.0
239	31811.0
240	35181.0
241	37326.0
242	37494.0
243	35410.0
244	31570.0
245	28476.0
246	26111.0
247	25344.0
248	26182.0
249	28469.0
250	30943.0
251	32968.0
252	33971.0
253	32993.0
254	29114.0
255	26859.0
256	24891.0
257	23684.0
258	23652.0
259	25394.0
260	27506.0
261	29621.0
262	30825.0
263	29109.0
264	27494.0
265	25610.0
266	23300.0
267	22345.0
268	28778.0
269	21422.0
270	898.0
271	949.0
272	1218.0
273	905.0
274	0.0
275	0.0
276	0.0
277	0.0
278	0.0
279	0.0
280	0.0
281	0.0
282	0.0
283	0.0
284	0.0
285	0.0
286	0.0
287	0.0
288	0.0
289	0.0
290	0.0
291	0.0
292	0.0
293	0.0
294	0.0
295	0.0
296	0.0
297	0.0
298	0.0
299	0.0
300	0.0
301	0.0
302	0.0
303	0.0
304	0.0
305	0.0
306	0.0
307	0.0
308	0.0
309	0.0
310	0.0
311	0.0
312	0.0
313	0.0
314	0.0
315	0.0
316	0.0
317	0.0
318	0.0
319	0.0
320	0.0
321	0.0
322	0.0
323	0.0
324	0.0
325	0.0
326	0.0
327	0.0
328	0.0
329	0.0
330	0.0
331	0.0
332	0.0
333	0.0
334	0.0
335	0.0
336	0.0
337	0.0
338	0.0
339	0.0
340	0.0
