# 2024-10-30 16:05:34.442
# BNase-seq_50U-3min_1_hg38.bam
# Chromosome_ID	Chromosome_Size	Aligned_Reads	Unaligned_Reads
# chr1	248956422	1113330.0	0.0
# chr10	133797422	447050.0	0.0
# chr11	135086622	449232.0	0.0
# chr11_KI270721v1_random	100316	124.0	0.0
# chr12	133275309	449619.0	0.0
# chr13	114364328	221897.0	0.0
# chr14	107043718	214370.0	0.0
# chr14_GL000009v2_random	201709	1748.0	0.0
# chr14_GL000225v1_random	211173	3568.0	0.0
# chr14_KI270722v1_random	194050	561.0	0.0
# chr14_GL000194v1_random	191469	1544.0	0.0
# chr14_KI270723v1_random	38115	108.0	0.0
# chr14_KI270724v1_random	39555	146.0	0.0
# chr14_KI270725v1_random	172810	249.0	0.0
# chr14_KI270726v1_random	43739	12.0	0.0
# chr15	101991189	307574.0	0.0
# chr15_KI270727v1_random	448248	682.0	0.0
# chr16	90338345	292523.0	0.0
# chr16_KI270728v1_random	1872759	3357.0	0.0
# chr17	83257441	284966.0	0.0
# chr17_GL000205v2_random	185591	2628.0	0.0
# chr17_KI270729v1_random	280839	1050.0	0.0
# chr17_KI270730v1_random	112551	301.0	0.0
# chr18	80373285	221111.0	0.0
# chr19	58617616	204803.0	0.0
# chr1_KI270706v1_random	175055	1474.0	0.0
# chr1_KI270707v1_random	32032	175.0	0.0
# chr1_KI270708v1_random	127682	235.0	0.0
# chr1_KI270709v1_random	66860	3931.0	0.0
# chr1_KI270710v1_random	40176	123.0	0.0
# chr1_KI270711v1_random	42210	842.0	0.0
# chr1_KI270712v1_random	176043	505.0	0.0
# chr1_KI270713v1_random	40745	718.0	0.0
# chr1_KI270714v1_random	41717	304.0	0.0
# chr2	242193529	852279.0	0.0
# chr20	64444167	197301.0	0.0
# chr21	46709983	158138.0	0.0
# chr22	50818468	178026.0	0.0
# chr22_KI270731v1_random	150754	829.0	0.0
# chr22_KI270732v1_random	41543	167.0	0.0
# chr22_KI270733v1_random	179772	2578.0	0.0
# chr22_KI270734v1_random	165050	692.0	0.0
# chr22_KI270735v1_random	42811	147.0	0.0
# chr22_KI270736v1_random	181920	449.0	0.0
# chr22_KI270737v1_random	103838	659.0	0.0
# chr22_KI270738v1_random	99375	788.0	0.0
# chr22_KI270739v1_random	73985	67.0	0.0
# chr2_KI270715v1_random	161471	337.0	0.0
# chr2_KI270716v1_random	153799	326.0	0.0
# chr3	198295559	624116.0	0.0
# chr3_GL000221v1_random	155397	1752.0	0.0
# chr4	190214555	535322.0	0.0
# chr4_GL000008v2_random	209709	1349.0	0.0
# chr5	181538259	589531.0	0.0
# chr5_GL000208v1_random	92689	168.0	0.0
# chr6	170805979	666819.0	0.0
# chr7	159345973	674279.0	0.0
# chr8	145138636	437532.0	0.0
# chr9	138394717	342050.0	0.0
# chr9_KI270717v1_random	40062	81.0	0.0
# chr9_KI270718v1_random	38054	171.0	0.0
# chr9_KI270719v1_random	176845	707.0	0.0
# chr9_KI270720v1_random	39050	224.0	0.0
# chr1_KI270762v1_alt	354444	462.0	0.0
# chr1_KI270766v1_alt	256271	472.0	0.0
# chr1_KI270760v1_alt	109528	193.0	0.0
# chr1_KI270765v1_alt	185285	691.0	0.0
# chr1_GL383518v1_alt	182439	400.0	0.0
# chr1_GL383519v1_alt	110268	413.0	0.0
# chr1_GL383520v2_alt	366580	1022.0	0.0
# chr1_KI270764v1_alt	50258	62.0	0.0
# chr1_KI270763v1_alt	911658	2543.0	0.0
# chr1_KI270759v1_alt	425601	958.0	0.0
# chr1_KI270761v1_alt	165834	150.0	0.0
# chr2_KI270770v1_alt	136240	258.0	0.0
# chr2_KI270773v1_alt	70887	87.0	0.0
# chr2_KI270774v1_alt	223625	215.0	0.0
# chr2_KI270769v1_alt	120616	254.0	0.0
# chr2_GL383521v1_alt	143390	113.0	0.0
# chr2_KI270772v1_alt	133041	716.0	0.0
# chr2_KI270775v1_alt	138019	86.0	0.0
# chr2_KI270771v1_alt	110395	54.0	0.0
# chr2_KI270768v1_alt	110099	207.0	0.0
# chr2_GL582966v2_alt	96131	222.0	0.0
# chr2_GL383522v1_alt	123821	628.0	0.0
# chr2_KI270776v1_alt	174166	281.0	0.0
# chr2_KI270767v1_alt	161578	198.0	0.0
# chr3_JH636055v2_alt	173151	373.0	0.0
# chr3_KI270783v1_alt	109187	364.0	0.0
# chr3_KI270780v1_alt	224108	274.0	0.0
# chr3_GL383526v1_alt	180671	438.0	0.0
# chr3_KI270777v1_alt	173649	256.0	0.0
# chr3_KI270778v1_alt	248252	192.0	0.0
# chr3_KI270781v1_alt	113034	187.0	0.0
# chr3_KI270779v1_alt	205312	284.0	0.0
# chr3_KI270782v1_alt	162429	463.0	0.0
# chr3_KI270784v1_alt	184404	896.0	0.0
# chr4_KI270790v1_alt	220246	144.0	0.0
# chr4_GL383528v1_alt	376187	199.0	0.0
# chr4_KI270787v1_alt	111943	453.0	0.0
# chr4_GL000257v2_alt	586476	1188.0	0.0
# chr4_KI270788v1_alt	158965	117.0	0.0
# chr4_GL383527v1_alt	164536	168.0	0.0
# chr4_KI270785v1_alt	119912	185.0	0.0
# chr4_KI270789v1_alt	205944	175.0	0.0
# chr4_KI270786v1_alt	244096	157.0	0.0
# chr5_KI270793v1_alt	126136	216.0	0.0
# chr5_KI270792v1_alt	179043	316.0	0.0
# chr5_KI270791v1_alt	195710	319.0	0.0
# chr5_GL383532v1_alt	82728	125.0	0.0
# chr5_GL949742v1_alt	226852	321.0	0.0
# chr5_KI270794v1_alt	164558	236.0	0.0
# chr5_GL339449v2_alt	1612928	3871.0	0.0
# chr5_GL383530v1_alt	101241	156.0	0.0
# chr5_KI270796v1_alt	172708	81.0	0.0
# chr5_GL383531v1_alt	173459	136.0	0.0
# chr5_KI270795v1_alt	131892	210.0	0.0
# chr6_GL000250v2_alt	4672374	2194.0	0.0
# chr6_KI270800v1_alt	175808	156.0	0.0
# chr6_KI270799v1_alt	152148	351.0	0.0
# chr6_GL383533v1_alt	124736	219.0	0.0
# chr6_KI270801v1_alt	870480	620.0	0.0
# chr6_KI270802v1_alt	75005	138.0	0.0
# chr6_KB021644v2_alt	185823	302.0	0.0
# chr6_KI270797v1_alt	197536	431.0	0.0
# chr6_KI270798v1_alt	271782	687.0	0.0
# chr7_KI270804v1_alt	157952	205.0	0.0
# chr7_KI270809v1_alt	209586	763.0	0.0
# chr7_KI270806v1_alt	158166	543.0	0.0
# chr7_GL383534v2_alt	119183	364.0	0.0
# chr7_KI270803v1_alt	1111570	2524.0	0.0
# chr7_KI270808v1_alt	271455	608.0	0.0
# chr7_KI270807v1_alt	126434	168.0	0.0
# chr7_KI270805v1_alt	209988	322.0	0.0
# chr8_KI270818v1_alt	145606	204.0	0.0
# chr8_KI270812v1_alt	282736	331.0	0.0
# chr8_KI270811v1_alt	292436	252.0	0.0
# chr8_KI270821v1_alt	985506	1614.0	0.0
# chr8_KI270813v1_alt	300230	648.0	0.0
# chr8_KI270822v1_alt	624492	1033.0	0.0
# chr8_KI270814v1_alt	141812	246.0	0.0
# chr8_KI270810v1_alt	374415	775.0	0.0
# chr8_KI270819v1_alt	133535	292.0	0.0
# chr8_KI270820v1_alt	36640	38.0	0.0
# chr8_KI270817v1_alt	158983	214.0	0.0
# chr8_KI270816v1_alt	305841	585.0	0.0
# chr8_KI270815v1_alt	132244	203.0	0.0
# chr9_GL383539v1_alt	162988	135.0	0.0
# chr9_GL383540v1_alt	71551	59.0	0.0
# chr9_GL383541v1_alt	171286	133.0	0.0
# chr9_GL383542v1_alt	60032	63.0	0.0
# chr9_KI270823v1_alt	439082	506.0	0.0
# chr10_GL383545v1_alt	179254	305.0	0.0
# chr10_KI270824v1_alt	181496	411.0	0.0
# chr10_GL383546v1_alt	309802	945.0	0.0
# chr10_KI270825v1_alt	188315	516.0	0.0
# chr11_KI270832v1_alt	210133	366.0	0.0
# chr11_KI270830v1_alt	177092	181.0	0.0
# chr11_KI270831v1_alt	296895	641.0	0.0
# chr11_KI270829v1_alt	204059	227.0	0.0
# chr11_GL383547v1_alt	154407	89.0	0.0
# chr11_JH159136v1_alt	200998	139.0	0.0
# chr11_JH159137v1_alt	191409	191.0	0.0
# chr11_KI270827v1_alt	67707	110.0	0.0
# chr11_KI270826v1_alt	186169	235.0	0.0
# chr12_GL877875v1_alt	167313	652.0	0.0
# chr12_GL877876v1_alt	408271	444.0	0.0
# chr12_KI270837v1_alt	40090	20.0	0.0
# chr12_GL383549v1_alt	120804	289.0	0.0
# chr12_KI270835v1_alt	238139	549.0	0.0
# chr12_GL383550v2_alt	169178	305.0	0.0
# chr12_GL383552v1_alt	138655	103.0	0.0
# chr12_GL383553v2_alt	152874	226.0	0.0
# chr12_KI270834v1_alt	119498	239.0	0.0
# chr12_GL383551v1_alt	184319	111.0	0.0
# chr12_KI270833v1_alt	76061	91.0	0.0
# chr12_KI270836v1_alt	56134	66.0	0.0
# chr13_KI270840v1_alt	191684	442.0	0.0
# chr13_KI270839v1_alt	180306	183.0	0.0
# chr13_KI270843v1_alt	103832	55.0	0.0
# chr13_KI270841v1_alt	169134	65.0	0.0
# chr13_KI270838v1_alt	306913	234.0	0.0
# chr13_KI270842v1_alt	37287	47.0	0.0
# chr14_KI270844v1_alt	322166	481.0	0.0
# chr14_KI270847v1_alt	1511111	1810.0	0.0
# chr14_KI270845v1_alt	180703	187.0	0.0
# chr14_KI270846v1_alt	1351393	1191.0	0.0
# chr15_KI270852v1_alt	478999	838.0	0.0
# chr15_KI270851v1_alt	263054	555.0	0.0
# chr15_KI270848v1_alt	327382	520.0	0.0
# chr15_GL383554v1_alt	296527	541.0	0.0
# chr15_KI270849v1_alt	244917	763.0	0.0
# chr15_GL383555v2_alt	388773	722.0	0.0
# chr15_KI270850v1_alt	430880	1746.0	0.0
# chr16_KI270854v1_alt	134193	262.0	0.0
# chr16_KI270856v1_alt	63982	132.0	0.0
# chr16_KI270855v1_alt	232857	524.0	0.0
# chr16_KI270853v1_alt	2659700	6523.0	0.0
# chr16_GL383556v1_alt	192462	239.0	0.0
# chr16_GL383557v1_alt	89672	258.0	0.0
# chr17_GL383563v3_alt	375691	448.0	0.0
# chr17_KI270862v1_alt	391357	493.0	0.0
# chr17_KI270861v1_alt	196688	323.0	0.0
# chr17_KI270857v1_alt	2877074	5694.0	0.0
# chr17_JH159146v1_alt	278131	386.0	0.0
# chr17_JH159147v1_alt	70345	105.0	0.0
# chr17_GL383564v2_alt	133151	167.0	0.0
# chr17_GL000258v2_alt	1821992	2942.0	0.0
# chr17_GL383565v1_alt	223995	221.0	0.0
# chr17_KI270858v1_alt	235827	154.0	0.0
# chr17_KI270859v1_alt	108763	217.0	0.0
# chr17_GL383566v1_alt	90219	141.0	0.0
# chr17_KI270860v1_alt	178921	235.0	0.0
# chr18_KI270864v1_alt	111737	55.0	0.0
# chr18_GL383567v1_alt	289831	509.0	0.0
# chr18_GL383570v1_alt	164789	133.0	0.0
# chr18_GL383571v1_alt	198278	122.0	0.0
# chr18_GL383568v1_alt	104552	56.0	0.0
# chr18_GL383569v1_alt	167950	94.0	0.0
# chr18_GL383572v1_alt	159547	99.0	0.0
# chr18_KI270863v1_alt	167999	206.0	0.0
# chr19_KI270868v1_alt	61734	95.0	0.0
# chr19_KI270865v1_alt	52969	81.0	0.0
# chr19_GL383573v1_alt	385657	363.0	0.0
# chr19_GL383575v2_alt	170222	298.0	0.0
# chr19_GL383576v1_alt	188024	144.0	0.0
# chr19_GL383574v1_alt	155864	508.0	0.0
# chr19_KI270866v1_alt	43156	141.0	0.0
# chr19_KI270867v1_alt	233762	401.0	0.0
# chr19_GL949746v1_alt	987716	506.0	0.0
# chr20_GL383577v2_alt	128386	116.0	0.0
# chr20_KI270869v1_alt	118774	136.0	0.0
# chr20_KI270871v1_alt	58661	82.0	0.0
# chr20_KI270870v1_alt	183433	295.0	0.0
# chr21_GL383578v2_alt	63917	235.0	0.0
# chr21_KI270874v1_alt	166743	108.0	0.0
# chr21_KI270873v1_alt	143900	283.0	0.0
# chr21_GL383579v2_alt	201197	593.0	0.0
# chr21_GL383580v2_alt	74653	214.0	0.0
# chr21_GL383581v2_alt	116689	393.0	0.0
# chr21_KI270872v1_alt	82692	239.0	0.0
# chr22_KI270875v1_alt	259914	2576.0	0.0
# chr22_KI270878v1_alt	186262	373.0	0.0
# chr22_KI270879v1_alt	304135	615.0	0.0
# chr22_KI270876v1_alt	263666	513.0	0.0
# chr22_KI270877v1_alt	101331	92.0	0.0
# chr22_GL383583v2_alt	96924	146.0	0.0
# chr22_GL383582v2_alt	162811	193.0	0.0
# chrX_KI270880v1_alt	284869	115.0	0.0
# chrX_KI270881v1_alt	144206	79.0	0.0
# chr19_KI270882v1_alt	248807	22.0	0.0
# chr19_KI270883v1_alt	170399	35.0	0.0
# chr19_KI270884v1_alt	157053	14.0	0.0
# chr19_KI270885v1_alt	171027	12.0	0.0
# chr19_KI270886v1_alt	204239	13.0	0.0
# chr19_KI270887v1_alt	209512	24.0	0.0
# chr19_KI270888v1_alt	155532	12.0	0.0
# chr19_KI270889v1_alt	170698	20.0	0.0
# chr19_KI270890v1_alt	184499	25.0	0.0
# chr19_KI270891v1_alt	170680	14.0	0.0
# chr1_KI270892v1_alt	162212	136.0	0.0
# chr2_KI270894v1_alt	214158	888.0	0.0
# chr2_KI270893v1_alt	161218	161.0	0.0
# chr3_KI270895v1_alt	162896	221.0	0.0
# chr4_KI270896v1_alt	378547	445.0	0.0
# chr5_KI270897v1_alt	1144418	2522.0	0.0
# chr5_KI270898v1_alt	130957	156.0	0.0
# chr6_GL000251v2_alt	4795265	5508.0	0.0
# chr7_KI270899v1_alt	190869	393.0	0.0
# chr8_KI270901v1_alt	136959	157.0	0.0
# chr8_KI270900v1_alt	318687	230.0	0.0
# chr11_KI270902v1_alt	106711	112.0	0.0
# chr11_KI270903v1_alt	214625	215.0	0.0
# chr12_KI270904v1_alt	572349	699.0	0.0
# chr15_KI270906v1_alt	196384	239.0	0.0
# chr15_KI270905v1_alt	5161414	8441.0	0.0
# chr17_KI270907v1_alt	137721	71.0	0.0
# chr17_KI270910v1_alt	157099	75.0	0.0
# chr17_KI270909v1_alt	325800	349.0	0.0
# chr17_JH159148v1_alt	88070	87.0	0.0
# chr17_KI270908v1_alt	1423190	3270.0	0.0
# chr18_KI270912v1_alt	174061	101.0	0.0
# chr18_KI270911v1_alt	157710	125.0	0.0
# chr19_GL949747v2_alt	729520	313.0	0.0
# chr22_KB663609v1_alt	74013	58.0	0.0
# chrX_KI270913v1_alt	274009	111.0	0.0
# chr19_KI270914v1_alt	205194	28.0	0.0
# chr19_KI270915v1_alt	170665	14.0	0.0
# chr19_KI270916v1_alt	184516	8.0	0.0
# chr19_KI270917v1_alt	190932	25.0	0.0
# chr19_KI270918v1_alt	123111	11.0	0.0
# chr19_KI270919v1_alt	170701	27.0	0.0
# chr19_KI270920v1_alt	198005	44.0	0.0
# chr19_KI270921v1_alt	282224	24.0	0.0
# chr19_KI270922v1_alt	187935	29.0	0.0
# chr19_KI270923v1_alt	189352	28.0	0.0
# chr3_KI270924v1_alt	166540	225.0	0.0
# chr4_KI270925v1_alt	555799	474.0	0.0
# chr6_GL000252v2_alt	4604811	3876.0	0.0
# chr8_KI270926v1_alt	229282	372.0	0.0
# chr11_KI270927v1_alt	218612	230.0	0.0
# chr19_GL949748v2_alt	1064304	156.0	0.0
# chr22_KI270928v1_alt	176103	182.0	0.0
# chr19_KI270929v1_alt	186203	27.0	0.0
# chr19_KI270930v1_alt	200773	6.0	0.0
# chr19_KI270931v1_alt	170148	20.0	0.0
# chr19_KI270932v1_alt	215732	25.0	0.0
# chr19_KI270933v1_alt	170537	25.0	0.0
# chr19_GL000209v2_alt	177381	14.0	0.0
# chr3_KI270934v1_alt	163458	209.0	0.0
# chr6_GL000253v2_alt	4677643	3632.0	0.0
# chr19_GL949749v2_alt	1091841	148.0	0.0
# chr3_KI270935v1_alt	197351	271.0	0.0
# chr6_GL000254v2_alt	4827813	3675.0	0.0
# chr19_GL949750v2_alt	1066390	209.0	0.0
# chr3_KI270936v1_alt	164170	205.0	0.0
# chr6_GL000255v2_alt	4606388	5210.0	0.0
# chr19_GL949751v2_alt	1002683	170.0	0.0
# chr3_KI270937v1_alt	165607	210.0	0.0
# chr6_GL000256v2_alt	4929269	4357.0	0.0
# chr19_GL949752v1_alt	987100	583.0	0.0
# chr6_KI270758v1_alt	76752	25.0	0.0
# chr19_GL949753v2_alt	796479	350.0	0.0
# chr19_KI270938v1_alt	1066800	641.0	0.0
# chrM	16569	130874.0	0.0
# chrUn_KI270302v1	2274	0.0	0.0
# chrUn_KI270304v1	2165	8.0	0.0
# chrUn_KI270303v1	1942	20.0	0.0
# chrUn_KI270305v1	1472	4.0	0.0
# chrUn_KI270322v1	21476	17.0	0.0
# chrUn_KI270320v1	4416	20.0	0.0
# chrUn_KI270310v1	1201	8.0	0.0
# chrUn_KI270316v1	1444	10.0	0.0
# chrUn_KI270315v1	2276	10.0	0.0
# chrUn_KI270312v1	998	0.0	0.0
# chrUn_KI270311v1	12399	16.0	0.0
# chrUn_KI270317v1	37690	10.0	0.0
# chrUn_KI270412v1	1179	0.0	0.0
# chrUn_KI270411v1	2646	28.0	0.0
# chrUn_KI270414v1	2489	6.0	0.0
# chrUn_KI270419v1	1029	0.0	0.0
# chrUn_KI270418v1	2145	6.0	0.0
# chrUn_KI270420v1	2321	6.0	0.0
# chrUn_KI270424v1	2140	2.0	0.0
# chrUn_KI270417v1	2043	10.0	0.0
# chrUn_KI270422v1	1445	0.0	0.0
# chrUn_KI270423v1	981	6.0	0.0
# chrUn_KI270425v1	1884	2.0	0.0
# chrUn_KI270429v1	1361	0.0	0.0
# chrUn_KI270442v1	392061	1472.0	0.0
# chrUn_KI270466v1	1233	574.0	0.0
# chrUn_KI270465v1	1774	6.0	0.0
# chrUn_KI270467v1	3920	2316.0	0.0
# chrUn_KI270435v1	92983	188.0	0.0
# chrUn_KI270438v1	112505	4672.0	0.0
# chrUn_KI270468v1	4055	10.0	0.0
# chrUn_KI270510v1	2415	8.0	0.0
# chrUn_KI270509v1	2318	16.0	0.0
# chrUn_KI270518v1	2186	4.0	0.0
# chrUn_KI270508v1	1951	8.0	0.0
# chrUn_KI270516v1	1300	4.0	0.0
# chrUn_KI270512v1	22689	37.0	0.0
# chrUn_KI270519v1	138126	292.0	0.0
# chrUn_KI270522v1	5674	6.0	0.0
# chrUn_KI270511v1	8127	19.0	0.0
# chrUn_KI270515v1	6361	16.0	0.0
# chrUn_KI270507v1	5353	9.0	0.0
# chrUn_KI270517v1	3253	10.0	0.0
# chrUn_KI270529v1	1899	0.0	0.0
# chrUn_KI270528v1	2983	1.0	0.0
# chrUn_KI270530v1	2168	2.0	0.0
# chrUn_KI270539v1	993	0.0	0.0
# chrUn_KI270538v1	91309	214.0	0.0
# chrUn_KI270544v1	1202	0.0	0.0
# chrUn_KI270548v1	1599	4.0	0.0
# chrUn_KI270583v1	1400	10.0	0.0
# chrUn_KI270587v1	2969	13.0	0.0
# chrUn_KI270580v1	1553	8.0	0.0
# chrUn_KI270581v1	7046	6.0	0.0
# chrUn_KI270579v1	31033	54.0	0.0
# chrUn_KI270589v1	44474	98.0	0.0
# chrUn_KI270590v1	4685	24.0	0.0
# chrUn_KI270584v1	4513	8.0	0.0
# chrUn_KI270582v1	6504	8.0	0.0
# chrUn_KI270588v1	6158	13.0	0.0
# chrUn_KI270593v1	3041	14.0	0.0
# chrUn_KI270591v1	5796	21.0	0.0
# chrUn_KI270330v1	1652	67.0	0.0
# chrUn_KI270329v1	1040	4.0	0.0
# chrUn_KI270334v1	1368	9.0	0.0
# chrUn_KI270333v1	2699	550.0	0.0
# chrUn_KI270335v1	1048	0.0	0.0
# chrUn_KI270338v1	1428	12.0	0.0
# chrUn_KI270340v1	1428	8.0	0.0
# chrUn_KI270336v1	1026	147.0	0.0
# chrUn_KI270337v1	1121	278.0	0.0
# chrUn_KI270363v1	1803	4.0	0.0
# chrUn_KI270364v1	2855	5.0	0.0
# chrUn_KI270362v1	3530	2.0	0.0
# chrUn_KI270366v1	8320	18.0	0.0
# chrUn_KI270378v1	1048	2.0	0.0
# chrUn_KI270379v1	1045	0.0	0.0
# chrUn_KI270389v1	1298	6.0	0.0
# chrUn_KI270390v1	2387	4.0	0.0
# chrUn_KI270387v1	1537	6.0	0.0
# chrUn_KI270395v1	1143	4.0	0.0
# chrUn_KI270396v1	1880	9.0	0.0
# chrUn_KI270388v1	1216	2.0	0.0
# chrUn_KI270394v1	970	0.0	0.0
# chrUn_KI270386v1	1788	8.0	0.0
# chrUn_KI270391v1	1484	0.0	0.0
# chrUn_KI270383v1	1750	4.0	0.0
# chrUn_KI270393v1	1308	0.0	0.0
# chrUn_KI270384v1	1658	0.0	0.0
# chrUn_KI270392v1	971	0.0	0.0
# chrUn_KI270381v1	1930	6.0	0.0
# chrUn_KI270385v1	990	4.0	0.0
# chrUn_KI270382v1	4215	2.0	0.0
# chrUn_KI270376v1	1136	0.0	0.0
# chrUn_KI270374v1	2656	0.0	0.0
# chrUn_KI270372v1	1650	2.0	0.0
# chrUn_KI270373v1	1451	2.0	0.0
# chrUn_KI270375v1	2378	2.0	0.0
# chrUn_KI270371v1	2805	4.0	0.0
# chrUn_KI270448v1	7992	15.0	0.0
# chrUn_KI270521v1	7642	11.0	0.0
# chrUn_GL000195v1	182896	1466.0	0.0
# chrUn_GL000219v1	179198	2033.0	0.0
# chrUn_GL000220v1	161802	3348.0	0.0
# chrUn_GL000224v1	179693	2382.0	0.0
# chrUn_KI270741v1	157432	706.0	0.0
# chrUn_GL000226v1	15008	86.0	0.0
# chrUn_GL000213v1	164239	148.0	0.0
# chrUn_KI270743v1	210658	1134.0	0.0
# chrUn_KI270744v1	168472	2279.0	0.0
# chrUn_KI270745v1	41891	264.0	0.0
# chrUn_KI270746v1	66486	384.0	0.0
# chrUn_KI270747v1	198735	432.0	0.0
# chrUn_KI270748v1	93321	373.0	0.0
# chrUn_KI270749v1	158759	288.0	0.0
# chrUn_KI270750v1	148850	363.0	0.0
# chrUn_KI270751v1	150742	1547.0	0.0
# chrUn_KI270752v1	27745	3.0	0.0
# chrUn_KI270753v1	62944	101.0	0.0
# chrUn_KI270754v1	40191	320.0	0.0
# chrUn_KI270755v1	36723	6.0	0.0
# chrUn_KI270756v1	79590	148.0	0.0
# chrUn_KI270757v1	71251	223.0	0.0
# chrUn_GL000214v1	137718	1798.0	0.0
# chrUn_KI270742v1	186739	3351.0	0.0
# chrUn_GL000216v2	176608	1764.0	0.0
# chrUn_GL000218v1	161147	1284.0	0.0
# chrX	156040895	288140.0	0.0
# chrY	57227415	8466.0	0.0
# chrY_KI270740v1_random	37240	0.0	0.0
# Total Genome Size: 3.209286105E9	Total Aligned Tags: 1.0103658E7
# bwa	# 0.7.17-r1188
# bwa mem -t 8 -v 1 /storage/group/bfp2/default/00_pughlab/tool_data/hg38/bwa_mem_index/hg38/hg38.fa /storage/group/bfp2/default/00_pughlab/pulsar/files/staging/801231/inputs/459-28385_S59_R1_001.fastq.gz /storage/group/bfp2/default/00_pughlab/pulsar/files/staging/801231/inputs/459-28385_S59_R2_001.fastq.gz
# MarkDuplicates	# 2.18.2-SNAPSHOT
# MarkDuplicates TAGGING_POLICY=All INPUT=[Map_with_BWA-MEM_on_data_4_and_data_3__mapped_reads_in_BAM_format_] OUTPUT=/storage/group/bfp2/default/00_pughlab/pulsar/files/staging/801235/outputs/dataset_69c47ed8-8812-49cc-aecd-af17264bcf22.dat METRICS_FILE=/storage/group/bfp2/default/00_pughlab/pulsar/files/staging/801235/outputs/dataset_3d2f72e7-2fa0-4837-9cab-ed60bab3bb94.dat REMOVE_DUPLICATES=false ASSUME_SORTED=true DUPLICATE_SCORING_STRATEGY=SUM_OF_BASE_QUALITIES READ_NAME_REGEX=[a-zA-Z0-9]+:[0-9]:([0-9]+):([0-9]+):([0-9]+).*. OPTICAL_DUPLICATE_PIXEL_DISTANCE=100 VERBOSITY=ERROR QUIET=true VALIDATION_STRINGENCY=LENIENT    MAX_SEQUENCES_FOR_DISK_READ_ENDS_MAP=50000 MAX_FILE_HANDLES_FOR_READ_ENDS_MAP=8000 SORTING_COLLECTION_SIZE_RATIO=0.25 TAG_DUPLICATE_SET_MEMBERS=false REMOVE_SEQUENCING_DUPLICATES=false CLEAR_DT=true ADD_PG_TAG_TO_READS=true PROGRAM_RECORD_ID=MarkDuplicates PROGRAM_GROUP_NAME=MarkDuplicates MAX_OPTICAL_DUPLICATE_SET_SIZE=300000 COMPRESSION_LEVEL=5 MAX_RECORDS_IN_RAM=500000 CREATE_INDEX=false CREATE_MD5_FILE=false GA4GH_CLIENT_SECRETS=client_secrets.json USE_JDK_DEFLATER=false USE_JDK_INFLATER=false
# Average Insert Size: 131.72716328945938
# Median Insert Size: 130.0
# Mode Insert Size: 91.0
# Std deviation of Insert Size: 41.40447742645101
# Number of ReadPairs: 4875330.0
# Histogram
# Size (bp)	Frequency
0	0.0
1	0.0
2	17.0
3	25.0
4	25.0
5	15.0
6	27.0
7	25.0
8	26.0
9	38.0
10	22.0
11	14.0
12	20.0
13	30.0
14	25.0
15	25.0
16	30.0
17	18.0
18	49.0
19	74.0
20	83.0
21	68.0
22	87.0
23	81.0
24	100.0
25	82.0
26	110.0
27	122.0
28	146.0
29	213.0
30	231.0
31	263.0
32	266.0
33	258.0
34	290.0
35	323.0
36	413.0
37	602.0
38	1140.0
39	1872.0
40	1897.0
41	1424.0
42	1072.0
43	837.0
44	842.0
45	937.0
46	1081.0
47	1521.0
48	2799.0
49	5734.0
50	8307.0
51	5892.0
52	2534.0
53	1636.0
54	1650.0
55	1684.0
56	2298.0
57	3335.0
58	6216.0
59	11991.0
60	16026.0
61	13363.0
62	6706.0
63	3439.0
64	2954.0
65	3145.0
66	3760.0
67	4664.0
68	9523.0
69	24381.0
70	43400.0
71	39390.0
72	18677.0
73	6822.0
74	5057.0
75	5004.0
76	5567.0
77	8242.0
78	18360.0
79	42721.0
80	72213.0
81	76361.0
82	46672.0
83	18373.0
84	8899.0
85	7025.0
86	7205.0
87	10143.0
88	19665.0
89	42320.0
90	72824.0
91	86051.0
92	66611.0
93	35162.0
94	17665.0
95	12002.0
96	12373.0
97	19222.0
98	34452.0
99	56283.0
100	77747.0
101	85695.0
102	70220.0
103	44692.0
104	27432.0
105	19465.0
106	17630.0
107	20864.0
108	30230.0
109	48545.0
110	71023.0
111	85620.0
112	76881.0
113	52214.0
114	31056.0
115	21769.0
116	19525.0
117	22105.0
118	29883.0
119	42943.0
120	59347.0
121	71674.0
122	71803.0
123	58806.0
124	39361.0
125	26802.0
126	21483.0
127	23008.0
128	30199.0
129	42912.0
130	56536.0
131	66721.0
132	66998.0
133	59849.0
134	47356.0
135	35662.0
136	29318.0
137	29212.0
138	35666.0
139	46429.0
140	55989.0
141	61199.0
142	59605.0
143	53926.0
144	47242.0
145	40339.0
146	34955.0
147	33842.0
148	36162.0
149	40942.0
150	46553.0
151	48819.0
152	49435.0
153	45558.0
154	41647.0
155	38306.0
156	36284.0
157	36510.0
158	38226.0
159	40239.0
160	41445.0
161	41479.0
162	40680.0
163	38131.0
164	35829.0
165	33886.0
166	32414.0
167	31801.0
168	31230.0
169	30901.0
170	30261.0
171	29366.0
172	28198.0
173	27343.0
174	25021.0
175	23576.0
176	22472.0
177	21462.0
178	20868.0
179	20007.0
180	19320.0
181	18585.0
182	17582.0
183	16923.0
184	16072.0
185	15227.0
186	14610.0
187	13923.0
188	13409.0
189	12839.0
190	12310.0
191	11697.0
192	11000.0
193	10489.0
194	10103.0
195	9489.0
196	9241.0
197	8772.0
198	8511.0
199	8140.0
200	7856.0
201	7290.0
202	6873.0
203	6531.0
204	6240.0
205	5833.0
206	5650.0
207	5299.0
208	5197.0
209	5170.0
210	4953.0
211	4741.0
212	4570.0
213	4215.0
214	3958.0
215	3758.0
216	3593.0
217	3436.0
218	3320.0
219	3210.0
220	3352.0
221	3126.0
222	2890.0
223	2772.0
224	2623.0
225	2422.0
226	2360.0
227	2220.0
228	2284.0
229	2258.0
230	2260.0
231	2223.0
232	2109.0
233	1998.0
234	1849.0
235	1730.0
236	1679.0
237	1570.0
238	1602.0
239	1592.0
240	1698.0
241	1645.0
242	1659.0
243	1576.0
244	1509.0
245	1440.0
246	1267.0
247	1264.0
248	1261.0
249	1287.0
250	1326.0
251	1383.0
252	1402.0
253	1373.0
254	1300.0
255	1164.0
256	1163.0
257	1024.0
258	1053.0
259	1118.0
260	1195.0
261	1175.0
262	1231.0
263	1203.0
264	1147.0
265	1165.0
266	1077.0
267	960.0
268	982.0
269	985.0
270	1043.0
271	1063.0
272	1114.0
273	1130.0
274	1092.0
275	1014.0
276	1017.0
277	949.0
278	937.0
279	989.0
280	967.0
281	1004.0
282	1026.0
283	1006.0
284	1114.0
285	1022.0
286	939.0
287	929.0
288	890.0
289	907.0
290	966.0
291	987.0
292	1032.0
293	969.0
294	910.0
295	915.0
296	932.0
297	899.0
298	931.0
299	885.0
300	928.0
301	881.0
302	995.0
303	915.0
304	915.0
305	863.0
306	880.0
307	871.0
308	820.0
309	834.0
310	867.0
311	887.0
312	860.0
313	840.0
314	907.0
315	816.0
316	832.0
317	832.0
318	786.0
319	768.0
320	774.0
321	839.0
322	839.0
323	812.0
324	998.0
325	814.0
326	0.0
327	0.0
328	0.0
329	0.0
330	0.0
331	0.0
332	0.0
333	0.0
334	0.0
335	0.0
336	0.0
337	0.0
338	0.0
339	0.0
340	0.0
