# 2024-10-30 16:06:01.363
# BNase-seq_50U-10min_1_hg38.bam
# Chromosome_ID	Chromosome_Size	Aligned_Reads	Unaligned_Reads
# chr1	248956422	2573122.0	0.0
# chr10	133797422	1049558.0	0.0
# chr11	135086622	1053682.0	0.0
# chr11_KI270721v1_random	100316	698.0	0.0
# chr12	133275309	1013927.0	0.0
# chr13	114364328	461034.0	0.0
# chr14	107043718	485719.0	0.0
# chr14_GL000009v2_random	201709	3615.0	0.0
# chr14_GL000225v1_random	211173	10660.0	0.0
# chr14_KI270722v1_random	194050	1120.0	0.0
# chr14_GL000194v1_random	191469	3653.0	0.0
# chr14_KI270723v1_random	38115	361.0	0.0
# chr14_KI270724v1_random	39555	384.0	0.0
# chr14_KI270725v1_random	172810	570.0	0.0
# chr14_KI270726v1_random	43739	70.0	0.0
# chr15	101991189	716547.0	0.0
# chr15_KI270727v1_random	448248	1595.0	0.0
# chr16	90338345	782304.0	0.0
# chr16_KI270728v1_random	1872759	7407.0	0.0
# chr17	83257441	742636.0	0.0
# chr17_GL000205v2_random	185591	5724.0	0.0
# chr17_KI270729v1_random	280839	3525.0	0.0
# chr17_KI270730v1_random	112551	905.0	0.0
# chr18	80373285	490762.0	0.0
# chr19	58617616	603152.0	0.0
# chr1_KI270706v1_random	175055	3383.0	0.0
# chr1_KI270707v1_random	32032	396.0	0.0
# chr1_KI270708v1_random	127682	648.0	0.0
# chr1_KI270709v1_random	66860	10372.0	0.0
# chr1_KI270710v1_random	40176	253.0	0.0
# chr1_KI270711v1_random	42210	1858.0	0.0
# chr1_KI270712v1_random	176043	1298.0	0.0
# chr1_KI270713v1_random	40745	1827.0	0.0
# chr1_KI270714v1_random	41717	789.0	0.0
# chr2	242193529	1771420.0	0.0
# chr20	64444167	512104.0	0.0
# chr21	46709983	378789.0	0.0
# chr22	50818468	508092.0	0.0
# chr22_KI270731v1_random	150754	2180.0	0.0
# chr22_KI270732v1_random	41543	347.0	0.0
# chr22_KI270733v1_random	179772	9434.0	0.0
# chr22_KI270734v1_random	165050	2270.0	0.0
# chr22_KI270735v1_random	42811	340.0	0.0
# chr22_KI270736v1_random	181920	1773.0	0.0
# chr22_KI270737v1_random	103838	1700.0	0.0
# chr22_KI270738v1_random	99375	1938.0	0.0
# chr22_KI270739v1_random	73985	185.0	0.0
# chr2_KI270715v1_random	161471	721.0	0.0
# chr2_KI270716v1_random	153799	830.0	0.0
# chr3	198295559	1348331.0	0.0
# chr3_GL000221v1_random	155397	3406.0	0.0
# chr4	190214555	1099607.0	0.0
# chr4_GL000008v2_random	209709	2940.0	0.0
# chr5	181538259	1278920.0	0.0
# chr5_GL000208v1_random	92689	362.0	0.0
# chr6	170805979	1442223.0	0.0
# chr7	159345973	1506106.0	0.0
# chr8	145138636	969478.0	0.0
# chr9	138394717	820938.0	0.0
# chr9_KI270717v1_random	40062	187.0	0.0
# chr9_KI270718v1_random	38054	370.0	0.0
# chr9_KI270719v1_random	176845	1381.0	0.0
# chr9_KI270720v1_random	39050	465.0	0.0
# chr1_KI270762v1_alt	354444	2190.0	0.0
# chr1_KI270766v1_alt	256271	1551.0	0.0
# chr1_KI270760v1_alt	109528	617.0	0.0
# chr1_KI270765v1_alt	185285	1205.0	0.0
# chr1_GL383518v1_alt	182439	1149.0	0.0
# chr1_GL383519v1_alt	110268	979.0	0.0
# chr1_GL383520v2_alt	366580	1598.0	0.0
# chr1_KI270764v1_alt	50258	247.0	0.0
# chr1_KI270763v1_alt	911658	4793.0	0.0
# chr1_KI270759v1_alt	425601	2412.0	0.0
# chr1_KI270761v1_alt	165834	297.0	0.0
# chr2_KI270770v1_alt	136240	659.0	0.0
# chr2_KI270773v1_alt	70887	218.0	0.0
# chr2_KI270774v1_alt	223625	574.0	0.0
# chr2_KI270769v1_alt	120616	656.0	0.0
# chr2_GL383521v1_alt	143390	286.0	0.0
# chr2_KI270772v1_alt	133041	1907.0	0.0
# chr2_KI270775v1_alt	138019	208.0	0.0
# chr2_KI270771v1_alt	110395	127.0	0.0
# chr2_KI270768v1_alt	110099	463.0	0.0
# chr2_GL582966v2_alt	96131	554.0	0.0
# chr2_GL383522v1_alt	123821	1198.0	0.0
# chr2_KI270776v1_alt	174166	878.0	0.0
# chr2_KI270767v1_alt	161578	486.0	0.0
# chr3_JH636055v2_alt	173151	956.0	0.0
# chr3_KI270783v1_alt	109187	820.0	0.0
# chr3_KI270780v1_alt	224108	809.0	0.0
# chr3_GL383526v1_alt	180671	807.0	0.0
# chr3_KI270777v1_alt	173649	610.0	0.0
# chr3_KI270778v1_alt	248252	394.0	0.0
# chr3_KI270781v1_alt	113034	491.0	0.0
# chr3_KI270779v1_alt	205312	824.0	0.0
# chr3_KI270782v1_alt	162429	1178.0	0.0
# chr3_KI270784v1_alt	184404	1651.0	0.0
# chr4_KI270790v1_alt	220246	260.0	0.0
# chr4_GL383528v1_alt	376187	409.0	0.0
# chr4_KI270787v1_alt	111943	899.0	0.0
# chr4_GL000257v2_alt	586476	1949.0	0.0
# chr4_KI270788v1_alt	158965	222.0	0.0
# chr4_GL383527v1_alt	164536	304.0	0.0
# chr4_KI270785v1_alt	119912	404.0	0.0
# chr4_KI270789v1_alt	205944	332.0	0.0
# chr4_KI270786v1_alt	244096	360.0	0.0
# chr5_KI270793v1_alt	126136	775.0	0.0
# chr5_KI270792v1_alt	179043	1254.0	0.0
# chr5_KI270791v1_alt	195710	1066.0	0.0
# chr5_GL383532v1_alt	82728	219.0	0.0
# chr5_GL949742v1_alt	226852	672.0	0.0
# chr5_KI270794v1_alt	164558	625.0	0.0
# chr5_GL339449v2_alt	1612928	7770.0	0.0
# chr5_GL383530v1_alt	101241	304.0	0.0
# chr5_KI270796v1_alt	172708	283.0	0.0
# chr5_GL383531v1_alt	173459	244.0	0.0
# chr5_KI270795v1_alt	131892	498.0	0.0
# chr6_GL000250v2_alt	4672374	5126.0	0.0
# chr6_KI270800v1_alt	175808	268.0	0.0
# chr6_KI270799v1_alt	152148	546.0	0.0
# chr6_GL383533v1_alt	124736	405.0	0.0
# chr6_KI270801v1_alt	870480	1066.0	0.0
# chr6_KI270802v1_alt	75005	351.0	0.0
# chr6_KB021644v2_alt	185823	652.0	0.0
# chr6_KI270797v1_alt	197536	1134.0	0.0
# chr6_KI270798v1_alt	271782	1728.0	0.0
# chr7_KI270804v1_alt	157952	558.0	0.0
# chr7_KI270809v1_alt	209586	1537.0	0.0
# chr7_KI270806v1_alt	158166	1185.0	0.0
# chr7_GL383534v2_alt	119183	779.0	0.0
# chr7_KI270803v1_alt	1111570	6392.0	0.0
# chr7_KI270808v1_alt	271455	1461.0	0.0
# chr7_KI270807v1_alt	126434	733.0	0.0
# chr7_KI270805v1_alt	209988	1124.0	0.0
# chr8_KI270818v1_alt	145606	595.0	0.0
# chr8_KI270812v1_alt	282736	937.0	0.0
# chr8_KI270811v1_alt	292436	869.0	0.0
# chr8_KI270821v1_alt	985506	3939.0	0.0
# chr8_KI270813v1_alt	300230	1702.0	0.0
# chr8_KI270822v1_alt	624492	1897.0	0.0
# chr8_KI270814v1_alt	141812	700.0	0.0
# chr8_KI270810v1_alt	374415	1569.0	0.0
# chr8_KI270819v1_alt	133535	1143.0	0.0
# chr8_KI270820v1_alt	36640	127.0	0.0
# chr8_KI270817v1_alt	158983	786.0	0.0
# chr8_KI270816v1_alt	305841	2141.0	0.0
# chr8_KI270815v1_alt	132244	599.0	0.0
# chr9_GL383539v1_alt	162988	271.0	0.0
# chr9_GL383540v1_alt	71551	181.0	0.0
# chr9_GL383541v1_alt	171286	482.0	0.0
# chr9_GL383542v1_alt	60032	190.0	0.0
# chr9_KI270823v1_alt	439082	1225.0	0.0
# chr10_GL383545v1_alt	179254	690.0	0.0
# chr10_KI270824v1_alt	181496	912.0	0.0
# chr10_GL383546v1_alt	309802	2165.0	0.0
# chr10_KI270825v1_alt	188315	1527.0	0.0
# chr11_KI270832v1_alt	210133	1465.0	0.0
# chr11_KI270830v1_alt	177092	706.0	0.0
# chr11_KI270831v1_alt	296895	2122.0	0.0
# chr11_KI270829v1_alt	204059	511.0	0.0
# chr11_GL383547v1_alt	154407	191.0	0.0
# chr11_JH159136v1_alt	200998	259.0	0.0
# chr11_JH159137v1_alt	191409	314.0	0.0
# chr11_KI270827v1_alt	67707	371.0	0.0
# chr11_KI270826v1_alt	186169	619.0	0.0
# chr12_GL877875v1_alt	167313	1791.0	0.0
# chr12_GL877876v1_alt	408271	730.0	0.0
# chr12_KI270837v1_alt	40090	77.0	0.0
# chr12_GL383549v1_alt	120804	659.0	0.0
# chr12_KI270835v1_alt	238139	1135.0	0.0
# chr12_GL383550v2_alt	169178	605.0	0.0
# chr12_GL383552v1_alt	138655	223.0	0.0
# chr12_GL383553v2_alt	152874	449.0	0.0
# chr12_KI270834v1_alt	119498	646.0	0.0
# chr12_GL383551v1_alt	184319	283.0	0.0
# chr12_KI270833v1_alt	76061	239.0	0.0
# chr12_KI270836v1_alt	56134	228.0	0.0
# chr13_KI270840v1_alt	191684	808.0	0.0
# chr13_KI270839v1_alt	180306	391.0	0.0
# chr13_KI270843v1_alt	103832	62.0	0.0
# chr13_KI270841v1_alt	169134	115.0	0.0
# chr13_KI270838v1_alt	306913	773.0	0.0
# chr13_KI270842v1_alt	37287	133.0	0.0
# chr14_KI270844v1_alt	322166	960.0	0.0
# chr14_KI270847v1_alt	1511111	4850.0	0.0
# chr14_KI270845v1_alt	180703	574.0	0.0
# chr14_KI270846v1_alt	1351393	3135.0	0.0
# chr15_KI270852v1_alt	478999	1913.0	0.0
# chr15_KI270851v1_alt	263054	1499.0	0.0
# chr15_KI270848v1_alt	327382	1313.0	0.0
# chr15_GL383554v1_alt	296527	1175.0	0.0
# chr15_KI270849v1_alt	244917	1725.0	0.0
# chr15_GL383555v2_alt	388773	1983.0	0.0
# chr15_KI270850v1_alt	430880	4086.0	0.0
# chr16_KI270854v1_alt	134193	992.0	0.0
# chr16_KI270856v1_alt	63982	491.0	0.0
# chr16_KI270855v1_alt	232857	1581.0	0.0
# chr16_KI270853v1_alt	2659700	16759.0	0.0
# chr16_GL383556v1_alt	192462	695.0	0.0
# chr16_GL383557v1_alt	89672	598.0	0.0
# chr17_GL383563v3_alt	375691	1279.0	0.0
# chr17_KI270862v1_alt	391357	1499.0	0.0
# chr17_KI270861v1_alt	196688	1088.0	0.0
# chr17_KI270857v1_alt	2877074	15404.0	0.0
# chr17_JH159146v1_alt	278131	933.0	0.0
# chr17_JH159147v1_alt	70345	211.0	0.0
# chr17_GL383564v2_alt	133151	493.0	0.0
# chr17_GL000258v2_alt	1821992	7031.0	0.0
# chr17_GL383565v1_alt	223995	398.0	0.0
# chr17_KI270858v1_alt	235827	282.0	0.0
# chr17_KI270859v1_alt	108763	573.0	0.0
# chr17_GL383566v1_alt	90219	542.0	0.0
# chr17_KI270860v1_alt	178921	863.0	0.0
# chr18_KI270864v1_alt	111737	63.0	0.0
# chr18_GL383567v1_alt	289831	1042.0	0.0
# chr18_GL383570v1_alt	164789	262.0	0.0
# chr18_GL383571v1_alt	198278	216.0	0.0
# chr18_GL383568v1_alt	104552	138.0	0.0
# chr18_GL383569v1_alt	167950	246.0	0.0
# chr18_GL383572v1_alt	159547	269.0	0.0
# chr18_KI270863v1_alt	167999	518.0	0.0
# chr19_KI270868v1_alt	61734	437.0	0.0
# chr19_KI270865v1_alt	52969	317.0	0.0
# chr19_GL383573v1_alt	385657	880.0	0.0
# chr19_GL383575v2_alt	170222	691.0	0.0
# chr19_GL383576v1_alt	188024	315.0	0.0
# chr19_GL383574v1_alt	155864	1196.0	0.0
# chr19_KI270866v1_alt	43156	498.0	0.0
# chr19_KI270867v1_alt	233762	875.0	0.0
# chr19_GL949746v1_alt	987716	1525.0	0.0
# chr20_GL383577v2_alt	128386	364.0	0.0
# chr20_KI270869v1_alt	118774	533.0	0.0
# chr20_KI270871v1_alt	58661	265.0	0.0
# chr20_KI270870v1_alt	183433	978.0	0.0
# chr21_GL383578v2_alt	63917	446.0	0.0
# chr21_KI270874v1_alt	166743	266.0	0.0
# chr21_KI270873v1_alt	143900	632.0	0.0
# chr21_GL383579v2_alt	201197	843.0	0.0
# chr21_GL383580v2_alt	74653	457.0	0.0
# chr21_GL383581v2_alt	116689	1078.0	0.0
# chr21_KI270872v1_alt	82692	806.0	0.0
# chr22_KI270875v1_alt	259914	6939.0	0.0
# chr22_KI270878v1_alt	186262	1021.0	0.0
# chr22_KI270879v1_alt	304135	1886.0	0.0
# chr22_KI270876v1_alt	263666	1124.0	0.0
# chr22_KI270877v1_alt	101331	291.0	0.0
# chr22_GL383583v2_alt	96924	351.0	0.0
# chr22_GL383582v2_alt	162811	540.0	0.0
# chrX_KI270880v1_alt	284869	368.0	0.0
# chrX_KI270881v1_alt	144206	180.0	0.0
# chr19_KI270882v1_alt	248807	70.0	0.0
# chr19_KI270883v1_alt	170399	46.0	0.0
# chr19_KI270884v1_alt	157053	31.0	0.0
# chr19_KI270885v1_alt	171027	53.0	0.0
# chr19_KI270886v1_alt	204239	36.0	0.0
# chr19_KI270887v1_alt	209512	66.0	0.0
# chr19_KI270888v1_alt	155532	43.0	0.0
# chr19_KI270889v1_alt	170698	51.0	0.0
# chr19_KI270890v1_alt	184499	50.0	0.0
# chr19_KI270891v1_alt	170680	46.0	0.0
# chr1_KI270892v1_alt	162212	288.0	0.0
# chr2_KI270894v1_alt	214158	2191.0	0.0
# chr2_KI270893v1_alt	161218	443.0	0.0
# chr3_KI270895v1_alt	162896	636.0	0.0
# chr4_KI270896v1_alt	378547	1014.0	0.0
# chr5_KI270897v1_alt	1144418	5332.0	0.0
# chr5_KI270898v1_alt	130957	498.0	0.0
# chr6_GL000251v2_alt	4795265	13532.0	0.0
# chr7_KI270899v1_alt	190869	1056.0	0.0
# chr8_KI270901v1_alt	136959	482.0	0.0
# chr8_KI270900v1_alt	318687	819.0	0.0
# chr11_KI270902v1_alt	106711	422.0	0.0
# chr11_KI270903v1_alt	214625	775.0	0.0
# chr12_KI270904v1_alt	572349	1340.0	0.0
# chr15_KI270906v1_alt	196384	619.0	0.0
# chr15_KI270905v1_alt	5161414	20786.0	0.0
# chr17_KI270907v1_alt	137721	270.0	0.0
# chr17_KI270910v1_alt	157099	365.0	0.0
# chr17_KI270909v1_alt	325800	1023.0	0.0
# chr17_JH159148v1_alt	88070	148.0	0.0
# chr17_KI270908v1_alt	1423190	8057.0	0.0
# chr18_KI270912v1_alt	174061	259.0	0.0
# chr18_KI270911v1_alt	157710	282.0	0.0
# chr19_GL949747v2_alt	729520	890.0	0.0
# chr22_KB663609v1_alt	74013	162.0	0.0
# chrX_KI270913v1_alt	274009	368.0	0.0
# chr19_KI270914v1_alt	205194	62.0	0.0
# chr19_KI270915v1_alt	170665	53.0	0.0
# chr19_KI270916v1_alt	184516	56.0	0.0
# chr19_KI270917v1_alt	190932	74.0	0.0
# chr19_KI270918v1_alt	123111	29.0	0.0
# chr19_KI270919v1_alt	170701	50.0	0.0
# chr19_KI270920v1_alt	198005	77.0	0.0
# chr19_KI270921v1_alt	282224	87.0	0.0
# chr19_KI270922v1_alt	187935	88.0	0.0
# chr19_KI270923v1_alt	189352	89.0	0.0
# chr3_KI270924v1_alt	166540	618.0	0.0
# chr4_KI270925v1_alt	555799	951.0	0.0
# chr6_GL000252v2_alt	4604811	9932.0	0.0
# chr8_KI270926v1_alt	229282	1012.0	0.0
# chr11_KI270927v1_alt	218612	867.0	0.0
# chr19_GL949748v2_alt	1064304	563.0	0.0
# chr22_KI270928v1_alt	176103	505.0	0.0
# chr19_KI270929v1_alt	186203	118.0	0.0
# chr19_KI270930v1_alt	200773	70.0	0.0
# chr19_KI270931v1_alt	170148	42.0	0.0
# chr19_KI270932v1_alt	215732	70.0	0.0
# chr19_KI270933v1_alt	170537	64.0	0.0
# chr19_GL000209v2_alt	177381	55.0	0.0
# chr3_KI270934v1_alt	163458	621.0	0.0
# chr6_GL000253v2_alt	4677643	9067.0	0.0
# chr19_GL949749v2_alt	1091841	507.0	0.0
# chr3_KI270935v1_alt	197351	791.0	0.0
# chr6_GL000254v2_alt	4827813	9432.0	0.0
# chr19_GL949750v2_alt	1066390	543.0	0.0
# chr3_KI270936v1_alt	164170	608.0	0.0
# chr6_GL000255v2_alt	4606388	12897.0	0.0
# chr19_GL949751v2_alt	1002683	566.0	0.0
# chr3_KI270937v1_alt	165607	608.0	0.0
# chr6_GL000256v2_alt	4929269	10687.0	0.0
# chr19_GL949752v1_alt	987100	1750.0	0.0
# chr6_KI270758v1_alt	76752	64.0	0.0
# chr19_GL949753v2_alt	796479	1076.0	0.0
# chr19_KI270938v1_alt	1066800	1797.0	0.0
# chrM	16569	4285.0	0.0
# chrUn_KI270302v1	2274	10.0	0.0
# chrUn_KI270304v1	2165	20.0	0.0
# chrUn_KI270303v1	1942	36.0	0.0
# chrUn_KI270305v1	1472	6.0	0.0
# chrUn_KI270322v1	21476	50.0	0.0
# chrUn_KI270320v1	4416	74.0	0.0
# chrUn_KI270310v1	1201	28.0	0.0
# chrUn_KI270316v1	1444	20.0	0.0
# chrUn_KI270315v1	2276	16.0	0.0
# chrUn_KI270312v1	998	0.0	0.0
# chrUn_KI270311v1	12399	32.0	0.0
# chrUn_KI270317v1	37690	16.0	0.0
# chrUn_KI270412v1	1179	10.0	0.0
# chrUn_KI270411v1	2646	40.0	0.0
# chrUn_KI270414v1	2489	6.0	0.0
# chrUn_KI270419v1	1029	0.0	0.0
# chrUn_KI270418v1	2145	12.0	0.0
# chrUn_KI270420v1	2321	7.0	0.0
# chrUn_KI270424v1	2140	6.0	0.0
# chrUn_KI270417v1	2043	2.0	0.0
# chrUn_KI270422v1	1445	10.0	0.0
# chrUn_KI270423v1	981	12.0	0.0
# chrUn_KI270425v1	1884	4.0	0.0
# chrUn_KI270429v1	1361	6.0	0.0
# chrUn_KI270442v1	392061	4245.0	0.0
# chrUn_KI270466v1	1233	218.0	0.0
# chrUn_KI270465v1	1774	4.0	0.0
# chrUn_KI270467v1	3920	781.0	0.0
# chrUn_KI270435v1	92983	502.0	0.0
# chrUn_KI270438v1	112505	15023.0	0.0
# chrUn_KI270468v1	4055	19.0	0.0
# chrUn_KI270510v1	2415	16.0	0.0
# chrUn_KI270509v1	2318	11.0	0.0
# chrUn_KI270518v1	2186	18.0	0.0
# chrUn_KI270508v1	1951	24.0	0.0
# chrUn_KI270516v1	1300	8.0	0.0
# chrUn_KI270512v1	22689	88.0	0.0
# chrUn_KI270519v1	138126	798.0	0.0
# chrUn_KI270522v1	5674	24.0	0.0
# chrUn_KI270511v1	8127	44.0	0.0
# chrUn_KI270515v1	6361	57.0	0.0
# chrUn_KI270507v1	5353	63.0	0.0
# chrUn_KI270517v1	3253	41.0	0.0
# chrUn_KI270529v1	1899	1.0	0.0
# chrUn_KI270528v1	2983	7.0	0.0
# chrUn_KI270530v1	2168	11.0	0.0
# chrUn_KI270539v1	993	2.0	0.0
# chrUn_KI270538v1	91309	469.0	0.0
# chrUn_KI270544v1	1202	3.0	0.0
# chrUn_KI270548v1	1599	4.0	0.0
# chrUn_KI270583v1	1400	12.0	0.0
# chrUn_KI270587v1	2969	40.0	0.0
# chrUn_KI270580v1	1553	16.0	0.0
# chrUn_KI270581v1	7046	28.0	0.0
# chrUn_KI270579v1	31033	124.0	0.0
# chrUn_KI270589v1	44474	238.0	0.0
# chrUn_KI270590v1	4685	61.0	0.0
# chrUn_KI270584v1	4513	34.0	0.0
# chrUn_KI270582v1	6504	36.0	0.0
# chrUn_KI270588v1	6158	41.0	0.0
# chrUn_KI270593v1	3041	25.0	0.0
# chrUn_KI270591v1	5796	100.0	0.0
# chrUn_KI270330v1	1652	232.0	0.0
# chrUn_KI270329v1	1040	6.0	0.0
# chrUn_KI270334v1	1368	18.0	0.0
# chrUn_KI270333v1	2699	206.0	0.0
# chrUn_KI270335v1	1048	5.0	0.0
# chrUn_KI270338v1	1428	4.0	0.0
# chrUn_KI270340v1	1428	14.0	0.0
# chrUn_KI270336v1	1026	69.0	0.0
# chrUn_KI270337v1	1121	110.0	0.0
# chrUn_KI270363v1	1803	2.0	0.0
# chrUn_KI270364v1	2855	2.0	0.0
# chrUn_KI270362v1	3530	6.0	0.0
# chrUn_KI270366v1	8320	30.0	0.0
# chrUn_KI270378v1	1048	2.0	0.0
# chrUn_KI270379v1	1045	2.0	0.0
# chrUn_KI270389v1	1298	6.0	0.0
# chrUn_KI270390v1	2387	13.0	0.0
# chrUn_KI270387v1	1537	14.0	0.0
# chrUn_KI270395v1	1143	16.0	0.0
# chrUn_KI270396v1	1880	16.0	0.0
# chrUn_KI270388v1	1216	6.0	0.0
# chrUn_KI270394v1	970	2.0	0.0
# chrUn_KI270386v1	1788	17.0	0.0
# chrUn_KI270391v1	1484	10.0	0.0
# chrUn_KI270383v1	1750	8.0	0.0
# chrUn_KI270393v1	1308	2.0	0.0
# chrUn_KI270384v1	1658	8.0	0.0
# chrUn_KI270392v1	971	2.0	0.0
# chrUn_KI270381v1	1930	4.0	0.0
# chrUn_KI270385v1	990	4.0	0.0
# chrUn_KI270382v1	4215	12.0	0.0
# chrUn_KI270376v1	1136	0.0	0.0
# chrUn_KI270374v1	2656	4.0	0.0
# chrUn_KI270372v1	1650	0.0	0.0
# chrUn_KI270373v1	1451	2.0	0.0
# chrUn_KI270375v1	2378	7.0	0.0
# chrUn_KI270371v1	2805	0.0	0.0
# chrUn_KI270448v1	7992	43.0	0.0
# chrUn_KI270521v1	7642	30.0	0.0
# chrUn_GL000195v1	182896	3363.0	0.0
# chrUn_GL000219v1	179198	4179.0	0.0
# chrUn_GL000220v1	161802	12661.0	0.0
# chrUn_GL000224v1	179693	7397.0	0.0
# chrUn_KI270741v1	157432	1931.0	0.0
# chrUn_GL000226v1	15008	181.0	0.0
# chrUn_GL000213v1	164239	406.0	0.0
# chrUn_KI270743v1	210658	2747.0	0.0
# chrUn_KI270744v1	168472	5962.0	0.0
# chrUn_KI270745v1	41891	580.0	0.0
# chrUn_KI270746v1	66486	635.0	0.0
# chrUn_KI270747v1	198735	972.0	0.0
# chrUn_KI270748v1	93321	797.0	0.0
# chrUn_KI270749v1	158759	537.0	0.0
# chrUn_KI270750v1	148850	791.0	0.0
# chrUn_KI270751v1	150742	2994.0	0.0
# chrUn_KI270752v1	27745	0.0	0.0
# chrUn_KI270753v1	62944	331.0	0.0
# chrUn_KI270754v1	40191	1488.0	0.0
# chrUn_KI270755v1	36723	62.0	0.0
# chrUn_KI270756v1	79590	602.0	0.0
# chrUn_KI270757v1	71251	599.0	0.0
# chrUn_GL000214v1	137718	4418.0	0.0
# chrUn_KI270742v1	186739	6945.0	0.0
# chrUn_GL000216v2	176608	5541.0	0.0
# chrUn_GL000218v1	161147	3142.0	0.0
# chrX	156040895	640243.0	0.0
# chrY	57227415	23941.0	0.0
# chrY_KI270740v1_random	37240	1.0	0.0
# Total Genome Size: 3.209286105E9	Total Aligned Tags: 2.2813829E7
# bwa	# 0.7.17-r1188
# bwa mem -t 8 -v 1 /storage/group/bfp2/default/00_pughlab/tool_data/hg38/bwa_mem_index/hg38/hg38.fa /storage/group/bfp2/default/00_pughlab/pulsar/files/staging/789214/inputs/419-25769_S45_R1_001.fastq.gz /storage/group/bfp2/default/00_pughlab/pulsar/files/staging/789214/inputs/419-25769_S45_R2_001.fastq.gz
# MarkDuplicates	# 2.18.2-SNAPSHOT
# MarkDuplicates TAGGING_POLICY=All INPUT=[Map_with_BWA-MEM_on_data_4_and_data_3__mapped_reads_in_BAM_format_] OUTPUT=/storage/group/bfp2/default/00_pughlab/pulsar/files/staging/789218/outputs/dataset_934c00a5-b8f5-41dd-b72c-3e2928089443.dat METRICS_FILE=/storage/group/bfp2/default/00_pughlab/pulsar/files/staging/789218/outputs/dataset_9c9f9064-4c92-4677-8b0a-624ea03e6013.dat REMOVE_DUPLICATES=false ASSUME_SORTED=true DUPLICATE_SCORING_STRATEGY=SUM_OF_BASE_QUALITIES READ_NAME_REGEX=[a-zA-Z0-9]+:[0-9]:([0-9]+):([0-9]+):([0-9]+).*. OPTICAL_DUPLICATE_PIXEL_DISTANCE=100 VERBOSITY=ERROR QUIET=true VALIDATION_STRINGENCY=LENIENT    MAX_SEQUENCES_FOR_DISK_READ_ENDS_MAP=50000 MAX_FILE_HANDLES_FOR_READ_ENDS_MAP=8000 SORTING_COLLECTION_SIZE_RATIO=0.25 TAG_DUPLICATE_SET_MEMBERS=false REMOVE_SEQUENCING_DUPLICATES=false CLEAR_DT=true ADD_PG_TAG_TO_READS=true PROGRAM_RECORD_ID=MarkDuplicates PROGRAM_GROUP_NAME=MarkDuplicates MAX_OPTICAL_DUPLICATE_SET_SIZE=300000 COMPRESSION_LEVEL=5 MAX_RECORDS_IN_RAM=500000 CREATE_INDEX=false CREATE_MD5_FILE=false GA4GH_CLIENT_SECRETS=client_secrets.json USE_JDK_DEFLATER=false USE_JDK_INFLATER=false
# Average Insert Size: 107.58333672800364
# Median Insert Size: 102.0
# Mode Insert Size: 80.0
# Std deviation of Insert Size: 34.97510881705293
# Number of ReadPairs: 1.1120373E7
# Histogram
# Size (bp)	Frequency
0	0.0
1	0.0
2	73.0
3	68.0
4	88.0
5	76.0
6	87.0
7	68.0
8	62.0
9	83.0
10	88.0
11	76.0
12	54.0
13	83.0
14	124.0
15	106.0
16	130.0
17	111.0
18	165.0
19	350.0
20	283.0
21	279.0
22	296.0
23	250.0
24	299.0
25	304.0
26	317.0
27	326.0
28	457.0
29	476.0
30	595.0
31	553.0
32	477.0
33	489.0
34	604.0
35	594.0
36	910.0
37	1638.0
38	4783.0
39	10064.0
40	9956.0
41	5630.0
42	2065.0
43	1384.0
44	1510.0
45	1701.0
46	2647.0
47	5073.0
48	17054.0
49	52629.0
50	79974.0
51	45410.0
52	11319.0
53	4263.0
54	4085.0
55	4944.0
56	7948.0
57	18461.0
58	58277.0
59	136219.0
60	170379.0
61	116084.0
62	41933.0
63	11428.0
64	7973.0
65	8285.0
66	10001.0
67	16805.0
68	64301.0
69	199215.0
70	322287.0
71	243897.0
72	87158.0
73	21463.0
74	12322.0
75	11628.0
76	14207.0
77	29961.0
78	94623.0
79	234089.0
80	364434.0
81	339980.0
82	177314.0
83	59868.0
84	25474.0
85	18155.0
86	19198.0
87	32201.0
88	80195.0
89	192235.0
90	312267.0
91	337722.0
92	229791.0
93	105629.0
94	48181.0
95	32288.0
96	35614.0
97	59835.0
98	116336.0
99	198041.0
100	269884.0
101	277701.0
102	208996.0
103	122795.0
104	69523.0
105	47317.0
106	42957.0
107	53148.0
108	85598.0
109	143870.0
110	206151.0
111	232661.0
112	192912.0
113	118647.0
114	67041.0
115	47003.0
116	41826.0
117	50032.0
118	72888.0
119	106618.0
120	143588.0
121	166469.0
122	156328.0
123	117801.0
124	74764.0
125	49587.0
126	40827.0
127	44637.0
128	60467.0
129	86214.0
130	112556.0
131	126443.0
132	121711.0
133	103362.0
134	76730.0
135	56002.0
136	46081.0
137	48278.0
138	59400.0
139	75418.0
140	87920.0
141	91446.0
142	85846.0
143	73237.0
144	62374.0
145	52315.0
146	44632.0
147	42441.0
148	45350.0
149	50954.0
150	56128.0
151	57486.0
152	54584.0
153	48920.0
154	43945.0
155	39236.0
156	37226.0
157	36745.0
158	36964.0
159	37489.0
160	37032.0
161	35323.0
162	32848.0
163	30688.0
164	28172.0
165	26449.0
166	24289.0
167	23318.0
168	22871.0
169	22176.0
170	21467.0
171	19822.0
172	18613.0
173	17654.0
174	16360.0
175	15228.0
176	14489.0
177	14238.0
178	13757.0
179	13227.0
180	13063.0
181	12101.0
182	11078.0
183	10544.0
184	9537.0
185	9216.0
186	9088.0
187	8620.0
188	8512.0
189	8513.0
190	8167.0
191	7773.0
192	7190.0
193	6695.0
194	6159.0
195	5894.0
196	5708.0
197	5656.0
198	5842.0
199	5885.0
200	5694.0
201	5490.0
202	4994.0
203	4600.0
204	4268.0
205	4044.0
206	3813.0
207	3752.0
208	3928.0
209	4336.0
210	4327.0
211	4200.0
212	3944.0
213	3537.0
214	3165.0
215	2946.0
216	2682.0
217	2748.0
218	2952.0
219	3239.0
220	3338.0
221	3514.0
222	3320.0
223	3009.0
224	2746.0
225	2436.0
226	2355.0
227	2236.0
228	2411.0
229	2520.0
230	2795.0
231	3073.0
232	2931.0
233	2668.0
234	2408.0
235	2212.0
236	2003.0
237	1978.0
238	2063.0
239	2297.0
240	2507.0
241	2583.0
242	2654.0
243	2472.0
244	2252.0
245	2040.0
246	1908.0
247	1808.0
248	1793.0
249	1972.0
250	2176.0
251	2374.0
252	2343.0
253	2267.0
254	2115.0
255	1944.0
256	1779.0
257	1752.0
258	1661.0
259	1700.0
260	1923.0
261	2027.0
262	2208.0
263	2114.0
264	1930.0
265	1766.0
266	1643.0
267	1581.0
268	1575.0
269	1601.0
270	1578.0
271	1678.0
272	2184.0
273	1530.0
274	0.0
275	0.0
276	0.0
277	0.0
278	0.0
279	0.0
280	0.0
281	0.0
282	0.0
283	0.0
284	0.0
285	0.0
286	0.0
287	0.0
288	0.0
289	0.0
290	0.0
291	0.0
292	0.0
293	0.0
294	0.0
295	0.0
296	0.0
297	0.0
298	0.0
299	0.0
300	0.0
301	0.0
302	0.0
303	0.0
304	0.0
305	0.0
306	0.0
307	0.0
308	0.0
309	0.0
310	0.0
311	0.0
312	0.0
313	0.0
314	0.0
315	0.0
316	0.0
317	0.0
318	0.0
319	0.0
320	0.0
321	0.0
322	0.0
323	0.0
324	0.0
325	0.0
326	0.0
327	0.0
328	0.0
329	0.0
330	0.0
331	0.0
332	0.0
333	0.0
334	0.0
335	0.0
336	0.0
337	0.0
338	0.0
339	0.0
340	0.0
