# 2025-03-25 20:04:34.233
# DNase-FLASH_SRR801881.bam
# Chromosome_ID	Chromosome_Size	Aligned_Reads	Unaligned_Reads
# chr1	248956422	2.8860417E7	0.0
# chr10	133797422	1.4737281E7	0.0
# chr11	135086622	1.5728671E7	0.0
# chr11_KI270721v1_random	100316	624.0	0.0
# chr12	133275309	1.5492436E7	0.0
# chr13	114364328	8004413.0	0.0
# chr14	107043718	9494090.0	0.0
# chr14_GL000009v2_random	201709	3028.0	0.0
# chr14_GL000225v1_random	211173	47554.0	0.0
# chr14_KI270722v1_random	194050	1246.0	0.0
# chr14_GL000194v1_random	191469	5704.0	0.0
# chr14_KI270723v1_random	38115	1531.0	0.0
# chr14_KI270724v1_random	39555	1029.0	0.0
# chr14_KI270725v1_random	172810	2102.0	0.0
# chr14_KI270726v1_random	43739	534.0	0.0
# chr15	101991189	9469561.0	0.0
# chr15_KI270727v1_random	448248	0.0	0.0
# chr16	90338345	9659761.0	0.0
# chr16_KI270728v1_random	1872759	2047.0	0.0
# chr17	83257441	1.2094358E7	0.0
# chr17_GL000205v2_random	185591	23265.0	0.0
# chr17_KI270729v1_random	280839	12783.0	0.0
# chr17_KI270730v1_random	112551	2739.0	0.0
# chr18	80373285	6655456.0	0.0
# chr19	58617616	1.0710289E7	0.0
# chr1_KI270706v1_random	175055	3145.0	0.0
# chr1_KI270707v1_random	32032	484.0	0.0
# chr1_KI270708v1_random	127682	1171.0	0.0
# chr1_KI270709v1_random	66860	4255.0	0.0
# chr1_KI270710v1_random	40176	346.0	0.0
# chr1_KI270711v1_random	42210	2379.0	0.0
# chr1_KI270712v1_random	176043	1973.0	0.0
# chr1_KI270713v1_random	40745	9022.0	0.0
# chr1_KI270714v1_random	41717	1226.0	0.0
# chr2	242193529	2.5498938E7	0.0
# chr20	64444167	7821945.0	0.0
# chr21	46709983	3264257.0	0.0
# chr22	50818468	5184848.0	0.0
# chr22_KI270731v1_random	150754	825.0	0.0
# chr22_KI270732v1_random	41543	978.0	0.0
# chr22_KI270733v1_random	179772	64262.0	0.0
# chr22_KI270734v1_random	165050	978.0	0.0
# chr22_KI270735v1_random	42811	1940.0	0.0
# chr22_KI270736v1_random	181920	12070.0	0.0
# chr22_KI270737v1_random	103838	709.0	0.0
# chr22_KI270738v1_random	99375	2733.0	0.0
# chr22_KI270739v1_random	73985	318.0	0.0
# chr2_KI270715v1_random	161471	1049.0	0.0
# chr2_KI270716v1_random	153799	1679.0	0.0
# chr3	198295559	2.112364E7	0.0
# chr3_GL000221v1_random	155397	764.0	0.0
# chr4	190214555	1.5853744E7	0.0
# chr4_GL000008v2_random	209709	3550.0	0.0
# chr5	181538259	1.7832499E7	0.0
# chr5_GL000208v1_random	92689	2405.0	0.0
# chr6	170805979	1.7446408E7	0.0
# chr7	159345973	1.5592808E7	0.0
# chr8	145138636	1.4165424E7	0.0
# chr9	138394717	1.3384217E7	0.0
# chr9_KI270717v1_random	40062	512.0	0.0
# chr9_KI270718v1_random	38054	379.0	0.0
# chr9_KI270719v1_random	176845	2490.0	0.0
# chr9_KI270720v1_random	39050	1164.0	0.0
# chr1_KI270762v1_alt	354444	345.0	0.0
# chr1_KI270766v1_alt	256271	225.0	0.0
# chr1_KI270760v1_alt	109528	588.0	0.0
# chr1_KI270765v1_alt	185285	503.0	0.0
# chr1_GL383518v1_alt	182439	26.0	0.0
# chr1_GL383519v1_alt	110268	8.0	0.0
# chr1_GL383520v2_alt	366580	25.0	0.0
# chr1_KI270764v1_alt	50258	107.0	0.0
# chr1_KI270763v1_alt	911658	513.0	0.0
# chr1_KI270759v1_alt	425601	294.0	0.0
# chr1_KI270761v1_alt	165834	16.0	0.0
# chr2_KI270770v1_alt	136240	89.0	0.0
# chr2_KI270773v1_alt	70887	36.0	0.0
# chr2_KI270774v1_alt	223625	643.0	0.0
# chr2_KI270769v1_alt	120616	10.0	0.0
# chr2_GL383521v1_alt	143390	126.0	0.0
# chr2_KI270772v1_alt	133041	2705.0	0.0
# chr2_KI270775v1_alt	138019	94.0	0.0
# chr2_KI270771v1_alt	110395	2.0	0.0
# chr2_KI270768v1_alt	110099	480.0	0.0
# chr2_GL582966v2_alt	96131	6.0	0.0
# chr2_GL383522v1_alt	123821	1188.0	0.0
# chr2_KI270776v1_alt	174166	180.0	0.0
# chr2_KI270767v1_alt	161578	4.0	0.0
# chr3_JH636055v2_alt	173151	199.0	0.0
# chr3_KI270783v1_alt	109187	134.0	0.0
# chr3_KI270780v1_alt	224108	939.0	0.0
# chr3_GL383526v1_alt	180671	356.0	0.0
# chr3_KI270777v1_alt	173649	557.0	0.0
# chr3_KI270778v1_alt	248252	14.0	0.0
# chr3_KI270781v1_alt	113034	482.0	0.0
# chr3_KI270779v1_alt	205312	61.0	0.0
# chr3_KI270782v1_alt	162429	353.0	0.0
# chr3_KI270784v1_alt	184404	247.0	0.0
# chr4_KI270790v1_alt	220246	6.0	0.0
# chr4_GL383528v1_alt	376187	8.0	0.0
# chr4_KI270787v1_alt	111943	274.0	0.0
# chr4_GL000257v2_alt	586476	1106.0	0.0
# chr4_KI270788v1_alt	158965	570.0	0.0
# chr4_GL383527v1_alt	164536	4538.0	0.0
# chr4_KI270785v1_alt	119912	364.0	0.0
# chr4_KI270789v1_alt	205944	56.0	0.0
# chr4_KI270786v1_alt	244096	30.0	0.0
# chr5_KI270793v1_alt	126136	6.0	0.0
# chr5_KI270792v1_alt	179043	381.0	0.0
# chr5_KI270791v1_alt	195710	46.0	0.0
# chr5_GL383532v1_alt	82728	260.0	0.0
# chr5_GL949742v1_alt	226852	331.0	0.0
# chr5_KI270794v1_alt	164558	323.0	0.0
# chr5_GL339449v2_alt	1612928	1123.0	0.0
# chr5_GL383530v1_alt	101241	308.0	0.0
# chr5_KI270796v1_alt	172708	6.0	0.0
# chr5_GL383531v1_alt	173459	117.0	0.0
# chr5_KI270795v1_alt	131892	784.0	0.0
# chr6_GL000250v2_alt	4672374	394.0	0.0
# chr6_KI270800v1_alt	175808	27.0	0.0
# chr6_KI270799v1_alt	152148	393.0	0.0
# chr6_GL383533v1_alt	124736	1796.0	0.0
# chr6_KI270801v1_alt	870480	426.0	0.0
# chr6_KI270802v1_alt	75005	166.0	0.0
# chr6_KB021644v2_alt	185823	11.0	0.0
# chr6_KI270797v1_alt	197536	139.0	0.0
# chr6_KI270798v1_alt	271782	226.0	0.0
# chr7_KI270804v1_alt	157952	1297.0	0.0
# chr7_KI270809v1_alt	209586	111.0	0.0
# chr7_KI270806v1_alt	158166	229.0	0.0
# chr7_GL383534v2_alt	119183	5.0	0.0
# chr7_KI270803v1_alt	1111570	8836.0	0.0
# chr7_KI270808v1_alt	271455	120.0	0.0
# chr7_KI270807v1_alt	126434	34.0	0.0
# chr7_KI270805v1_alt	209988	212.0	0.0
# chr8_KI270818v1_alt	145606	48.0	0.0
# chr8_KI270812v1_alt	282736	10.0	0.0
# chr8_KI270811v1_alt	292436	92.0	0.0
# chr8_KI270821v1_alt	985506	1658.0	0.0
# chr8_KI270813v1_alt	300230	292.0	0.0
# chr8_KI270822v1_alt	624492	653.0	0.0
# chr8_KI270814v1_alt	141812	2.0	0.0
# chr8_KI270810v1_alt	374415	238.0	0.0
# chr8_KI270819v1_alt	133535	909.0	0.0
# chr8_KI270820v1_alt	36640	680.0	0.0
# chr8_KI270817v1_alt	158983	137.0	0.0
# chr8_KI270816v1_alt	305841	298.0	0.0
# chr8_KI270815v1_alt	132244	154.0	0.0
# chr9_GL383539v1_alt	162988	22.0	0.0
# chr9_GL383540v1_alt	71551	0.0	0.0
# chr9_GL383541v1_alt	171286	261.0	0.0
# chr9_GL383542v1_alt	60032	970.0	0.0
# chr9_KI270823v1_alt	439082	431.0	0.0
# chr10_GL383545v1_alt	179254	1598.0	0.0
# chr10_KI270824v1_alt	181496	62.0	0.0
# chr10_GL383546v1_alt	309802	100.0	0.0
# chr10_KI270825v1_alt	188315	12.0	0.0
# chr11_KI270832v1_alt	210133	1025.0	0.0
# chr11_KI270830v1_alt	177092	3035.0	0.0
# chr11_KI270831v1_alt	296895	1951.0	0.0
# chr11_KI270829v1_alt	204059	761.0	0.0
# chr11_GL383547v1_alt	154407	230.0	0.0
# chr11_JH159136v1_alt	200998	242.0	0.0
# chr11_JH159137v1_alt	191409	369.0	0.0
# chr11_KI270827v1_alt	67707	359.0	0.0
# chr11_KI270826v1_alt	186169	214.0	0.0
# chr12_GL877875v1_alt	167313	1047.0	0.0
# chr12_GL877876v1_alt	408271	285.0	0.0
# chr12_KI270837v1_alt	40090	27.0	0.0
# chr12_GL383549v1_alt	120804	31.0	0.0
# chr12_KI270835v1_alt	238139	553.0	0.0
# chr12_GL383550v2_alt	169178	767.0	0.0
# chr12_GL383552v1_alt	138655	265.0	0.0
# chr12_GL383553v2_alt	152874	60.0	0.0
# chr12_KI270834v1_alt	119498	60.0	0.0
# chr12_GL383551v1_alt	184319	65.0	0.0
# chr12_KI270833v1_alt	76061	88.0	0.0
# chr12_KI270836v1_alt	56134	94.0	0.0
# chr13_KI270840v1_alt	191684	39.0	0.0
# chr13_KI270839v1_alt	180306	278.0	0.0
# chr13_KI270843v1_alt	103832	65.0	0.0
# chr13_KI270841v1_alt	169134	247.0	0.0
# chr13_KI270838v1_alt	306913	33.0	0.0
# chr13_KI270842v1_alt	37287	15.0	0.0
# chr14_KI270844v1_alt	322166	571.0	0.0
# chr14_KI270847v1_alt	1511111	266.0	0.0
# chr14_KI270845v1_alt	180703	514.0	0.0
# chr14_KI270846v1_alt	1351393	356.0	0.0
# chr15_KI270852v1_alt	478999	8.0	0.0
# chr15_KI270851v1_alt	263054	176.0	0.0
# chr15_KI270848v1_alt	327382	592.0	0.0
# chr15_GL383554v1_alt	296527	4.0	0.0
# chr15_KI270849v1_alt	244917	621.0	0.0
# chr15_GL383555v2_alt	388773	1165.0	0.0
# chr15_KI270850v1_alt	430880	2026.0	0.0
# chr16_KI270854v1_alt	134193	140.0	0.0
# chr16_KI270856v1_alt	63982	503.0	0.0
# chr16_KI270855v1_alt	232857	83.0	0.0
# chr16_KI270853v1_alt	2659700	6354.0	0.0
# chr16_GL383556v1_alt	192462	495.0	0.0
# chr16_GL383557v1_alt	89672	1161.0	0.0
# chr17_GL383563v3_alt	375691	1004.0	0.0
# chr17_KI270862v1_alt	391357	885.0	0.0
# chr17_KI270861v1_alt	196688	193.0	0.0
# chr17_KI270857v1_alt	2877074	7323.0	0.0
# chr17_JH159146v1_alt	278131	144.0	0.0
# chr17_JH159147v1_alt	70345	261.0	0.0
# chr17_GL383564v2_alt	133151	18.0	0.0
# chr17_GL000258v2_alt	1821992	586.0	0.0
# chr17_GL383565v1_alt	223995	5.0	0.0
# chr17_KI270858v1_alt	235827	31.0	0.0
# chr17_KI270859v1_alt	108763	497.0	0.0
# chr17_GL383566v1_alt	90219	117.0	0.0
# chr17_KI270860v1_alt	178921	2211.0	0.0
# chr18_KI270864v1_alt	111737	273.0	0.0
# chr18_GL383567v1_alt	289831	412.0	0.0
# chr18_GL383570v1_alt	164789	56.0	0.0
# chr18_GL383571v1_alt	198278	1089.0	0.0
# chr18_GL383568v1_alt	104552	572.0	0.0
# chr18_GL383569v1_alt	167950	32.0	0.0
# chr18_GL383572v1_alt	159547	30.0	0.0
# chr18_KI270863v1_alt	167999	144.0	0.0
# chr19_KI270868v1_alt	61734	1391.0	0.0
# chr19_KI270865v1_alt	52969	65.0	0.0
# chr19_GL383573v1_alt	385657	512.0	0.0
# chr19_GL383575v2_alt	170222	77.0	0.0
# chr19_GL383576v1_alt	188024	14.0	0.0
# chr19_GL383574v1_alt	155864	671.0	0.0
# chr19_KI270866v1_alt	43156	790.0	0.0
# chr19_KI270867v1_alt	233762	65.0	0.0
# chr19_GL949746v1_alt	987716	321.0	0.0
# chr20_GL383577v2_alt	128386	847.0	0.0
# chr20_KI270869v1_alt	118774	247.0	0.0
# chr20_KI270871v1_alt	58661	125.0	0.0
# chr20_KI270870v1_alt	183433	113.0	0.0
# chr21_GL383578v2_alt	63917	1069.0	0.0
# chr21_KI270874v1_alt	166743	108.0	0.0
# chr21_KI270873v1_alt	143900	189.0	0.0
# chr21_GL383579v2_alt	201197	41.0	0.0
# chr21_GL383580v2_alt	74653	1056.0	0.0
# chr21_GL383581v2_alt	116689	600.0	0.0
# chr21_KI270872v1_alt	82692	93.0	0.0
# chr22_KI270875v1_alt	259914	972.0	0.0
# chr22_KI270878v1_alt	186262	1287.0	0.0
# chr22_KI270879v1_alt	304135	13664.0	0.0
# chr22_KI270876v1_alt	263666	870.0	0.0
# chr22_KI270877v1_alt	101331	358.0	0.0
# chr22_GL383583v2_alt	96924	99.0	0.0
# chr22_GL383582v2_alt	162811	172.0	0.0
# chrX_KI270880v1_alt	284869	477.0	0.0
# chrX_KI270881v1_alt	144206	537.0	0.0
# chr19_KI270882v1_alt	248807	2.0	0.0
# chr19_KI270883v1_alt	170399	0.0	0.0
# chr19_KI270884v1_alt	157053	0.0	0.0
# chr19_KI270885v1_alt	171027	0.0	0.0
# chr19_KI270886v1_alt	204239	0.0	0.0
# chr19_KI270887v1_alt	209512	0.0	0.0
# chr19_KI270888v1_alt	155532	0.0	0.0
# chr19_KI270889v1_alt	170698	0.0	0.0
# chr19_KI270890v1_alt	184499	0.0	0.0
# chr19_KI270891v1_alt	170680	2.0	0.0
# chr1_KI270892v1_alt	162212	8.0	0.0
# chr2_KI270894v1_alt	214158	1548.0	0.0
# chr2_KI270893v1_alt	161218	13.0	0.0
# chr3_KI270895v1_alt	162896	129.0	0.0
# chr4_KI270896v1_alt	378547	462.0	0.0
# chr5_KI270897v1_alt	1144418	585.0	0.0
# chr5_KI270898v1_alt	130957	52.0	0.0
# chr6_GL000251v2_alt	4795265	4872.0	0.0
# chr7_KI270899v1_alt	190869	261.0	0.0
# chr8_KI270901v1_alt	136959	202.0	0.0
# chr8_KI270900v1_alt	318687	407.0	0.0
# chr11_KI270902v1_alt	106711	194.0	0.0
# chr11_KI270903v1_alt	214625	518.0	0.0
# chr12_KI270904v1_alt	572349	519.0	0.0
# chr15_KI270906v1_alt	196384	26.0	0.0
# chr15_KI270905v1_alt	5161414	12509.0	0.0
# chr17_KI270907v1_alt	137721	207.0	0.0
# chr17_KI270910v1_alt	157099	40.0	0.0
# chr17_KI270909v1_alt	325800	308.0	0.0
# chr17_JH159148v1_alt	88070	98.0	0.0
# chr17_KI270908v1_alt	1423190	1709.0	0.0
# chr18_KI270912v1_alt	174061	18.0	0.0
# chr18_KI270911v1_alt	157710	10.0	0.0
# chr19_GL949747v2_alt	729520	100.0	0.0
# chr22_KB663609v1_alt	74013	2.0	0.0
# chrX_KI270913v1_alt	274009	190.0	0.0
# chr19_KI270914v1_alt	205194	0.0	0.0
# chr19_KI270915v1_alt	170665	0.0	0.0
# chr19_KI270916v1_alt	184516	0.0	0.0
# chr19_KI270917v1_alt	190932	0.0	0.0
# chr19_KI270918v1_alt	123111	0.0	0.0
# chr19_KI270919v1_alt	170701	0.0	0.0
# chr19_KI270920v1_alt	198005	0.0	0.0
# chr19_KI270921v1_alt	282224	0.0	0.0
# chr19_KI270922v1_alt	187935	31.0	0.0
# chr19_KI270923v1_alt	189352	8.0	0.0
# chr3_KI270924v1_alt	166540	93.0	0.0
# chr4_KI270925v1_alt	555799	410.0	0.0
# chr6_GL000252v2_alt	4604811	2592.0	0.0
# chr8_KI270926v1_alt	229282	546.0	0.0
# chr11_KI270927v1_alt	218612	534.0	0.0
# chr19_GL949748v2_alt	1064304	2.0	0.0
# chr22_KI270928v1_alt	176103	6.0	0.0
# chr19_KI270929v1_alt	186203	2.0	0.0
# chr19_KI270930v1_alt	200773	4.0	0.0
# chr19_KI270931v1_alt	170148	0.0	0.0
# chr19_KI270932v1_alt	215732	2.0	0.0
# chr19_KI270933v1_alt	170537	0.0	0.0
# chr19_GL000209v2_alt	177381	0.0	0.0
# chr3_KI270934v1_alt	163458	18.0	0.0
# chr6_GL000253v2_alt	4677643	3239.0	0.0
# chr19_GL949749v2_alt	1091841	2.0	0.0
# chr3_KI270935v1_alt	197351	18.0	0.0
# chr6_GL000254v2_alt	4827813	3591.0	0.0
# chr19_GL949750v2_alt	1066390	2.0	0.0
# chr3_KI270936v1_alt	164170	14.0	0.0
# chr6_GL000255v2_alt	4606388	2976.0	0.0
# chr19_GL949751v2_alt	1002683	0.0	0.0
# chr3_KI270937v1_alt	165607	68.0	0.0
# chr6_GL000256v2_alt	4929269	3046.0	0.0
# chr19_GL949752v1_alt	987100	1873.0	0.0
# chr6_KI270758v1_alt	76752	8.0	0.0
# chr19_GL949753v2_alt	796479	20.0	0.0
# chr19_KI270938v1_alt	1066800	103.0	0.0
# chrM	16569	3923267.0	0.0
# chrUn_KI270302v1	2274	23.0	0.0
# chrUn_KI270304v1	2165	75.0	0.0
# chrUn_KI270303v1	1942	89.0	0.0
# chrUn_KI270305v1	1472	16.0	0.0
# chrUn_KI270322v1	21476	109.0	0.0
# chrUn_KI270320v1	4416	116.0	0.0
# chrUn_KI270310v1	1201	76.0	0.0
# chrUn_KI270316v1	1444	75.0	0.0
# chrUn_KI270315v1	2276	90.0	0.0
# chrUn_KI270312v1	998	29.0	0.0
# chrUn_KI270311v1	12399	162.0	0.0
# chrUn_KI270317v1	37690	239.0	0.0
# chrUn_KI270412v1	1179	29.0	0.0
# chrUn_KI270411v1	2646	101.0	0.0
# chrUn_KI270414v1	2489	26.0	0.0
# chrUn_KI270419v1	1029	18.0	0.0
# chrUn_KI270418v1	2145	44.0	0.0
# chrUn_KI270420v1	2321	75.0	0.0
# chrUn_KI270424v1	2140	77.0	0.0
# chrUn_KI270417v1	2043	45.0	0.0
# chrUn_KI270422v1	1445	4.0	0.0
# chrUn_KI270423v1	981	6.0	0.0
# chrUn_KI270425v1	1884	10.0	0.0
# chrUn_KI270429v1	1361	91.0	0.0
# chrUn_KI270442v1	392061	21362.0	0.0
# chrUn_KI270466v1	1233	2731.0	0.0
# chrUn_KI270465v1	1774	151.0	0.0
# chrUn_KI270467v1	3920	11333.0	0.0
# chrUn_KI270435v1	92983	3045.0	0.0
# chrUn_KI270438v1	112505	34578.0	0.0
# chrUn_KI270468v1	4055	220.0	0.0
# chrUn_KI270510v1	2415	155.0	0.0
# chrUn_KI270509v1	2318	233.0	0.0
# chrUn_KI270518v1	2186	213.0	0.0
# chrUn_KI270508v1	1951	167.0	0.0
# chrUn_KI270516v1	1300	122.0	0.0
# chrUn_KI270512v1	22689	479.0	0.0
# chrUn_KI270519v1	138126	5104.0	0.0
# chrUn_KI270522v1	5674	251.0	0.0
# chrUn_KI270511v1	8127	266.0	0.0
# chrUn_KI270515v1	6361	596.0	0.0
# chrUn_KI270507v1	5353	467.0	0.0
# chrUn_KI270517v1	3253	288.0	0.0
# chrUn_KI270529v1	1899	18.0	0.0
# chrUn_KI270528v1	2983	12.0	0.0
# chrUn_KI270530v1	2168	46.0	0.0
# chrUn_KI270539v1	993	1.0	0.0
# chrUn_KI270538v1	91309	4885.0	0.0
# chrUn_KI270544v1	1202	18.0	0.0
# chrUn_KI270548v1	1599	0.0	0.0
# chrUn_KI270583v1	1400	98.0	0.0
# chrUn_KI270587v1	2969	284.0	0.0
# chrUn_KI270580v1	1553	80.0	0.0
# chrUn_KI270581v1	7046	2.0	0.0
# chrUn_KI270579v1	31033	30.0	0.0
# chrUn_KI270589v1	44474	727.0	0.0
# chrUn_KI270590v1	4685	547.0	0.0
# chrUn_KI270584v1	4513	345.0	0.0
# chrUn_KI270582v1	6504	26.0	0.0
# chrUn_KI270588v1	6158	325.0	0.0
# chrUn_KI270593v1	3041	146.0	0.0
# chrUn_KI270591v1	5796	445.0	0.0
# chrUn_KI270330v1	1652	219.0	0.0
# chrUn_KI270329v1	1040	0.0	0.0
# chrUn_KI270334v1	1368	0.0	0.0
# chrUn_KI270333v1	2699	3428.0	0.0
# chrUn_KI270335v1	1048	0.0	0.0
# chrUn_KI270338v1	1428	0.0	0.0
# chrUn_KI270340v1	1428	0.0	0.0
# chrUn_KI270336v1	1026	879.0	0.0
# chrUn_KI270337v1	1121	2195.0	0.0
# chrUn_KI270363v1	1803	25.0	0.0
# chrUn_KI270364v1	2855	4.0	0.0
# chrUn_KI270362v1	3530	56.0	0.0
# chrUn_KI270366v1	8320	55.0	0.0
# chrUn_KI270378v1	1048	4.0	0.0
# chrUn_KI270379v1	1045	0.0	0.0
# chrUn_KI270389v1	1298	13.0	0.0
# chrUn_KI270390v1	2387	8.0	0.0
# chrUn_KI270387v1	1537	10.0	0.0
# chrUn_KI270395v1	1143	26.0	0.0
# chrUn_KI270396v1	1880	8.0	0.0
# chrUn_KI270388v1	1216	10.0	0.0
# chrUn_KI270394v1	970	2.0	0.0
# chrUn_KI270386v1	1788	27.0	0.0
# chrUn_KI270391v1	1484	60.0	0.0
# chrUn_KI270383v1	1750	15.0	0.0
# chrUn_KI270393v1	1308	41.0	0.0
# chrUn_KI270384v1	1658	14.0	0.0
# chrUn_KI270392v1	971	35.0	0.0
# chrUn_KI270381v1	1930	0.0	0.0
# chrUn_KI270385v1	990	28.0	0.0
# chrUn_KI270382v1	4215	57.0	0.0
# chrUn_KI270376v1	1136	0.0	0.0
# chrUn_KI270374v1	2656	3.0	0.0
# chrUn_KI270372v1	1650	0.0	0.0
# chrUn_KI270373v1	1451	0.0	0.0
# chrUn_KI270375v1	2378	0.0	0.0
# chrUn_KI270371v1	2805	0.0	0.0
# chrUn_KI270448v1	7992	450.0	0.0
# chrUn_KI270521v1	7642	217.0	0.0
# chrUn_GL000195v1	182896	18169.0	0.0
# chrUn_GL000219v1	179198	13005.0	0.0
# chrUn_GL000220v1	161802	6980.0	0.0
# chrUn_GL000224v1	179693	6484.0	0.0
# chrUn_KI270741v1	157432	153.0	0.0
# chrUn_GL000226v1	15008	89.0	0.0
# chrUn_GL000213v1	164239	123.0	0.0
# chrUn_KI270743v1	210658	499.0	0.0
# chrUn_KI270744v1	168472	5559.0	0.0
# chrUn_KI270745v1	41891	201.0	0.0
# chrUn_KI270746v1	66486	1841.0	0.0
# chrUn_KI270747v1	198735	1617.0	0.0
# chrUn_KI270748v1	93321	218.0	0.0
# chrUn_KI270749v1	158759	1937.0	0.0
# chrUn_KI270750v1	148850	3157.0	0.0
# chrUn_KI270751v1	150742	3583.0	0.0
# chrUn_KI270752v1	27745	2.0	0.0
# chrUn_KI270753v1	62944	380.0	0.0
# chrUn_KI270754v1	40191	1118.0	0.0
# chrUn_KI270755v1	36723	89.0	0.0
# chrUn_KI270756v1	79590	1147.0	0.0
# chrUn_KI270757v1	71251	2857.0	0.0
# chrUn_GL000214v1	137718	1851.0	0.0
# chrUn_KI270742v1	186739	2025.0	0.0
# chrUn_GL000216v2	176608	15677.0	0.0
# chrUn_GL000218v1	161147	4060.0	0.0
# chrX	156040895	9335289.0	0.0
# chrY	57227415	45828.0	0.0
# chrY_KI270740v1_random	37240	0.0	0.0
# Total Genome Size: 3.209286105E9	Total Aligned Tags: 3.11958361E8
# bwa	# 0.7.17-r1188
# bwa mem -t 24 -v 1 -T 30 -h 5 -M /storage/group/bfp2/default/juk398-JordanKrebs/NucleosomeAtlas_project/hg38_genome/hg38.fa /storage/group/bfp2/default/juk398-JordanKrebs/NucleosomeAtlas_project/250130_DNase_FLASH/fastq_files/SRR801881_1.fastq.gz /storage/group/bfp2/default/juk398-JordanKrebs/NucleosomeAtlas_project/250130_DNase_FLASH/fastq_files/SRR801881_2.fastq.gz
# MarkDuplicates	# 2.24.1
# MarkDuplicates INPUT=[/storage/group/bfp2/default/juk398-JordanKrebs/NucleosomeAtlas_project/250130_DNase_FLASH/intermediate_files/SRR801881_ALIGNED.bam] OUTPUT=SRR801881_ALIGNED_MARKUP.bam METRICS_FILE=SRR801881_ALIGNED_output_metrics.tab REMOVE_DUPLICATES=true ASSUME_SORTED=true DUPLICATE_SCORING_STRATEGY=SUM_OF_BASE_QUALITIES READ_NAME_REGEX=[a-zA-Z0-9]+:[0-9]:([0-9]+):([0-9]+):([0-9]+).*. OPTICAL_DUPLICATE_PIXEL_DISTANCE=100    MAX_SEQUENCES_FOR_DISK_READ_ENDS_MAP=50000 MAX_FILE_HANDLES_FOR_READ_ENDS_MAP=8000 SORTING_COLLECTION_SIZE_RATIO=0.25 TAG_DUPLICATE_SET_MEMBERS=false REMOVE_SEQUENCING_DUPLICATES=false TAGGING_POLICY=DontTag CLEAR_DT=true DUPLEX_UMI=false ADD_PG_TAG_TO_READS=true PROGRAM_RECORD_ID=MarkDuplicates PROGRAM_GROUP_NAME=MarkDuplicates MAX_OPTICAL_DUPLICATE_SET_SIZE=300000 VERBOSITY=INFO QUIET=false VALIDATION_STRINGENCY=STRICT COMPRESSION_LEVEL=5 MAX_RECORDS_IN_RAM=500000 CREATE_INDEX=false CREATE_MD5_FILE=false GA4GH_CLIENT_SECRETS=client_secrets.json USE_JDK_DEFLATER=false USE_JDK_INFLATER=false
# Average Insert Size: 124.55455362023487
# Median Insert Size: 121.0
# Mode Insert Size: 81.0
# Std deviation of Insert Size: 64.97643264833175
# Number of ReadPairs: 1.53504776E8
# Histogram
# Size (bp)	Frequency
0	0.0
1	0.0
2	665.0
3	629.0
4	626.0
5	722.0
6	636.0
7	671.0
8	676.0
9	696.0
10	738.0
11	787.0
12	794.0
13	867.0
14	933.0
15	1067.0
16	1394.0
17	2080.0
18	3278.0
19	20039.0
20	24076.0
21	40673.0
22	64431.0
23	96647.0
24	157324.0
25	202497.0
26	248964.0
27	300587.0
28	353476.0
29	421646.0
30	495607.0
31	547755.0
32	581637.0
33	609598.0
34	650877.0
35	701165.0
36	763953.0
37	842201.0
38	922074.0
39	977257.0
40	980683.0
41	981825.0
42	984724.0
43	985261.0
44	989006.0
45	1002421.0
46	1021381.0
47	1054567.0
48	1094955.0
49	1149771.0
50	1194706.0
51	1128040.0
52	1079438.0
53	1039878.0
54	1004656.0
55	986389.0
56	987863.0
57	1001264.0
58	1024735.0
59	1063298.0
60	1097657.0
61	1082885.0
62	1013119.0
63	952369.0
64	902770.0
65	865563.0
66	853206.0
67	859494.0
68	899218.0
69	998748.0
70	1166604.0
71	1027199.0
72	878845.0
73	813387.0
74	760470.0
75	732380.0
76	724172.0
77	739516.0
78	799133.0
79	962902.0
80	1304998.0
81	1334880.0
82	969655.0
83	743612.0
84	655618.0
85	602850.0
86	578102.0
87	572105.0
88	594345.0
89	674738.0
90	869641.0
91	1042218.0
92	902800.0
93	680009.0
94	572478.0
95	517636.0
96	494950.0
97	492813.0
98	517938.0
99	580424.0
100	699142.0
101	804718.0
102	728574.0
103	623407.0
104	562369.0
105	515447.0
106	487687.0
107	483975.0
108	519097.0
109	602859.0
110	791479.0
111	1035006.0
112	984013.0
113	752104.0
114	618077.0
115	558086.0
116	516049.0
117	485746.0
118	482125.0
119	527959.0
120	657618.0
121	854162.0
122	910391.0
123	774661.0
124	625546.0
125	547382.0
126	510976.0
127	489821.0
128	490733.0
129	523363.0
130	588134.0
131	668117.0
132	739747.0
133	775433.0
134	769732.0
135	740714.0
136	702375.0
137	676762.0
138	686531.0
139	741154.0
140	829737.0
141	913207.0
142	964214.0
143	990918.0
144	1019847.0
145	1038367.0
146	1013605.0
147	945064.0
148	877901.0
149	848436.0
150	855319.0
151	879270.0
152	901506.0
153	921139.0
154	940067.0
155	954406.0
156	962786.0
157	959175.0
158	937212.0
159	916917.0
160	902254.0
161	894970.0
162	894924.0
163	890587.0
164	895562.0
165	901567.0
166	906439.0
167	912216.0
168	911203.0
169	897275.0
170	876025.0
171	847409.0
172	818089.0
173	796071.0
174	780960.0
175	774787.0
176	769908.0
177	768454.0
178	764904.0
179	757717.0
180	742160.0
181	716343.0
182	687048.0
183	662374.0
184	643596.0
185	630719.0
186	618590.0
187	609456.0
188	602007.0
189	593411.0
190	581758.0
191	560155.0
192	538962.0
193	513573.0
194	493270.0
195	479529.0
196	465908.0
197	456599.0
198	451361.0
199	443460.0
200	437347.0
201	425374.0
202	409085.0
203	390274.0
204	374993.0
205	357464.0
206	345767.0
207	338005.0
208	333372.0
209	330829.0
210	326875.0
211	320438.0
212	311028.0
213	297626.0
214	283448.0
215	270267.0
216	258523.0
217	249539.0
218	244762.0
219	244096.0
220	240599.0
221	238433.0
222	233025.0
223	224623.0
224	215034.0
225	204950.0
226	194367.0
227	186530.0
228	182945.0
229	179977.0
230	179178.0
231	178588.0
232	176368.0
233	171520.0
234	164124.0
235	155944.0
236	147122.0
237	140685.0
238	137194.0
239	135568.0
240	136458.0
241	137301.0
242	136869.0
243	134253.0
244	130675.0
245	123619.0
246	117122.0
247	111226.0
248	107222.0
249	106932.0
250	108296.0
251	109692.0
252	110462.0
253	109797.0
254	106549.0
255	102804.0
256	97056.0
257	92342.0
258	88972.0
259	88180.0
260	88879.0
261	90787.0
262	92330.0
263	92399.0
264	90987.0
265	87298.0
266	84090.0
267	80538.0
268	77438.0
269	76537.0
270	76819.0
271	76867.0
272	78096.0
273	78723.0
274	77906.0
275	75828.0
276	73058.0
277	70577.0
278	68445.0
279	66893.0
280	66419.0
281	66894.0
282	67009.0
283	67546.0
284	67920.0
285	65779.0
286	63861.0
287	61551.0
288	60610.0
289	58690.0
290	58562.0
291	58463.0
292	59036.0
293	59402.0
294	59254.0
295	57822.0
296	56142.0
297	55693.0
298	53990.0
299	52534.0
300	51961.0
301	51293.0
302	51280.0
303	51263.0
304	51364.0
305	50868.0
306	49853.0
307	48531.0
308	47460.0
309	46219.0
310	45283.0
311	44334.0
312	43624.0
313	43115.0
314	42849.0
315	42826.0
316	42022.0
317	41627.0
318	40409.0
319	39336.0
320	38274.0
321	37407.0
322	36648.0
323	35973.0
324	35568.0
325	35370.0
326	34593.0
327	34563.0
328	33593.0
329	32859.0
330	32115.0
331	31119.0
332	30363.0
333	29597.0
334	29150.0
335	28467.0
336	28078.0
337	27559.0
338	27238.0
339	26556.0
340	25743.0
341	25173.0
342	23391.0
343	22933.0
344	22415.0
345	21527.0
346	20988.0
347	20613.0
348	19975.0
349	19436.0
350	18806.0
351	18138.0
352	17120.0
353	16347.0
354	15609.0
355	14965.0
356	14502.0
357	14046.0
358	13622.0
359	12999.0
360	12690.0
361	11855.0
362	11178.0
363	10750.0
364	10163.0
365	9652.0
366	8812.0
367	8500.0
368	8535.0
369	7938.0
370	7558.0
371	7255.0
372	6889.0
373	6423.0
374	6020.0
375	5718.0
376	5401.0
377	5046.0
378	4912.0
379	4611.0
380	4318.0
381	4145.0
382	3826.0
383	3709.0
384	3526.0
385	3293.0
386	3157.0
387	2845.0
388	2790.0
389	2550.0
390	2490.0
391	2296.0
392	2193.0
393	2146.0
394	2050.0
395	1856.0
396	1770.0
397	1670.0
398	1513.0
399	1464.0
400	1456.0
401	1315.0
402	1308.0
403	1250.0
404	1147.0
405	1086.0
406	1061.0
407	966.0
408	922.0
409	912.0
410	840.0
411	854.0
412	816.0
413	797.0
414	716.0
415	701.0
416	642.0
417	638.0
418	597.0
419	574.0
420	571.0
421	527.0
422	457.0
423	460.0
424	495.0
425	425.0
426	429.0
427	411.0
428	360.0
429	394.0
430	364.0
431	341.0
432	350.0
433	316.0
434	359.0
435	297.0
436	308.0
437	291.0
438	257.0
439	255.0
440	239.0
