# 2025-03-25 19:59:19.229
# DNase-FLASH_SRR801880.bam
# Chromosome_ID	Chromosome_Size	Aligned_Reads	Unaligned_Reads
# chr1	248956422	1.4199877E7	0.0
# chr10	133797422	6929754.0	0.0
# chr11	135086622	7866194.0	0.0
# chr11_KI270721v1_random	100316	374.0	0.0
# chr12	133275309	7422006.0	0.0
# chr13	114364328	3361365.0	0.0
# chr14	107043718	4675622.0	0.0
# chr14_GL000009v2_random	201709	774.0	0.0
# chr14_GL000225v1_random	211173	14650.0	0.0
# chr14_KI270722v1_random	194050	423.0	0.0
# chr14_GL000194v1_random	191469	2145.0	0.0
# chr14_KI270723v1_random	38115	469.0	0.0
# chr14_KI270724v1_random	39555	273.0	0.0
# chr14_KI270725v1_random	172810	590.0	0.0
# chr14_KI270726v1_random	43739	199.0	0.0
# chr15	101991189	4631646.0	0.0
# chr15_KI270727v1_random	448248	0.0	0.0
# chr16	90338345	5397879.0	0.0
# chr16_KI270728v1_random	1872759	705.0	0.0
# chr17	83257441	7066551.0	0.0
# chr17_GL000205v2_random	185591	8775.0	0.0
# chr17_KI270729v1_random	280839	2862.0	0.0
# chr17_KI270730v1_random	112551	681.0	0.0
# chr18	80373285	2860137.0	0.0
# chr19	58617616	7583997.0	0.0
# chr1_KI270706v1_random	175055	972.0	0.0
# chr1_KI270707v1_random	32032	120.0	0.0
# chr1_KI270708v1_random	127682	258.0	0.0
# chr1_KI270709v1_random	66860	854.0	0.0
# chr1_KI270710v1_random	40176	62.0	0.0
# chr1_KI270711v1_random	42210	937.0	0.0
# chr1_KI270712v1_random	176043	896.0	0.0
# chr1_KI270713v1_random	40745	4136.0	0.0
# chr1_KI270714v1_random	41717	547.0	0.0
# chr2	242193529	1.1510006E7	0.0
# chr20	64444167	4008579.0	0.0
# chr21	46709983	1569438.0	0.0
# chr22	50818468	3042252.0	0.0
# chr22_KI270731v1_random	150754	466.0	0.0
# chr22_KI270732v1_random	41543	221.0	0.0
# chr22_KI270733v1_random	179772	53002.0	0.0
# chr22_KI270734v1_random	165050	345.0	0.0
# chr22_KI270735v1_random	42811	469.0	0.0
# chr22_KI270736v1_random	181920	3016.0	0.0
# chr22_KI270737v1_random	103838	147.0	0.0
# chr22_KI270738v1_random	99375	575.0	0.0
# chr22_KI270739v1_random	73985	70.0	0.0
# chr2_KI270715v1_random	161471	153.0	0.0
# chr2_KI270716v1_random	153799	238.0	0.0
# chr3	198295559	9322887.0	0.0
# chr3_GL000221v1_random	155397	198.0	0.0
# chr4	190214555	6427848.0	0.0
# chr4_GL000008v2_random	209709	936.0	0.0
# chr5	181538259	7847499.0	0.0
# chr5_GL000208v1_random	92689	471.0	0.0
# chr6	170805979	7636736.0	0.0
# chr7	159345973	7194631.0	0.0
# chr8	145138636	6302425.0	0.0
# chr9	138394717	6550696.0	0.0
# chr9_KI270717v1_random	40062	200.0	0.0
# chr9_KI270718v1_random	38054	121.0	0.0
# chr9_KI270719v1_random	176845	629.0	0.0
# chr9_KI270720v1_random	39050	317.0	0.0
# chr1_KI270762v1_alt	354444	133.0	0.0
# chr1_KI270766v1_alt	256271	85.0	0.0
# chr1_KI270760v1_alt	109528	146.0	0.0
# chr1_KI270765v1_alt	185285	171.0	0.0
# chr1_GL383518v1_alt	182439	4.0	0.0
# chr1_GL383519v1_alt	110268	2.0	0.0
# chr1_GL383520v2_alt	366580	9.0	0.0
# chr1_KI270764v1_alt	50258	40.0	0.0
# chr1_KI270763v1_alt	911658	190.0	0.0
# chr1_KI270759v1_alt	425601	76.0	0.0
# chr1_KI270761v1_alt	165834	3.0	0.0
# chr2_KI270770v1_alt	136240	31.0	0.0
# chr2_KI270773v1_alt	70887	21.0	0.0
# chr2_KI270774v1_alt	223625	137.0	0.0
# chr2_KI270769v1_alt	120616	10.0	0.0
# chr2_GL383521v1_alt	143390	47.0	0.0
# chr2_KI270772v1_alt	133041	1079.0	0.0
# chr2_KI270775v1_alt	138019	20.0	0.0
# chr2_KI270771v1_alt	110395	2.0	0.0
# chr2_KI270768v1_alt	110099	95.0	0.0
# chr2_GL582966v2_alt	96131	2.0	0.0
# chr2_GL383522v1_alt	123821	325.0	0.0
# chr2_KI270776v1_alt	174166	37.0	0.0
# chr2_KI270767v1_alt	161578	10.0	0.0
# chr3_JH636055v2_alt	173151	67.0	0.0
# chr3_KI270783v1_alt	109187	46.0	0.0
# chr3_KI270780v1_alt	224108	482.0	0.0
# chr3_GL383526v1_alt	180671	125.0	0.0
# chr3_KI270777v1_alt	173649	133.0	0.0
# chr3_KI270778v1_alt	248252	9.0	0.0
# chr3_KI270781v1_alt	113034	179.0	0.0
# chr3_KI270779v1_alt	205312	16.0	0.0
# chr3_KI270782v1_alt	162429	92.0	0.0
# chr3_KI270784v1_alt	184404	125.0	0.0
# chr4_KI270790v1_alt	220246	0.0	0.0
# chr4_GL383528v1_alt	376187	6.0	0.0
# chr4_KI270787v1_alt	111943	59.0	0.0
# chr4_GL000257v2_alt	586476	283.0	0.0
# chr4_KI270788v1_alt	158965	155.0	0.0
# chr4_GL383527v1_alt	164536	2185.0	0.0
# chr4_KI270785v1_alt	119912	108.0	0.0
# chr4_KI270789v1_alt	205944	22.0	0.0
# chr4_KI270786v1_alt	244096	7.0	0.0
# chr5_KI270793v1_alt	126136	7.0	0.0
# chr5_KI270792v1_alt	179043	154.0	0.0
# chr5_KI270791v1_alt	195710	27.0	0.0
# chr5_GL383532v1_alt	82728	63.0	0.0
# chr5_GL949742v1_alt	226852	86.0	0.0
# chr5_KI270794v1_alt	164558	83.0	0.0
# chr5_GL339449v2_alt	1612928	271.0	0.0
# chr5_GL383530v1_alt	101241	58.0	0.0
# chr5_KI270796v1_alt	172708	0.0	0.0
# chr5_GL383531v1_alt	173459	34.0	0.0
# chr5_KI270795v1_alt	131892	226.0	0.0
# chr6_GL000250v2_alt	4672374	111.0	0.0
# chr6_KI270800v1_alt	175808	7.0	0.0
# chr6_KI270799v1_alt	152148	89.0	0.0
# chr6_GL383533v1_alt	124736	394.0	0.0
# chr6_KI270801v1_alt	870480	88.0	0.0
# chr6_KI270802v1_alt	75005	29.0	0.0
# chr6_KB021644v2_alt	185823	11.0	0.0
# chr6_KI270797v1_alt	197536	83.0	0.0
# chr6_KI270798v1_alt	271782	70.0	0.0
# chr7_KI270804v1_alt	157952	1000.0	0.0
# chr7_KI270809v1_alt	209586	54.0	0.0
# chr7_KI270806v1_alt	158166	67.0	0.0
# chr7_GL383534v2_alt	119183	4.0	0.0
# chr7_KI270803v1_alt	1111570	3112.0	0.0
# chr7_KI270808v1_alt	271455	39.0	0.0
# chr7_KI270807v1_alt	126434	8.0	0.0
# chr7_KI270805v1_alt	209988	50.0	0.0
# chr8_KI270818v1_alt	145606	18.0	0.0
# chr8_KI270812v1_alt	282736	6.0	0.0
# chr8_KI270811v1_alt	292436	37.0	0.0
# chr8_KI270821v1_alt	985506	763.0	0.0
# chr8_KI270813v1_alt	300230	66.0	0.0
# chr8_KI270822v1_alt	624492	181.0	0.0
# chr8_KI270814v1_alt	141812	4.0	0.0
# chr8_KI270810v1_alt	374415	31.0	0.0
# chr8_KI270819v1_alt	133535	506.0	0.0
# chr8_KI270820v1_alt	36640	212.0	0.0
# chr8_KI270817v1_alt	158983	21.0	0.0
# chr8_KI270816v1_alt	305841	182.0	0.0
# chr8_KI270815v1_alt	132244	78.0	0.0
# chr9_GL383539v1_alt	162988	6.0	0.0
# chr9_GL383540v1_alt	71551	0.0	0.0
# chr9_GL383541v1_alt	171286	48.0	0.0
# chr9_GL383542v1_alt	60032	247.0	0.0
# chr9_KI270823v1_alt	439082	134.0	0.0
# chr10_GL383545v1_alt	179254	450.0	0.0
# chr10_KI270824v1_alt	181496	17.0	0.0
# chr10_GL383546v1_alt	309802	18.0	0.0
# chr10_KI270825v1_alt	188315	0.0	0.0
# chr11_KI270832v1_alt	210133	873.0	0.0
# chr11_KI270830v1_alt	177092	3040.0	0.0
# chr11_KI270831v1_alt	296895	875.0	0.0
# chr11_KI270829v1_alt	204059	181.0	0.0
# chr11_GL383547v1_alt	154407	33.0	0.0
# chr11_JH159136v1_alt	200998	60.0	0.0
# chr11_JH159137v1_alt	191409	79.0	0.0
# chr11_KI270827v1_alt	67707	131.0	0.0
# chr11_KI270826v1_alt	186169	61.0	0.0
# chr12_GL877875v1_alt	167313	305.0	0.0
# chr12_GL877876v1_alt	408271	93.0	0.0
# chr12_KI270837v1_alt	40090	10.0	0.0
# chr12_GL383549v1_alt	120804	8.0	0.0
# chr12_KI270835v1_alt	238139	197.0	0.0
# chr12_GL383550v2_alt	169178	225.0	0.0
# chr12_GL383552v1_alt	138655	80.0	0.0
# chr12_GL383553v2_alt	152874	20.0	0.0
# chr12_KI270834v1_alt	119498	34.0	0.0
# chr12_GL383551v1_alt	184319	10.0	0.0
# chr12_KI270833v1_alt	76061	29.0	0.0
# chr12_KI270836v1_alt	56134	22.0	0.0
# chr13_KI270840v1_alt	191684	7.0	0.0
# chr13_KI270839v1_alt	180306	71.0	0.0
# chr13_KI270843v1_alt	103832	17.0	0.0
# chr13_KI270841v1_alt	169134	56.0	0.0
# chr13_KI270838v1_alt	306913	9.0	0.0
# chr13_KI270842v1_alt	37287	2.0	0.0
# chr14_KI270844v1_alt	322166	178.0	0.0
# chr14_KI270847v1_alt	1511111	83.0	0.0
# chr14_KI270845v1_alt	180703	187.0	0.0
# chr14_KI270846v1_alt	1351393	97.0	0.0
# chr15_KI270852v1_alt	478999	6.0	0.0
# chr15_KI270851v1_alt	263054	44.0	0.0
# chr15_KI270848v1_alt	327382	206.0	0.0
# chr15_GL383554v1_alt	296527	0.0	0.0
# chr15_KI270849v1_alt	244917	152.0	0.0
# chr15_GL383555v2_alt	388773	388.0	0.0
# chr15_KI270850v1_alt	430880	1224.0	0.0
# chr16_KI270854v1_alt	134193	60.0	0.0
# chr16_KI270856v1_alt	63982	205.0	0.0
# chr16_KI270855v1_alt	232857	17.0	0.0
# chr16_KI270853v1_alt	2659700	3340.0	0.0
# chr16_GL383556v1_alt	192462	104.0	0.0
# chr16_GL383557v1_alt	89672	621.0	0.0
# chr17_GL383563v3_alt	375691	435.0	0.0
# chr17_KI270862v1_alt	391357	658.0	0.0
# chr17_KI270861v1_alt	196688	43.0	0.0
# chr17_KI270857v1_alt	2877074	2951.0	0.0
# chr17_JH159146v1_alt	278131	33.0	0.0
# chr17_JH159147v1_alt	70345	94.0	0.0
# chr17_GL383564v2_alt	133151	8.0	0.0
# chr17_GL000258v2_alt	1821992	160.0	0.0
# chr17_GL383565v1_alt	223995	2.0	0.0
# chr17_KI270858v1_alt	235827	5.0	0.0
# chr17_KI270859v1_alt	108763	122.0	0.0
# chr17_GL383566v1_alt	90219	40.0	0.0
# chr17_KI270860v1_alt	178921	1293.0	0.0
# chr18_KI270864v1_alt	111737	52.0	0.0
# chr18_GL383567v1_alt	289831	71.0	0.0
# chr18_GL383570v1_alt	164789	12.0	0.0
# chr18_GL383571v1_alt	198278	288.0	0.0
# chr18_GL383568v1_alt	104552	107.0	0.0
# chr18_GL383569v1_alt	167950	4.0	0.0
# chr18_GL383572v1_alt	159547	7.0	0.0
# chr18_KI270863v1_alt	167999	46.0	0.0
# chr19_KI270868v1_alt	61734	1265.0	0.0
# chr19_KI270865v1_alt	52969	24.0	0.0
# chr19_GL383573v1_alt	385657	124.0	0.0
# chr19_GL383575v2_alt	170222	16.0	0.0
# chr19_GL383576v1_alt	188024	2.0	0.0
# chr19_GL383574v1_alt	155864	307.0	0.0
# chr19_KI270866v1_alt	43156	250.0	0.0
# chr19_KI270867v1_alt	233762	44.0	0.0
# chr19_GL949746v1_alt	987716	72.0	0.0
# chr20_GL383577v2_alt	128386	602.0	0.0
# chr20_KI270869v1_alt	118774	114.0	0.0
# chr20_KI270871v1_alt	58661	57.0	0.0
# chr20_KI270870v1_alt	183433	32.0	0.0
# chr21_GL383578v2_alt	63917	458.0	0.0
# chr21_KI270874v1_alt	166743	16.0	0.0
# chr21_KI270873v1_alt	143900	54.0	0.0
# chr21_GL383579v2_alt	201197	17.0	0.0
# chr21_GL383580v2_alt	74653	550.0	0.0
# chr21_GL383581v2_alt	116689	149.0	0.0
# chr21_KI270872v1_alt	82692	34.0	0.0
# chr22_KI270875v1_alt	259914	323.0	0.0
# chr22_KI270878v1_alt	186262	403.0	0.0
# chr22_KI270879v1_alt	304135	9554.0	0.0
# chr22_KI270876v1_alt	263666	346.0	0.0
# chr22_KI270877v1_alt	101331	160.0	0.0
# chr22_GL383583v2_alt	96924	26.0	0.0
# chr22_GL383582v2_alt	162811	50.0	0.0
# chrX_KI270880v1_alt	284869	227.0	0.0
# chrX_KI270881v1_alt	144206	109.0	0.0
# chr19_KI270882v1_alt	248807	0.0	0.0
# chr19_KI270883v1_alt	170399	0.0	0.0
# chr19_KI270884v1_alt	157053	0.0	0.0
# chr19_KI270885v1_alt	171027	0.0	0.0
# chr19_KI270886v1_alt	204239	0.0	0.0
# chr19_KI270887v1_alt	209512	2.0	0.0
# chr19_KI270888v1_alt	155532	0.0	0.0
# chr19_KI270889v1_alt	170698	0.0	0.0
# chr19_KI270890v1_alt	184499	0.0	0.0
# chr19_KI270891v1_alt	170680	0.0	0.0
# chr1_KI270892v1_alt	162212	5.0	0.0
# chr2_KI270894v1_alt	214158	874.0	0.0
# chr2_KI270893v1_alt	161218	7.0	0.0
# chr3_KI270895v1_alt	162896	53.0	0.0
# chr4_KI270896v1_alt	378547	221.0	0.0
# chr5_KI270897v1_alt	1144418	172.0	0.0
# chr5_KI270898v1_alt	130957	13.0	0.0
# chr6_GL000251v2_alt	4795265	2034.0	0.0
# chr7_KI270899v1_alt	190869	66.0	0.0
# chr8_KI270901v1_alt	136959	65.0	0.0
# chr8_KI270900v1_alt	318687	144.0	0.0
# chr11_KI270902v1_alt	106711	56.0	0.0
# chr11_KI270903v1_alt	214625	144.0	0.0
# chr12_KI270904v1_alt	572349	141.0	0.0
# chr15_KI270906v1_alt	196384	19.0	0.0
# chr15_KI270905v1_alt	5161414	4821.0	0.0
# chr17_KI270907v1_alt	137721	83.0	0.0
# chr17_KI270910v1_alt	157099	4.0	0.0
# chr17_KI270909v1_alt	325800	105.0	0.0
# chr17_JH159148v1_alt	88070	4.0	0.0
# chr17_KI270908v1_alt	1423190	845.0	0.0
# chr18_KI270912v1_alt	174061	6.0	0.0
# chr18_KI270911v1_alt	157710	1.0	0.0
# chr19_GL949747v2_alt	729520	24.0	0.0
# chr22_KB663609v1_alt	74013	4.0	0.0
# chrX_KI270913v1_alt	274009	67.0	0.0
# chr19_KI270914v1_alt	205194	0.0	0.0
# chr19_KI270915v1_alt	170665	0.0	0.0
# chr19_KI270916v1_alt	184516	0.0	0.0
# chr19_KI270917v1_alt	190932	0.0	0.0
# chr19_KI270918v1_alt	123111	0.0	0.0
# chr19_KI270919v1_alt	170701	0.0	0.0
# chr19_KI270920v1_alt	198005	0.0	0.0
# chr19_KI270921v1_alt	282224	0.0	0.0
# chr19_KI270922v1_alt	187935	4.0	0.0
# chr19_KI270923v1_alt	189352	6.0	0.0
# chr3_KI270924v1_alt	166540	36.0	0.0
# chr4_KI270925v1_alt	555799	114.0	0.0
# chr6_GL000252v2_alt	4604811	1050.0	0.0
# chr8_KI270926v1_alt	229282	199.0	0.0
# chr11_KI270927v1_alt	218612	167.0	0.0
# chr19_GL949748v2_alt	1064304	0.0	0.0
# chr22_KI270928v1_alt	176103	0.0	0.0
# chr19_KI270929v1_alt	186203	2.0	0.0
# chr19_KI270930v1_alt	200773	0.0	0.0
# chr19_KI270931v1_alt	170148	0.0	0.0
# chr19_KI270932v1_alt	215732	0.0	0.0
# chr19_KI270933v1_alt	170537	0.0	0.0
# chr19_GL000209v2_alt	177381	0.0	0.0
# chr3_KI270934v1_alt	163458	9.0	0.0
# chr6_GL000253v2_alt	4677643	1388.0	0.0
# chr19_GL949749v2_alt	1091841	0.0	0.0
# chr3_KI270935v1_alt	197351	0.0	0.0
# chr6_GL000254v2_alt	4827813	1648.0	0.0
# chr19_GL949750v2_alt	1066390	0.0	0.0
# chr3_KI270936v1_alt	164170	8.0	0.0
# chr6_GL000255v2_alt	4606388	1631.0	0.0
# chr19_GL949751v2_alt	1002683	2.0	0.0
# chr3_KI270937v1_alt	165607	46.0	0.0
# chr6_GL000256v2_alt	4929269	1220.0	0.0
# chr19_GL949752v1_alt	987100	680.0	0.0
# chr6_KI270758v1_alt	76752	3.0	0.0
# chr19_GL949753v2_alt	796479	4.0	0.0
# chr19_KI270938v1_alt	1066800	13.0	0.0
# chrM	16569	2136833.0	0.0
# chrUn_KI270302v1	2274	6.0	0.0
# chrUn_KI270304v1	2165	17.0	0.0
# chrUn_KI270303v1	1942	11.0	0.0
# chrUn_KI270305v1	1472	2.0	0.0
# chrUn_KI270322v1	21476	24.0	0.0
# chrUn_KI270320v1	4416	18.0	0.0
# chrUn_KI270310v1	1201	10.0	0.0
# chrUn_KI270316v1	1444	10.0	0.0
# chrUn_KI270315v1	2276	8.0	0.0
# chrUn_KI270312v1	998	16.0	0.0
# chrUn_KI270311v1	12399	16.0	0.0
# chrUn_KI270317v1	37690	39.0	0.0
# chrUn_KI270412v1	1179	8.0	0.0
# chrUn_KI270411v1	2646	20.0	0.0
# chrUn_KI270414v1	2489	2.0	0.0
# chrUn_KI270419v1	1029	2.0	0.0
# chrUn_KI270418v1	2145	8.0	0.0
# chrUn_KI270420v1	2321	18.0	0.0
# chrUn_KI270424v1	2140	15.0	0.0
# chrUn_KI270417v1	2043	12.0	0.0
# chrUn_KI270422v1	1445	2.0	0.0
# chrUn_KI270423v1	981	2.0	0.0
# chrUn_KI270425v1	1884	4.0	0.0
# chrUn_KI270429v1	1361	26.0	0.0
# chrUn_KI270442v1	392061	5754.0	0.0
# chrUn_KI270466v1	1233	472.0	0.0
# chrUn_KI270465v1	1774	21.0	0.0
# chrUn_KI270467v1	3920	1708.0	0.0
# chrUn_KI270435v1	92983	659.0	0.0
# chrUn_KI270438v1	112505	7150.0	0.0
# chrUn_KI270468v1	4055	48.0	0.0
# chrUn_KI270510v1	2415	43.0	0.0
# chrUn_KI270509v1	2318	53.0	0.0
# chrUn_KI270518v1	2186	38.0	0.0
# chrUn_KI270508v1	1951	36.0	0.0
# chrUn_KI270516v1	1300	27.0	0.0
# chrUn_KI270512v1	22689	116.0	0.0
# chrUn_KI270519v1	138126	1119.0	0.0
# chrUn_KI270522v1	5674	58.0	0.0
# chrUn_KI270511v1	8127	59.0	0.0
# chrUn_KI270515v1	6361	118.0	0.0
# chrUn_KI270507v1	5353	95.0	0.0
# chrUn_KI270517v1	3253	55.0	0.0
# chrUn_KI270529v1	1899	2.0	0.0
# chrUn_KI270528v1	2983	2.0	0.0
# chrUn_KI270530v1	2168	12.0	0.0
# chrUn_KI270539v1	993	0.0	0.0
# chrUn_KI270538v1	91309	872.0	0.0
# chrUn_KI270544v1	1202	4.0	0.0
# chrUn_KI270548v1	1599	0.0	0.0
# chrUn_KI270583v1	1400	23.0	0.0
# chrUn_KI270587v1	2969	86.0	0.0
# chrUn_KI270580v1	1553	8.0	0.0
# chrUn_KI270581v1	7046	0.0	0.0
# chrUn_KI270579v1	31033	6.0	0.0
# chrUn_KI270589v1	44474	174.0	0.0
# chrUn_KI270590v1	4685	108.0	0.0
# chrUn_KI270584v1	4513	94.0	0.0
# chrUn_KI270582v1	6504	10.0	0.0
# chrUn_KI270588v1	6158	54.0	0.0
# chrUn_KI270593v1	3041	27.0	0.0
# chrUn_KI270591v1	5796	112.0	0.0
# chrUn_KI270330v1	1652	60.0	0.0
# chrUn_KI270329v1	1040	0.0	0.0
# chrUn_KI270334v1	1368	0.0	0.0
# chrUn_KI270333v1	2699	567.0	0.0
# chrUn_KI270335v1	1048	0.0	0.0
# chrUn_KI270338v1	1428	0.0	0.0
# chrUn_KI270340v1	1428	0.0	0.0
# chrUn_KI270336v1	1026	229.0	0.0
# chrUn_KI270337v1	1121	413.0	0.0
# chrUn_KI270363v1	1803	3.0	0.0
# chrUn_KI270364v1	2855	0.0	0.0
# chrUn_KI270362v1	3530	10.0	0.0
# chrUn_KI270366v1	8320	12.0	0.0
# chrUn_KI270378v1	1048	0.0	0.0
# chrUn_KI270379v1	1045	0.0	0.0
# chrUn_KI270389v1	1298	5.0	0.0
# chrUn_KI270390v1	2387	2.0	0.0
# chrUn_KI270387v1	1537	6.0	0.0
# chrUn_KI270395v1	1143	2.0	0.0
# chrUn_KI270396v1	1880	4.0	0.0
# chrUn_KI270388v1	1216	2.0	0.0
# chrUn_KI270394v1	970	2.0	0.0
# chrUn_KI270386v1	1788	0.0	0.0
# chrUn_KI270391v1	1484	2.0	0.0
# chrUn_KI270383v1	1750	2.0	0.0
# chrUn_KI270393v1	1308	8.0	0.0
# chrUn_KI270384v1	1658	2.0	0.0
# chrUn_KI270392v1	971	8.0	0.0
# chrUn_KI270381v1	1930	0.0	0.0
# chrUn_KI270385v1	990	10.0	0.0
# chrUn_KI270382v1	4215	6.0	0.0
# chrUn_KI270376v1	1136	0.0	0.0
# chrUn_KI270374v1	2656	2.0	0.0
# chrUn_KI270372v1	1650	0.0	0.0
# chrUn_KI270373v1	1451	0.0	0.0
# chrUn_KI270375v1	2378	0.0	0.0
# chrUn_KI270371v1	2805	2.0	0.0
# chrUn_KI270448v1	7992	94.0	0.0
# chrUn_KI270521v1	7642	63.0	0.0
# chrUn_GL000195v1	182896	9732.0	0.0
# chrUn_GL000219v1	179198	6758.0	0.0
# chrUn_GL000220v1	161802	4058.0	0.0
# chrUn_GL000224v1	179693	1470.0	0.0
# chrUn_KI270741v1	157432	44.0	0.0
# chrUn_GL000226v1	15008	31.0	0.0
# chrUn_GL000213v1	164239	52.0	0.0
# chrUn_KI270743v1	210658	111.0	0.0
# chrUn_KI270744v1	168472	1522.0	0.0
# chrUn_KI270745v1	41891	78.0	0.0
# chrUn_KI270746v1	66486	402.0	0.0
# chrUn_KI270747v1	198735	319.0	0.0
# chrUn_KI270748v1	93321	57.0	0.0
# chrUn_KI270749v1	158759	467.0	0.0
# chrUn_KI270750v1	148850	667.0	0.0
# chrUn_KI270751v1	150742	837.0	0.0
# chrUn_KI270752v1	27745	2.0	0.0
# chrUn_KI270753v1	62944	119.0	0.0
# chrUn_KI270754v1	40191	384.0	0.0
# chrUn_KI270755v1	36723	21.0	0.0
# chrUn_KI270756v1	79590	198.0	0.0
# chrUn_KI270757v1	71251	612.0	0.0
# chrUn_GL000214v1	137718	521.0	0.0
# chrUn_KI270742v1	186739	498.0	0.0
# chrUn_GL000216v2	176608	3678.0	0.0
# chrUn_GL000218v1	161147	1190.0	0.0
# chrX	156040895	3671852.0	0.0
# chrY	57227415	11415.0	0.0
# chrY_KI270740v1_random	37240	0.0	0.0
# Total Genome Size: 3.209286105E9	Total Aligned Tags: 1.49455754E8
# bwa	# 0.7.17-r1188
# bwa mem -t 24 -v 1 -T 30 -h 5 -M /storage/group/bfp2/default/juk398-JordanKrebs/NucleosomeAtlas_project/hg38_genome/hg38.fa /storage/group/bfp2/default/juk398-JordanKrebs/NucleosomeAtlas_project/250130_DNase_FLASH/fastq_files/SRR801880_1.fastq.gz /storage/group/bfp2/default/juk398-JordanKrebs/NucleosomeAtlas_project/250130_DNase_FLASH/fastq_files/SRR801880_2.fastq.gz
# MarkDuplicates	# 2.24.1
# MarkDuplicates INPUT=[/storage/group/bfp2/default/juk398-JordanKrebs/NucleosomeAtlas_project/250130_DNase_FLASH/intermediate_files/SRR801880_ALIGNED.bam] OUTPUT=SRR801880_ALIGNED_MARKUP.bam METRICS_FILE=SRR801880_ALIGNED_output_metrics.tab REMOVE_DUPLICATES=true ASSUME_SORTED=true DUPLICATE_SCORING_STRATEGY=SUM_OF_BASE_QUALITIES READ_NAME_REGEX=[a-zA-Z0-9]+:[0-9]:([0-9]+):([0-9]+):([0-9]+).*. OPTICAL_DUPLICATE_PIXEL_DISTANCE=100    MAX_SEQUENCES_FOR_DISK_READ_ENDS_MAP=50000 MAX_FILE_HANDLES_FOR_READ_ENDS_MAP=8000 SORTING_COLLECTION_SIZE_RATIO=0.25 TAG_DUPLICATE_SET_MEMBERS=false REMOVE_SEQUENCING_DUPLICATES=false TAGGING_POLICY=DontTag CLEAR_DT=true DUPLEX_UMI=false ADD_PG_TAG_TO_READS=true PROGRAM_RECORD_ID=MarkDuplicates PROGRAM_GROUP_NAME=MarkDuplicates MAX_OPTICAL_DUPLICATE_SET_SIZE=300000 VERBOSITY=INFO QUIET=false VALIDATION_STRINGENCY=STRICT COMPRESSION_LEVEL=5 MAX_RECORDS_IN_RAM=500000 CREATE_INDEX=false CREATE_MD5_FILE=false GA4GH_CLIENT_SECRETS=client_secrets.json USE_JDK_DEFLATER=false USE_JDK_INFLATER=false
# Average Insert Size: 59.34828103640017
# Median Insert Size: 52.0
# Mode Insert Size: 39.0
# Std deviation of Insert Size: 26.811247205481326
# Number of ReadPairs: 7.3773319E7
# Histogram
# Size (bp)	Frequency
0	0.0
1	0.0
2	201.0
3	190.0
4	226.0
5	214.0
6	222.0
7	244.0
8	222.0
9	239.0
10	272.0
11	236.0
12	282.0
13	299.0
14	425.0
15	487.0
16	624.0
17	1090.0
18	2597.0
19	52099.0
20	81502.0
21	133835.0
22	210187.0
23	308754.0
24	439837.0
25	553304.0
26	658606.0
27	765140.0
28	859210.0
29	966029.0
30	1094223.0
31	1167766.0
32	1196944.0
33	1215232.0
34	1246862.0
35	1300397.0
36	1374941.0
37	1468317.0
38	1564947.0
39	1617040.0
40	1585224.0
41	1551831.0
42	1521672.0
43	1481906.0
44	1451061.0
45	1432765.0
46	1424827.0
47	1429253.0
48	1444534.0
49	1477066.0
50	1493033.0
51	1391176.0
52	1305633.0
53	1230219.0
54	1160139.0
55	1111509.0
56	1085657.0
57	1066692.0
58	1061713.0
59	1063285.0
60	1065376.0
61	1023320.0
62	941073.0
63	871635.0
64	807655.0
65	756328.0
66	721169.0
67	703979.0
68	704007.0
69	749497.0
70	832401.0
71	729263.0
72	623179.0
73	566565.0
74	519307.0
75	488811.0
76	469275.0
77	461822.0
78	474731.0
79	541421.0
80	696268.0
81	696015.0
82	514042.0
83	401575.0
84	352135.0
85	318323.0
86	298254.0
87	287835.0
88	288880.0
89	315011.0
90	390073.0
91	453478.0
92	391783.0
93	300395.0
94	253648.0
95	227181.0
96	213026.0
97	206828.0
98	211497.0
99	230747.0
100	269696.0
101	303472.0
102	274186.0
103	236443.0
104	211861.0
105	190914.0
106	178128.0
107	172799.0
108	179080.0
109	201660.0
110	257908.0
111	331336.0
112	312769.0
113	238635.0
114	195190.0
115	172372.0
116	157167.0
117	144208.0
118	138678.0
119	145587.0
120	178154.0
121	227143.0
122	234467.0
123	194327.0
124	151689.0
125	129431.0
126	116337.0
127	106836.0
128	101546.0
129	103354.0
130	110230.0
131	119936.0
132	126798.0
133	125610.0
134	118887.0
135	106880.0
136	95277.0
137	85188.0
138	80412.0
139	80511.0
140	95203.0
141	83507.0
142	81098.0
143	81499.0
144	86069.0
145	63264.0
146	55401.0
147	45646.0
148	38268.0
149	41507.0
150	29744.0
151	6113.0
152	5543.0
153	3006.0
154	2104.0
155	0.0
156	0.0
157	0.0
158	0.0
159	0.0
160	0.0
161	0.0
162	0.0
163	0.0
164	0.0
165	0.0
166	0.0
167	0.0
168	0.0
169	0.0
170	0.0
171	0.0
172	0.0
173	0.0
174	0.0
175	0.0
176	0.0
177	0.0
178	0.0
179	0.0
180	0.0
181	0.0
182	0.0
183	0.0
184	0.0
185	0.0
186	0.0
187	0.0
188	0.0
189	0.0
190	0.0
191	0.0
192	0.0
193	0.0
194	0.0
195	0.0
196	0.0
197	0.0
198	0.0
199	0.0
200	0.0
201	0.0
202	0.0
203	0.0
204	0.0
205	0.0
206	0.0
207	0.0
208	0.0
209	0.0
210	0.0
211	0.0
212	0.0
213	0.0
214	0.0
215	0.0
216	0.0
217	0.0
218	0.0
219	0.0
220	0.0
221	0.0
222	0.0
223	0.0
224	0.0
225	0.0
226	0.0
227	0.0
228	0.0
229	0.0
230	0.0
231	0.0
232	0.0
233	0.0
234	0.0
235	0.0
236	0.0
237	0.0
238	0.0
239	0.0
240	0.0
241	0.0
242	0.0
243	0.0
244	0.0
245	0.0
246	0.0
247	0.0
248	0.0
249	0.0
250	0.0
251	0.0
252	0.0
253	0.0
254	0.0
255	0.0
256	0.0
257	0.0
258	0.0
259	0.0
260	0.0
261	0.0
262	0.0
263	0.0
264	0.0
265	0.0
266	0.0
267	0.0
268	0.0
269	0.0
270	0.0
271	0.0
272	0.0
273	0.0
274	0.0
275	0.0
276	0.0
277	0.0
278	0.0
279	0.0
280	0.0
281	0.0
282	0.0
283	0.0
284	0.0
285	0.0
286	0.0
287	0.0
288	0.0
289	0.0
290	0.0
291	0.0
292	0.0
293	0.0
294	0.0
295	0.0
296	0.0
297	0.0
298	0.0
299	0.0
300	0.0
301	0.0
302	0.0
303	0.0
304	0.0
305	0.0
306	0.0
307	0.0
308	0.0
309	0.0
310	0.0
311	0.0
312	0.0
313	0.0
314	0.0
315	0.0
316	0.0
317	0.0
318	0.0
319	0.0
320	0.0
321	0.0
322	0.0
323	0.0
324	0.0
325	0.0
326	0.0
327	0.0
328	0.0
329	0.0
330	0.0
331	0.0
332	0.0
333	0.0
334	0.0
335	0.0
336	0.0
337	0.0
338	0.0
339	0.0
340	0.0
341	0.0
342	0.0
343	0.0
344	0.0
345	0.0
346	0.0
347	0.0
348	0.0
349	0.0
350	0.0
351	0.0
352	0.0
353	0.0
354	0.0
355	0.0
356	0.0
357	0.0
358	0.0
359	0.0
360	0.0
361	0.0
362	0.0
363	0.0
364	0.0
365	0.0
366	0.0
367	0.0
368	0.0
369	0.0
370	0.0
371	0.0
372	0.0
373	0.0
374	0.0
375	0.0
376	0.0
377	0.0
378	0.0
379	0.0
380	0.0
381	0.0
382	0.0
383	0.0
384	0.0
385	0.0
386	0.0
387	0.0
388	0.0
389	0.0
390	0.0
391	0.0
392	0.0
393	0.0
394	0.0
395	0.0
396	0.0
397	0.0
398	0.0
399	0.0
400	0.0
401	0.0
402	0.0
403	0.0
404	0.0
405	0.0
406	0.0
407	0.0
408	0.0
409	0.0
410	0.0
411	0.0
412	0.0
413	0.0
414	0.0
415	0.0
416	0.0
417	0.0
418	0.0
419	0.0
420	0.0
421	0.0
422	0.0
423	0.0
424	0.0
425	0.0
426	0.0
427	0.0
428	0.0
429	0.0
430	0.0
431	0.0
432	0.0
433	0.0
434	0.0
435	0.0
436	0.0
437	0.0
438	0.0
439	0.0
440	0.0
