# 2024-10-30 16:25:02.679
# BNase-seq_50U-10min_merge_hg38.bam
# Chromosome_ID	Chromosome_Size	Aligned_Reads	Unaligned_Reads
# chr1	248956422	1.36091682E8	0.0
# chr10	133797422	5.6734226E7	0.0
# chr11	135086622	5.7002528E7	0.0
# chr11_KI270721v1_random	100316	36860.0	0.0
# chr12	133275309	5.5014269E7	0.0
# chr13	114364328	2.5842062E7	0.0
# chr14	107043718	2.6896923E7	0.0
# chr14_GL000009v2_random	201709	206581.0	0.0
# chr14_GL000225v1_random	211173	588328.0	0.0
# chr14_KI270722v1_random	194050	76629.0	0.0
# chr14_GL000194v1_random	191469	200684.0	0.0
# chr14_KI270723v1_random	38115	23256.0	0.0
# chr14_KI270724v1_random	39555	26529.0	0.0
# chr14_KI270725v1_random	172810	40745.0	0.0
# chr14_KI270726v1_random	43739	4251.0	0.0
# chr15	101991189	3.8624352E7	0.0
# chr15_KI270727v1_random	448248	106150.0	0.0
# chr16	90338345	4.0932025E7	0.0
# chr16_KI270728v1_random	1872759	496760.0	0.0
# chr17	83257441	3.937107E7	0.0
# chr17_GL000205v2_random	185591	287378.0	0.0
# chr17_KI270729v1_random	280839	147707.0	0.0
# chr17_KI270730v1_random	112551	36088.0	0.0
# chr18	80373285	2.7448367E7	0.0
# chr19	58617616	3.2102056E7	0.0
# chr1_KI270706v1_random	175055	186324.0	0.0
# chr1_KI270707v1_random	32032	22190.0	0.0
# chr1_KI270708v1_random	127682	41753.0	0.0
# chr1_KI270709v1_random	66860	360403.0	0.0
# chr1_KI270710v1_random	40176	14832.0	0.0
# chr1_KI270711v1_random	42210	98726.0	0.0
# chr1_KI270712v1_random	176043	81224.0	0.0
# chr1_KI270713v1_random	40745	93622.0	0.0
# chr1_KI270714v1_random	41717	43555.0	0.0
# chr2	242193529	1.26399945E8	0.0
# chr20	64444167	2.7342833E7	0.0
# chr21	46709983	2.0625442E7	0.0
# chr22	50818468	2.6104143E7	0.0
# chr22_KI270731v1_random	150754	141197.0	0.0
# chr22_KI270732v1_random	41543	20217.0	0.0
# chr22_KI270733v1_random	179772	518543.0	0.0
# chr22_KI270734v1_random	165050	132413.0	0.0
# chr22_KI270735v1_random	42811	22487.0	0.0
# chr22_KI270736v1_random	181920	69586.0	0.0
# chr22_KI270737v1_random	103838	76074.0	0.0
# chr22_KI270738v1_random	99375	89293.0	0.0
# chr22_KI270739v1_random	73985	11293.0	0.0
# chr2_KI270715v1_random	161471	51930.0	0.0
# chr2_KI270716v1_random	153799	57902.0	0.0
# chr3	198295559	7.3097661E7	0.0
# chr3_GL000221v1_random	155397	195159.0	0.0
# chr4	190214555	6.1374194E7	0.0
# chr4_GL000008v2_random	209709	166664.0	0.0
# chr5	181538259	7.0674529E7	0.0
# chr5_GL000208v1_random	92689	24391.0	0.0
# chr6	170805979	7.7738129E7	0.0
# chr7	159345973	8.1873214E7	0.0
# chr8	145138636	5.3310805E7	0.0
# chr9	138394717	4.4142195E7	0.0
# chr9_KI270717v1_random	40062	12888.0	0.0
# chr9_KI270718v1_random	38054	20935.0	0.0
# chr9_KI270719v1_random	176845	81009.0	0.0
# chr9_KI270720v1_random	39050	25809.0	0.0
# chr1_KI270762v1_alt	354444	139157.0	0.0
# chr1_KI270766v1_alt	256271	95066.0	0.0
# chr1_KI270760v1_alt	109528	36553.0	0.0
# chr1_KI270765v1_alt	185285	84037.0	0.0
# chr1_GL383518v1_alt	182439	68592.0	0.0
# chr1_GL383519v1_alt	110268	55292.0	0.0
# chr1_GL383520v2_alt	366580	102833.0	0.0
# chr1_KI270764v1_alt	50258	14754.0	0.0
# chr1_KI270763v1_alt	911658	300461.0	0.0
# chr1_KI270759v1_alt	425601	143133.0	0.0
# chr1_KI270761v1_alt	165834	22849.0	0.0
# chr2_KI270770v1_alt	136240	38879.0	0.0
# chr2_KI270773v1_alt	70887	13936.0	0.0
# chr2_KI270774v1_alt	223625	36481.0	0.0
# chr2_KI270769v1_alt	120616	35655.0	0.0
# chr2_GL383521v1_alt	143390	18996.0	0.0
# chr2_KI270772v1_alt	133041	92608.0	0.0
# chr2_KI270775v1_alt	138019	14068.0	0.0
# chr2_KI270771v1_alt	110395	9693.0	0.0
# chr2_KI270768v1_alt	110099	27200.0	0.0
# chr2_GL582966v2_alt	96131	34331.0	0.0
# chr2_GL383522v1_alt	123821	69176.0	0.0
# chr2_KI270776v1_alt	174166	46628.0	0.0
# chr2_KI270767v1_alt	161578	26866.0	0.0
# chr3_JH636055v2_alt	173151	57021.0	0.0
# chr3_KI270783v1_alt	109187	43796.0	0.0
# chr3_KI270780v1_alt	224108	50502.0	0.0
# chr3_GL383526v1_alt	180671	48407.0	0.0
# chr3_KI270777v1_alt	173649	33954.0	0.0
# chr3_KI270778v1_alt	248252	26400.0	0.0
# chr3_KI270781v1_alt	113034	32459.0	0.0
# chr3_KI270779v1_alt	205312	53592.0	0.0
# chr3_KI270782v1_alt	162429	65373.0	0.0
# chr3_KI270784v1_alt	184404	100561.0	0.0
# chr4_KI270790v1_alt	220246	20996.0	0.0
# chr4_GL383528v1_alt	376187	28939.0	0.0
# chr4_KI270787v1_alt	111943	46745.0	0.0
# chr4_GL000257v2_alt	586476	122377.0	0.0
# chr4_KI270788v1_alt	158965	15822.0	0.0
# chr4_GL383527v1_alt	164536	20925.0	0.0
# chr4_KI270785v1_alt	119912	23607.0	0.0
# chr4_KI270789v1_alt	205944	26250.0	0.0
# chr4_KI270786v1_alt	244096	25255.0	0.0
# chr5_KI270793v1_alt	126136	40612.0	0.0
# chr5_KI270792v1_alt	179043	69123.0	0.0
# chr5_KI270791v1_alt	195710	64936.0	0.0
# chr5_GL383532v1_alt	82728	14101.0	0.0
# chr5_GL949742v1_alt	226852	42282.0	0.0
# chr5_KI270794v1_alt	164558	38567.0	0.0
# chr5_GL339449v2_alt	1612928	505773.0	0.0
# chr5_GL383530v1_alt	101241	19179.0	0.0
# chr5_KI270796v1_alt	172708	18340.0	0.0
# chr5_GL383531v1_alt	173459	19140.0	0.0
# chr5_KI270795v1_alt	131892	33009.0	0.0
# chr6_GL000250v2_alt	4672374	346349.0	0.0
# chr6_KI270800v1_alt	175808	16177.0	0.0
# chr6_KI270799v1_alt	152148	35867.0	0.0
# chr6_GL383533v1_alt	124736	25004.0	0.0
# chr6_KI270801v1_alt	870480	85490.0	0.0
# chr6_KI270802v1_alt	75005	21315.0	0.0
# chr6_KB021644v2_alt	185823	41873.0	0.0
# chr6_KI270797v1_alt	197536	67362.0	0.0
# chr6_KI270798v1_alt	271782	99670.0	0.0
# chr7_KI270804v1_alt	157952	35623.0	0.0
# chr7_KI270809v1_alt	209586	98592.0	0.0
# chr7_KI270806v1_alt	158166	63756.0	0.0
# chr7_GL383534v2_alt	119183	45939.0	0.0
# chr7_KI270803v1_alt	1111570	376382.0	0.0
# chr7_KI270808v1_alt	271455	92685.0	0.0
# chr7_KI270807v1_alt	126434	40530.0	0.0
# chr7_KI270805v1_alt	209988	69524.0	0.0
# chr8_KI270818v1_alt	145606	33995.0	0.0
# chr8_KI270812v1_alt	282736	56069.0	0.0
# chr8_KI270811v1_alt	292436	46939.0	0.0
# chr8_KI270821v1_alt	985506	240313.0	0.0
# chr8_KI270813v1_alt	300230	112775.0	0.0
# chr8_KI270822v1_alt	624492	113151.0	0.0
# chr8_KI270814v1_alt	141812	41200.0	0.0
# chr8_KI270810v1_alt	374415	92306.0	0.0
# chr8_KI270819v1_alt	133535	61029.0	0.0
# chr8_KI270820v1_alt	36640	8372.0	0.0
# chr8_KI270817v1_alt	158983	43531.0	0.0
# chr8_KI270816v1_alt	305841	115172.0	0.0
# chr8_KI270815v1_alt	132244	37795.0	0.0
# chr9_GL383539v1_alt	162988	17532.0	0.0
# chr9_GL383540v1_alt	71551	10722.0	0.0
# chr9_GL383541v1_alt	171286	25905.0	0.0
# chr9_GL383542v1_alt	60032	10689.0	0.0
# chr9_KI270823v1_alt	439082	71652.0	0.0
# chr10_GL383545v1_alt	179254	40882.0	0.0
# chr10_KI270824v1_alt	181496	58142.0	0.0
# chr10_GL383546v1_alt	309802	118821.0	0.0
# chr10_KI270825v1_alt	188315	86368.0	0.0
# chr11_KI270832v1_alt	210133	83634.0	0.0
# chr11_KI270830v1_alt	177092	39400.0	0.0
# chr11_KI270831v1_alt	296895	111633.0	0.0
# chr11_KI270829v1_alt	204059	32582.0	0.0
# chr11_GL383547v1_alt	154407	13750.0	0.0
# chr11_JH159136v1_alt	200998	20027.0	0.0
# chr11_JH159137v1_alt	191409	25040.0	0.0
# chr11_KI270827v1_alt	67707	20431.0	0.0
# chr11_KI270826v1_alt	186169	40297.0	0.0
# chr12_GL877875v1_alt	167313	96055.0	0.0
# chr12_GL877876v1_alt	408271	45445.0	0.0
# chr12_KI270837v1_alt	40090	4183.0	0.0
# chr12_GL383549v1_alt	120804	38397.0	0.0
# chr12_KI270835v1_alt	238139	66040.0	0.0
# chr12_GL383550v2_alt	169178	40032.0	0.0
# chr12_GL383552v1_alt	138655	16278.0	0.0
# chr12_GL383553v2_alt	152874	27483.0	0.0
# chr12_KI270834v1_alt	119498	36738.0	0.0
# chr12_GL383551v1_alt	184319	22601.0	0.0
# chr12_KI270833v1_alt	76061	13091.0	0.0
# chr12_KI270836v1_alt	56134	14408.0	0.0
# chr13_KI270840v1_alt	191684	50767.0	0.0
# chr13_KI270839v1_alt	180306	25247.0	0.0
# chr13_KI270843v1_alt	103832	6105.0	0.0
# chr13_KI270841v1_alt	169134	10214.0	0.0
# chr13_KI270838v1_alt	306913	43441.0	0.0
# chr13_KI270842v1_alt	37287	8071.0	0.0
# chr14_KI270844v1_alt	322166	58245.0	0.0
# chr14_KI270847v1_alt	1511111	280757.0	0.0
# chr14_KI270845v1_alt	180703	35256.0	0.0
# chr14_KI270846v1_alt	1351393	191090.0	0.0
# chr15_KI270852v1_alt	478999	121229.0	0.0
# chr15_KI270851v1_alt	263054	93366.0	0.0
# chr15_KI270848v1_alt	327382	80814.0	0.0
# chr15_GL383554v1_alt	296527	84245.0	0.0
# chr15_KI270849v1_alt	244917	95936.0	0.0
# chr15_GL383555v2_alt	388773	121527.0	0.0
# chr15_KI270850v1_alt	430880	234020.0	0.0
# chr16_KI270854v1_alt	134193	54502.0	0.0
# chr16_KI270856v1_alt	63982	27416.0	0.0
# chr16_KI270855v1_alt	232857	97930.0	0.0
# chr16_KI270853v1_alt	2659700	1046835.0	0.0
# chr16_GL383556v1_alt	192462	41476.0	0.0
# chr16_GL383557v1_alt	89672	34544.0	0.0
# chr17_GL383563v3_alt	375691	80739.0	0.0
# chr17_KI270862v1_alt	391357	88469.0	0.0
# chr17_KI270861v1_alt	196688	61956.0	0.0
# chr17_KI270857v1_alt	2877074	908929.0	0.0
# chr17_JH159146v1_alt	278131	56325.0	0.0
# chr17_JH159147v1_alt	70345	11749.0	0.0
# chr17_GL383564v2_alt	133151	28896.0	0.0
# chr17_GL000258v2_alt	1821992	436058.0	0.0
# chr17_GL383565v1_alt	223995	28860.0	0.0
# chr17_KI270858v1_alt	235827	23298.0	0.0
# chr17_KI270859v1_alt	108763	33734.0	0.0
# chr17_GL383566v1_alt	90219	32578.0	0.0
# chr17_KI270860v1_alt	178921	47073.0	0.0
# chr18_KI270864v1_alt	111737	6864.0	0.0
# chr18_GL383567v1_alt	289831	58347.0	0.0
# chr18_GL383570v1_alt	164789	15822.0	0.0
# chr18_GL383571v1_alt	198278	13999.0	0.0
# chr18_GL383568v1_alt	104552	10241.0	0.0
# chr18_GL383569v1_alt	167950	15603.0	0.0
# chr18_GL383572v1_alt	159547	16462.0	0.0
# chr18_KI270863v1_alt	167999	30242.0	0.0
# chr19_KI270868v1_alt	61734	24664.0	0.0
# chr19_KI270865v1_alt	52969	17513.0	0.0
# chr19_GL383573v1_alt	385657	56646.0	0.0
# chr19_GL383575v2_alt	170222	40482.0	0.0
# chr19_GL383576v1_alt	188024	22939.0	0.0
# chr19_GL383574v1_alt	155864	68351.0	0.0
# chr19_KI270866v1_alt	43156	28530.0	0.0
# chr19_KI270867v1_alt	233762	53856.0	0.0
# chr19_GL949746v1_alt	987716	107363.0	0.0
# chr20_GL383577v2_alt	128386	25052.0	0.0
# chr20_KI270869v1_alt	118774	30865.0	0.0
# chr20_KI270871v1_alt	58661	15129.0	0.0
# chr20_KI270870v1_alt	183433	56808.0	0.0
# chr21_GL383578v2_alt	63917	27070.0	0.0
# chr21_KI270874v1_alt	166743	18520.0	0.0
# chr21_KI270873v1_alt	143900	36246.0	0.0
# chr21_GL383579v2_alt	201197	54993.0	0.0
# chr21_GL383580v2_alt	74653	28460.0	0.0
# chr21_GL383581v2_alt	116689	60403.0	0.0
# chr21_KI270872v1_alt	82692	41751.0	0.0
# chr22_KI270875v1_alt	259914	381766.0	0.0
# chr22_KI270878v1_alt	186262	55917.0	0.0
# chr22_KI270879v1_alt	304135	98724.0	0.0
# chr22_KI270876v1_alt	263666	65258.0	0.0
# chr22_KI270877v1_alt	101331	17486.0	0.0
# chr22_GL383583v2_alt	96924	22116.0	0.0
# chr22_GL383582v2_alt	162811	29918.0	0.0
# chrX_KI270880v1_alt	284869	29470.0	0.0
# chrX_KI270881v1_alt	144206	13434.0	0.0
# chr19_KI270882v1_alt	248807	5699.0	0.0
# chr19_KI270883v1_alt	170399	4951.0	0.0
# chr19_KI270884v1_alt	157053	3862.0	0.0
# chr19_KI270885v1_alt	171027	3996.0	0.0
# chr19_KI270886v1_alt	204239	4039.0	0.0
# chr19_KI270887v1_alt	209512	5723.0	0.0
# chr19_KI270888v1_alt	155532	3691.0	0.0
# chr19_KI270889v1_alt	170698	3900.0	0.0
# chr19_KI270890v1_alt	184499	4875.0	0.0
# chr19_KI270891v1_alt	170680	3952.0	0.0
# chr1_KI270892v1_alt	162212	21823.0	0.0
# chr2_KI270894v1_alt	214158	115689.0	0.0
# chr2_KI270893v1_alt	161218	27246.0	0.0
# chr3_KI270895v1_alt	162896	41212.0	0.0
# chr4_KI270896v1_alt	378547	65045.0	0.0
# chr5_KI270897v1_alt	1144418	363558.0	0.0
# chr5_KI270898v1_alt	130957	28966.0	0.0
# chr6_GL000251v2_alt	4795265	872139.0	0.0
# chr7_KI270899v1_alt	190869	61283.0	0.0
# chr8_KI270901v1_alt	136959	27231.0	0.0
# chr8_KI270900v1_alt	318687	49188.0	0.0
# chr11_KI270902v1_alt	106711	24817.0	0.0
# chr11_KI270903v1_alt	214625	45315.0	0.0
# chr12_KI270904v1_alt	572349	79066.0	0.0
# chr15_KI270906v1_alt	196384	40697.0	0.0
# chr15_KI270905v1_alt	5161414	1250791.0	0.0
# chr17_KI270907v1_alt	137721	17640.0	0.0
# chr17_KI270910v1_alt	157099	24401.0	0.0
# chr17_KI270909v1_alt	325800	69228.0	0.0
# chr17_JH159148v1_alt	88070	11682.0	0.0
# chr17_KI270908v1_alt	1423190	491064.0	0.0
# chr18_KI270912v1_alt	174061	16828.0	0.0
# chr18_KI270911v1_alt	157710	16547.0	0.0
# chr19_GL949747v2_alt	729520	62141.0	0.0
# chr22_KB663609v1_alt	74013	10034.0	0.0
# chrX_KI270913v1_alt	274009	26146.0	0.0
# chr19_KI270914v1_alt	205194	5479.0	0.0
# chr19_KI270915v1_alt	170665	3731.0	0.0
# chr19_KI270916v1_alt	184516	4280.0	0.0
# chr19_KI270917v1_alt	190932	6888.0	0.0
# chr19_KI270918v1_alt	123111	2777.0	0.0
# chr19_KI270919v1_alt	170701	4240.0	0.0
# chr19_KI270920v1_alt	198005	7786.0	0.0
# chr19_KI270921v1_alt	282224	8925.0	0.0
# chr19_KI270922v1_alt	187935	6851.0	0.0
# chr19_KI270923v1_alt	189352	7214.0	0.0
# chr3_KI270924v1_alt	166540	39451.0	0.0
# chr4_KI270925v1_alt	555799	69003.0	0.0
# chr6_GL000252v2_alt	4604811	657051.0	0.0
# chr8_KI270926v1_alt	229282	61370.0	0.0
# chr11_KI270927v1_alt	218612	49438.0	0.0
# chr19_GL949748v2_alt	1064304	39484.0	0.0
# chr22_KI270928v1_alt	176103	29022.0	0.0
# chr19_KI270929v1_alt	186203	7151.0	0.0
# chr19_KI270930v1_alt	200773	4745.0	0.0
# chr19_KI270931v1_alt	170148	3990.0	0.0
# chr19_KI270932v1_alt	215732	5660.0	0.0
# chr19_KI270933v1_alt	170537	5062.0	0.0
# chr19_GL000209v2_alt	177381	4380.0	0.0
# chr3_KI270934v1_alt	163458	40404.0	0.0
# chr6_GL000253v2_alt	4677643	605169.0	0.0
# chr19_GL949749v2_alt	1091841	38647.0	0.0
# chr3_KI270935v1_alt	197351	48744.0	0.0
# chr6_GL000254v2_alt	4827813	619407.0	0.0
# chr19_GL949750v2_alt	1066390	39790.0	0.0
# chr3_KI270936v1_alt	164170	40155.0	0.0
# chr6_GL000255v2_alt	4606388	829928.0	0.0
# chr19_GL949751v2_alt	1002683	40639.0	0.0
# chr3_KI270937v1_alt	165607	40327.0	0.0
# chr6_GL000256v2_alt	4929269	691253.0	0.0
# chr19_GL949752v1_alt	987100	114087.0	0.0
# chr6_KI270758v1_alt	76752	4897.0	0.0
# chr19_GL949753v2_alt	796479	71062.0	0.0
# chr19_KI270938v1_alt	1066800	121446.0	0.0
# chrM	16569	212500.0	0.0
# chrUn_KI270302v1	2274	948.0	0.0
# chrUn_KI270304v1	2165	1796.0	0.0
# chrUn_KI270303v1	1942	1774.0	0.0
# chrUn_KI270305v1	1472	961.0	0.0
# chrUn_KI270322v1	21476	3120.0	0.0
# chrUn_KI270320v1	4416	4101.0	0.0
# chrUn_KI270310v1	1201	2210.0	0.0
# chrUn_KI270316v1	1444	1161.0	0.0
# chrUn_KI270315v1	2276	1508.0	0.0
# chrUn_KI270312v1	998	198.0	0.0
# chrUn_KI270311v1	12399	2890.0	0.0
# chrUn_KI270317v1	37690	1517.0	0.0
# chrUn_KI270412v1	1179	438.0	0.0
# chrUn_KI270411v1	2646	3029.0	0.0
# chrUn_KI270414v1	2489	428.0	0.0
# chrUn_KI270419v1	1029	167.0	0.0
# chrUn_KI270418v1	2145	517.0	0.0
# chrUn_KI270420v1	2321	655.0	0.0
# chrUn_KI270424v1	2140	276.0	0.0
# chrUn_KI270417v1	2043	365.0	0.0
# chrUn_KI270422v1	1445	413.0	0.0
# chrUn_KI270423v1	981	358.0	0.0
# chrUn_KI270425v1	1884	238.0	0.0
# chrUn_KI270429v1	1361	300.0	0.0
# chrUn_KI270442v1	392061	210809.0	0.0
# chrUn_KI270466v1	1233	20802.0	0.0
# chrUn_KI270465v1	1774	434.0	0.0
# chrUn_KI270467v1	3920	78545.0	0.0
# chrUn_KI270435v1	92983	30113.0	0.0
# chrUn_KI270438v1	112505	483147.0	0.0
# chrUn_KI270468v1	4055	1118.0	0.0
# chrUn_KI270510v1	2415	1152.0	0.0
# chrUn_KI270509v1	2318	1367.0	0.0
# chrUn_KI270518v1	2186	1203.0	0.0
# chrUn_KI270508v1	1951	1221.0	0.0
# chrUn_KI270516v1	1300	728.0	0.0
# chrUn_KI270512v1	22689	6864.0	0.0
# chrUn_KI270519v1	138126	45867.0	0.0
# chrUn_KI270522v1	5674	1070.0	0.0
# chrUn_KI270511v1	8127	2488.0	0.0
# chrUn_KI270515v1	6361	3544.0	0.0
# chrUn_KI270507v1	5353	3249.0	0.0
# chrUn_KI270517v1	3253	1770.0	0.0
# chrUn_KI270529v1	1899	373.0	0.0
# chrUn_KI270528v1	2983	538.0	0.0
# chrUn_KI270530v1	2168	553.0	0.0
# chrUn_KI270539v1	993	39.0	0.0
# chrUn_KI270538v1	91309	25906.0	0.0
# chrUn_KI270544v1	1202	671.0	0.0
# chrUn_KI270548v1	1599	361.0	0.0
# chrUn_KI270583v1	1400	967.0	0.0
# chrUn_KI270587v1	2969	1984.0	0.0
# chrUn_KI270580v1	1553	888.0	0.0
# chrUn_KI270581v1	7046	2399.0	0.0
# chrUn_KI270579v1	31033	6806.0	0.0
# chrUn_KI270589v1	44474	14172.0	0.0
# chrUn_KI270590v1	4685	3922.0	0.0
# chrUn_KI270584v1	4513	1924.0	0.0
# chrUn_KI270582v1	6504	2411.0	0.0
# chrUn_KI270588v1	6158	3229.0	0.0
# chrUn_KI270593v1	3041	1418.0	0.0
# chrUn_KI270591v1	5796	4614.0	0.0
# chrUn_KI270330v1	1652	11205.0	0.0
# chrUn_KI270329v1	1040	255.0	0.0
# chrUn_KI270334v1	1368	803.0	0.0
# chrUn_KI270333v1	2699	25662.0	0.0
# chrUn_KI270335v1	1048	546.0	0.0
# chrUn_KI270338v1	1428	631.0	0.0
# chrUn_KI270340v1	1428	909.0	0.0
# chrUn_KI270336v1	1026	7024.0	0.0
# chrUn_KI270337v1	1121	13282.0	0.0
# chrUn_KI270363v1	1803	364.0	0.0
# chrUn_KI270364v1	2855	463.0	0.0
# chrUn_KI270362v1	3530	727.0	0.0
# chrUn_KI270366v1	8320	1776.0	0.0
# chrUn_KI270378v1	1048	91.0	0.0
# chrUn_KI270379v1	1045	128.0	0.0
# chrUn_KI270389v1	1298	436.0	0.0
# chrUn_KI270390v1	2387	470.0	0.0
# chrUn_KI270387v1	1537	729.0	0.0
# chrUn_KI270395v1	1143	841.0	0.0
# chrUn_KI270396v1	1880	903.0	0.0
# chrUn_KI270388v1	1216	478.0	0.0
# chrUn_KI270394v1	970	312.0	0.0
# chrUn_KI270386v1	1788	555.0	0.0
# chrUn_KI270391v1	1484	385.0	0.0
# chrUn_KI270383v1	1750	574.0	0.0
# chrUn_KI270393v1	1308	399.0	0.0
# chrUn_KI270384v1	1658	459.0	0.0
# chrUn_KI270392v1	971	251.0	0.0
# chrUn_KI270381v1	1930	701.0	0.0
# chrUn_KI270385v1	990	307.0	0.0
# chrUn_KI270382v1	4215	1034.0	0.0
# chrUn_KI270376v1	1136	140.0	0.0
# chrUn_KI270374v1	2656	365.0	0.0
# chrUn_KI270372v1	1650	179.0	0.0
# chrUn_KI270373v1	1451	124.0	0.0
# chrUn_KI270375v1	2378	298.0	0.0
# chrUn_KI270371v1	2805	402.0	0.0
# chrUn_KI270448v1	7992	2936.0	0.0
# chrUn_KI270521v1	7642	1913.0	0.0
# chrUn_GL000195v1	182896	182732.0	0.0
# chrUn_GL000219v1	179198	220475.0	0.0
# chrUn_GL000220v1	161802	683226.0	0.0
# chrUn_GL000224v1	179693	361314.0	0.0
# chrUn_KI270741v1	157432	104983.0	0.0
# chrUn_GL000226v1	15008	12159.0	0.0
# chrUn_GL000213v1	164239	27252.0	0.0
# chrUn_KI270743v1	210658	162551.0	0.0
# chrUn_KI270744v1	168472	299505.0	0.0
# chrUn_KI270745v1	41891	36625.0	0.0
# chrUn_KI270746v1	66486	41103.0	0.0
# chrUn_KI270747v1	198735	59847.0	0.0
# chrUn_KI270748v1	93321	49589.0	0.0
# chrUn_KI270749v1	158759	38322.0	0.0
# chrUn_KI270750v1	148850	51125.0	0.0
# chrUn_KI270751v1	150742	172265.0	0.0
# chrUn_KI270752v1	27745	266.0	0.0
# chrUn_KI270753v1	62944	19138.0	0.0
# chrUn_KI270754v1	40191	78694.0	0.0
# chrUn_KI270755v1	36723	4113.0	0.0
# chrUn_KI270756v1	79590	23881.0	0.0
# chrUn_KI270757v1	71251	29531.0	0.0
# chrUn_GL000214v1	137718	246482.0	0.0
# chrUn_KI270742v1	186739	361814.0	0.0
# chrUn_GL000216v2	176608	279662.0	0.0
# chrUn_GL000218v1	161147	176511.0	0.0
# chrX	156040895	3.560165E7	0.0
# chrY	57227415	1439720.0	0.0
# chrY_KI270740v1_random	37240	11.0	0.0
# Total Genome Size: 3.209286105E9	Total Aligned Tags: 1.267446887E9
# MarkDuplicates	# 2.18.2-SNAPSHOT
# MarkDuplicates TAGGING_POLICY=All INPUT=[Map_with_BWA-MEM_on_data_4_and_data_3__mapped_reads_in_BAM_format_] OUTPUT=/storage/group/bfp2/default/00_pughlab/pulsar/files/staging/789218/outputs/dataset_934c00a5-b8f5-41dd-b72c-3e2928089443.dat METRICS_FILE=/storage/group/bfp2/default/00_pughlab/pulsar/files/staging/789218/outputs/dataset_9c9f9064-4c92-4677-8b0a-624ea03e6013.dat REMOVE_DUPLICATES=false ASSUME_SORTED=true DUPLICATE_SCORING_STRATEGY=SUM_OF_BASE_QUALITIES READ_NAME_REGEX=[a-zA-Z0-9]+:[0-9]:([0-9]+):([0-9]+):([0-9]+).*. OPTICAL_DUPLICATE_PIXEL_DISTANCE=100 VERBOSITY=ERROR QUIET=true VALIDATION_STRINGENCY=LENIENT    MAX_SEQUENCES_FOR_DISK_READ_ENDS_MAP=50000 MAX_FILE_HANDLES_FOR_READ_ENDS_MAP=8000 SORTING_COLLECTION_SIZE_RATIO=0.25 TAG_DUPLICATE_SET_MEMBERS=false REMOVE_SEQUENCING_DUPLICATES=false CLEAR_DT=true ADD_PG_TAG_TO_READS=true PROGRAM_RECORD_ID=MarkDuplicates PROGRAM_GROUP_NAME=MarkDuplicates MAX_OPTICAL_DUPLICATE_SET_SIZE=300000 COMPRESSION_LEVEL=5 MAX_RECORDS_IN_RAM=500000 CREATE_INDEX=false CREATE_MD5_FILE=false GA4GH_CLIENT_SECRETS=client_secrets.json USE_JDK_DEFLATER=false USE_JDK_INFLATER=false
# MarkDuplicates.10	# 2.18.2-SNAPSHOT
# MarkDuplicates TAGGING_POLICY=All INPUT=[Map_with_BWA-MEM_on_data_4_and_data_3__mapped_reads_in_BAM_format_] OUTPUT=/storage/group/bfp2/default/00_pughlab/pulsar/files/staging/800348/outputs/dataset_de489e83-686f-497c-8329-a87c54ad3803.dat METRICS_FILE=/storage/group/bfp2/default/00_pughlab/pulsar/files/staging/800348/outputs/dataset_d076e4b7-b401-410a-a14f-6e55fda9d12d.dat REMOVE_DUPLICATES=false ASSUME_SORTED=true DUPLICATE_SCORING_STRATEGY=SUM_OF_BASE_QUALITIES READ_NAME_REGEX=[a-zA-Z0-9]+:[0-9]:([0-9]+):([0-9]+):([0-9]+).*. OPTICAL_DUPLICATE_PIXEL_DISTANCE=100 VERBOSITY=ERROR QUIET=true VALIDATION_STRINGENCY=LENIENT    MAX_SEQUENCES_FOR_DISK_READ_ENDS_MAP=50000 MAX_FILE_HANDLES_FOR_READ_ENDS_MAP=8000 SORTING_COLLECTION_SIZE_RATIO=0.25 TAG_DUPLICATE_SET_MEMBERS=false REMOVE_SEQUENCING_DUPLICATES=false CLEAR_DT=true ADD_PG_TAG_TO_READS=true PROGRAM_RECORD_ID=MarkDuplicates PROGRAM_GROUP_NAME=MarkDuplicates MAX_OPTICAL_DUPLICATE_SET_SIZE=300000 COMPRESSION_LEVEL=5 MAX_RECORDS_IN_RAM=500000 CREATE_INDEX=false CREATE_MD5_FILE=false GA4GH_CLIENT_SECRETS=client_secrets.json USE_JDK_DEFLATER=false USE_JDK_INFLATER=false
# MarkDuplicates.11	# 2.18.2-SNAPSHOT
# MarkDuplicates TAGGING_POLICY=All INPUT=[Map_with_BWA-MEM_on_data_4_and_data_3__mapped_reads_in_BAM_format_] OUTPUT=/storage/group/bfp2/default/00_pughlab/pulsar/files/staging/800785/outputs/dataset_176394e3-c612-42a3-8ca0-142649b091a6.dat METRICS_FILE=/storage/group/bfp2/default/00_pughlab/pulsar/files/staging/800785/outputs/dataset_8951e7ce-a71e-4a3e-8c01-075e76639c2e.dat REMOVE_DUPLICATES=false ASSUME_SORTED=true DUPLICATE_SCORING_STRATEGY=SUM_OF_BASE_QUALITIES READ_NAME_REGEX=[a-zA-Z0-9]+:[0-9]:([0-9]+):([0-9]+):([0-9]+).*. OPTICAL_DUPLICATE_PIXEL_DISTANCE=100 VERBOSITY=ERROR QUIET=true VALIDATION_STRINGENCY=LENIENT    MAX_SEQUENCES_FOR_DISK_READ_ENDS_MAP=50000 MAX_FILE_HANDLES_FOR_READ_ENDS_MAP=8000 SORTING_COLLECTION_SIZE_RATIO=0.25 TAG_DUPLICATE_SET_MEMBERS=false REMOVE_SEQUENCING_DUPLICATES=false CLEAR_DT=true ADD_PG_TAG_TO_READS=true PROGRAM_RECORD_ID=MarkDuplicates PROGRAM_GROUP_NAME=MarkDuplicates MAX_OPTICAL_DUPLICATE_SET_SIZE=300000 COMPRESSION_LEVEL=5 MAX_RECORDS_IN_RAM=500000 CREATE_INDEX=false CREATE_MD5_FILE=false GA4GH_CLIENT_SECRETS=client_secrets.json USE_JDK_DEFLATER=false USE_JDK_INFLATER=false
# MarkDuplicates.12	# 2.18.2-SNAPSHOT
# MarkDuplicates TAGGING_POLICY=All INPUT=[Map_with_BWA-MEM_on_data_4_and_data_3__mapped_reads_in_BAM_format_] OUTPUT=/storage/group/bfp2/default/00_pughlab/pulsar/files/staging/800812/outputs/dataset_2781442d-d7e1-47fb-875d-f11cb1fb4722.dat METRICS_FILE=/storage/group/bfp2/default/00_pughlab/pulsar/files/staging/800812/outputs/dataset_db3290af-6ffb-4b9e-895a-bedd2cfbd2e2.dat REMOVE_DUPLICATES=false ASSUME_SORTED=true DUPLICATE_SCORING_STRATEGY=SUM_OF_BASE_QUALITIES READ_NAME_REGEX=[a-zA-Z0-9]+:[0-9]:([0-9]+):([0-9]+):([0-9]+).*. OPTICAL_DUPLICATE_PIXEL_DISTANCE=100 VERBOSITY=ERROR QUIET=true VALIDATION_STRINGENCY=LENIENT    MAX_SEQUENCES_FOR_DISK_READ_ENDS_MAP=50000 MAX_FILE_HANDLES_FOR_READ_ENDS_MAP=8000 SORTING_COLLECTION_SIZE_RATIO=0.25 TAG_DUPLICATE_SET_MEMBERS=false REMOVE_SEQUENCING_DUPLICATES=false CLEAR_DT=true ADD_PG_TAG_TO_READS=true PROGRAM_RECORD_ID=MarkDuplicates PROGRAM_GROUP_NAME=MarkDuplicates MAX_OPTICAL_DUPLICATE_SET_SIZE=300000 COMPRESSION_LEVEL=5 MAX_RECORDS_IN_RAM=500000 CREATE_INDEX=false CREATE_MD5_FILE=false GA4GH_CLIENT_SECRETS=client_secrets.json USE_JDK_DEFLATER=false USE_JDK_INFLATER=false
# MarkDuplicates.13	# 2.18.2-SNAPSHOT
# MarkDuplicates TAGGING_POLICY=All INPUT=[Map_with_BWA-MEM_on_data_4_and_data_3__mapped_reads_in_BAM_format_] OUTPUT=/storage/group/bfp2/default/00_pughlab/pulsar/files/staging/800839/outputs/dataset_fdedc46d-517f-43e9-a831-d33a03b20c3b.dat METRICS_FILE=/storage/group/bfp2/default/00_pughlab/pulsar/files/staging/800839/outputs/dataset_16f2ae01-b34f-46af-8de6-76043e7d18cd.dat REMOVE_DUPLICATES=false ASSUME_SORTED=true DUPLICATE_SCORING_STRATEGY=SUM_OF_BASE_QUALITIES READ_NAME_REGEX=[a-zA-Z0-9]+:[0-9]:([0-9]+):([0-9]+):([0-9]+).*. OPTICAL_DUPLICATE_PIXEL_DISTANCE=100 VERBOSITY=ERROR QUIET=true VALIDATION_STRINGENCY=LENIENT    MAX_SEQUENCES_FOR_DISK_READ_ENDS_MAP=50000 MAX_FILE_HANDLES_FOR_READ_ENDS_MAP=8000 SORTING_COLLECTION_SIZE_RATIO=0.25 TAG_DUPLICATE_SET_MEMBERS=false REMOVE_SEQUENCING_DUPLICATES=false CLEAR_DT=true ADD_PG_TAG_TO_READS=true PROGRAM_RECORD_ID=MarkDuplicates PROGRAM_GROUP_NAME=MarkDuplicates MAX_OPTICAL_DUPLICATE_SET_SIZE=300000 COMPRESSION_LEVEL=5 MAX_RECORDS_IN_RAM=500000 CREATE_INDEX=false CREATE_MD5_FILE=false GA4GH_CLIENT_SECRETS=client_secrets.json USE_JDK_DEFLATER=false USE_JDK_INFLATER=false
# MarkDuplicates.3	# 2.18.2-SNAPSHOT
# MarkDuplicates TAGGING_POLICY=All INPUT=[Map_with_BWA-MEM_on_data_4_and_data_3__mapped_reads_in_BAM_format_] OUTPUT=/storage/group/bfp2/default/00_pughlab/pulsar/files/staging/800609/outputs/dataset_f488c4e9-4ba9-41db-ac76-6ee3dfc4ca77.dat METRICS_FILE=/storage/group/bfp2/default/00_pughlab/pulsar/files/staging/800609/outputs/dataset_c1dabe87-5fcb-4644-8624-f2f461978e30.dat REMOVE_DUPLICATES=false ASSUME_SORTED=true DUPLICATE_SCORING_STRATEGY=SUM_OF_BASE_QUALITIES READ_NAME_REGEX=[a-zA-Z0-9]+:[0-9]:([0-9]+):([0-9]+):([0-9]+).*. OPTICAL_DUPLICATE_PIXEL_DISTANCE=100 VERBOSITY=ERROR QUIET=true VALIDATION_STRINGENCY=LENIENT    MAX_SEQUENCES_FOR_DISK_READ_ENDS_MAP=50000 MAX_FILE_HANDLES_FOR_READ_ENDS_MAP=8000 SORTING_COLLECTION_SIZE_RATIO=0.25 TAG_DUPLICATE_SET_MEMBERS=false REMOVE_SEQUENCING_DUPLICATES=false CLEAR_DT=true ADD_PG_TAG_TO_READS=true PROGRAM_RECORD_ID=MarkDuplicates PROGRAM_GROUP_NAME=MarkDuplicates MAX_OPTICAL_DUPLICATE_SET_SIZE=300000 COMPRESSION_LEVEL=5 MAX_RECORDS_IN_RAM=500000 CREATE_INDEX=false CREATE_MD5_FILE=false GA4GH_CLIENT_SECRETS=client_secrets.json USE_JDK_DEFLATER=false USE_JDK_INFLATER=false
# MarkDuplicates.3.15	# 2.18.2-SNAPSHOT
# MarkDuplicates TAGGING_POLICY=All INPUT=[Map_with_BWA-MEM_on_data_4_and_data_3__mapped_reads_in_BAM_format_] OUTPUT=/storage/group/bfp2/default/00_pughlab/pulsar/files/staging/800636/outputs/dataset_8d68e691-ed6a-48a1-b251-5016a15a270f.dat METRICS_FILE=/storage/group/bfp2/default/00_pughlab/pulsar/files/staging/800636/outputs/dataset_edd517cc-0588-4f60-9667-4f35aa6e357e.dat REMOVE_DUPLICATES=false ASSUME_SORTED=true DUPLICATE_SCORING_STRATEGY=SUM_OF_BASE_QUALITIES READ_NAME_REGEX=[a-zA-Z0-9]+:[0-9]:([0-9]+):([0-9]+):([0-9]+).*. OPTICAL_DUPLICATE_PIXEL_DISTANCE=100 VERBOSITY=ERROR QUIET=true VALIDATION_STRINGENCY=LENIENT    MAX_SEQUENCES_FOR_DISK_READ_ENDS_MAP=50000 MAX_FILE_HANDLES_FOR_READ_ENDS_MAP=8000 SORTING_COLLECTION_SIZE_RATIO=0.25 TAG_DUPLICATE_SET_MEMBERS=false REMOVE_SEQUENCING_DUPLICATES=false CLEAR_DT=true ADD_PG_TAG_TO_READS=true PROGRAM_RECORD_ID=MarkDuplicates PROGRAM_GROUP_NAME=MarkDuplicates MAX_OPTICAL_DUPLICATE_SET_SIZE=300000 COMPRESSION_LEVEL=5 MAX_RECORDS_IN_RAM=500000 CREATE_INDEX=false CREATE_MD5_FILE=false GA4GH_CLIENT_SECRETS=client_secrets.json USE_JDK_DEFLATER=false USE_JDK_INFLATER=false
# MarkDuplicates.3.16	# 2.18.2-SNAPSHOT
# MarkDuplicates TAGGING_POLICY=All INPUT=[Map_with_BWA-MEM_on_data_4_and_data_3__mapped_reads_in_BAM_format_] OUTPUT=/storage/group/bfp2/default/00_pughlab/pulsar/files/staging/800663/outputs/dataset_9c923784-d7b1-4d4d-bf48-2148501e35de.dat METRICS_FILE=/storage/group/bfp2/default/00_pughlab/pulsar/files/staging/800663/outputs/dataset_f7538d4a-14e8-488b-bcc4-5485d55484e5.dat REMOVE_DUPLICATES=false ASSUME_SORTED=true DUPLICATE_SCORING_STRATEGY=SUM_OF_BASE_QUALITIES READ_NAME_REGEX=[a-zA-Z0-9]+:[0-9]:([0-9]+):([0-9]+):([0-9]+).*. OPTICAL_DUPLICATE_PIXEL_DISTANCE=100 VERBOSITY=ERROR QUIET=true VALIDATION_STRINGENCY=LENIENT    MAX_SEQUENCES_FOR_DISK_READ_ENDS_MAP=50000 MAX_FILE_HANDLES_FOR_READ_ENDS_MAP=8000 SORTING_COLLECTION_SIZE_RATIO=0.25 TAG_DUPLICATE_SET_MEMBERS=false REMOVE_SEQUENCING_DUPLICATES=false CLEAR_DT=true ADD_PG_TAG_TO_READS=true PROGRAM_RECORD_ID=MarkDuplicates PROGRAM_GROUP_NAME=MarkDuplicates MAX_OPTICAL_DUPLICATE_SET_SIZE=300000 COMPRESSION_LEVEL=5 MAX_RECORDS_IN_RAM=500000 CREATE_INDEX=false CREATE_MD5_FILE=false GA4GH_CLIENT_SECRETS=client_secrets.json USE_JDK_DEFLATER=false USE_JDK_INFLATER=false
# MarkDuplicates.3.17	# 2.18.2-SNAPSHOT
# MarkDuplicates TAGGING_POLICY=All INPUT=[Map_with_BWA-MEM_on_data_4_and_data_3__mapped_reads_in_BAM_format_] OUTPUT=/storage/group/bfp2/default/00_pughlab/pulsar/files/staging/800690/outputs/dataset_2189cac2-e724-46ae-92b7-6a519f396cd8.dat METRICS_FILE=/storage/group/bfp2/default/00_pughlab/pulsar/files/staging/800690/outputs/dataset_1e25207e-2242-49ba-8483-38f54fc272e7.dat REMOVE_DUPLICATES=false ASSUME_SORTED=true DUPLICATE_SCORING_STRATEGY=SUM_OF_BASE_QUALITIES READ_NAME_REGEX=[a-zA-Z0-9]+:[0-9]:([0-9]+):([0-9]+):([0-9]+).*. OPTICAL_DUPLICATE_PIXEL_DISTANCE=100 VERBOSITY=ERROR QUIET=true VALIDATION_STRINGENCY=LENIENT    MAX_SEQUENCES_FOR_DISK_READ_ENDS_MAP=50000 MAX_FILE_HANDLES_FOR_READ_ENDS_MAP=8000 SORTING_COLLECTION_SIZE_RATIO=0.25 TAG_DUPLICATE_SET_MEMBERS=false REMOVE_SEQUENCING_DUPLICATES=false CLEAR_DT=true ADD_PG_TAG_TO_READS=true PROGRAM_RECORD_ID=MarkDuplicates PROGRAM_GROUP_NAME=MarkDuplicates MAX_OPTICAL_DUPLICATE_SET_SIZE=300000 COMPRESSION_LEVEL=5 MAX_RECORDS_IN_RAM=500000 CREATE_INDEX=false CREATE_MD5_FILE=false GA4GH_CLIENT_SECRETS=client_secrets.json USE_JDK_DEFLATER=false USE_JDK_INFLATER=false
# MarkDuplicates.3.18	# 2.18.2-SNAPSHOT
# MarkDuplicates TAGGING_POLICY=All INPUT=[Map_with_BWA-MEM_on_data_4_and_data_3__mapped_reads_in_BAM_format_] OUTPUT=/storage/group/bfp2/default/00_pughlab/pulsar/files/staging/800717/outputs/dataset_3caf2aa6-3d7e-472a-a721-db4e3b135757.dat METRICS_FILE=/storage/group/bfp2/default/00_pughlab/pulsar/files/staging/800717/outputs/dataset_15bbcd48-7eb8-45e6-b82f-ca9d2ae4d38c.dat REMOVE_DUPLICATES=false ASSUME_SORTED=true DUPLICATE_SCORING_STRATEGY=SUM_OF_BASE_QUALITIES READ_NAME_REGEX=[a-zA-Z0-9]+:[0-9]:([0-9]+):([0-9]+):([0-9]+).*. OPTICAL_DUPLICATE_PIXEL_DISTANCE=100 VERBOSITY=ERROR QUIET=true VALIDATION_STRINGENCY=LENIENT    MAX_SEQUENCES_FOR_DISK_READ_ENDS_MAP=50000 MAX_FILE_HANDLES_FOR_READ_ENDS_MAP=8000 SORTING_COLLECTION_SIZE_RATIO=0.25 TAG_DUPLICATE_SET_MEMBERS=false REMOVE_SEQUENCING_DUPLICATES=false CLEAR_DT=true ADD_PG_TAG_TO_READS=true PROGRAM_RECORD_ID=MarkDuplicates PROGRAM_GROUP_NAME=MarkDuplicates MAX_OPTICAL_DUPLICATE_SET_SIZE=300000 COMPRESSION_LEVEL=5 MAX_RECORDS_IN_RAM=500000 CREATE_INDEX=false CREATE_MD5_FILE=false GA4GH_CLIENT_SECRETS=client_secrets.json USE_JDK_DEFLATER=false USE_JDK_INFLATER=false
# MarkDuplicates.3.19	# 2.18.2-SNAPSHOT
# MarkDuplicates TAGGING_POLICY=All INPUT=[Map_with_BWA-MEM_on_data_4_and_data_3__mapped_reads_in_BAM_format_] OUTPUT=/storage/group/bfp2/default/00_pughlab/pulsar/files/staging/800744/outputs/dataset_68edffb9-af13-4eef-be5c-38754728b1ad.dat METRICS_FILE=/storage/group/bfp2/default/00_pughlab/pulsar/files/staging/800744/outputs/dataset_099e38b8-c745-47d2-9505-ad3391aa4886.dat REMOVE_DUPLICATES=false ASSUME_SORTED=true DUPLICATE_SCORING_STRATEGY=SUM_OF_BASE_QUALITIES READ_NAME_REGEX=[a-zA-Z0-9]+:[0-9]:([0-9]+):([0-9]+):([0-9]+).*. OPTICAL_DUPLICATE_PIXEL_DISTANCE=100 VERBOSITY=ERROR QUIET=true VALIDATION_STRINGENCY=LENIENT    MAX_SEQUENCES_FOR_DISK_READ_ENDS_MAP=50000 MAX_FILE_HANDLES_FOR_READ_ENDS_MAP=8000 SORTING_COLLECTION_SIZE_RATIO=0.25 TAG_DUPLICATE_SET_MEMBERS=false REMOVE_SEQUENCING_DUPLICATES=false CLEAR_DT=true ADD_PG_TAG_TO_READS=true PROGRAM_RECORD_ID=MarkDuplicates PROGRAM_GROUP_NAME=MarkDuplicates MAX_OPTICAL_DUPLICATE_SET_SIZE=300000 COMPRESSION_LEVEL=5 MAX_RECORDS_IN_RAM=500000 CREATE_INDEX=false CREATE_MD5_FILE=false GA4GH_CLIENT_SECRETS=client_secrets.json USE_JDK_DEFLATER=false USE_JDK_INFLATER=false
# MarkDuplicates.4	# Version:2.27.3
# MarkDuplicates --INPUT 33023_Input_-_K562_-_-_XL-50Unuclease-0cycSonic-total-input_BI.bam --INPUT 33159_Input_-_K562_-_-_XL-50Unuclease-0cycSonic-total-input_BI.bam --OUTPUT 50U-10min_12.bam --METRICS_FILE 50U-10min_12.metrics --REMOVE_DUPLICATES true --ASSUME_SORTED true --DUPLICATE_SCORING_STRATEGY SUM_OF_BASE_QUALITIES --READ_NAME_REGEX [a-zA-Z0-9]+:[0-9]:([0-9]+):([0-9]+):([0-9]+).*. --OPTICAL_DUPLICATE_PIXEL_DISTANCE 100 --MAX_SEQUENCES_FOR_DISK_READ_ENDS_MAP 50000 --MAX_FILE_HANDLES_FOR_READ_ENDS_MAP 8000 --SORTING_COLLECTION_SIZE_RATIO 0.25 --TAG_DUPLICATE_SET_MEMBERS false --REMOVE_SEQUENCING_DUPLICATES false --TAGGING_POLICY DontTag --CLEAR_DT true --DUPLEX_UMI false --ADD_PG_TAG_TO_READS true --PROGRAM_RECORD_ID MarkDuplicates --PROGRAM_GROUP_NAME MarkDuplicates --MAX_OPTICAL_DUPLICATE_SET_SIZE 300000 --VERBOSITY INFO --QUIET false --VALIDATION_STRINGENCY STRICT --COMPRESSION_LEVEL 5 --MAX_RECORDS_IN_RAM 500000 --CREATE_INDEX false --CREATE_MD5_FILE false --GA4GH_CLIENT_SECRETS client_secrets.json --help false --version false --showHidden false --USE_JDK_DEFLATER false --USE_JDK_INFLATER false
# MarkDuplicates.4.1H	# Version:2.27.3
# MarkDuplicates --INPUT 33024_Input_-_K562_-_-_XL-50Unuclease-0cycSonic-total-input_BI.bam --INPUT 33160_Input_-_K562_-_-_XL-50Unuclease-0cycSonic-total-input_BI.bam --OUTPUT 50U-10min_13.bam --METRICS_FILE 50U-10min_13.metrics --REMOVE_DUPLICATES true --ASSUME_SORTED true --DUPLICATE_SCORING_STRATEGY SUM_OF_BASE_QUALITIES --READ_NAME_REGEX [a-zA-Z0-9]+:[0-9]:([0-9]+):([0-9]+):([0-9]+).*. --OPTICAL_DUPLICATE_PIXEL_DISTANCE 100 --MAX_SEQUENCES_FOR_DISK_READ_ENDS_MAP 50000 --MAX_FILE_HANDLES_FOR_READ_ENDS_MAP 8000 --SORTING_COLLECTION_SIZE_RATIO 0.25 --TAG_DUPLICATE_SET_MEMBERS false --REMOVE_SEQUENCING_DUPLICATES false --TAGGING_POLICY DontTag --CLEAR_DT true --DUPLEX_UMI false --ADD_PG_TAG_TO_READS true --PROGRAM_RECORD_ID MarkDuplicates --PROGRAM_GROUP_NAME MarkDuplicates --MAX_OPTICAL_DUPLICATE_SET_SIZE 300000 --VERBOSITY INFO --QUIET false --VALIDATION_STRINGENCY STRICT --COMPRESSION_LEVEL 5 --MAX_RECORDS_IN_RAM 500000 --CREATE_INDEX false --CREATE_MD5_FILE false --GA4GH_CLIENT_SECRETS client_secrets.json --help false --version false --showHidden false --USE_JDK_DEFLATER false --USE_JDK_INFLATER false
# MarkDuplicates.4.1I	# Version:2.27.3
# MarkDuplicates --INPUT 33025_Input_-_K562_-_-_XL-50Unuclease-0cycSonic-super-input_BI.bam --INPUT 33161_Input_-_K562_-_-_XL-50Unuclease-0cycSonic-super-input_BI.bam --OUTPUT 50U-10min_14.bam --METRICS_FILE 50U-10min_14.metrics --REMOVE_DUPLICATES true --ASSUME_SORTED true --DUPLICATE_SCORING_STRATEGY SUM_OF_BASE_QUALITIES --READ_NAME_REGEX [a-zA-Z0-9]+:[0-9]:([0-9]+):([0-9]+):([0-9]+).*. --OPTICAL_DUPLICATE_PIXEL_DISTANCE 100 --MAX_SEQUENCES_FOR_DISK_READ_ENDS_MAP 50000 --MAX_FILE_HANDLES_FOR_READ_ENDS_MAP 8000 --SORTING_COLLECTION_SIZE_RATIO 0.25 --TAG_DUPLICATE_SET_MEMBERS false --REMOVE_SEQUENCING_DUPLICATES false --TAGGING_POLICY DontTag --CLEAR_DT true --DUPLEX_UMI false --ADD_PG_TAG_TO_READS true --PROGRAM_RECORD_ID MarkDuplicates --PROGRAM_GROUP_NAME MarkDuplicates --MAX_OPTICAL_DUPLICATE_SET_SIZE 300000 --VERBOSITY INFO --QUIET false --VALIDATION_STRINGENCY STRICT --COMPRESSION_LEVEL 5 --MAX_RECORDS_IN_RAM 500000 --CREATE_INDEX false --CREATE_MD5_FILE false --GA4GH_CLIENT_SECRETS client_secrets.json --help false --version false --showHidden false --USE_JDK_DEFLATER false --USE_JDK_INFLATER false
# MarkDuplicates.4.1J	# Version:2.27.3
# MarkDuplicates --INPUT 33026_Input_-_K562_-_-_XL-50Unuclease-0cycSonic-super-input_BI.bam --INPUT 33162_Input_-_K562_-_-_XL-50Unuclease-0cycSonic-super-input_BI.bam --OUTPUT 50U-10min_15.bam --METRICS_FILE 50U-10min_15.metrics --REMOVE_DUPLICATES true --ASSUME_SORTED true --DUPLICATE_SCORING_STRATEGY SUM_OF_BASE_QUALITIES --READ_NAME_REGEX [a-zA-Z0-9]+:[0-9]:([0-9]+):([0-9]+):([0-9]+).*. --OPTICAL_DUPLICATE_PIXEL_DISTANCE 100 --MAX_SEQUENCES_FOR_DISK_READ_ENDS_MAP 50000 --MAX_FILE_HANDLES_FOR_READ_ENDS_MAP 8000 --SORTING_COLLECTION_SIZE_RATIO 0.25 --TAG_DUPLICATE_SET_MEMBERS false --REMOVE_SEQUENCING_DUPLICATES false --TAGGING_POLICY DontTag --CLEAR_DT true --DUPLEX_UMI false --ADD_PG_TAG_TO_READS true --PROGRAM_RECORD_ID MarkDuplicates --PROGRAM_GROUP_NAME MarkDuplicates --MAX_OPTICAL_DUPLICATE_SET_SIZE 300000 --VERBOSITY INFO --QUIET false --VALIDATION_STRINGENCY STRICT --COMPRESSION_LEVEL 5 --MAX_RECORDS_IN_RAM 500000 --CREATE_INDEX false --CREATE_MD5_FILE false --GA4GH_CLIENT_SECRETS client_secrets.json --help false --version false --showHidden false --USE_JDK_DEFLATER false --USE_JDK_INFLATER false
# MarkDuplicates.4.1K	# Version:2.27.3
# MarkDuplicates --INPUT 33027_Input_-_K562_-_-_XL-50Unuclease-0cycSonic-pellet-input_BI.bam --INPUT 33163_Input_-_K562_-_-_XL-50Unuclease-0cycSonic-pellet-input_BI.bam --OUTPUT 50U-10min_16.bam --METRICS_FILE 50U-10min_16.metrics --REMOVE_DUPLICATES true --ASSUME_SORTED true --DUPLICATE_SCORING_STRATEGY SUM_OF_BASE_QUALITIES --READ_NAME_REGEX [a-zA-Z0-9]+:[0-9]:([0-9]+):([0-9]+):([0-9]+).*. --OPTICAL_DUPLICATE_PIXEL_DISTANCE 100 --MAX_SEQUENCES_FOR_DISK_READ_ENDS_MAP 50000 --MAX_FILE_HANDLES_FOR_READ_ENDS_MAP 8000 --SORTING_COLLECTION_SIZE_RATIO 0.25 --TAG_DUPLICATE_SET_MEMBERS false --REMOVE_SEQUENCING_DUPLICATES false --TAGGING_POLICY DontTag --CLEAR_DT true --DUPLEX_UMI false --ADD_PG_TAG_TO_READS true --PROGRAM_RECORD_ID MarkDuplicates --PROGRAM_GROUP_NAME MarkDuplicates --MAX_OPTICAL_DUPLICATE_SET_SIZE 300000 --VERBOSITY INFO --QUIET false --VALIDATION_STRINGENCY STRICT --COMPRESSION_LEVEL 5 --MAX_RECORDS_IN_RAM 500000 --CREATE_INDEX false --CREATE_MD5_FILE false --GA4GH_CLIENT_SECRETS client_secrets.json --help false --version false --showHidden false --USE_JDK_DEFLATER false --USE_JDK_INFLATER false
# MarkDuplicates.4.1L	# Version:2.27.3
# MarkDuplicates --INPUT 33028_Input_-_K562_-_-_XL-50Unuclease-0cycSonic-pellet-input_BI.bam --INPUT 33164_Input_-_K562_-_-_XL-50Unuclease-0cycSonic-pellet-input_BI.bam --OUTPUT 50U-10min_17.bam --METRICS_FILE 50U-10min_17.metrics --REMOVE_DUPLICATES true --ASSUME_SORTED true --DUPLICATE_SCORING_STRATEGY SUM_OF_BASE_QUALITIES --READ_NAME_REGEX [a-zA-Z0-9]+:[0-9]:([0-9]+):([0-9]+):([0-9]+).*. --OPTICAL_DUPLICATE_PIXEL_DISTANCE 100 --MAX_SEQUENCES_FOR_DISK_READ_ENDS_MAP 50000 --MAX_FILE_HANDLES_FOR_READ_ENDS_MAP 8000 --SORTING_COLLECTION_SIZE_RATIO 0.25 --TAG_DUPLICATE_SET_MEMBERS false --REMOVE_SEQUENCING_DUPLICATES false --TAGGING_POLICY DontTag --CLEAR_DT true --DUPLEX_UMI false --ADD_PG_TAG_TO_READS true --PROGRAM_RECORD_ID MarkDuplicates --PROGRAM_GROUP_NAME MarkDuplicates --MAX_OPTICAL_DUPLICATE_SET_SIZE 300000 --VERBOSITY INFO --QUIET false --VALIDATION_STRINGENCY STRICT --COMPRESSION_LEVEL 5 --MAX_RECORDS_IN_RAM 500000 --CREATE_INDEX false --CREATE_MD5_FILE false --GA4GH_CLIENT_SECRETS client_secrets.json --help false --version false --showHidden false --USE_JDK_DEFLATER false --USE_JDK_INFLATER false
# MarkDuplicates.5	# Version:2.27.3
# MarkDuplicates --INPUT 33023_Input_-_K562_-_-_XL-50Unuclease-0cycSonic-total-input_BI.bam --INPUT 33159_Input_-_K562_-_-_XL-50Unuclease-0cycSonic-total-input_BI.bam --OUTPUT 50U-10min_12.bam --METRICS_FILE 50U-10min_12.metrics --REMOVE_DUPLICATES true --ASSUME_SORTED true --DUPLICATE_SCORING_STRATEGY SUM_OF_BASE_QUALITIES --READ_NAME_REGEX [a-zA-Z0-9]+:[0-9]:([0-9]+):([0-9]+):([0-9]+).*. --OPTICAL_DUPLICATE_PIXEL_DISTANCE 100 --MAX_SEQUENCES_FOR_DISK_READ_ENDS_MAP 50000 --MAX_FILE_HANDLES_FOR_READ_ENDS_MAP 8000 --SORTING_COLLECTION_SIZE_RATIO 0.25 --TAG_DUPLICATE_SET_MEMBERS false --REMOVE_SEQUENCING_DUPLICATES false --TAGGING_POLICY DontTag --CLEAR_DT true --DUPLEX_UMI false --ADD_PG_TAG_TO_READS true --PROGRAM_RECORD_ID MarkDuplicates --PROGRAM_GROUP_NAME MarkDuplicates --MAX_OPTICAL_DUPLICATE_SET_SIZE 300000 --VERBOSITY INFO --QUIET false --VALIDATION_STRINGENCY STRICT --COMPRESSION_LEVEL 5 --MAX_RECORDS_IN_RAM 500000 --CREATE_INDEX false --CREATE_MD5_FILE false --GA4GH_CLIENT_SECRETS client_secrets.json --help false --version false --showHidden false --USE_JDK_DEFLATER false --USE_JDK_INFLATER false
# MarkDuplicates.5.1N	# Version:2.27.3
# MarkDuplicates --INPUT 33024_Input_-_K562_-_-_XL-50Unuclease-0cycSonic-total-input_BI.bam --INPUT 33160_Input_-_K562_-_-_XL-50Unuclease-0cycSonic-total-input_BI.bam --OUTPUT 50U-10min_13.bam --METRICS_FILE 50U-10min_13.metrics --REMOVE_DUPLICATES true --ASSUME_SORTED true --DUPLICATE_SCORING_STRATEGY SUM_OF_BASE_QUALITIES --READ_NAME_REGEX [a-zA-Z0-9]+:[0-9]:([0-9]+):([0-9]+):([0-9]+).*. --OPTICAL_DUPLICATE_PIXEL_DISTANCE 100 --MAX_SEQUENCES_FOR_DISK_READ_ENDS_MAP 50000 --MAX_FILE_HANDLES_FOR_READ_ENDS_MAP 8000 --SORTING_COLLECTION_SIZE_RATIO 0.25 --TAG_DUPLICATE_SET_MEMBERS false --REMOVE_SEQUENCING_DUPLICATES false --TAGGING_POLICY DontTag --CLEAR_DT true --DUPLEX_UMI false --ADD_PG_TAG_TO_READS true --PROGRAM_RECORD_ID MarkDuplicates --PROGRAM_GROUP_NAME MarkDuplicates --MAX_OPTICAL_DUPLICATE_SET_SIZE 300000 --VERBOSITY INFO --QUIET false --VALIDATION_STRINGENCY STRICT --COMPRESSION_LEVEL 5 --MAX_RECORDS_IN_RAM 500000 --CREATE_INDEX false --CREATE_MD5_FILE false --GA4GH_CLIENT_SECRETS client_secrets.json --help false --version false --showHidden false --USE_JDK_DEFLATER false --USE_JDK_INFLATER false
# MarkDuplicates.5.1O	# Version:2.27.3
# MarkDuplicates --INPUT 33025_Input_-_K562_-_-_XL-50Unuclease-0cycSonic-super-input_BI.bam --INPUT 33161_Input_-_K562_-_-_XL-50Unuclease-0cycSonic-super-input_BI.bam --OUTPUT 50U-10min_14.bam --METRICS_FILE 50U-10min_14.metrics --REMOVE_DUPLICATES true --ASSUME_SORTED true --DUPLICATE_SCORING_STRATEGY SUM_OF_BASE_QUALITIES --READ_NAME_REGEX [a-zA-Z0-9]+:[0-9]:([0-9]+):([0-9]+):([0-9]+).*. --OPTICAL_DUPLICATE_PIXEL_DISTANCE 100 --MAX_SEQUENCES_FOR_DISK_READ_ENDS_MAP 50000 --MAX_FILE_HANDLES_FOR_READ_ENDS_MAP 8000 --SORTING_COLLECTION_SIZE_RATIO 0.25 --TAG_DUPLICATE_SET_MEMBERS false --REMOVE_SEQUENCING_DUPLICATES false --TAGGING_POLICY DontTag --CLEAR_DT true --DUPLEX_UMI false --ADD_PG_TAG_TO_READS true --PROGRAM_RECORD_ID MarkDuplicates --PROGRAM_GROUP_NAME MarkDuplicates --MAX_OPTICAL_DUPLICATE_SET_SIZE 300000 --VERBOSITY INFO --QUIET false --VALIDATION_STRINGENCY STRICT --COMPRESSION_LEVEL 5 --MAX_RECORDS_IN_RAM 500000 --CREATE_INDEX false --CREATE_MD5_FILE false --GA4GH_CLIENT_SECRETS client_secrets.json --help false --version false --showHidden false --USE_JDK_DEFLATER false --USE_JDK_INFLATER false
# MarkDuplicates.5.1P	# Version:2.27.3
# MarkDuplicates --INPUT 33026_Input_-_K562_-_-_XL-50Unuclease-0cycSonic-super-input_BI.bam --INPUT 33162_Input_-_K562_-_-_XL-50Unuclease-0cycSonic-super-input_BI.bam --OUTPUT 50U-10min_15.bam --METRICS_FILE 50U-10min_15.metrics --REMOVE_DUPLICATES true --ASSUME_SORTED true --DUPLICATE_SCORING_STRATEGY SUM_OF_BASE_QUALITIES --READ_NAME_REGEX [a-zA-Z0-9]+:[0-9]:([0-9]+):([0-9]+):([0-9]+).*. --OPTICAL_DUPLICATE_PIXEL_DISTANCE 100 --MAX_SEQUENCES_FOR_DISK_READ_ENDS_MAP 50000 --MAX_FILE_HANDLES_FOR_READ_ENDS_MAP 8000 --SORTING_COLLECTION_SIZE_RATIO 0.25 --TAG_DUPLICATE_SET_MEMBERS false --REMOVE_SEQUENCING_DUPLICATES false --TAGGING_POLICY DontTag --CLEAR_DT true --DUPLEX_UMI false --ADD_PG_TAG_TO_READS true --PROGRAM_RECORD_ID MarkDuplicates --PROGRAM_GROUP_NAME MarkDuplicates --MAX_OPTICAL_DUPLICATE_SET_SIZE 300000 --VERBOSITY INFO --QUIET false --VALIDATION_STRINGENCY STRICT --COMPRESSION_LEVEL 5 --MAX_RECORDS_IN_RAM 500000 --CREATE_INDEX false --CREATE_MD5_FILE false --GA4GH_CLIENT_SECRETS client_secrets.json --help false --version false --showHidden false --USE_JDK_DEFLATER false --USE_JDK_INFLATER false
# MarkDuplicates.5.1Q	# Version:2.27.3
# MarkDuplicates --INPUT 33027_Input_-_K562_-_-_XL-50Unuclease-0cycSonic-pellet-input_BI.bam --INPUT 33163_Input_-_K562_-_-_XL-50Unuclease-0cycSonic-pellet-input_BI.bam --OUTPUT 50U-10min_16.bam --METRICS_FILE 50U-10min_16.metrics --REMOVE_DUPLICATES true --ASSUME_SORTED true --DUPLICATE_SCORING_STRATEGY SUM_OF_BASE_QUALITIES --READ_NAME_REGEX [a-zA-Z0-9]+:[0-9]:([0-9]+):([0-9]+):([0-9]+).*. --OPTICAL_DUPLICATE_PIXEL_DISTANCE 100 --MAX_SEQUENCES_FOR_DISK_READ_ENDS_MAP 50000 --MAX_FILE_HANDLES_FOR_READ_ENDS_MAP 8000 --SORTING_COLLECTION_SIZE_RATIO 0.25 --TAG_DUPLICATE_SET_MEMBERS false --REMOVE_SEQUENCING_DUPLICATES false --TAGGING_POLICY DontTag --CLEAR_DT true --DUPLEX_UMI false --ADD_PG_TAG_TO_READS true --PROGRAM_RECORD_ID MarkDuplicates --PROGRAM_GROUP_NAME MarkDuplicates --MAX_OPTICAL_DUPLICATE_SET_SIZE 300000 --VERBOSITY INFO --QUIET false --VALIDATION_STRINGENCY STRICT --COMPRESSION_LEVEL 5 --MAX_RECORDS_IN_RAM 500000 --CREATE_INDEX false --CREATE_MD5_FILE false --GA4GH_CLIENT_SECRETS client_secrets.json --help false --version false --showHidden false --USE_JDK_DEFLATER false --USE_JDK_INFLATER false
# MarkDuplicates.5.1R	# Version:2.27.3
# MarkDuplicates --INPUT 33028_Input_-_K562_-_-_XL-50Unuclease-0cycSonic-pellet-input_BI.bam --INPUT 33164_Input_-_K562_-_-_XL-50Unuclease-0cycSonic-pellet-input_BI.bam --OUTPUT 50U-10min_17.bam --METRICS_FILE 50U-10min_17.metrics --REMOVE_DUPLICATES true --ASSUME_SORTED true --DUPLICATE_SCORING_STRATEGY SUM_OF_BASE_QUALITIES --READ_NAME_REGEX [a-zA-Z0-9]+:[0-9]:([0-9]+):([0-9]+):([0-9]+).*. --OPTICAL_DUPLICATE_PIXEL_DISTANCE 100 --MAX_SEQUENCES_FOR_DISK_READ_ENDS_MAP 50000 --MAX_FILE_HANDLES_FOR_READ_ENDS_MAP 8000 --SORTING_COLLECTION_SIZE_RATIO 0.25 --TAG_DUPLICATE_SET_MEMBERS false --REMOVE_SEQUENCING_DUPLICATES false --TAGGING_POLICY DontTag --CLEAR_DT true --DUPLEX_UMI false --ADD_PG_TAG_TO_READS true --PROGRAM_RECORD_ID MarkDuplicates --PROGRAM_GROUP_NAME MarkDuplicates --MAX_OPTICAL_DUPLICATE_SET_SIZE 300000 --VERBOSITY INFO --QUIET false --VALIDATION_STRINGENCY STRICT --COMPRESSION_LEVEL 5 --MAX_RECORDS_IN_RAM 500000 --CREATE_INDEX false --CREATE_MD5_FILE false --GA4GH_CLIENT_SECRETS client_secrets.json --help false --version false --showHidden false --USE_JDK_DEFLATER false --USE_JDK_INFLATER false
# MarkDuplicates.L	# 2.18.2-SNAPSHOT
# MarkDuplicates TAGGING_POLICY=All INPUT=[Map_with_BWA-MEM_on_data_4_and_data_3__mapped_reads_in_BAM_format_] OUTPUT=/storage/group/bfp2/default/00_pughlab/pulsar/files/staging/792026/outputs/dataset_5691c403-187f-431e-8700-302313e9e2ad.dat METRICS_FILE=/storage/group/bfp2/default/00_pughlab/pulsar/files/staging/792026/outputs/dataset_d50618fe-f68e-4199-8bc1-1affcd8aa63f.dat REMOVE_DUPLICATES=false ASSUME_SORTED=true DUPLICATE_SCORING_STRATEGY=SUM_OF_BASE_QUALITIES READ_NAME_REGEX=[a-zA-Z0-9]+:[0-9]:([0-9]+):([0-9]+):([0-9]+).*. OPTICAL_DUPLICATE_PIXEL_DISTANCE=100 VERBOSITY=ERROR QUIET=true VALIDATION_STRINGENCY=LENIENT    MAX_SEQUENCES_FOR_DISK_READ_ENDS_MAP=50000 MAX_FILE_HANDLES_FOR_READ_ENDS_MAP=8000 SORTING_COLLECTION_SIZE_RATIO=0.25 TAG_DUPLICATE_SET_MEMBERS=false REMOVE_SEQUENCING_DUPLICATES=false CLEAR_DT=true ADD_PG_TAG_TO_READS=true PROGRAM_RECORD_ID=MarkDuplicates PROGRAM_GROUP_NAME=MarkDuplicates MAX_OPTICAL_DUPLICATE_SET_SIZE=300000 COMPRESSION_LEVEL=5 MAX_RECORDS_IN_RAM=500000 CREATE_INDEX=false CREATE_MD5_FILE=false GA4GH_CLIENT_SECRETS=client_secrets.json USE_JDK_DEFLATER=false USE_JDK_INFLATER=false
# MarkDuplicates.M	# 2.18.2-SNAPSHOT
# MarkDuplicates TAGGING_POLICY=All INPUT=[Map_with_BWA-MEM_on_data_4_and_data_3__mapped_reads_in_BAM_format_] OUTPUT=/storage/group/bfp2/default/00_pughlab/pulsar/files/staging/790780/outputs/dataset_6b42a9c7-93e2-4379-980f-f77e4454bd14.dat METRICS_FILE=/storage/group/bfp2/default/00_pughlab/pulsar/files/staging/790780/outputs/dataset_42306b7b-84c7-4833-954a-aabb1ce0888e.dat REMOVE_DUPLICATES=false ASSUME_SORTED=true DUPLICATE_SCORING_STRATEGY=SUM_OF_BASE_QUALITIES READ_NAME_REGEX=[a-zA-Z0-9]+:[0-9]:([0-9]+):([0-9]+):([0-9]+).*. OPTICAL_DUPLICATE_PIXEL_DISTANCE=100 VERBOSITY=ERROR QUIET=true VALIDATION_STRINGENCY=LENIENT    MAX_SEQUENCES_FOR_DISK_READ_ENDS_MAP=50000 MAX_FILE_HANDLES_FOR_READ_ENDS_MAP=8000 SORTING_COLLECTION_SIZE_RATIO=0.25 TAG_DUPLICATE_SET_MEMBERS=false REMOVE_SEQUENCING_DUPLICATES=false CLEAR_DT=true ADD_PG_TAG_TO_READS=true PROGRAM_RECORD_ID=MarkDuplicates PROGRAM_GROUP_NAME=MarkDuplicates MAX_OPTICAL_DUPLICATE_SET_SIZE=300000 COMPRESSION_LEVEL=5 MAX_RECORDS_IN_RAM=500000 CREATE_INDEX=false CREATE_MD5_FILE=false GA4GH_CLIENT_SECRETS=client_secrets.json USE_JDK_DEFLATER=false USE_JDK_INFLATER=false
# MarkDuplicates.N	# 2.18.2-SNAPSHOT
# MarkDuplicates TAGGING_POLICY=All INPUT=[Map_with_BWA-MEM_on_data_4_and_data_3__mapped_reads_in_BAM_format_] OUTPUT=/storage/group/bfp2/default/00_pughlab/pulsar/files/staging/796412/outputs/dataset_ebf3c3fa-371e-442f-bdf5-025f3afd7676.dat METRICS_FILE=/storage/group/bfp2/default/00_pughlab/pulsar/files/staging/796412/outputs/dataset_53d58912-e7f4-469d-8905-9062d84551d2.dat REMOVE_DUPLICATES=false ASSUME_SORTED=true DUPLICATE_SCORING_STRATEGY=SUM_OF_BASE_QUALITIES READ_NAME_REGEX=[a-zA-Z0-9]+:[0-9]:([0-9]+):([0-9]+):([0-9]+).*. OPTICAL_DUPLICATE_PIXEL_DISTANCE=100 VERBOSITY=ERROR QUIET=true VALIDATION_STRINGENCY=LENIENT    MAX_SEQUENCES_FOR_DISK_READ_ENDS_MAP=50000 MAX_FILE_HANDLES_FOR_READ_ENDS_MAP=8000 SORTING_COLLECTION_SIZE_RATIO=0.25 TAG_DUPLICATE_SET_MEMBERS=false REMOVE_SEQUENCING_DUPLICATES=false CLEAR_DT=true ADD_PG_TAG_TO_READS=true PROGRAM_RECORD_ID=MarkDuplicates PROGRAM_GROUP_NAME=MarkDuplicates MAX_OPTICAL_DUPLICATE_SET_SIZE=300000 COMPRESSION_LEVEL=5 MAX_RECORDS_IN_RAM=500000 CREATE_INDEX=false CREATE_MD5_FILE=false GA4GH_CLIENT_SECRETS=client_secrets.json USE_JDK_DEFLATER=false USE_JDK_INFLATER=false
# MarkDuplicates.O	# 2.18.2-SNAPSHOT
# MarkDuplicates TAGGING_POLICY=All INPUT=[Map_with_BWA-MEM_on_data_4_and_data_3__mapped_reads_in_BAM_format_] OUTPUT=/storage/group/bfp2/default/00_pughlab/pulsar/files/staging/796439/outputs/dataset_35fc3385-ece8-4365-8287-f20e1d1ac947.dat METRICS_FILE=/storage/group/bfp2/default/00_pughlab/pulsar/files/staging/796439/outputs/dataset_3595d206-b12c-4297-ada8-9e70325825d9.dat REMOVE_DUPLICATES=false ASSUME_SORTED=true DUPLICATE_SCORING_STRATEGY=SUM_OF_BASE_QUALITIES READ_NAME_REGEX=[a-zA-Z0-9]+:[0-9]:([0-9]+):([0-9]+):([0-9]+).*. OPTICAL_DUPLICATE_PIXEL_DISTANCE=100 VERBOSITY=ERROR QUIET=true VALIDATION_STRINGENCY=LENIENT    MAX_SEQUENCES_FOR_DISK_READ_ENDS_MAP=50000 MAX_FILE_HANDLES_FOR_READ_ENDS_MAP=8000 SORTING_COLLECTION_SIZE_RATIO=0.25 TAG_DUPLICATE_SET_MEMBERS=false REMOVE_SEQUENCING_DUPLICATES=false CLEAR_DT=true ADD_PG_TAG_TO_READS=true PROGRAM_RECORD_ID=MarkDuplicates PROGRAM_GROUP_NAME=MarkDuplicates MAX_OPTICAL_DUPLICATE_SET_SIZE=300000 COMPRESSION_LEVEL=5 MAX_RECORDS_IN_RAM=500000 CREATE_INDEX=false CREATE_MD5_FILE=false GA4GH_CLIENT_SECRETS=client_secrets.json USE_JDK_DEFLATER=false USE_JDK_INFLATER=false
# MarkDuplicates.P	# 2.18.2-SNAPSHOT
# MarkDuplicates TAGGING_POLICY=All INPUT=[Map_with_BWA-MEM_on_data_4_and_data_3__mapped_reads_in_BAM_format_] OUTPUT=/storage/group/bfp2/default/00_pughlab/pulsar/files/staging/797464/outputs/dataset_a9981f76-2ad6-4a7e-bfdb-4e0213a64934.dat METRICS_FILE=/storage/group/bfp2/default/00_pughlab/pulsar/files/staging/797464/outputs/dataset_59ea3c4f-1f32-4793-861d-108747ddc476.dat REMOVE_DUPLICATES=false ASSUME_SORTED=true DUPLICATE_SCORING_STRATEGY=SUM_OF_BASE_QUALITIES READ_NAME_REGEX=[a-zA-Z0-9]+:[0-9]:([0-9]+):([0-9]+):([0-9]+).*. OPTICAL_DUPLICATE_PIXEL_DISTANCE=100 VERBOSITY=ERROR QUIET=true VALIDATION_STRINGENCY=LENIENT    MAX_SEQUENCES_FOR_DISK_READ_ENDS_MAP=50000 MAX_FILE_HANDLES_FOR_READ_ENDS_MAP=8000 SORTING_COLLECTION_SIZE_RATIO=0.25 TAG_DUPLICATE_SET_MEMBERS=false REMOVE_SEQUENCING_DUPLICATES=false CLEAR_DT=true ADD_PG_TAG_TO_READS=true PROGRAM_RECORD_ID=MarkDuplicates PROGRAM_GROUP_NAME=MarkDuplicates MAX_OPTICAL_DUPLICATE_SET_SIZE=300000 COMPRESSION_LEVEL=5 MAX_RECORDS_IN_RAM=500000 CREATE_INDEX=false CREATE_MD5_FILE=false GA4GH_CLIENT_SECRETS=client_secrets.json USE_JDK_DEFLATER=false USE_JDK_INFLATER=false
# MarkDuplicates.Q	# 2.18.2-SNAPSHOT
# MarkDuplicates TAGGING_POLICY=All INPUT=[Map_with_BWA-MEM_on_data_4_and_data_3__mapped_reads_in_BAM_format_] OUTPUT=/storage/group/bfp2/default/00_pughlab/pulsar/files/staging/797491/outputs/dataset_dc7e0e13-e618-4df4-a244-dce6ae7236a4.dat METRICS_FILE=/storage/group/bfp2/default/00_pughlab/pulsar/files/staging/797491/outputs/dataset_e199a27b-3775-4861-a5cc-beaa0c7d04ac.dat REMOVE_DUPLICATES=false ASSUME_SORTED=true DUPLICATE_SCORING_STRATEGY=SUM_OF_BASE_QUALITIES READ_NAME_REGEX=[a-zA-Z0-9]+:[0-9]:([0-9]+):([0-9]+):([0-9]+).*. OPTICAL_DUPLICATE_PIXEL_DISTANCE=100 VERBOSITY=ERROR QUIET=true VALIDATION_STRINGENCY=LENIENT    MAX_SEQUENCES_FOR_DISK_READ_ENDS_MAP=50000 MAX_FILE_HANDLES_FOR_READ_ENDS_MAP=8000 SORTING_COLLECTION_SIZE_RATIO=0.25 TAG_DUPLICATE_SET_MEMBERS=false REMOVE_SEQUENCING_DUPLICATES=false CLEAR_DT=true ADD_PG_TAG_TO_READS=true PROGRAM_RECORD_ID=MarkDuplicates PROGRAM_GROUP_NAME=MarkDuplicates MAX_OPTICAL_DUPLICATE_SET_SIZE=300000 COMPRESSION_LEVEL=5 MAX_RECORDS_IN_RAM=500000 CREATE_INDEX=false CREATE_MD5_FILE=false GA4GH_CLIENT_SECRETS=client_secrets.json USE_JDK_DEFLATER=false USE_JDK_INFLATER=false
# MarkDuplicates.R	# 2.18.2-SNAPSHOT
# MarkDuplicates TAGGING_POLICY=All INPUT=[Map_with_BWA-MEM_on_data_4_and_data_3__mapped_reads_in_BAM_format_] OUTPUT=/storage/group/bfp2/default/00_pughlab/pulsar/files/staging/797545/outputs/dataset_3fbc153d-3c69-444d-bfbf-f7c97823ae65.dat METRICS_FILE=/storage/group/bfp2/default/00_pughlab/pulsar/files/staging/797545/outputs/dataset_a24628a6-6979-4277-ae97-b95aa6bf46fe.dat REMOVE_DUPLICATES=false ASSUME_SORTED=true DUPLICATE_SCORING_STRATEGY=SUM_OF_BASE_QUALITIES READ_NAME_REGEX=[a-zA-Z0-9]+:[0-9]:([0-9]+):([0-9]+):([0-9]+).*. OPTICAL_DUPLICATE_PIXEL_DISTANCE=100 VERBOSITY=ERROR QUIET=true VALIDATION_STRINGENCY=LENIENT    MAX_SEQUENCES_FOR_DISK_READ_ENDS_MAP=50000 MAX_FILE_HANDLES_FOR_READ_ENDS_MAP=8000 SORTING_COLLECTION_SIZE_RATIO=0.25 TAG_DUPLICATE_SET_MEMBERS=false REMOVE_SEQUENCING_DUPLICATES=false CLEAR_DT=true ADD_PG_TAG_TO_READS=true PROGRAM_RECORD_ID=MarkDuplicates PROGRAM_GROUP_NAME=MarkDuplicates MAX_OPTICAL_DUPLICATE_SET_SIZE=300000 COMPRESSION_LEVEL=5 MAX_RECORDS_IN_RAM=500000 CREATE_INDEX=false CREATE_MD5_FILE=false GA4GH_CLIENT_SECRETS=client_secrets.json USE_JDK_DEFLATER=false USE_JDK_INFLATER=false
# MarkDuplicates.S	# 2.18.2-SNAPSHOT
# MarkDuplicates TAGGING_POLICY=All INPUT=[Map_with_BWA-MEM_on_data_4_and_data_3__mapped_reads_in_BAM_format_] OUTPUT=/storage/group/bfp2/default/00_pughlab/pulsar/files/staging/797572/outputs/dataset_7681a896-fad1-4f59-aab2-90c710ec1232.dat METRICS_FILE=/storage/group/bfp2/default/00_pughlab/pulsar/files/staging/797572/outputs/dataset_bfa2d965-e4f0-4c5f-b143-f9708a00c168.dat REMOVE_DUPLICATES=false ASSUME_SORTED=true DUPLICATE_SCORING_STRATEGY=SUM_OF_BASE_QUALITIES READ_NAME_REGEX=[a-zA-Z0-9]+:[0-9]:([0-9]+):([0-9]+):([0-9]+).*. OPTICAL_DUPLICATE_PIXEL_DISTANCE=100 VERBOSITY=ERROR QUIET=true VALIDATION_STRINGENCY=LENIENT    MAX_SEQUENCES_FOR_DISK_READ_ENDS_MAP=50000 MAX_FILE_HANDLES_FOR_READ_ENDS_MAP=8000 SORTING_COLLECTION_SIZE_RATIO=0.25 TAG_DUPLICATE_SET_MEMBERS=false REMOVE_SEQUENCING_DUPLICATES=false CLEAR_DT=true ADD_PG_TAG_TO_READS=true PROGRAM_RECORD_ID=MarkDuplicates PROGRAM_GROUP_NAME=MarkDuplicates MAX_OPTICAL_DUPLICATE_SET_SIZE=300000 COMPRESSION_LEVEL=5 MAX_RECORDS_IN_RAM=500000 CREATE_INDEX=false CREATE_MD5_FILE=false GA4GH_CLIENT_SECRETS=client_secrets.json USE_JDK_DEFLATER=false USE_JDK_INFLATER=false
# MarkDuplicates.T	# 2.18.2-SNAPSHOT
# MarkDuplicates TAGGING_POLICY=All INPUT=[Map_with_BWA-MEM_on_data_4_and_data_3__mapped_reads_in_BAM_format_] OUTPUT=/storage/group/bfp2/default/00_pughlab/pulsar/files/staging/797599/outputs/dataset_a77fc57d-8739-4f78-924d-d984003fce3f.dat METRICS_FILE=/storage/group/bfp2/default/00_pughlab/pulsar/files/staging/797599/outputs/dataset_db193acb-8799-4880-b961-79143646b5ea.dat REMOVE_DUPLICATES=false ASSUME_SORTED=true DUPLICATE_SCORING_STRATEGY=SUM_OF_BASE_QUALITIES READ_NAME_REGEX=[a-zA-Z0-9]+:[0-9]:([0-9]+):([0-9]+):([0-9]+).*. OPTICAL_DUPLICATE_PIXEL_DISTANCE=100 VERBOSITY=ERROR QUIET=true VALIDATION_STRINGENCY=LENIENT    MAX_SEQUENCES_FOR_DISK_READ_ENDS_MAP=50000 MAX_FILE_HANDLES_FOR_READ_ENDS_MAP=8000 SORTING_COLLECTION_SIZE_RATIO=0.25 TAG_DUPLICATE_SET_MEMBERS=false REMOVE_SEQUENCING_DUPLICATES=false CLEAR_DT=true ADD_PG_TAG_TO_READS=true PROGRAM_RECORD_ID=MarkDuplicates PROGRAM_GROUP_NAME=MarkDuplicates MAX_OPTICAL_DUPLICATE_SET_SIZE=300000 COMPRESSION_LEVEL=5 MAX_RECORDS_IN_RAM=500000 CREATE_INDEX=false CREATE_MD5_FILE=false GA4GH_CLIENT_SECRETS=client_secrets.json USE_JDK_DEFLATER=false USE_JDK_INFLATER=false
# MarkDuplicates.U	# 2.18.2-SNAPSHOT
# MarkDuplicates TAGGING_POLICY=All INPUT=[Map_with_BWA-MEM_on_data_4_and_data_3__mapped_reads_in_BAM_format_] OUTPUT=/storage/group/bfp2/default/00_pughlab/pulsar/files/staging/799094/outputs/dataset_e233784c-8654-4831-b5ba-c7fb8b615dba.dat METRICS_FILE=/storage/group/bfp2/default/00_pughlab/pulsar/files/staging/799094/outputs/dataset_5e22bc5a-6645-42ba-ba87-d1065774609e.dat REMOVE_DUPLICATES=false ASSUME_SORTED=true DUPLICATE_SCORING_STRATEGY=SUM_OF_BASE_QUALITIES READ_NAME_REGEX=[a-zA-Z0-9]+:[0-9]:([0-9]+):([0-9]+):([0-9]+).*. OPTICAL_DUPLICATE_PIXEL_DISTANCE=100 VERBOSITY=ERROR QUIET=true VALIDATION_STRINGENCY=LENIENT    MAX_SEQUENCES_FOR_DISK_READ_ENDS_MAP=50000 MAX_FILE_HANDLES_FOR_READ_ENDS_MAP=8000 SORTING_COLLECTION_SIZE_RATIO=0.25 TAG_DUPLICATE_SET_MEMBERS=false REMOVE_SEQUENCING_DUPLICATES=false CLEAR_DT=true ADD_PG_TAG_TO_READS=true PROGRAM_RECORD_ID=MarkDuplicates PROGRAM_GROUP_NAME=MarkDuplicates MAX_OPTICAL_DUPLICATE_SET_SIZE=300000 COMPRESSION_LEVEL=5 MAX_RECORDS_IN_RAM=500000 CREATE_INDEX=false CREATE_MD5_FILE=false GA4GH_CLIENT_SECRETS=client_secrets.json USE_JDK_DEFLATER=false USE_JDK_INFLATER=false
# MarkDuplicates.V	# 2.18.2-SNAPSHOT
# MarkDuplicates TAGGING_POLICY=All INPUT=[Map_with_BWA-MEM_on_data_4_and_data_3__mapped_reads_in_BAM_format_] OUTPUT=/storage/group/bfp2/default/00_pughlab/pulsar/files/staging/800213/outputs/dataset_45d3cf65-879e-404e-ba7e-3dcb90ba236d.dat METRICS_FILE=/storage/group/bfp2/default/00_pughlab/pulsar/files/staging/800213/outputs/dataset_6d40b684-4fc5-44b6-b208-1b9d4c01862c.dat REMOVE_DUPLICATES=false ASSUME_SORTED=true DUPLICATE_SCORING_STRATEGY=SUM_OF_BASE_QUALITIES READ_NAME_REGEX=[a-zA-Z0-9]+:[0-9]:([0-9]+):([0-9]+):([0-9]+).*. OPTICAL_DUPLICATE_PIXEL_DISTANCE=100 VERBOSITY=ERROR QUIET=true VALIDATION_STRINGENCY=LENIENT    MAX_SEQUENCES_FOR_DISK_READ_ENDS_MAP=50000 MAX_FILE_HANDLES_FOR_READ_ENDS_MAP=8000 SORTING_COLLECTION_SIZE_RATIO=0.25 TAG_DUPLICATE_SET_MEMBERS=false REMOVE_SEQUENCING_DUPLICATES=false CLEAR_DT=true ADD_PG_TAG_TO_READS=true PROGRAM_RECORD_ID=MarkDuplicates PROGRAM_GROUP_NAME=MarkDuplicates MAX_OPTICAL_DUPLICATE_SET_SIZE=300000 COMPRESSION_LEVEL=5 MAX_RECORDS_IN_RAM=500000 CREATE_INDEX=false CREATE_MD5_FILE=false GA4GH_CLIENT_SECRETS=client_secrets.json USE_JDK_DEFLATER=false USE_JDK_INFLATER=false
# MarkDuplicates.W	# 2.18.2-SNAPSHOT
# MarkDuplicates TAGGING_POLICY=All INPUT=[Map_with_BWA-MEM_on_data_4_and_data_3__mapped_reads_in_BAM_format_] OUTPUT=/storage/group/bfp2/default/00_pughlab/pulsar/files/staging/800240/outputs/dataset_03e5c9e4-8de3-45b7-bf9b-673a20bd3671.dat METRICS_FILE=/storage/group/bfp2/default/00_pughlab/pulsar/files/staging/800240/outputs/dataset_97c79d00-4a13-44e3-b706-ee140d90c619.dat REMOVE_DUPLICATES=false ASSUME_SORTED=true DUPLICATE_SCORING_STRATEGY=SUM_OF_BASE_QUALITIES READ_NAME_REGEX=[a-zA-Z0-9]+:[0-9]:([0-9]+):([0-9]+):([0-9]+).*. OPTICAL_DUPLICATE_PIXEL_DISTANCE=100 VERBOSITY=ERROR QUIET=true VALIDATION_STRINGENCY=LENIENT    MAX_SEQUENCES_FOR_DISK_READ_ENDS_MAP=50000 MAX_FILE_HANDLES_FOR_READ_ENDS_MAP=8000 SORTING_COLLECTION_SIZE_RATIO=0.25 TAG_DUPLICATE_SET_MEMBERS=false REMOVE_SEQUENCING_DUPLICATES=false CLEAR_DT=true ADD_PG_TAG_TO_READS=true PROGRAM_RECORD_ID=MarkDuplicates PROGRAM_GROUP_NAME=MarkDuplicates MAX_OPTICAL_DUPLICATE_SET_SIZE=300000 COMPRESSION_LEVEL=5 MAX_RECORDS_IN_RAM=500000 CREATE_INDEX=false CREATE_MD5_FILE=false GA4GH_CLIENT_SECRETS=client_secrets.json USE_JDK_DEFLATER=false USE_JDK_INFLATER=false
# MarkDuplicates.X	# 2.18.2-SNAPSHOT
# MarkDuplicates TAGGING_POLICY=All INPUT=[Map_with_BWA-MEM_on_data_4_and_data_3__mapped_reads_in_BAM_format_] OUTPUT=/storage/group/bfp2/default/00_pughlab/pulsar/files/staging/800267/outputs/dataset_19992fab-b78a-4418-8eeb-0f31bc3f9892.dat METRICS_FILE=/storage/group/bfp2/default/00_pughlab/pulsar/files/staging/800267/outputs/dataset_55dba3a5-85f5-45c3-b228-aafac81b7313.dat REMOVE_DUPLICATES=false ASSUME_SORTED=true DUPLICATE_SCORING_STRATEGY=SUM_OF_BASE_QUALITIES READ_NAME_REGEX=[a-zA-Z0-9]+:[0-9]:([0-9]+):([0-9]+):([0-9]+).*. OPTICAL_DUPLICATE_PIXEL_DISTANCE=100 VERBOSITY=ERROR QUIET=true VALIDATION_STRINGENCY=LENIENT    MAX_SEQUENCES_FOR_DISK_READ_ENDS_MAP=50000 MAX_FILE_HANDLES_FOR_READ_ENDS_MAP=8000 SORTING_COLLECTION_SIZE_RATIO=0.25 TAG_DUPLICATE_SET_MEMBERS=false REMOVE_SEQUENCING_DUPLICATES=false CLEAR_DT=true ADD_PG_TAG_TO_READS=true PROGRAM_RECORD_ID=MarkDuplicates PROGRAM_GROUP_NAME=MarkDuplicates MAX_OPTICAL_DUPLICATE_SET_SIZE=300000 COMPRESSION_LEVEL=5 MAX_RECORDS_IN_RAM=500000 CREATE_INDEX=false CREATE_MD5_FILE=false GA4GH_CLIENT_SECRETS=client_secrets.json USE_JDK_DEFLATER=false USE_JDK_INFLATER=false
# MarkDuplicates.Y	# 2.18.2-SNAPSHOT
# MarkDuplicates TAGGING_POLICY=All INPUT=[Map_with_BWA-MEM_on_data_4_and_data_3__mapped_reads_in_BAM_format_] OUTPUT=/storage/group/bfp2/default/00_pughlab/pulsar/files/staging/800294/outputs/dataset_76b22434-b55d-454c-9564-85bb627a00e6.dat METRICS_FILE=/storage/group/bfp2/default/00_pughlab/pulsar/files/staging/800294/outputs/dataset_d67839e5-3d6b-4ad1-becd-2af3264187f0.dat REMOVE_DUPLICATES=false ASSUME_SORTED=true DUPLICATE_SCORING_STRATEGY=SUM_OF_BASE_QUALITIES READ_NAME_REGEX=[a-zA-Z0-9]+:[0-9]:([0-9]+):([0-9]+):([0-9]+).*. OPTICAL_DUPLICATE_PIXEL_DISTANCE=100 VERBOSITY=ERROR QUIET=true VALIDATION_STRINGENCY=LENIENT    MAX_SEQUENCES_FOR_DISK_READ_ENDS_MAP=50000 MAX_FILE_HANDLES_FOR_READ_ENDS_MAP=8000 SORTING_COLLECTION_SIZE_RATIO=0.25 TAG_DUPLICATE_SET_MEMBERS=false REMOVE_SEQUENCING_DUPLICATES=false CLEAR_DT=true ADD_PG_TAG_TO_READS=true PROGRAM_RECORD_ID=MarkDuplicates PROGRAM_GROUP_NAME=MarkDuplicates MAX_OPTICAL_DUPLICATE_SET_SIZE=300000 COMPRESSION_LEVEL=5 MAX_RECORDS_IN_RAM=500000 CREATE_INDEX=false CREATE_MD5_FILE=false GA4GH_CLIENT_SECRETS=client_secrets.json USE_JDK_DEFLATER=false USE_JDK_INFLATER=false
# MarkDuplicates.Z	# 2.18.2-SNAPSHOT
# MarkDuplicates TAGGING_POLICY=All INPUT=[Map_with_BWA-MEM_on_data_4_and_data_3__mapped_reads_in_BAM_format_] OUTPUT=/storage/group/bfp2/default/00_pughlab/pulsar/files/staging/800321/outputs/dataset_ae35c603-4734-411c-8801-e463b63806de.dat METRICS_FILE=/storage/group/bfp2/default/00_pughlab/pulsar/files/staging/800321/outputs/dataset_1f9c0cbd-f793-43e9-acb5-640c315da6ad.dat REMOVE_DUPLICATES=false ASSUME_SORTED=true DUPLICATE_SCORING_STRATEGY=SUM_OF_BASE_QUALITIES READ_NAME_REGEX=[a-zA-Z0-9]+:[0-9]:([0-9]+):([0-9]+):([0-9]+).*. OPTICAL_DUPLICATE_PIXEL_DISTANCE=100 VERBOSITY=ERROR QUIET=true VALIDATION_STRINGENCY=LENIENT    MAX_SEQUENCES_FOR_DISK_READ_ENDS_MAP=50000 MAX_FILE_HANDLES_FOR_READ_ENDS_MAP=8000 SORTING_COLLECTION_SIZE_RATIO=0.25 TAG_DUPLICATE_SET_MEMBERS=false REMOVE_SEQUENCING_DUPLICATES=false CLEAR_DT=true ADD_PG_TAG_TO_READS=true PROGRAM_RECORD_ID=MarkDuplicates PROGRAM_GROUP_NAME=MarkDuplicates MAX_OPTICAL_DUPLICATE_SET_SIZE=300000 COMPRESSION_LEVEL=5 MAX_RECORDS_IN_RAM=500000 CREATE_INDEX=false CREATE_MD5_FILE=false GA4GH_CLIENT_SECRETS=client_secrets.json USE_JDK_DEFLATER=false USE_JDK_INFLATER=false
# bwa	# 0.7.17-r1188
# bwa mem -t 8 -v 1 /storage/group/bfp2/default/00_pughlab/tool_data/hg38/bwa_mem_index/hg38/hg38.fa /storage/group/bfp2/default/00_pughlab/pulsar/files/staging/789214/inputs/419-25769_S45_R1_001.fastq.gz /storage/group/bfp2/default/00_pughlab/pulsar/files/staging/789214/inputs/419-25769_S45_R2_001.fastq.gz
# bwa.1	# 0.7.17-r1188
# bwa mem -t 8 -v 1 /storage/group/bfp2/default/00_pughlab/tool_data/hg38/bwa_mem_index/hg38/hg38.fa /storage/group/bfp2/default/00_pughlab/pulsar/files/staging/792022/inputs/423-25976_S30_R1_001.fastq.gz /storage/group/bfp2/default/00_pughlab/pulsar/files/staging/792022/inputs/423-25976_S30_R2_001.fastq.gz
# bwa.1.1A	# 0.7.17-r1188
# bwa mem -t 8 -v 1 /storage/group/bfp2/default/00_pughlab/tool_data/hg38/bwa_mem_index/hg38/hg38.fa /storage/group/bfp2/default/00_pughlab/pulsar/files/staging/800605/inputs/597-33159_S1_R1_001.fastq.gz /storage/group/bfp2/default/00_pughlab/pulsar/files/staging/800605/inputs/597-33159_S1_R2_001.fastq.gz
# bwa.1.1B	# 0.7.17-r1188
# bwa mem -t 8 -v 1 /storage/group/bfp2/default/00_pughlab/tool_data/hg38/bwa_mem_index/hg38/hg38.fa /storage/group/bfp2/default/00_pughlab/pulsar/files/staging/800632/inputs/597-33160_S2_R1_001.fastq.gz /storage/group/bfp2/default/00_pughlab/pulsar/files/staging/800632/inputs/597-33160_S2_R2_001.fastq.gz
# bwa.1.1C	# 0.7.17-r1188
# bwa mem -t 8 -v 1 /storage/group/bfp2/default/00_pughlab/tool_data/hg38/bwa_mem_index/hg38/hg38.fa /storage/group/bfp2/default/00_pughlab/pulsar/files/staging/800659/inputs/597-33161_S3_R1_001.fastq.gz /storage/group/bfp2/default/00_pughlab/pulsar/files/staging/800659/inputs/597-33161_S3_R2_001.fastq.gz
# bwa.1.1D	# 0.7.17-r1188
# bwa mem -t 8 -v 1 /storage/group/bfp2/default/00_pughlab/tool_data/hg38/bwa_mem_index/hg38/hg38.fa /storage/group/bfp2/default/00_pughlab/pulsar/files/staging/800686/inputs/597-33162_S4_R1_001.fastq.gz /storage/group/bfp2/default/00_pughlab/pulsar/files/staging/800686/inputs/597-33162_S4_R2_001.fastq.gz
# bwa.1.1E	# 0.7.17-r1188
# bwa mem -t 8 -v 1 /storage/group/bfp2/default/00_pughlab/tool_data/hg38/bwa_mem_index/hg38/hg38.fa /storage/group/bfp2/default/00_pughlab/pulsar/files/staging/800713/inputs/597-33163_S5_R1_001.fastq.gz /storage/group/bfp2/default/00_pughlab/pulsar/files/staging/800713/inputs/597-33163_S5_R2_001.fastq.gz
# bwa.1.1F	# 0.7.17-r1188
# bwa mem -t 8 -v 1 /storage/group/bfp2/default/00_pughlab/tool_data/hg38/bwa_mem_index/hg38/hg38.fa /storage/group/bfp2/default/00_pughlab/pulsar/files/staging/800740/inputs/597-33164_S6_R1_001.fastq.gz /storage/group/bfp2/default/00_pughlab/pulsar/files/staging/800740/inputs/597-33164_S6_R2_001.fastq.gz
# bwa.2	# 0.7.17-r1188
# bwa mem -t 8 -v 1 /storage/group/bfp2/default/00_pughlab/tool_data/hg38/bwa_mem_index/hg38/hg38.fa /storage/group/bfp2/default/00_pughlab/pulsar/files/staging/790776/inputs/458-28326_S44_R1_001.fastq.gz /storage/group/bfp2/default/00_pughlab/pulsar/files/staging/790776/inputs/458-28326_S44_R2_001.fastq.gz
# bwa.3	# 0.7.17-r1188
# bwa mem -t 8 -v 1 /storage/group/bfp2/default/00_pughlab/tool_data/hg38/bwa_mem_index/hg38/hg38.fa /storage/group/bfp2/default/00_pughlab/pulsar/files/staging/796408/inputs/459-28389_S63_R1_001.fastq.gz /storage/group/bfp2/default/00_pughlab/pulsar/files/staging/796408/inputs/459-28389_S63_R2_001.fastq.gz
# bwa.4	# 0.7.17-r1188
# bwa mem -t 8 -v 1 /storage/group/bfp2/default/00_pughlab/tool_data/hg38/bwa_mem_index/hg38/hg38.fa /storage/group/bfp2/default/00_pughlab/pulsar/files/staging/796435/inputs/459-28390_S64_R1_001.fastq.gz /storage/group/bfp2/default/00_pughlab/pulsar/files/staging/796435/inputs/459-28390_S64_R2_001.fastq.gz
# bwa.5	# 0.7.17-r1188
# bwa mem -t 8 -v 1 /storage/group/bfp2/default/00_pughlab/tool_data/hg38/bwa_mem_index/hg38/hg38.fa /storage/group/bfp2/default/00_pughlab/pulsar/files/staging/797460/inputs/461-28468_S28_R1_001.fastq.gz /storage/group/bfp2/default/00_pughlab/pulsar/files/staging/797460/inputs/461-28468_S28_R2_001.fastq.gz
# bwa.6	# 0.7.17-r1188
# bwa mem -t 8 -v 1 /storage/group/bfp2/default/00_pughlab/tool_data/hg38/bwa_mem_index/hg38/hg38.fa /storage/group/bfp2/default/00_pughlab/pulsar/files/staging/797487/inputs/461-28469_S29_R1_001.fastq.gz /storage/group/bfp2/default/00_pughlab/pulsar/files/staging/797487/inputs/461-28469_S29_R2_001.fastq.gz
# bwa.7	# 0.7.17-r1188
# bwa mem -t 8 -v 1 /storage/group/bfp2/default/00_pughlab/tool_data/hg38/bwa_mem_index/hg38/hg38.fa /storage/group/bfp2/default/00_pughlab/pulsar/files/staging/797541/inputs/461-28471_S31_R1_001.fastq.gz /storage/group/bfp2/default/00_pughlab/pulsar/files/staging/797541/inputs/461-28471_S31_R2_001.fastq.gz
# bwa.8	# 0.7.17-r1188
# bwa mem -t 8 -v 1 /storage/group/bfp2/default/00_pughlab/tool_data/hg38/bwa_mem_index/hg38/hg38.fa /storage/group/bfp2/default/00_pughlab/pulsar/files/staging/797568/inputs/461-28472_S32_R1_001.fastq.gz /storage/group/bfp2/default/00_pughlab/pulsar/files/staging/797568/inputs/461-28472_S32_R2_001.fastq.gz
# bwa.9	# 0.7.17-r1188
# bwa mem -t 8 -v 1 /storage/group/bfp2/default/00_pughlab/tool_data/hg38/bwa_mem_index/hg38/hg38.fa /storage/group/bfp2/default/00_pughlab/pulsar/files/staging/797595/inputs/461-28473_S33_R1_001.fastq.gz /storage/group/bfp2/default/00_pughlab/pulsar/files/staging/797595/inputs/461-28473_S33_R2_001.fastq.gz
# bwa.A	# 0.7.17-r1188
# bwa mem -t 8 -v 1 /storage/group/bfp2/default/00_pughlab/tool_data/hg38/bwa_mem_index/hg38/hg38.fa /storage/group/bfp2/default/00_pughlab/pulsar/files/staging/799090/inputs/486-28820_S27_R1_001.fastq.gz /storage/group/bfp2/default/00_pughlab/pulsar/files/staging/799090/inputs/486-28820_S27_R2_001.fastq.gz
# bwa.B	# 0.7.17-r1188
# bwa mem -t 8 -v 1 /storage/group/bfp2/default/00_pughlab/tool_data/hg38/bwa_mem_index/hg38/hg38.fa /storage/group/bfp2/default/00_pughlab/pulsar/files/staging/800209/inputs/593-33023_S1_R1_001.fastq.gz /storage/group/bfp2/default/00_pughlab/pulsar/files/staging/800209/inputs/593-33023_S1_R2_001.fastq.gz
# bwa.C	# 0.7.17-r1188
# bwa mem -t 8 -v 1 /storage/group/bfp2/default/00_pughlab/tool_data/hg38/bwa_mem_index/hg38/hg38.fa /storage/group/bfp2/default/00_pughlab/pulsar/files/staging/800236/inputs/593-33024_S2_R1_001.fastq.gz /storage/group/bfp2/default/00_pughlab/pulsar/files/staging/800236/inputs/593-33024_S2_R2_001.fastq.gz
# bwa.D	# 0.7.17-r1188
# bwa mem -t 8 -v 1 /storage/group/bfp2/default/00_pughlab/tool_data/hg38/bwa_mem_index/hg38/hg38.fa /storage/group/bfp2/default/00_pughlab/pulsar/files/staging/800263/inputs/593-33025_S3_R1_001.fastq.gz /storage/group/bfp2/default/00_pughlab/pulsar/files/staging/800263/inputs/593-33025_S3_R2_001.fastq.gz
# bwa.E	# 0.7.17-r1188
# bwa mem -t 8 -v 1 /storage/group/bfp2/default/00_pughlab/tool_data/hg38/bwa_mem_index/hg38/hg38.fa /storage/group/bfp2/default/00_pughlab/pulsar/files/staging/800290/inputs/593-33026_S4_R1_001.fastq.gz /storage/group/bfp2/default/00_pughlab/pulsar/files/staging/800290/inputs/593-33026_S4_R2_001.fastq.gz
# bwa.F	# 0.7.17-r1188
# bwa mem -t 8 -v 1 /storage/group/bfp2/default/00_pughlab/tool_data/hg38/bwa_mem_index/hg38/hg38.fa /storage/group/bfp2/default/00_pughlab/pulsar/files/staging/800317/inputs/593-33027_S5_R1_001.fastq.gz /storage/group/bfp2/default/00_pughlab/pulsar/files/staging/800317/inputs/593-33027_S5_R2_001.fastq.gz
# bwa.G	# 0.7.17-r1188
# bwa mem -t 8 -v 1 /storage/group/bfp2/default/00_pughlab/tool_data/hg38/bwa_mem_index/hg38/hg38.fa /storage/group/bfp2/default/00_pughlab/pulsar/files/staging/800344/inputs/593-33028_S6_R1_001.fastq.gz /storage/group/bfp2/default/00_pughlab/pulsar/files/staging/800344/inputs/593-33028_S6_R2_001.fastq.gz
# bwa.H	# 0.7.17-r1188
# bwa mem -t 8 -v 1 /storage/group/bfp2/default/00_pughlab/tool_data/hg38/bwa_mem_index/hg38/hg38.fa /storage/group/bfp2/default/00_pughlab/pulsar/files/staging/800781/inputs/608-33646_S32_R1_001.fastq.gz /storage/group/bfp2/default/00_pughlab/pulsar/files/staging/800781/inputs/608-33646_S32_R2_001.fastq.gz
# bwa.I	# 0.7.17-r1188
# bwa mem -t 8 -v 1 /storage/group/bfp2/default/00_pughlab/tool_data/hg38/bwa_mem_index/hg38/hg38.fa /storage/group/bfp2/default/00_pughlab/pulsar/files/staging/800808/inputs/608-33647_S33_R1_001.fastq.gz /storage/group/bfp2/default/00_pughlab/pulsar/files/staging/800808/inputs/608-33647_S33_R2_001.fastq.gz
# bwa.J	# 0.7.17-r1188
# bwa mem -t 8 -v 1 /storage/group/bfp2/default/00_pughlab/tool_data/hg38/bwa_mem_index/hg38/hg38.fa /storage/group/bfp2/default/00_pughlab/pulsar/files/staging/800835/inputs/608-33648_S34_R1_001.fastq.gz /storage/group/bfp2/default/00_pughlab/pulsar/files/staging/800835/inputs/608-33648_S34_R2_001.fastq.gz
# Average Insert Size: 111.08663213998408
# Median Insert Size: 105.0
# Mode Insert Size: 81.0
# Std deviation of Insert Size: 39.710236691311295
# Number of ReadPairs: 5.73504258E8
# Histogram
# Size (bp)	Frequency
0	0.0
1	0.0
2	3421.0
3	3411.0
4	4083.0
5	3689.0
6	3796.0
7	3323.0
8	3709.0
9	4217.0
10	4146.0
11	3767.0
12	3947.0
13	4103.0
14	5067.0
15	5342.0
16	7192.0
17	10040.0
18	25189.0
19	60761.0
20	63245.0
21	60567.0
22	64403.0
23	64378.0
24	72434.0
25	79700.0
26	98981.0
27	116360.0
28	134981.0
29	157158.0
30	171199.0
31	169304.0
32	149990.0
33	141297.0
34	141706.0
35	150131.0
36	186154.0
37	285058.0
38	613058.0
39	1172130.0
40	1190198.0
41	763309.0
42	378723.0
43	298429.0
44	275189.0
45	285721.0
46	341901.0
47	504181.0
48	1206590.0
49	3060154.0
50	4563564.0
51	3117495.0
52	1078639.0
53	540919.0
54	497068.0
55	536257.0
56	732076.0
57	1257072.0
58	2820224.0
59	5816345.0
60	7371308.0
61	5561149.0
62	2490045.0
63	1103430.0
64	816572.0
65	810646.0
66	869054.0
67	1163215.0
68	2919950.0
69	7928347.0
70	1.3232062E7
71	1.1564448E7
72	5426319.0
73	1818642.0
74	1122835.0
75	977387.0
76	1046043.0
77	1628872.0
78	4000688.0
79	9309762.0
80	1.5020563E7
81	1.554659E7
82	9536331.0
83	3673717.0
84	1692958.0
85	1199987.0
86	1145059.0
87	1608646.0
88	3293179.0
89	7325316.0
90	1.2137437E7
91	1.405957E7
92	1.0891722E7
93	5965529.0
94	2894313.0
95	1888394.0
96	1825020.0
97	2761484.0
98	5022560.0
99	8522414.0
100	1.1469565E7
101	1.2438465E7
102	9824556.0
103	6356664.0
104	3840460.0
105	2632770.0
106	2241598.0
107	2579413.0
108	3757310.0
109	6042324.0
110	8779586.0
111	1.0628627E7
112	9642554.0
113	6571525.0
114	3821556.0
115	2674224.0
116	2273076.0
117	2509966.0
118	3252913.0
119	4638443.0
120	6331626.0
121	7758294.0
122	8016328.0
123	6548658.0
124	4431009.0
125	2850204.0
126	2227893.0
127	2266433.0
128	2866442.0
129	3967832.0
130	5179437.0
131	6027035.0
132	6190098.0
133	5730025.0
134	4602059.0
135	3505765.0
136	2791327.0
137	2700415.0
138	3165098.0
139	3999056.0
140	4739320.0
141	5063191.0
142	4870896.0
143	4471105.0
144	4008026.0
145	3434870.0
146	2963227.0
147	2735317.0
148	2787795.0
149	3064419.0
150	3343090.0
151	3481818.0
152	3438940.0
153	3221613.0
154	2951758.0
155	2742935.0
156	2555577.0
157	2471870.0
158	2460802.0
159	2466484.0
160	2439880.0
161	2336464.0
162	2224421.0
163	2080928.0
164	1930073.0
165	1801636.0
166	1697622.0
167	1632715.0
168	1566305.0
169	1495890.0
170	1410697.0
171	1330769.0
172	1242496.0
173	1178641.0
174	1120639.0
175	1046889.0
176	1008867.0
177	967708.0
178	944416.0
179	915402.0
180	871496.0
181	823719.0
182	767917.0
183	714188.0
184	682658.0
185	658849.0
186	634518.0
187	613231.0
188	603998.0
189	593842.0
190	578259.0
191	547875.0
192	514656.0
193	475013.0
194	441042.0
195	419393.0
196	408573.0
197	401611.0
198	399140.0
199	399983.0
200	394905.0
201	378815.0
202	354866.0
203	328879.0
204	303808.0
205	283917.0
206	272921.0
207	271677.0
208	275587.0
209	282966.0
210	285362.0
211	277673.0
212	262953.0
213	244777.0
214	224247.0
215	208946.0
216	196947.0
217	195305.0
218	199912.0
219	209803.0
220	216718.0
221	218893.0
222	212575.0
223	198268.0
224	182090.0
225	165928.0
226	157260.0
227	155353.0
228	160994.0
229	168484.0
230	178056.0
231	183319.0
232	181925.0
233	172839.0
234	159494.0
235	145522.0
236	134396.0
237	130962.0
238	135246.0
239	142971.0
240	153105.0
241	159589.0
242	160945.0
243	156199.0
244	143918.0
245	130506.0
246	122022.0
247	117387.0
248	118464.0
249	124206.0
250	136626.0
251	140068.0
252	130593.0
253	129282.0
254	120487.0
255	112847.0
256	104210.0
257	100145.0
258	99198.0
259	102481.0
260	108887.0
261	115716.0
262	120987.0
263	118526.0
264	112289.0
265	106872.0
266	98014.0
267	89237.0
268	92932.0
269	86181.0
270	67728.0
271	70344.0
272	73563.0
273	73051.0
274	69282.0
275	65986.0
276	61652.0
277	58972.0
278	57117.0
279	59399.0
280	55893.0
281	46904.0
282	48247.0
283	49437.0
284	49768.0
285	45874.0
286	39938.0
287	38629.0
288	37619.0
289	37068.0
290	37261.0
291	37684.0
292	38908.0
293	39590.0
294	39044.0
295	37411.0
296	35719.0
297	34681.0
298	33947.0
299	33239.0
300	33251.0
301	33054.0
302	33017.0
303	33258.0
304	33453.0
305	32897.0
306	32039.0
307	31280.0
308	30315.0
309	29527.0
310	28820.0
311	28987.0
312	29272.0
313	29470.0
314	29001.0
315	29108.0
316	28289.0
317	27917.0
318	27782.0
319	27509.0
320	26971.0
321	26907.0
322	26442.0
323	26635.0
324	26595.0
325	26521.0
326	25813.0
327	25741.0
328	25518.0
329	25466.0
330	24883.0
331	24775.0
332	24685.0
333	24705.0
334	24925.0
335	24363.0
336	24343.0
337	23501.0
338	23928.0
339	23617.0
340	22864.0
