# 2024-10-31 12:42:35.68
# DNase-seq_ENCFF518XTC_rep1_hg38.bam
# Chromosome_ID	Chromosome_Size	Aligned_Reads	Unaligned_Reads
# chr1	248956422	1.0900892E7	0.0
# chr2	242193529	7878038.0	0.0
# chr3	198295559	6193478.0	0.0
# chr4	190214555	5334514.0	0.0
# chr5	181538259	5995898.0	0.0
# chr6	170805979	7250712.0	0.0
# chr7	159345973	6544158.0	0.0
# chr8	145138636	4581176.0	0.0
# chr9	138394717	2474252.0	0.0
# chr10	133797422	4485372.0	0.0
# chr11	135086622	4899962.0	0.0
# chr12	133275309	3562494.0	0.0
# chr13	114364328	2169712.0	0.0
# chr14	107043718	2159942.0	0.0
# chr15	101991189	3070850.0	0.0
# chr16	90338345	3268104.0	0.0
# chr17	83257441	3408836.0	0.0
# chr18	80373285	2239048.0	0.0
# chr19	58617616	3169982.0	0.0
# chr20	64444167	2209028.0	0.0
# chr21	46709983	1447222.0	0.0
# chr22	50818468	1859750.0	0.0
# chrX	156040895	2935294.0	0.0
# chrY	57227415	9674.0	0.0
# chrM	16569	0.0	0.0
# chr1_KI270706v1_random	175055	0.0	0.0
# chr1_KI270707v1_random	32032	0.0	0.0
# chr1_KI270708v1_random	127682	0.0	0.0
# chr1_KI270709v1_random	66860	0.0	0.0
# chr1_KI270710v1_random	40176	0.0	0.0
# chr1_KI270711v1_random	42210	0.0	0.0
# chr1_KI270712v1_random	176043	0.0	0.0
# chr1_KI270713v1_random	40745	0.0	0.0
# chr1_KI270714v1_random	41717	0.0	0.0
# chr2_KI270715v1_random	161471	0.0	0.0
# chr2_KI270716v1_random	153799	0.0	0.0
# chr3_GL000221v1_random	155397	0.0	0.0
# chr4_GL000008v2_random	209709	0.0	0.0
# chr5_GL000208v1_random	92689	0.0	0.0
# chr9_KI270717v1_random	40062	0.0	0.0
# chr9_KI270718v1_random	38054	0.0	0.0
# chr9_KI270719v1_random	176845	0.0	0.0
# chr9_KI270720v1_random	39050	0.0	0.0
# chr11_KI270721v1_random	100316	0.0	0.0
# chr14_GL000009v2_random	201709	0.0	0.0
# chr14_GL000225v1_random	211173	0.0	0.0
# chr14_KI270722v1_random	194050	0.0	0.0
# chr14_GL000194v1_random	191469	0.0	0.0
# chr14_KI270723v1_random	38115	0.0	0.0
# chr14_KI270724v1_random	39555	0.0	0.0
# chr14_KI270725v1_random	172810	0.0	0.0
# chr14_KI270726v1_random	43739	0.0	0.0
# chr15_KI270727v1_random	448248	0.0	0.0
# chr16_KI270728v1_random	1872759	0.0	0.0
# chr17_GL000205v2_random	185591	0.0	0.0
# chr17_KI270729v1_random	280839	0.0	0.0
# chr17_KI270730v1_random	112551	0.0	0.0
# chr22_KI270731v1_random	150754	0.0	0.0
# chr22_KI270732v1_random	41543	0.0	0.0
# chr22_KI270733v1_random	179772	0.0	0.0
# chr22_KI270734v1_random	165050	0.0	0.0
# chr22_KI270735v1_random	42811	0.0	0.0
# chr22_KI270736v1_random	181920	0.0	0.0
# chr22_KI270737v1_random	103838	0.0	0.0
# chr22_KI270738v1_random	99375	0.0	0.0
# chr22_KI270739v1_random	73985	0.0	0.0
# chrY_KI270740v1_random	37240	0.0	0.0
# chrUn_KI270302v1	2274	0.0	0.0
# chrUn_KI270304v1	2165	0.0	0.0
# chrUn_KI270303v1	1942	0.0	0.0
# chrUn_KI270305v1	1472	0.0	0.0
# chrUn_KI270322v1	21476	0.0	0.0
# chrUn_KI270320v1	4416	0.0	0.0
# chrUn_KI270310v1	1201	0.0	0.0
# chrUn_KI270316v1	1444	0.0	0.0
# chrUn_KI270315v1	2276	0.0	0.0
# chrUn_KI270312v1	998	0.0	0.0
# chrUn_KI270311v1	12399	0.0	0.0
# chrUn_KI270317v1	37690	0.0	0.0
# chrUn_KI270412v1	1179	0.0	0.0
# chrUn_KI270411v1	2646	0.0	0.0
# chrUn_KI270414v1	2489	0.0	0.0
# chrUn_KI270419v1	1029	0.0	0.0
# chrUn_KI270418v1	2145	0.0	0.0
# chrUn_KI270420v1	2321	0.0	0.0
# chrUn_KI270424v1	2140	0.0	0.0
# chrUn_KI270417v1	2043	0.0	0.0
# chrUn_KI270422v1	1445	0.0	0.0
# chrUn_KI270423v1	981	0.0	0.0
# chrUn_KI270425v1	1884	0.0	0.0
# chrUn_KI270429v1	1361	0.0	0.0
# chrUn_KI270442v1	392061	0.0	0.0
# chrUn_KI270466v1	1233	0.0	0.0
# chrUn_KI270465v1	1774	0.0	0.0
# chrUn_KI270467v1	3920	0.0	0.0
# chrUn_KI270435v1	92983	0.0	0.0
# chrUn_KI270438v1	112505	0.0	0.0
# chrUn_KI270468v1	4055	0.0	0.0
# chrUn_KI270510v1	2415	0.0	0.0
# chrUn_KI270509v1	2318	0.0	0.0
# chrUn_KI270518v1	2186	0.0	0.0
# chrUn_KI270508v1	1951	0.0	0.0
# chrUn_KI270516v1	1300	0.0	0.0
# chrUn_KI270512v1	22689	0.0	0.0
# chrUn_KI270519v1	138126	0.0	0.0
# chrUn_KI270522v1	5674	0.0	0.0
# chrUn_KI270511v1	8127	0.0	0.0
# chrUn_KI270515v1	6361	0.0	0.0
# chrUn_KI270507v1	5353	0.0	0.0
# chrUn_KI270517v1	3253	0.0	0.0
# chrUn_KI270529v1	1899	0.0	0.0
# chrUn_KI270528v1	2983	0.0	0.0
# chrUn_KI270530v1	2168	0.0	0.0
# chrUn_KI270539v1	993	0.0	0.0
# chrUn_KI270538v1	91309	0.0	0.0
# chrUn_KI270544v1	1202	0.0	0.0
# chrUn_KI270548v1	1599	0.0	0.0
# chrUn_KI270583v1	1400	0.0	0.0
# chrUn_KI270587v1	2969	0.0	0.0
# chrUn_KI270580v1	1553	0.0	0.0
# chrUn_KI270581v1	7046	0.0	0.0
# chrUn_KI270579v1	31033	0.0	0.0
# chrUn_KI270589v1	44474	0.0	0.0
# chrUn_KI270590v1	4685	0.0	0.0
# chrUn_KI270584v1	4513	0.0	0.0
# chrUn_KI270582v1	6504	0.0	0.0
# chrUn_KI270588v1	6158	0.0	0.0
# chrUn_KI270593v1	3041	0.0	0.0
# chrUn_KI270591v1	5796	0.0	0.0
# chrUn_KI270330v1	1652	0.0	0.0
# chrUn_KI270329v1	1040	0.0	0.0
# chrUn_KI270334v1	1368	0.0	0.0
# chrUn_KI270333v1	2699	0.0	0.0
# chrUn_KI270335v1	1048	0.0	0.0
# chrUn_KI270338v1	1428	0.0	0.0
# chrUn_KI270340v1	1428	0.0	0.0
# chrUn_KI270336v1	1026	0.0	0.0
# chrUn_KI270337v1	1121	0.0	0.0
# chrUn_KI270363v1	1803	0.0	0.0
# chrUn_KI270364v1	2855	0.0	0.0
# chrUn_KI270362v1	3530	0.0	0.0
# chrUn_KI270366v1	8320	0.0	0.0
# chrUn_KI270378v1	1048	0.0	0.0
# chrUn_KI270379v1	1045	0.0	0.0
# chrUn_KI270389v1	1298	0.0	0.0
# chrUn_KI270390v1	2387	0.0	0.0
# chrUn_KI270387v1	1537	0.0	0.0
# chrUn_KI270395v1	1143	0.0	0.0
# chrUn_KI270396v1	1880	0.0	0.0
# chrUn_KI270388v1	1216	0.0	0.0
# chrUn_KI270394v1	970	0.0	0.0
# chrUn_KI270386v1	1788	0.0	0.0
# chrUn_KI270391v1	1484	0.0	0.0
# chrUn_KI270383v1	1750	0.0	0.0
# chrUn_KI270393v1	1308	0.0	0.0
# chrUn_KI270384v1	1658	0.0	0.0
# chrUn_KI270392v1	971	0.0	0.0
# chrUn_KI270381v1	1930	0.0	0.0
# chrUn_KI270385v1	990	0.0	0.0
# chrUn_KI270382v1	4215	0.0	0.0
# chrUn_KI270376v1	1136	0.0	0.0
# chrUn_KI270374v1	2656	0.0	0.0
# chrUn_KI270372v1	1650	0.0	0.0
# chrUn_KI270373v1	1451	0.0	0.0
# chrUn_KI270375v1	2378	0.0	0.0
# chrUn_KI270371v1	2805	0.0	0.0
# chrUn_KI270448v1	7992	0.0	0.0
# chrUn_KI270521v1	7642	0.0	0.0
# chrUn_GL000195v1	182896	0.0	0.0
# chrUn_GL000219v1	179198	0.0	0.0
# chrUn_GL000220v1	161802	0.0	0.0
# chrUn_GL000224v1	179693	0.0	0.0
# chrUn_KI270741v1	157432	0.0	0.0
# chrUn_GL000226v1	15008	0.0	0.0
# chrUn_GL000213v1	164239	0.0	0.0
# chrUn_KI270743v1	210658	0.0	0.0
# chrUn_KI270744v1	168472	0.0	0.0
# chrUn_KI270745v1	41891	0.0	0.0
# chrUn_KI270746v1	66486	0.0	0.0
# chrUn_KI270747v1	198735	0.0	0.0
# chrUn_KI270748v1	93321	0.0	0.0
# chrUn_KI270749v1	158759	0.0	0.0
# chrUn_KI270750v1	148850	0.0	0.0
# chrUn_KI270751v1	150742	0.0	0.0
# chrUn_KI270752v1	27745	0.0	0.0
# chrUn_KI270753v1	62944	0.0	0.0
# chrUn_KI270754v1	40191	0.0	0.0
# chrUn_KI270755v1	36723	0.0	0.0
# chrUn_KI270756v1	79590	0.0	0.0
# chrUn_KI270757v1	71251	0.0	0.0
# chrUn_GL000214v1	137718	0.0	0.0
# chrUn_KI270742v1	186739	0.0	0.0
# chrUn_GL000216v2	176608	0.0	0.0
# chrUn_GL000218v1	161147	0.0	0.0
# chrEBV	171823	0.0	0.0
# Total Genome Size: 3.099922541E9	Total Aligned Tags: 9.8048388E7
# bwa	# 0.7.12-r1039
# bwa sampe -a 750 -n 10 -P /cromwell_root/dnase-production/caper_out_09242020/dnase/bcdec416-b7ad-4147-aedc-c2d1503a42c0/call-dnase_replicate/shard-0/dnase_replicate/99df443f-6c3d-4286-b058-ed103f8d2aa0/call-unpacked/maybe_unpack_references/15c9aded-ce81-425f-ae83-f9a8b438c992/call-unpack/unpack/515c9fe5-7662-484c-bf35-1362aa3135ec/call-unpack_bwa_index_tar_gz_to_struct/unpack_bwa_index_tar_gz_to_struct/c02a2eb1-4cfe-4d35-a181-953724661e66/call-untar_and_map_files/GRCh38.fa /cromwell_root/dnase-production/caper_out_09242020/dnase/d9bf5621-45d5-45b4-a98b-7d2404abc635/call-dnase_replicate/shard-0/dnase_replicate/65b4ce31-05c2-434a-a6c9-59d76e717573/call-concatenate_trim_and_align_fastqs/concatenate_trim_and_align_fastqs/98fdd9f8-eed6-4551-a02a-5d843017c198/call-concatenate_trim_and_align_pe_fastqs/concatenate_trim_and_align_pe_fastqs/5c1deeeb-879d-439d-85e1-bb4940643d7c/call-align/align/5cd4163b-e8d2-49f9-b9e4-023436cadee7/call-align_fastq_pair_with_bwa/align_fastq_pair_with_bwa/c1b8c78c-0f87-4577-bf0c-5e9578aa518b/call-bwa_aln/shard-0/align_fastq_with_bwa/fdb5e538-ca9d-4c15-91d3-bbe03a261340/call-aln/trimmed_to_length_trim.R1.sai /cromwell_root/dnase-production/caper_out_09242020/dnase/d9bf5621-45d5-45b4-a98b-7d2404abc635/call-dnase_replicate/shard-0/dnase_replicate/65b4ce31-05c2-434a-a6c9-59d76e717573/call-concatenate_trim_and_align_fastqs/concatenate_trim_and_align_fastqs/98fdd9f8-eed6-4551-a02a-5d843017c198/call-concatenate_trim_and_align_pe_fastqs/concatenate_trim_and_align_pe_fastqs/5c1deeeb-879d-439d-85e1-bb4940643d7c/call-align/align/5cd4163b-e8d2-49f9-b9e4-023436cadee7/call-align_fastq_pair_with_bwa/align_fastq_pair_with_bwa/c1b8c78c-0f87-4577-bf0c-5e9578aa518b/call-bwa_aln/shard-1/align_fastq_with_bwa/17f10b67-6927-4460-83c1-675d5a3e30af/call-aln/trimmed_to_length_trim.R2.sai /cromwell_root/dnase-production/caper_out_09242020/dnase/d9bf5621-45d5-45b4-a98b-7d2404abc635/call-dnase_replicate/shard-0/dnase_replicate/65b4ce31-05c2-434a-a6c9-59d76e717573/call-concatenate_trim_and_align_fastqs/concatenate_trim_and_align_fastqs/98fdd9f8-eed6-4551-a02a-5d843017c198/call-concatenate_trim_and_align_pe_fastqs/concatenate_trim_and_align_pe_fastqs/5c1deeeb-879d-439d-85e1-bb4940643d7c/call-trim/trim/7259ee2a-4173-4fe7-8eb6-d003098e31dc/call-trim_fastq_pair_to_length/trim_fastq_pair_to_length/1a00b700-d485-4e9d-8269-5ac73a7f30c2/call-trim/shard-0/trim_fastq_to_length/a57883b4-df14-48d1-b144-2a7feebb87ea/call-compress/trimmed_to_length_trim.R1.fastq.gz /cromwell_root/dnase-production/caper_out_09242020/dnase/d9bf5621-45d5-45b4-a98b-7d2404abc635/call-dnase_replicate/shard-0/dnase_replicate/65b4ce31-05c2-434a-a6c9-59d76e717573/call-concatenate_trim_and_align_fastqs/concatenate_trim_and_align_fastqs/98fdd9f8-eed6-4551-a02a-5d843017c198/call-concatenate_trim_and_align_pe_fastqs/concatenate_trim_and_align_pe_fastqs/5c1deeeb-879d-439d-85e1-bb4940643d7c/call-trim/trim/7259ee2a-4173-4fe7-8eb6-d003098e31dc/call-trim_fastq_pair_to_length/trim_fastq_pair_to_length/1a00b700-d485-4e9d-8269-5ac73a7f30c2/call-trim/shard-1/trim_fastq_to_length/6e3add5a-265b-4a28-8c04-351c197b6042/call-compress/trimmed_to_length_trim.R2.fastq.gz
# samtools	# 1.10
# samtools view -b -@ 16 -t gs://dnase-production/caper_out_09242020/dnase/bcdec416-b7ad-4147-aedc-c2d1503a42c0/call-dnase_replicate/shard-0/dnase_replicate/99df443f-6c3d-4286-b058-ed103f8d2aa0/call-unpacked/maybe_unpack_references/15c9aded-ce81-425f-ae83-f9a8b438c992/call-unpack/unpack/515c9fe5-7662-484c-bf35-1362aa3135ec/call-unpack_indexed_fasta_tar_gz_to_struct/unpack_indexed_fasta_tar_gz_to_struct/bcf9fd14-a34c-41f5-81fc-fb5d68001e53/call-untar_and_map_files/GRCh38.fa.fai /cromwell_root/dnase-production/caper_out_09242020/dnase/d9bf5621-45d5-45b4-a98b-7d2404abc635/call-dnase_replicate/shard-0/dnase_replicate/65b4ce31-05c2-434a-a6c9-59d76e717573/call-concatenate_trim_and_align_fastqs/concatenate_trim_and_align_fastqs/98fdd9f8-eed6-4551-a02a-5d843017c198/call-concatenate_trim_and_align_pe_fastqs/concatenate_trim_and_align_pe_fastqs/5c1deeeb-879d-439d-85e1-bb4940643d7c/call-align/align/5cd4163b-e8d2-49f9-b9e4-023436cadee7/call-make_sam_from_sai_and_fastq_pair/make_sam_from_sai_and_fastq_pair/8182ba63-7def-42b3-9c8d-fea6d9d6f908/call-sampe/out.sam
# samtools.1	# 1.10
# samtools sort -n -@ 16 /cromwell_root/dnase-production/caper_out_09242020/dnase/d9bf5621-45d5-45b4-a98b-7d2404abc635/call-dnase_replicate/shard-0/dnase_replicate/65b4ce31-05c2-434a-a6c9-59d76e717573/call-concatenate_trim_and_align_fastqs/concatenate_trim_and_align_fastqs/98fdd9f8-eed6-4551-a02a-5d843017c198/call-concatenate_trim_and_align_pe_fastqs/concatenate_trim_and_align_pe_fastqs/5c1deeeb-879d-439d-85e1-bb4940643d7c/call-align/align/5cd4163b-e8d2-49f9-b9e4-023436cadee7/call-convert_sam_to_bam/convert_sam_to_bam/2e7c1959-83e1-483c-8a32-801a98884ac2/call-view/out.bam
# samtools.2	# 1.10
# samtools merge -n -@ 8 merged.bam /cromwell_root/dnase-production/caper_out_09242020/dnase/d9bf5621-45d5-45b4-a98b-7d2404abc635/call-dnase_replicate/shard-0/dnase_replicate/65b4ce31-05c2-434a-a6c9-59d76e717573/call-concatenate_trim_and_align_fastqs/concatenate_trim_and_align_fastqs/98fdd9f8-eed6-4551-a02a-5d843017c198/call-concatenate_trim_and_align_pe_fastqs/concatenate_trim_and_align_pe_fastqs/5c1deeeb-879d-439d-85e1-bb4940643d7c/call-align/align/5cd4163b-e8d2-49f9-b9e4-023436cadee7/call-sort_bam_by_name/sort_bam_by_name/0c60fbe9-3b27-431e-81e6-57ad66206aa9/call-sort/name_sorted_pe.bam
# samtools.3	# 1.10
# samtools sort -@ 8 /cromwell_root/dnase-production/caper_out_09242020/dnase/d9bf5621-45d5-45b4-a98b-7d2404abc635/call-dnase_replicate/shard-0/dnase_replicate/65b4ce31-05c2-434a-a6c9-59d76e717573/call-merge_mark_and_filter_bams/merge_mark_and_filter_bams/87adeb9e-466f-41e0-ac21-a4b6842464d3/call-mark/mark/fc839347-c49d-4fe9-994d-3b605ae99bdd/call-flag_qc_fail_improper_pair_and_nonnuclear_bam_reads/flag_qc_fail_improper_pair_and_nonnuclear_bam_reads/2000c371-80e2-4a53-80a6-a5852ae96f87/call-filter_reads/flagged.bam
# MarkDuplicates	# 2.8.1-SNAPSHOT
# picard.sam.markduplicates.MarkDuplicatesWithMateCigar MINIMUM_DISTANCE=300 INPUT=[/cromwell_root/dnase-production/caper_out_09242020/dnase/d9bf5621-45d5-45b4-a98b-7d2404abc635/call-dnase_replicate/shard-0/dnase_replicate/65b4ce31-05c2-434a-a6c9-59d76e717573/call-merge_mark_and_filter_bams/merge_mark_and_filter_bams/87adeb9e-466f-41e0-ac21-a4b6842464d3/call-mark/mark/fc839347-c49d-4fe9-994d-3b605ae99bdd/call-add_mate_cigar_to_bam/add_mate_cigar_to_bam/eca01824-138f-4d27-aa32-1ac1c0b004f8/call-revert_original_base_qualities_and_add_mate_cigar/mate_cigar.bam] OUTPUT=marked.bam METRICS_FILE=MarkDuplicates.picard ASSUME_SORTED=true READ_NAME_REGEX=[a-zA-Z0-9]+:[0-9]+:[a-zA-Z0-9]+:[0-9]+:([0-9]+):([0-9]+):([0-9]+).* VALIDATION_STRINGENCY=SILENT    SKIP_PAIRS_WITH_NO_MATE_CIGAR=true BLOCK_SIZE=100000 REMOVE_DUPLICATES=false DUPLICATE_SCORING_STRATEGY=TOTAL_MAPPED_REFERENCE_LENGTH PROGRAM_RECORD_ID=MarkDuplicates PROGRAM_GROUP_NAME=MarkDuplicatesWithMateCigar OPTICAL_DUPLICATE_PIXEL_DISTANCE=100 VERBOSITY=INFO QUIET=false COMPRESSION_LEVEL=5 MAX_RECORDS_IN_RAM=500000 CREATE_INDEX=false CREATE_MD5_FILE=false GA4GH_CLIENT_SECRETS=client_secrets.json
# samtools.4	# 1.10
# samtools view -F 512 -b -@ 8 /cromwell_root/dnase-production/caper_out_09242020/dnase/d9bf5621-45d5-45b4-a98b-7d2404abc635/call-dnase_replicate/shard-0/dnase_replicate/65b4ce31-05c2-434a-a6c9-59d76e717573/call-merge_mark_and_filter_bams/merge_mark_and_filter_bams/87adeb9e-466f-41e0-ac21-a4b6842464d3/call-mark/mark/fc839347-c49d-4fe9-994d-3b605ae99bdd/call-mark_duplicates_in_bam_and_get_duplication_metrics/mark_duplicates_in_bam_and_get_duplication_metrics/81a84aea-3ff7-4d70-add3-468b118cbd5e/call-mark_duplicates_with_mate_cigar/marked.bam
# samtools.5	# 1.10
# samtools view -F 4096 -b -@ 8 /cromwell_root/dnase-production/caper_out_09242020/dnase/d9bf5621-45d5-45b4-a98b-7d2404abc635/call-dnase_replicate/shard-0/dnase_replicate/65b4ce31-05c2-434a-a6c9-59d76e717573/call-merge_mark_and_filter_bams/merge_mark_and_filter_bams/87adeb9e-466f-41e0-ac21-a4b6842464d3/call-filter/filter/9b52c5cb-07a1-4b71-963f-743dd1eb20b1/call-filter_bam_reads_with_qc_fail_flag/filter_bam_reads_with_qc_fail_flag/d1350eed-92c3-411a-bcd1-2adcc14244e4/call-view/qc_fail_flag_filtered.bam
# Average Insert Size: 83.38089277056923
# Median Insert Size: 80.0
# Mode Insert Size: 80.0
# Std deviation of Insert Size: 26.408255543497464
# Number of ReadPairs: 4.9024194E7
# Histogram
# Size (bp)	Frequency
0	0.0
1	75.0
2	103.0
3	134.0
4	113.0
5	131.0
6	108.0
7	130.0
8	141.0
9	118.0
10	130.0
11	110.0
12	142.0
13	162.0
14	167.0
15	181.0
16	198.0
17	210.0
18	233.0
19	258.0
20	228.0
21	246.0
22	1377.0
23	1901.0
24	2833.0
25	4407.0
26	6400.0
27	9259.0
28	13546.0
29	19686.0
30	27197.0
31	36157.0
32	43999.0
33	25401.0
34	56129.0
35	69256.0
36	83046.0
37	98112.0
38	115329.0
39	134437.0
40	150608.0
41	167109.0
42	184231.0
43	201205.0
44	216898.0
45	231231.0
46	249048.0
47	271806.0
48	297284.0
49	331610.0
50	362719.0
51	374706.0
52	394432.0
53	408508.0
54	419368.0
55	434515.0
56	472492.0
57	497976.0
58	536056.0
59	581849.0
60	636040.0
61	677878.0
62	719513.0
63	740166.0
64	757005.0
65	760336.0
66	763528.0
67	774359.0
68	814458.0
69	874730.0
70	953090.0
71	930864.0
72	908054.0
73	905613.0
74	884910.0
75	851771.0
76	816245.0
77	790797.0
78	799330.0
79	878551.0
80	1033301.0
81	1019158.0
82	868540.0
83	809916.0
84	807299.0
85	795315.0
86	751482.0
87	702167.0
88	686983.0
89	711560.0
90	798721.0
91	877235.0
92	818533.0
93	725470.0
94	649800.0
95	580173.0
96	523921.0
97	491685.0
98	475823.0
99	474047.0
100	482630.0
101	491832.0
102	482965.0
103	477670.0
104	465851.0
105	434822.0
106	399761.0
107	372057.0
108	357336.0
109	355453.0
110	366339.0
111	377789.0
112	347445.0
113	300392.0
114	261645.0
115	230007.0
116	201547.0
117	177839.0
118	163646.0
119	160196.0
120	170771.0
121	189204.0
122	185269.0
123	160978.0
124	139702.0
125	126115.0
126	114910.0
127	105629.0
128	96114.0
129	90066.0
130	87898.0
131	85970.0
132	85315.0
133	81618.0
134	75721.0
135	69337.0
136	64311.0
137	60038.0
138	59254.0
139	60527.0
140	61449.0
141	61132.0
142	58759.0
143	56836.0
144	54505.0
145	52739.0
146	49522.0
147	46246.0
148	42851.0
149	40457.0
150	38633.0
151	37155.0
152	35513.0
153	33949.0
154	33306.0
155	32319.0
156	31256.0
157	30068.0
158	28900.0
159	27487.0
160	26618.0
161	25701.0
162	24650.0
163	25047.0
164	25218.0
165	24051.0
166	22108.0
167	21344.0
168	20869.0
169	19782.0
170	19108.0
171	17928.0
172	17003.0
173	16421.0
174	15752.0
175	15439.0
176	15032.0
177	14749.0
178	14774.0
179	14001.0
180	13775.0
181	12867.0
182	12245.0
183	11603.0
184	10829.0
185	10716.0
186	10399.0
187	10256.0
188	10156.0
189	10102.0
190	9431.0
191	9233.0
192	8915.0
193	8429.0
194	7996.0
195	7444.0
196	7324.0
197	7017.0
198	7074.0
199	6718.0
200	6724.0
201	6463.0
202	6380.0
203	6043.0
204	5718.0
205	5408.0
206	5222.0
207	4924.0
208	4834.0
209	4883.0
210	4872.0
211	4674.0
212	4589.0
213	4440.0
214	4130.0
215	3889.0
216	3607.0
217	3606.0
218	3519.0
219	3451.0
220	3301.0
221	3479.0
222	3291.0
223	3089.0
224	3079.0
225	2843.0
226	2648.0
227	2539.0
228	2429.0
229	2386.0
230	2402.0
231	2168.0
232	2391.0
233	2351.0
234	2238.0
235	2082.0
236	1861.0
237	1828.0
238	1592.0
239	1507.0
240	1532.0
241	1432.0
242	1495.0
243	1421.0
244	1386.0
245	1350.0
246	1215.0
247	1192.0
248	1080.0
249	1090.0
250	1050.0
251	1067.0
252	1068.0
253	1047.0
254	949.0
255	967.0
256	881.0
257	845.0
258	795.0
259	834.0
260	808.0
261	805.0
262	780.0
263	788.0
264	701.0
265	726.0
266	633.0
267	639.0
268	608.0
269	577.0
270	552.0
271	623.0
272	570.0
273	538.0
274	526.0
275	508.0
276	450.0
277	452.0
278	408.0
279	375.0
280	384.0
281	405.0
282	404.0
283	415.0
284	393.0
285	367.0
286	360.0
287	346.0
288	324.0
289	310.0
290	302.0
291	300.0
292	295.0
293	274.0
294	284.0
295	261.0
296	256.0
297	231.0
298	239.0
299	215.0
300	201.0
301	195.0
302	190.0
303	179.0
304	189.0
305	185.0
306	175.0
307	166.0
308	154.0
309	156.0
310	127.0
311	162.0
312	121.0
313	124.0
314	106.0
315	113.0
316	95.0
317	107.0
318	83.0
319	89.0
320	92.0
321	89.0
322	76.0
323	81.0
324	60.0
325	61.0
326	65.0
327	71.0
328	57.0
329	65.0
330	49.0
331	46.0
332	48.0
333	55.0
334	46.0
335	45.0
336	47.0
337	27.0
338	35.0
339	34.0
340	42.0
