# 2024-10-31 12:34:53.103
# MNase-seq_21U_rep1_hg38.bam
# Chromosome_ID	Chromosome_Size	Aligned_Reads	Unaligned_Reads
# chr1	248956422	1.6907782E7	0.0
# chr10	133797422	7670678.0	0.0
# chr11	135086622	7511612.0	0.0
# chr11_KI270721v1_random	100316	1374.0	0.0
# chr12	133275309	7337850.0	0.0
# chr13	114364328	4485231.0	0.0
# chr14	107043718	3575918.0	0.0
# chr14_GL000009v2_random	201709	23642.0	0.0
# chr14_GL000225v1_random	211173	102879.0	0.0
# chr14_KI270722v1_random	194050	15971.0	0.0
# chr14_GL000194v1_random	191469	25578.0	0.0
# chr14_KI270723v1_random	38115	3862.0	0.0
# chr14_KI270724v1_random	39555	4690.0	0.0
# chr14_KI270725v1_random	172810	9011.0	0.0
# chr14_KI270726v1_random	43739	304.0	0.0
# chr15	101991189	4737328.0	0.0
# chr15_KI270727v1_random	448248	15456.0	0.0
# chr16	90338345	4535754.0	0.0
# chr16_KI270728v1_random	1872759	64756.0	0.0
# chr17	83257441	3916939.0	0.0
# chr17_GL000205v2_random	185591	34990.0	0.0
# chr17_KI270729v1_random	280839	33393.0	0.0
# chr17_KI270730v1_random	112551	7558.0	0.0
# chr18	80373285	4367685.0	0.0
# chr19	58617616	2862430.0	0.0
# chr1_KI270706v1_random	175055	16319.0	0.0
# chr1_KI270707v1_random	32032	2324.0	0.0
# chr1_KI270708v1_random	127682	7446.0	0.0
# chr1_KI270709v1_random	66860	62863.0	0.0
# chr1_KI270710v1_random	40176	3692.0	0.0
# chr1_KI270711v1_random	42210	10011.0	0.0
# chr1_KI270712v1_random	176043	8899.0	0.0
# chr1_KI270713v1_random	40745	8138.0	0.0
# chr1_KI270714v1_random	41717	2636.0	0.0
# chr2	242193529	1.3779178E7	0.0
# chr20	64444167	3064820.0	0.0
# chr21	46709983	2775808.0	0.0
# chr22	50818468	2386682.0	0.0
# chr22_KI270731v1_random	150754	11613.0	0.0
# chr22_KI270732v1_random	41543	6025.0	0.0
# chr22_KI270733v1_random	179772	50908.0	0.0
# chr22_KI270734v1_random	165050	11140.0	0.0
# chr22_KI270735v1_random	42811	7151.0	0.0
# chr22_KI270736v1_random	181920	15375.0	0.0
# chr22_KI270737v1_random	103838	13518.0	0.0
# chr22_KI270738v1_random	99375	17218.0	0.0
# chr22_KI270739v1_random	73985	2482.0	0.0
# chr2_KI270715v1_random	161471	9309.0	0.0
# chr2_KI270716v1_random	153799	10221.0	0.0
# chr3	198295559	1.0813458E7	0.0
# chr3_GL000221v1_random	155397	22568.0	0.0
# chr4	190214555	1.0758017E7	0.0
# chr4_GL000008v2_random	209709	19498.0	0.0
# chr5	181538259	1.1300459E7	0.0
# chr5_GL000208v1_random	92689	6305.0	0.0
# chr6	170805979	1.1441096E7	0.0
# chr7	159345973	1.1793246E7	0.0
# chr8	145138636	8069667.0	0.0
# chr9	138394717	5463207.0	0.0
# chr9_KI270717v1_random	40062	1458.0	0.0
# chr9_KI270718v1_random	38054	3031.0	0.0
# chr9_KI270719v1_random	176845	13420.0	0.0
# chr9_KI270720v1_random	39050	3692.0	0.0
# chr1_KI270762v1_alt	354444	6955.0	0.0
# chr1_KI270766v1_alt	256271	8838.0	0.0
# chr1_KI270760v1_alt	109528	3211.0	0.0
# chr1_KI270765v1_alt	185285	10074.0	0.0
# chr1_GL383518v1_alt	182439	4897.0	0.0
# chr1_GL383519v1_alt	110268	2575.0	0.0
# chr1_GL383520v2_alt	366580	16427.0	0.0
# chr1_KI270764v1_alt	50258	1740.0	0.0
# chr1_KI270763v1_alt	911658	40477.0	0.0
# chr1_KI270759v1_alt	425601	15204.0	0.0
# chr1_KI270761v1_alt	165834	5094.0	0.0
# chr2_KI270770v1_alt	136240	3373.0	0.0
# chr2_KI270773v1_alt	70887	1536.0	0.0
# chr2_KI270774v1_alt	223625	4033.0	0.0
# chr2_KI270769v1_alt	120616	2916.0	0.0
# chr2_GL383521v1_alt	143390	3806.0	0.0
# chr2_KI270772v1_alt	133041	14367.0	0.0
# chr2_KI270775v1_alt	138019	3576.0	0.0
# chr2_KI270771v1_alt	110395	2526.0	0.0
# chr2_KI270768v1_alt	110099	3714.0	0.0
# chr2_GL582966v2_alt	96131	4378.0	0.0
# chr2_GL383522v1_alt	123821	7185.0	0.0
# chr2_KI270776v1_alt	174166	2352.0	0.0
# chr2_KI270767v1_alt	161578	2161.0	0.0
# chr3_JH636055v2_alt	173151	6502.0	0.0
# chr3_KI270783v1_alt	109187	5342.0	0.0
# chr3_KI270780v1_alt	224108	4858.0	0.0
# chr3_GL383526v1_alt	180671	6386.0	0.0
# chr3_KI270777v1_alt	173649	4880.0	0.0
# chr3_KI270778v1_alt	248252	6880.0	0.0
# chr3_KI270781v1_alt	113034	3383.0	0.0
# chr3_KI270779v1_alt	205312	2814.0	0.0
# chr3_KI270782v1_alt	162429	4616.0	0.0
# chr3_KI270784v1_alt	184404	7795.0	0.0
# chr4_KI270790v1_alt	220246	5146.0	0.0
# chr4_GL383528v1_alt	376187	8288.0	0.0
# chr4_KI270787v1_alt	111943	4583.0	0.0
# chr4_GL000257v2_alt	586476	17341.0	0.0
# chr4_KI270788v1_alt	158965	3636.0	0.0
# chr4_GL383527v1_alt	164536	4554.0	0.0
# chr4_KI270785v1_alt	119912	3651.0	0.0
# chr4_KI270789v1_alt	205944	4570.0	0.0
# chr4_KI270786v1_alt	244096	2920.0	0.0
# chr5_KI270793v1_alt	126136	2883.0	0.0
# chr5_KI270792v1_alt	179043	3684.0	0.0
# chr5_KI270791v1_alt	195710	4659.0	0.0
# chr5_GL383532v1_alt	82728	2309.0	0.0
# chr5_GL949742v1_alt	226852	7895.0	0.0
# chr5_KI270794v1_alt	164558	5717.0	0.0
# chr5_GL339449v2_alt	1612928	52865.0	0.0
# chr5_GL383530v1_alt	101241	3481.0	0.0
# chr5_KI270796v1_alt	172708	4209.0	0.0
# chr5_GL383531v1_alt	173459	4964.0	0.0
# chr5_KI270795v1_alt	131892	3086.0	0.0
# chr6_GL000250v2_alt	4672374	25157.0	0.0
# chr6_KI270800v1_alt	175808	4687.0	0.0
# chr6_KI270799v1_alt	152148	5731.0	0.0
# chr6_GL383533v1_alt	124736	3920.0	0.0
# chr6_KI270801v1_alt	870480	23604.0	0.0
# chr6_KI270802v1_alt	75005	2333.0	0.0
# chr6_KB021644v2_alt	185823	4690.0	0.0
# chr6_KI270797v1_alt	197536	6338.0	0.0
# chr6_KI270798v1_alt	271782	9584.0	0.0
# chr7_KI270804v1_alt	157952	2457.0	0.0
# chr7_KI270809v1_alt	209586	9822.0	0.0
# chr7_KI270806v1_alt	158166	7270.0	0.0
# chr7_GL383534v2_alt	119183	5515.0	0.0
# chr7_KI270803v1_alt	1111570	47782.0	0.0
# chr7_KI270808v1_alt	271455	11666.0	0.0
# chr7_KI270807v1_alt	126434	3151.0	0.0
# chr7_KI270805v1_alt	209988	6088.0	0.0
# chr8_KI270818v1_alt	145606	3367.0	0.0
# chr8_KI270812v1_alt	282736	5485.0	0.0
# chr8_KI270811v1_alt	292436	4614.0	0.0
# chr8_KI270821v1_alt	985506	25241.0	0.0
# chr8_KI270813v1_alt	300230	11442.0	0.0
# chr8_KI270822v1_alt	624492	21680.0	0.0
# chr8_KI270814v1_alt	141812	4065.0	0.0
# chr8_KI270810v1_alt	374415	12365.0	0.0
# chr8_KI270819v1_alt	133535	2532.0	0.0
# chr8_KI270820v1_alt	36640	569.0	0.0
# chr8_KI270817v1_alt	158983	3054.0	0.0
# chr8_KI270816v1_alt	305841	5798.0	0.0
# chr8_KI270815v1_alt	132244	3278.0	0.0
# chr9_GL383539v1_alt	162988	2771.0	0.0
# chr9_GL383540v1_alt	71551	1120.0	0.0
# chr9_GL383541v1_alt	171286	3668.0	0.0
# chr9_GL383542v1_alt	60032	1358.0	0.0
# chr9_KI270823v1_alt	439082	12621.0	0.0
# chr10_GL383545v1_alt	179254	6451.0	0.0
# chr10_KI270824v1_alt	181496	9408.0	0.0
# chr10_GL383546v1_alt	309802	11540.0	0.0
# chr10_KI270825v1_alt	188315	5704.0	0.0
# chr11_KI270832v1_alt	210133	4337.0	0.0
# chr11_KI270830v1_alt	177092	2374.0	0.0
# chr11_KI270831v1_alt	296895	6227.0	0.0
# chr11_KI270829v1_alt	204059	5206.0	0.0
# chr11_GL383547v1_alt	154407	4323.0	0.0
# chr11_JH159136v1_alt	200998	5566.0	0.0
# chr11_JH159137v1_alt	191409	5437.0	0.0
# chr11_KI270827v1_alt	67707	1650.0	0.0
# chr11_KI270826v1_alt	186169	4427.0	0.0
# chr12_GL877875v1_alt	167313	5195.0	0.0
# chr12_GL877876v1_alt	408271	5560.0	0.0
# chr12_KI270837v1_alt	40090	608.0	0.0
# chr12_GL383549v1_alt	120804	4329.0	0.0
# chr12_KI270835v1_alt	238139	7161.0	0.0
# chr12_GL383550v2_alt	169178	6377.0	0.0
# chr12_GL383552v1_alt	138655	3837.0	0.0
# chr12_GL383553v2_alt	152874	4482.0	0.0
# chr12_KI270834v1_alt	119498	3329.0	0.0
# chr12_GL383551v1_alt	184319	4129.0	0.0
# chr12_KI270833v1_alt	76061	1804.0	0.0
# chr12_KI270836v1_alt	56134	1398.0	0.0
# chr13_KI270840v1_alt	191684	4165.0	0.0
# chr13_KI270839v1_alt	180306	3667.0	0.0
# chr13_KI270843v1_alt	103832	1865.0	0.0
# chr13_KI270841v1_alt	169134	3050.0	0.0
# chr13_KI270838v1_alt	306913	4698.0	0.0
# chr13_KI270842v1_alt	37287	405.0	0.0
# chr14_KI270844v1_alt	322166	7725.0	0.0
# chr14_KI270847v1_alt	1511111	26797.0	0.0
# chr14_KI270845v1_alt	180703	2806.0	0.0
# chr14_KI270846v1_alt	1351393	20226.0	0.0
# chr15_KI270852v1_alt	478999	17941.0	0.0
# chr15_KI270851v1_alt	263054	8276.0	0.0
# chr15_KI270848v1_alt	327382	7024.0	0.0
# chr15_GL383554v1_alt	296527	7086.0	0.0
# chr15_KI270849v1_alt	244917	8055.0	0.0
# chr15_GL383555v2_alt	388773	10584.0	0.0
# chr15_KI270850v1_alt	430880	16812.0	0.0
# chr16_KI270854v1_alt	134193	3208.0	0.0
# chr16_KI270856v1_alt	63982	1605.0	0.0
# chr16_KI270855v1_alt	232857	5435.0	0.0
# chr16_KI270853v1_alt	2659700	83343.0	0.0
# chr16_GL383556v1_alt	192462	4638.0	0.0
# chr16_GL383557v1_alt	89672	3043.0	0.0
# chr17_GL383563v3_alt	375691	5715.0	0.0
# chr17_KI270862v1_alt	391357	5657.0	0.0
# chr17_KI270861v1_alt	196688	3041.0	0.0
# chr17_KI270857v1_alt	2877074	82159.0	0.0
# chr17_JH159146v1_alt	278131	8585.0	0.0
# chr17_JH159147v1_alt	70345	1764.0	0.0
# chr17_GL383564v2_alt	133151	3364.0	0.0
# chr17_GL000258v2_alt	1821992	28824.0	0.0
# chr17_GL383565v1_alt	223995	5922.0	0.0
# chr17_KI270858v1_alt	235827	5048.0	0.0
# chr17_KI270859v1_alt	108763	3083.0	0.0
# chr17_GL383566v1_alt	90219	1893.0	0.0
# chr17_KI270860v1_alt	178921	3347.0	0.0
# chr18_KI270864v1_alt	111737	2002.0	0.0
# chr18_GL383567v1_alt	289831	6000.0	0.0
# chr18_GL383570v1_alt	164789	2939.0	0.0
# chr18_GL383571v1_alt	198278	2917.0	0.0
# chr18_GL383568v1_alt	104552	1983.0	0.0
# chr18_GL383569v1_alt	167950	1415.0	0.0
# chr18_GL383572v1_alt	159547	1647.0	0.0
# chr18_KI270863v1_alt	167999	2327.0	0.0
# chr19_KI270868v1_alt	61734	1015.0	0.0
# chr19_KI270865v1_alt	52969	763.0	0.0
# chr19_GL383573v1_alt	385657	9162.0	0.0
# chr19_GL383575v2_alt	170222	5323.0	0.0
# chr19_GL383576v1_alt	188024	4917.0	0.0
# chr19_GL383574v1_alt	155864	5425.0	0.0
# chr19_KI270866v1_alt	43156	1812.0	0.0
# chr19_KI270867v1_alt	233762	6600.0	0.0
# chr19_GL949746v1_alt	987716	6556.0	0.0
# chr20_GL383577v2_alt	128386	2213.0	0.0
# chr20_KI270869v1_alt	118774	2095.0	0.0
# chr20_KI270871v1_alt	58661	781.0	0.0
# chr20_KI270870v1_alt	183433	3892.0	0.0
# chr21_GL383578v2_alt	63917	3064.0	0.0
# chr21_KI270874v1_alt	166743	4146.0	0.0
# chr21_KI270873v1_alt	143900	4176.0	0.0
# chr21_GL383579v2_alt	201197	7462.0	0.0
# chr21_GL383580v2_alt	74653	3175.0	0.0
# chr21_GL383581v2_alt	116689	5372.0	0.0
# chr21_KI270872v1_alt	82692	2372.0	0.0
# chr22_KI270875v1_alt	259914	37865.0	0.0
# chr22_KI270878v1_alt	186262	3740.0	0.0
# chr22_KI270879v1_alt	304135	5924.0	0.0
# chr22_KI270876v1_alt	263666	6248.0	0.0
# chr22_KI270877v1_alt	101331	1436.0	0.0
# chr22_GL383583v2_alt	96924	1900.0	0.0
# chr22_GL383582v2_alt	162811	2168.0	0.0
# chrX_KI270880v1_alt	284869	1986.0	0.0
# chrX_KI270881v1_alt	144206	3078.0	0.0
# chr19_KI270882v1_alt	248807	359.0	0.0
# chr19_KI270883v1_alt	170399	342.0	0.0
# chr19_KI270884v1_alt	157053	250.0	0.0
# chr19_KI270885v1_alt	171027	249.0	0.0
# chr19_KI270886v1_alt	204239	259.0	0.0
# chr19_KI270887v1_alt	209512	415.0	0.0
# chr19_KI270888v1_alt	155532	281.0	0.0
# chr19_KI270889v1_alt	170698	266.0	0.0
# chr19_KI270890v1_alt	184499	368.0	0.0
# chr19_KI270891v1_alt	170680	221.0	0.0
# chr1_KI270892v1_alt	162212	4836.0	0.0
# chr2_KI270894v1_alt	214158	16559.0	0.0
# chr2_KI270893v1_alt	161218	2152.0	0.0
# chr3_KI270895v1_alt	162896	2545.0	0.0
# chr4_KI270896v1_alt	378547	7853.0	0.0
# chr5_KI270897v1_alt	1144418	37536.0	0.0
# chr5_KI270898v1_alt	130957	2338.0	0.0
# chr6_GL000251v2_alt	4795265	64249.0	0.0
# chr7_KI270899v1_alt	190869	4576.0	0.0
# chr8_KI270901v1_alt	136959	3105.0	0.0
# chr8_KI270900v1_alt	318687	4724.0	0.0
# chr11_KI270902v1_alt	106711	1428.0	0.0
# chr11_KI270903v1_alt	214625	3490.0	0.0
# chr12_KI270904v1_alt	572349	10734.0	0.0
# chr15_KI270906v1_alt	196384	3809.0	0.0
# chr15_KI270905v1_alt	5161414	133238.0	0.0
# chr17_KI270907v1_alt	137721	1240.0	0.0
# chr17_KI270910v1_alt	157099	1366.0	0.0
# chr17_KI270909v1_alt	325800	6633.0	0.0
# chr17_JH159148v1_alt	88070	1701.0	0.0
# chr17_KI270908v1_alt	1423190	37801.0	0.0
# chr18_KI270912v1_alt	174061	1554.0	0.0
# chr18_KI270911v1_alt	157710	1717.0	0.0
# chr19_GL949747v2_alt	729520	3671.0	0.0
# chr22_KB663609v1_alt	74013	600.0	0.0
# chrX_KI270913v1_alt	274009	1834.0	0.0
# chr19_KI270914v1_alt	205194	432.0	0.0
# chr19_KI270915v1_alt	170665	225.0	0.0
# chr19_KI270916v1_alt	184516	286.0	0.0
# chr19_KI270917v1_alt	190932	457.0	0.0
# chr19_KI270918v1_alt	123111	177.0	0.0
# chr19_KI270919v1_alt	170701	266.0	0.0
# chr19_KI270920v1_alt	198005	491.0	0.0
# chr19_KI270921v1_alt	282224	578.0	0.0
# chr19_KI270922v1_alt	187935	416.0	0.0
# chr19_KI270923v1_alt	189352	448.0	0.0
# chr3_KI270924v1_alt	166540	2262.0	0.0
# chr4_KI270925v1_alt	555799	10357.0	0.0
# chr6_GL000252v2_alt	4604811	45576.0	0.0
# chr8_KI270926v1_alt	229282	5342.0	0.0
# chr11_KI270927v1_alt	218612	3265.0	0.0
# chr19_GL949748v2_alt	1064304	1935.0	0.0
# chr22_KI270928v1_alt	176103	1936.0	0.0
# chr19_KI270929v1_alt	186203	413.0	0.0
# chr19_KI270930v1_alt	200773	286.0	0.0
# chr19_KI270931v1_alt	170148	270.0	0.0
# chr19_KI270932v1_alt	215732	355.0	0.0
# chr19_KI270933v1_alt	170537	367.0	0.0
# chr19_GL000209v2_alt	177381	309.0	0.0
# chr3_KI270934v1_alt	163458	2353.0	0.0
# chr6_GL000253v2_alt	4677643	46042.0	0.0
# chr19_GL949749v2_alt	1091841	1868.0	0.0
# chr3_KI270935v1_alt	197351	2527.0	0.0
# chr6_GL000254v2_alt	4827813	43166.0	0.0
# chr19_GL949750v2_alt	1066390	2038.0	0.0
# chr3_KI270936v1_alt	164170	2403.0	0.0
# chr6_GL000255v2_alt	4606388	63618.0	0.0
# chr19_GL949751v2_alt	1002683	2012.0	0.0
# chr3_KI270937v1_alt	165607	2315.0	0.0
# chr6_GL000256v2_alt	4929269	52656.0	0.0
# chr19_GL949752v1_alt	987100	6975.0	0.0
# chr6_KI270758v1_alt	76752	459.0	0.0
# chr19_GL949753v2_alt	796479	4057.0	0.0
# chr19_KI270938v1_alt	1066800	7818.0	0.0
# chrM	16569	87628.0	0.0
# chrUn_KI270302v1	2274	141.0	0.0
# chrUn_KI270304v1	2165	316.0	0.0
# chrUn_KI270303v1	1942	232.0	0.0
# chrUn_KI270305v1	1472	141.0	0.0
# chrUn_KI270322v1	21476	597.0	0.0
# chrUn_KI270320v1	4416	824.0	0.0
# chrUn_KI270310v1	1201	462.0	0.0
# chrUn_KI270316v1	1444	195.0	0.0
# chrUn_KI270315v1	2276	313.0	0.0
# chrUn_KI270312v1	998	29.0	0.0
# chrUn_KI270311v1	12399	604.0	0.0
# chrUn_KI270317v1	37690	190.0	0.0
# chrUn_KI270412v1	1179	120.0	0.0
# chrUn_KI270411v1	2646	739.0	0.0
# chrUn_KI270414v1	2489	82.0	0.0
# chrUn_KI270419v1	1029	37.0	0.0
# chrUn_KI270418v1	2145	103.0	0.0
# chrUn_KI270420v1	2321	141.0	0.0
# chrUn_KI270424v1	2140	79.0	0.0
# chrUn_KI270417v1	2043	97.0	0.0
# chrUn_KI270422v1	1445	94.0	0.0
# chrUn_KI270423v1	981	62.0	0.0
# chrUn_KI270425v1	1884	57.0	0.0
# chrUn_KI270429v1	1361	68.0	0.0
# chrUn_KI270442v1	392061	42667.0	0.0
# chrUn_KI270466v1	1233	17322.0	0.0
# chrUn_KI270465v1	1774	171.0	0.0
# chrUn_KI270467v1	3920	56884.0	0.0
# chrUn_KI270435v1	92983	7996.0	0.0
# chrUn_KI270438v1	112505	98160.0	0.0
# chrUn_KI270468v1	4055	349.0	0.0
# chrUn_KI270510v1	2415	338.0	0.0
# chrUn_KI270509v1	2318	366.0	0.0
# chrUn_KI270518v1	2186	392.0	0.0
# chrUn_KI270508v1	1951	260.0	0.0
# chrUn_KI270516v1	1300	212.0	0.0
# chrUn_KI270512v1	22689	1523.0	0.0
# chrUn_KI270519v1	138126	12715.0	0.0
# chrUn_KI270522v1	5674	281.0	0.0
# chrUn_KI270511v1	8127	711.0	0.0
# chrUn_KI270515v1	6361	1100.0	0.0
# chrUn_KI270507v1	5353	947.0	0.0
# chrUn_KI270517v1	3253	569.0	0.0
# chrUn_KI270529v1	1899	129.0	0.0
# chrUn_KI270528v1	2983	62.0	0.0
# chrUn_KI270530v1	2168	80.0	0.0
# chrUn_KI270539v1	993	4.0	0.0
# chrUn_KI270538v1	91309	7407.0	0.0
# chrUn_KI270544v1	1202	113.0	0.0
# chrUn_KI270548v1	1599	63.0	0.0
# chrUn_KI270583v1	1400	234.0	0.0
# chrUn_KI270587v1	2969	555.0	0.0
# chrUn_KI270580v1	1553	208.0	0.0
# chrUn_KI270581v1	7046	381.0	0.0
# chrUn_KI270579v1	31033	1451.0	0.0
# chrUn_KI270589v1	44474	3464.0	0.0
# chrUn_KI270590v1	4685	1143.0	0.0
# chrUn_KI270584v1	4513	595.0	0.0
# chrUn_KI270582v1	6504	409.0	0.0
# chrUn_KI270588v1	6158	919.0	0.0
# chrUn_KI270593v1	3041	338.0	0.0
# chrUn_KI270591v1	5796	1174.0	0.0
# chrUn_KI270330v1	1652	1387.0	0.0
# chrUn_KI270329v1	1040	56.0	0.0
# chrUn_KI270334v1	1368	83.0	0.0
# chrUn_KI270333v1	2699	17596.0	0.0
# chrUn_KI270335v1	1048	54.0	0.0
# chrUn_KI270338v1	1428	66.0	0.0
# chrUn_KI270340v1	1428	130.0	0.0
# chrUn_KI270336v1	1026	5454.0	0.0
# chrUn_KI270337v1	1121	10945.0	0.0
# chrUn_KI270363v1	1803	110.0	0.0
# chrUn_KI270364v1	2855	137.0	0.0
# chrUn_KI270362v1	3530	184.0	0.0
# chrUn_KI270366v1	8320	469.0	0.0
# chrUn_KI270378v1	1048	33.0	0.0
# chrUn_KI270379v1	1045	22.0	0.0
# chrUn_KI270389v1	1298	85.0	0.0
# chrUn_KI270390v1	2387	50.0	0.0
# chrUn_KI270387v1	1537	171.0	0.0
# chrUn_KI270395v1	1143	189.0	0.0
# chrUn_KI270396v1	1880	174.0	0.0
# chrUn_KI270388v1	1216	78.0	0.0
# chrUn_KI270394v1	970	49.0	0.0
# chrUn_KI270386v1	1788	108.0	0.0
# chrUn_KI270391v1	1484	51.0	0.0
# chrUn_KI270383v1	1750	77.0	0.0
# chrUn_KI270393v1	1308	55.0	0.0
# chrUn_KI270384v1	1658	65.0	0.0
# chrUn_KI270392v1	971	50.0	0.0
# chrUn_KI270381v1	1930	79.0	0.0
# chrUn_KI270385v1	990	63.0	0.0
# chrUn_KI270382v1	4215	128.0	0.0
# chrUn_KI270376v1	1136	27.0	0.0
# chrUn_KI270374v1	2656	85.0	0.0
# chrUn_KI270372v1	1650	51.0	0.0
# chrUn_KI270373v1	1451	36.0	0.0
# chrUn_KI270375v1	2378	56.0	0.0
# chrUn_KI270371v1	2805	65.0	0.0
# chrUn_KI270448v1	7992	770.0	0.0
# chrUn_KI270521v1	7642	428.0	0.0
# chrUn_GL000195v1	182896	18128.0	0.0
# chrUn_GL000219v1	179198	34087.0	0.0
# chrUn_GL000220v1	161802	64758.0	0.0
# chrUn_GL000224v1	179693	55766.0	0.0
# chrUn_KI270741v1	157432	15357.0	0.0
# chrUn_GL000226v1	15008	2743.0	0.0
# chrUn_GL000213v1	164239	4142.0	0.0
# chrUn_KI270743v1	210658	18218.0	0.0
# chrUn_KI270744v1	168472	33003.0	0.0
# chrUn_KI270745v1	41891	2422.0	0.0
# chrUn_KI270746v1	66486	11908.0	0.0
# chrUn_KI270747v1	198735	8056.0	0.0
# chrUn_KI270748v1	93321	4084.0	0.0
# chrUn_KI270749v1	158759	10296.0	0.0
# chrUn_KI270750v1	148850	10608.0	0.0
# chrUn_KI270751v1	150742	27044.0	0.0
# chrUn_KI270752v1	27745	1.0	0.0
# chrUn_KI270753v1	62944	3071.0	0.0
# chrUn_KI270754v1	40191	4111.0	0.0
# chrUn_KI270755v1	36723	374.0	0.0
# chrUn_KI270756v1	79590	4333.0	0.0
# chrUn_KI270757v1	71251	8615.0	0.0
# chrUn_GL000214v1	137718	26292.0	0.0
# chrUn_KI270742v1	186739	51157.0	0.0
# chrUn_GL000216v2	176608	59441.0	0.0
# chrUn_GL000218v1	161147	23311.0	0.0
# chrX	156040895	5784349.0	0.0
# chrY	57227415	174464.0	0.0
# chrY_KI270740v1_random	37240	0.0	0.0
# Total Genome Size: 3.209286105E9	Total Aligned Tags: 1.69159268E8
# bwa	# 0.7.17-r1188
# bwa mem -t 4 -v 1 /storage/home/owl5022/scratch/2023-Krebs_BenzonaseSeq/00_Download_and_Preprocessing/../data/hg38_files/hg38.fa FQ/SRR3211680_1.fastq FQ/SRR3211680_2.fastq
# samtools	# 1.18
# samtools sort -@ 4
# MarkDuplicates	# Version:2.27.3
# MarkDuplicates --TAGGING_POLICY All --INPUT BAM/SRR3211680_sorted.bam --OUTPUT BAM/SRR3211680_dedup.bam --METRICS_FILE BAM/SRR3211680_dedup.metrics --REMOVE_DUPLICATES false --ASSUME_SORTED true --DUPLICATE_SCORING_STRATEGY SUM_OF_BASE_QUALITIES --READ_NAME_REGEX [a-zA-Z0-9]+:[0-9]:([0-9]+):([0-9]+):([0-9]+).*. --OPTICAL_DUPLICATE_PIXEL_DISTANCE 100 --VERBOSITY ERROR --QUIET true --VALIDATION_STRINGENCY LENIENT --MAX_SEQUENCES_FOR_DISK_READ_ENDS_MAP 50000 --MAX_FILE_HANDLES_FOR_READ_ENDS_MAP 8000 --SORTING_COLLECTION_SIZE_RATIO 0.25 --TAG_DUPLICATE_SET_MEMBERS false --REMOVE_SEQUENCING_DUPLICATES false --CLEAR_DT true --DUPLEX_UMI false --ADD_PG_TAG_TO_READS true --PROGRAM_RECORD_ID MarkDuplicates --PROGRAM_GROUP_NAME MarkDuplicates --MAX_OPTICAL_DUPLICATE_SET_SIZE 300000 --COMPRESSION_LEVEL 5 --MAX_RECORDS_IN_RAM 500000 --CREATE_INDEX false --CREATE_MD5_FILE false --GA4GH_CLIENT_SECRETS client_secrets.json --help false --version false --showHidden false --USE_JDK_DEFLATER false --USE_JDK_INFLATER false
# samtools.1	# 1.18
# samtools view -h -b -f 0x1 -F 0x404 -o /storage/home/owl5022/scratch/2023-Krebs_BenzonaseSeq/00_Download_and_Preprocessing/../data/BAM/MNase-seq_21U_rep1_hg38.bam BAM/SRR3211680_dedup.bam
# Average Insert Size: 159.98111692181655
# Median Insert Size: 157.0
# Mode Insert Size: 149.0
# Std deviation of Insert Size: 36.57531893256417
# Number of ReadPairs: 8.1950502E7
# Histogram
# Size (bp)	Frequency
0	200.0
1	0.0
2	0.0
3	0.0
4	0.0
5	0.0
6	0.0
7	0.0
8	0.0
9	0.0
10	16.0
11	92.0
12	178.0
13	170.0
14	286.0
15	388.0
16	338.0
17	321.0
18	343.0
19	607.0
20	523.0
21	503.0
22	439.0
23	495.0
24	549.0
25	508.0
26	494.0
27	439.0
28	437.0
29	696.0
30	645.0
31	602.0
32	546.0
33	582.0
34	663.0
35	621.0
36	631.0
37	572.0
38	597.0
39	902.0
40	961.0
41	939.0
42	945.0
43	948.0
44	1205.0
45	1238.0
46	1186.0
47	1480.0
48	1538.0
49	1902.0
50	1972.0
51	2159.0
52	2223.0
53	2156.0
54	2492.0
55	2505.0
56	2744.0
57	3009.0
58	3315.0
59	4194.0
60	4447.0
61	4577.0
62	4725.0
63	5085.0
64	5590.0
65	6309.0
66	7183.0
67	8140.0
68	9364.0
69	11069.0
70	12173.0
71	13047.0
72	14190.0
73	15207.0
74	16235.0
75	17102.0
76	18919.0
77	21067.0
78	22900.0
79	25769.0
80	28610.0
81	31946.0
82	35613.0
83	40099.0
84	44631.0
85	49777.0
86	57661.0
87	68848.0
88	86056.0
89	112670.0
90	136790.0
91	151939.0
92	159246.0
93	163769.0
94	167464.0
95	172648.0
96	181555.0
97	190298.0
98	202611.0
99	222479.0
100	247680.0
101	276979.0
102	302239.0
103	318996.0
104	333079.0
105	340858.0
106	345480.0
107	346706.0
108	351485.0
109	361880.0
110	372969.0
111	381949.0
112	388494.0
113	391755.0
114	390582.0
115	382604.0
116	374172.0
117	364141.0
118	359240.0
119	366898.0
120	390112.0
121	428542.0
122	474381.0
123	521553.0
124	559370.0
125	589321.0
126	609668.0
127	621424.0
128	624578.0
129	623853.0
130	626654.0
131	638842.0
132	660758.0
133	680100.0
134	685511.0
135	684332.0
136	675774.0
137	666833.0
138	654582.0
139	644817.0
140	642711.0
141	654866.0
142	699027.0
143	785076.0
144	912106.0
145	1050902.0
146	1162585.0
147	1238665.0
148	1277151.0
149	1288539.0
150	1285500.0
151	1287347.0
152	1287412.0
153	1281709.0
154	1277392.0
155	1276515.0
156	1263788.0
157	1244144.0
158	1216213.0
159	1180938.0
160	1143251.0
161	1112035.0
162	1087665.0
163	1066091.0
164	1061307.0
165	1049033.0
166	1034782.0
167	1012890.0
168	982858.0
169	952210.0
170	920979.0
171	893010.0
172	869283.0
173	841026.0
174	825731.0
175	810767.0
176	792710.0
177	772090.0
178	751403.0
179	728587.0
180	701295.0
181	678810.0
182	652821.0
183	630949.0
184	611572.0
185	592734.0
186	574385.0
187	553685.0
188	535216.0
189	517230.0
190	496782.0
191	474985.0
192	457508.0
193	434856.0
194	413037.0
195	392239.0
196	377661.0
197	361851.0
198	347354.0
199	333701.0
200	317944.0
201	304754.0
202	289642.0
203	277081.0
204	264752.0
205	250083.0
206	239503.0
207	228941.0
208	218757.0
209	210568.0
210	202210.0
211	192903.0
212	184138.0
213	176194.0
214	169776.0
215	161549.0
216	154640.0
217	147042.0
218	140502.0
219	135448.0
220	130461.0
221	125953.0
222	120534.0
223	115647.0
224	112605.0
225	108436.0
226	104230.0
227	101665.0
228	98518.0
229	95065.0
230	92232.0
231	89626.0
232	87631.0
233	85261.0
234	82424.0
235	79280.0
236	76456.0
237	74846.0
238	73738.0
239	72177.0
240	70370.0
241	69441.0
242	67517.0
243	65914.0
244	64816.0
245	63466.0
246	60930.0
247	60569.0
248	59853.0
249	58450.0
250	57000.0
251	55427.0
252	54737.0
253	53999.0
254	52614.0
255	51115.0
256	50506.0
257	48521.0
258	48524.0
259	48054.0
260	47576.0
261	46533.0
262	45709.0
263	44617.0
264	44136.0
265	43022.0
266	42039.0
267	42046.0
268	41785.0
269	41400.0
270	41435.0
271	40829.0
272	40636.0
273	40541.0
274	40365.0
275	39404.0
276	39285.0
277	38822.0
278	39081.0
279	39392.0
280	38867.0
281	38734.0
282	38835.0
283	39485.0
284	38976.0
285	38816.0
286	38439.0
287	38394.0
288	37735.0
289	37971.0
290	38513.0
291	37862.0
292	37823.0
293	37877.0
294	37918.0
295	37611.0
296	37119.0
297	36888.0
298	36650.0
299	37386.0
300	40269.0
301	38034.0
302	27139.0
303	20222.0
304	20433.0
305	19614.0
306	9705.0
307	0.0
308	1.0
309	0.0
310	0.0
311	0.0
312	1.0
313	0.0
314	0.0
315	0.0
316	0.0
317	0.0
318	0.0
319	0.0
320	0.0
321	0.0
322	0.0
323	0.0
324	0.0
325	0.0
326	0.0
327	0.0
328	0.0
329	0.0
330	0.0
331	0.0
332	0.0
333	0.0
334	0.0
335	0.0
336	0.0
337	0.0
338	0.0
339	0.0
340	0.0
