# 2024-10-31 12:38:12.332
# MNase-seq_304U_rep1_hg38.bam
# Chromosome_ID	Chromosome_Size	Aligned_Reads	Unaligned_Reads
# chr1	248956422	1.13968E7	0.0
# chr10	133797422	5151020.0	0.0
# chr11	135086622	5099050.0	0.0
# chr11_KI270721v1_random	100316	2989.0	0.0
# chr12	133275309	4656229.0	0.0
# chr13	114364328	2497448.0	0.0
# chr14	107043718	2259979.0	0.0
# chr14_GL000009v2_random	201709	13556.0	0.0
# chr14_GL000225v1_random	211173	126733.0	0.0
# chr14_KI270722v1_random	194050	11317.0	0.0
# chr14_GL000194v1_random	191469	19204.0	0.0
# chr14_KI270723v1_random	38115	4658.0	0.0
# chr14_KI270724v1_random	39555	5144.0	0.0
# chr14_KI270725v1_random	172810	5012.0	0.0
# chr14_KI270726v1_random	43739	176.0	0.0
# chr15	101991189	3152637.0	0.0
# chr15_KI270727v1_random	448248	8316.0	0.0
# chr16	90338345	3724942.0	0.0
# chr16_KI270728v1_random	1872759	44891.0	0.0
# chr17	83257441	3199616.0	0.0
# chr17_GL000205v2_random	185591	22386.0	0.0
# chr17_KI270729v1_random	280839	41989.0	0.0
# chr17_KI270730v1_random	112551	12594.0	0.0
# chr18	80373285	2703179.0	0.0
# chr19	58617616	2867177.0	0.0
# chr1_KI270706v1_random	175055	10758.0	0.0
# chr1_KI270707v1_random	32032	1668.0	0.0
# chr1_KI270708v1_random	127682	5617.0	0.0
# chr1_KI270709v1_random	66860	51622.0	0.0
# chr1_KI270710v1_random	40176	1684.0	0.0
# chr1_KI270711v1_random	42210	6699.0	0.0
# chr1_KI270712v1_random	176043	7259.0	0.0
# chr1_KI270713v1_random	40745	6430.0	0.0
# chr1_KI270714v1_random	41717	3158.0	0.0
# chr2	242193529	8386804.0	0.0
# chr20	64444167	2471969.0	0.0
# chr21	46709983	1964432.0	0.0
# chr22	50818468	2207470.0	0.0
# chr22_KI270731v1_random	150754	11471.0	0.0
# chr22_KI270732v1_random	41543	3210.0	0.0
# chr22_KI270733v1_random	179772	61111.0	0.0
# chr22_KI270734v1_random	165050	11338.0	0.0
# chr22_KI270735v1_random	42811	5327.0	0.0
# chr22_KI270736v1_random	181920	28551.0	0.0
# chr22_KI270737v1_random	103838	11890.0	0.0
# chr22_KI270738v1_random	99375	11944.0	0.0
# chr22_KI270739v1_random	73985	1686.0	0.0
# chr2_KI270715v1_random	161471	7451.0	0.0
# chr2_KI270716v1_random	153799	8113.0	0.0
# chr3	198295559	6506035.0	0.0
# chr3_GL000221v1_random	155397	11683.0	0.0
# chr4	190214555	6129907.0	0.0
# chr4_GL000008v2_random	209709	16731.0	0.0
# chr5	181538259	6866207.0	0.0
# chr5_GL000208v1_random	92689	4598.0	0.0
# chr6	170805979	6783743.0	0.0
# chr7	159345973	7544853.0	0.0
# chr8	145138636	5040541.0	0.0
# chr9	138394717	3805846.0	0.0
# chr9_KI270717v1_random	40062	874.0	0.0
# chr9_KI270718v1_random	38054	1599.0	0.0
# chr9_KI270719v1_random	176845	6528.0	0.0
# chr9_KI270720v1_random	39050	1992.0	0.0
# chr1_KI270762v1_alt	354444	20179.0	0.0
# chr1_KI270766v1_alt	256271	8712.0	0.0
# chr1_KI270760v1_alt	109528	3525.0	0.0
# chr1_KI270765v1_alt	185285	4953.0	0.0
# chr1_GL383518v1_alt	182439	4425.0	0.0
# chr1_GL383519v1_alt	110268	3019.0	0.0
# chr1_GL383520v2_alt	366580	6798.0	0.0
# chr1_KI270764v1_alt	50258	1569.0	0.0
# chr1_KI270763v1_alt	911658	21282.0	0.0
# chr1_KI270759v1_alt	425601	12975.0	0.0
# chr1_KI270761v1_alt	165834	3179.0	0.0
# chr2_KI270770v1_alt	136240	2758.0	0.0
# chr2_KI270773v1_alt	70887	1416.0	0.0
# chr2_KI270774v1_alt	223625	4040.0	0.0
# chr2_KI270769v1_alt	120616	2978.0	0.0
# chr2_GL383521v1_alt	143390	2334.0	0.0
# chr2_KI270772v1_alt	133041	11536.0	0.0
# chr2_KI270775v1_alt	138019	2134.0	0.0
# chr2_KI270771v1_alt	110395	1483.0	0.0
# chr2_KI270768v1_alt	110099	2308.0	0.0
# chr2_GL582966v2_alt	96131	3628.0	0.0
# chr2_GL383522v1_alt	123821	3462.0	0.0
# chr2_KI270776v1_alt	174166	3135.0	0.0
# chr2_KI270767v1_alt	161578	1848.0	0.0
# chr3_JH636055v2_alt	173151	4741.0	0.0
# chr3_KI270783v1_alt	109187	2372.0	0.0
# chr3_KI270780v1_alt	224108	4366.0	0.0
# chr3_GL383526v1_alt	180671	2986.0	0.0
# chr3_KI270777v1_alt	173649	2630.0	0.0
# chr3_KI270778v1_alt	248252	3223.0	0.0
# chr3_KI270781v1_alt	113034	2756.0	0.0
# chr3_KI270779v1_alt	205312	3343.0	0.0
# chr3_KI270782v1_alt	162429	4574.0	0.0
# chr3_KI270784v1_alt	184404	5066.0	0.0
# chr4_KI270790v1_alt	220246	2970.0	0.0
# chr4_GL383528v1_alt	376187	3749.0	0.0
# chr4_KI270787v1_alt	111943	2219.0	0.0
# chr4_GL000257v2_alt	586476	8288.0	0.0
# chr4_KI270788v1_alt	158965	2061.0	0.0
# chr4_GL383527v1_alt	164536	2505.0	0.0
# chr4_KI270785v1_alt	119912	2167.0	0.0
# chr4_KI270789v1_alt	205944	3127.0	0.0
# chr4_KI270786v1_alt	244096	2293.0	0.0
# chr5_KI270793v1_alt	126136	4189.0	0.0
# chr5_KI270792v1_alt	179043	6243.0	0.0
# chr5_KI270791v1_alt	195710	6728.0	0.0
# chr5_GL383532v1_alt	82728	947.0	0.0
# chr5_GL949742v1_alt	226852	3465.0	0.0
# chr5_KI270794v1_alt	164558	3900.0	0.0
# chr5_GL339449v2_alt	1612928	29134.0	0.0
# chr5_GL383530v1_alt	101241	1772.0	0.0
# chr5_KI270796v1_alt	172708	2600.0	0.0
# chr5_GL383531v1_alt	173459	2745.0	0.0
# chr5_KI270795v1_alt	131892	2514.0	0.0
# chr6_GL000250v2_alt	4672374	18287.0	0.0
# chr6_KI270800v1_alt	175808	2085.0	0.0
# chr6_KI270799v1_alt	152148	2217.0	0.0
# chr6_GL383533v1_alt	124736	2037.0	0.0
# chr6_KI270801v1_alt	870480	12449.0	0.0
# chr6_KI270802v1_alt	75005	1878.0	0.0
# chr6_KB021644v2_alt	185823	4197.0	0.0
# chr6_KI270797v1_alt	197536	5534.0	0.0
# chr6_KI270798v1_alt	271782	8200.0	0.0
# chr7_KI270804v1_alt	157952	2964.0	0.0
# chr7_KI270809v1_alt	209586	6347.0	0.0
# chr7_KI270806v1_alt	158166	3461.0	0.0
# chr7_GL383534v2_alt	119183	3300.0	0.0
# chr7_KI270803v1_alt	1111570	34751.0	0.0
# chr7_KI270808v1_alt	271455	9433.0	0.0
# chr7_KI270807v1_alt	126434	4737.0	0.0
# chr7_KI270805v1_alt	209988	9026.0	0.0
# chr8_KI270818v1_alt	145606	3108.0	0.0
# chr8_KI270812v1_alt	282736	5652.0	0.0
# chr8_KI270811v1_alt	292436	5041.0	0.0
# chr8_KI270821v1_alt	985506	19220.0	0.0
# chr8_KI270813v1_alt	300230	9332.0	0.0
# chr8_KI270822v1_alt	624492	9690.0	0.0
# chr8_KI270814v1_alt	141812	3455.0	0.0
# chr8_KI270810v1_alt	374415	6281.0	0.0
# chr8_KI270819v1_alt	133535	4102.0	0.0
# chr8_KI270820v1_alt	36640	1023.0	0.0
# chr8_KI270817v1_alt	158983	4115.0	0.0
# chr8_KI270816v1_alt	305841	9240.0	0.0
# chr8_KI270815v1_alt	132244	3537.0	0.0
# chr9_GL383539v1_alt	162988	1794.0	0.0
# chr9_GL383540v1_alt	71551	1171.0	0.0
# chr9_GL383541v1_alt	171286	2436.0	0.0
# chr9_GL383542v1_alt	60032	1029.0	0.0
# chr9_KI270823v1_alt	439082	7227.0	0.0
# chr10_GL383545v1_alt	179254	3361.0	0.0
# chr10_KI270824v1_alt	181496	6249.0	0.0
# chr10_GL383546v1_alt	309802	7190.0	0.0
# chr10_KI270825v1_alt	188315	6241.0	0.0
# chr11_KI270832v1_alt	210133	6814.0	0.0
# chr11_KI270830v1_alt	177092	3150.0	0.0
# chr11_KI270831v1_alt	296895	7762.0	0.0
# chr11_KI270829v1_alt	204059	3170.0	0.0
# chr11_GL383547v1_alt	154407	2126.0	0.0
# chr11_JH159136v1_alt	200998	2753.0	0.0
# chr11_JH159137v1_alt	191409	3395.0	0.0
# chr11_KI270827v1_alt	67707	1832.0	0.0
# chr11_KI270826v1_alt	186169	3861.0	0.0
# chr12_GL877875v1_alt	167313	4933.0	0.0
# chr12_GL877876v1_alt	408271	2380.0	0.0
# chr12_KI270837v1_alt	40090	389.0	0.0
# chr12_GL383549v1_alt	120804	2022.0	0.0
# chr12_KI270835v1_alt	238139	4195.0	0.0
# chr12_GL383550v2_alt	169178	3642.0	0.0
# chr12_GL383552v1_alt	138655	2059.0	0.0
# chr12_GL383553v2_alt	152874	2524.0	0.0
# chr12_KI270834v1_alt	119498	2946.0	0.0
# chr12_GL383551v1_alt	184319	3338.0	0.0
# chr12_KI270833v1_alt	76061	1323.0	0.0
# chr12_KI270836v1_alt	56134	2882.0	0.0
# chr13_KI270840v1_alt	191684	2609.0	0.0
# chr13_KI270839v1_alt	180306	2337.0	0.0
# chr13_KI270843v1_alt	103832	844.0	0.0
# chr13_KI270841v1_alt	169134	1586.0	0.0
# chr13_KI270838v1_alt	306913	4855.0	0.0
# chr13_KI270842v1_alt	37287	598.0	0.0
# chr14_KI270844v1_alt	322166	4023.0	0.0
# chr14_KI270847v1_alt	1511111	21988.0	0.0
# chr14_KI270845v1_alt	180703	3357.0	0.0
# chr14_KI270846v1_alt	1351393	18150.0	0.0
# chr15_KI270852v1_alt	478999	9357.0	0.0
# chr15_KI270851v1_alt	263054	6245.0	0.0
# chr15_KI270848v1_alt	327382	5886.0	0.0
# chr15_GL383554v1_alt	296527	4348.0	0.0
# chr15_KI270849v1_alt	244917	4629.0	0.0
# chr15_GL383555v2_alt	388773	10998.0	0.0
# chr15_KI270850v1_alt	430880	12150.0	0.0
# chr16_KI270854v1_alt	134193	3964.0	0.0
# chr16_KI270856v1_alt	63982	1975.0	0.0
# chr16_KI270855v1_alt	232857	6912.0	0.0
# chr16_KI270853v1_alt	2659700	69683.0	0.0
# chr16_GL383556v1_alt	192462	3905.0	0.0
# chr16_GL383557v1_alt	89672	2158.0	0.0
# chr17_GL383563v3_alt	375691	6319.0	0.0
# chr17_KI270862v1_alt	391357	6323.0	0.0
# chr17_KI270861v1_alt	196688	4044.0	0.0
# chr17_KI270857v1_alt	2877074	66116.0	0.0
# chr17_JH159146v1_alt	278131	4853.0	0.0
# chr17_JH159147v1_alt	70345	1105.0	0.0
# chr17_GL383564v2_alt	133151	2969.0	0.0
# chr17_GL000258v2_alt	1821992	20779.0	0.0
# chr17_GL383565v1_alt	223995	3401.0	0.0
# chr17_KI270858v1_alt	235827	3231.0	0.0
# chr17_KI270859v1_alt	108763	2459.0	0.0
# chr17_GL383566v1_alt	90219	2347.0	0.0
# chr17_KI270860v1_alt	178921	4664.0	0.0
# chr18_KI270864v1_alt	111737	981.0	0.0
# chr18_GL383567v1_alt	289831	3731.0	0.0
# chr18_GL383570v1_alt	164789	1996.0	0.0
# chr18_GL383571v1_alt	198278	1646.0	0.0
# chr18_GL383568v1_alt	104552	1215.0	0.0
# chr18_GL383569v1_alt	167950	1637.0	0.0
# chr18_GL383572v1_alt	159547	1505.0	0.0
# chr18_KI270863v1_alt	167999	2679.0	0.0
# chr19_KI270868v1_alt	61734	1771.0	0.0
# chr19_KI270865v1_alt	52969	1623.0	0.0
# chr19_GL383573v1_alt	385657	6978.0	0.0
# chr19_GL383575v2_alt	170222	3033.0	0.0
# chr19_GL383576v1_alt	188024	3421.0	0.0
# chr19_GL383574v1_alt	155864	3733.0	0.0
# chr19_KI270866v1_alt	43156	2059.0	0.0
# chr19_KI270867v1_alt	233762	4630.0	0.0
# chr19_GL949746v1_alt	987716	7269.0	0.0
# chr20_GL383577v2_alt	128386	2041.0	0.0
# chr20_KI270869v1_alt	118774	3176.0	0.0
# chr20_KI270871v1_alt	58661	1785.0	0.0
# chr20_KI270870v1_alt	183433	5323.0	0.0
# chr21_GL383578v2_alt	63917	1107.0	0.0
# chr21_KI270874v1_alt	166743	2715.0	0.0
# chr21_KI270873v1_alt	143900	2404.0	0.0
# chr21_GL383579v2_alt	201197	2660.0	0.0
# chr21_GL383580v2_alt	74653	1998.0	0.0
# chr21_GL383581v2_alt	116689	4024.0	0.0
# chr21_KI270872v1_alt	82692	2946.0	0.0
# chr22_KI270875v1_alt	259914	28074.0	0.0
# chr22_KI270878v1_alt	186262	3507.0	0.0
# chr22_KI270879v1_alt	304135	6242.0	0.0
# chr22_KI270876v1_alt	263666	3430.0	0.0
# chr22_KI270877v1_alt	101331	1495.0	0.0
# chr22_GL383583v2_alt	96924	1590.0	0.0
# chr22_GL383582v2_alt	162811	1733.0	0.0
# chrX_KI270880v1_alt	284869	2486.0	0.0
# chrX_KI270881v1_alt	144206	1869.0	0.0
# chr19_KI270882v1_alt	248807	349.0	0.0
# chr19_KI270883v1_alt	170399	309.0	0.0
# chr19_KI270884v1_alt	157053	224.0	0.0
# chr19_KI270885v1_alt	171027	248.0	0.0
# chr19_KI270886v1_alt	204239	267.0	0.0
# chr19_KI270887v1_alt	209512	342.0	0.0
# chr19_KI270888v1_alt	155532	242.0	0.0
# chr19_KI270889v1_alt	170698	273.0	0.0
# chr19_KI270890v1_alt	184499	341.0	0.0
# chr19_KI270891v1_alt	170680	214.0	0.0
# chr1_KI270892v1_alt	162212	3201.0	0.0
# chr2_KI270894v1_alt	214158	13662.0	0.0
# chr2_KI270893v1_alt	161218	1757.0	0.0
# chr3_KI270895v1_alt	162896	2693.0	0.0
# chr4_KI270896v1_alt	378547	5466.0	0.0
# chr5_KI270897v1_alt	1144418	20678.0	0.0
# chr5_KI270898v1_alt	130957	1978.0	0.0
# chr6_GL000251v2_alt	4795265	47070.0	0.0
# chr7_KI270899v1_alt	190869	4296.0	0.0
# chr8_KI270901v1_alt	136959	2982.0	0.0
# chr8_KI270900v1_alt	318687	4859.0	0.0
# chr11_KI270902v1_alt	106711	2573.0	0.0
# chr11_KI270903v1_alt	214625	3982.0	0.0
# chr12_KI270904v1_alt	572349	5062.0	0.0
# chr15_KI270906v1_alt	196384	2645.0	0.0
# chr15_KI270905v1_alt	5161414	93513.0	0.0
# chr17_KI270907v1_alt	137721	1869.0	0.0
# chr17_KI270910v1_alt	157099	1977.0	0.0
# chr17_KI270909v1_alt	325800	5921.0	0.0
# chr17_JH159148v1_alt	88070	975.0	0.0
# chr17_KI270908v1_alt	1423190	29809.0	0.0
# chr18_KI270912v1_alt	174061	1701.0	0.0
# chr18_KI270911v1_alt	157710	1484.0	0.0
# chr19_GL949747v2_alt	729520	3901.0	0.0
# chr22_KB663609v1_alt	74013	631.0	0.0
# chrX_KI270913v1_alt	274009	2465.0	0.0
# chr19_KI270914v1_alt	205194	411.0	0.0
# chr19_KI270915v1_alt	170665	197.0	0.0
# chr19_KI270916v1_alt	184516	278.0	0.0
# chr19_KI270917v1_alt	190932	371.0	0.0
# chr19_KI270918v1_alt	123111	139.0	0.0
# chr19_KI270919v1_alt	170701	293.0	0.0
# chr19_KI270920v1_alt	198005	395.0	0.0
# chr19_KI270921v1_alt	282224	499.0	0.0
# chr19_KI270922v1_alt	187935	362.0	0.0
# chr19_KI270923v1_alt	189352	400.0	0.0
# chr3_KI270924v1_alt	166540	2562.0	0.0
# chr4_KI270925v1_alt	555799	8207.0	0.0
# chr6_GL000252v2_alt	4604811	35402.0	0.0
# chr8_KI270926v1_alt	229282	4677.0	0.0
# chr11_KI270927v1_alt	218612	5212.0	0.0
# chr19_GL949748v2_alt	1064304	2093.0	0.0
# chr22_KI270928v1_alt	176103	1663.0	0.0
# chr19_KI270929v1_alt	186203	370.0	0.0
# chr19_KI270930v1_alt	200773	323.0	0.0
# chr19_KI270931v1_alt	170148	253.0	0.0
# chr19_KI270932v1_alt	215732	415.0	0.0
# chr19_KI270933v1_alt	170537	332.0	0.0
# chr19_GL000209v2_alt	177381	322.0	0.0
# chr3_KI270934v1_alt	163458	2490.0	0.0
# chr6_GL000253v2_alt	4677643	33800.0	0.0
# chr19_GL949749v2_alt	1091841	2120.0	0.0
# chr3_KI270935v1_alt	197351	2818.0	0.0
# chr6_GL000254v2_alt	4827813	34494.0	0.0
# chr19_GL949750v2_alt	1066390	2247.0	0.0
# chr3_KI270936v1_alt	164170	2422.0	0.0
# chr6_GL000255v2_alt	4606388	49512.0	0.0
# chr19_GL949751v2_alt	1002683	2294.0	0.0
# chr3_KI270937v1_alt	165607	2424.0	0.0
# chr6_GL000256v2_alt	4929269	38663.0	0.0
# chr19_GL949752v1_alt	987100	7555.0	0.0
# chr6_KI270758v1_alt	76752	263.0	0.0
# chr19_GL949753v2_alt	796479	4441.0	0.0
# chr19_KI270938v1_alt	1066800	8262.0	0.0
# chrM	16569	11449.0	0.0
# chrUn_KI270302v1	2274	136.0	0.0
# chrUn_KI270304v1	2165	198.0	0.0
# chrUn_KI270303v1	1942	194.0	0.0
# chrUn_KI270305v1	1472	127.0	0.0
# chrUn_KI270322v1	21476	455.0	0.0
# chrUn_KI270320v1	4416	774.0	0.0
# chrUn_KI270310v1	1201	369.0	0.0
# chrUn_KI270316v1	1444	82.0	0.0
# chrUn_KI270315v1	2276	169.0	0.0
# chrUn_KI270312v1	998	12.0	0.0
# chrUn_KI270311v1	12399	543.0	0.0
# chrUn_KI270317v1	37690	164.0	0.0
# chrUn_KI270412v1	1179	49.0	0.0
# chrUn_KI270411v1	2646	456.0	0.0
# chrUn_KI270414v1	2489	64.0	0.0
# chrUn_KI270419v1	1029	26.0	0.0
# chrUn_KI270418v1	2145	99.0	0.0
# chrUn_KI270420v1	2321	131.0	0.0
# chrUn_KI270424v1	2140	51.0	0.0
# chrUn_KI270417v1	2043	54.0	0.0
# chrUn_KI270422v1	1445	83.0	0.0
# chrUn_KI270423v1	981	74.0	0.0
# chrUn_KI270425v1	1884	51.0	0.0
# chrUn_KI270429v1	1361	55.0	0.0
# chrUn_KI270442v1	392061	41467.0	0.0
# chrUn_KI270466v1	1233	1825.0	0.0
# chrUn_KI270465v1	1774	102.0	0.0
# chrUn_KI270467v1	3920	6701.0	0.0
# chrUn_KI270435v1	92983	5900.0	0.0
# chrUn_KI270438v1	112505	95767.0	0.0
# chrUn_KI270468v1	4055	214.0	0.0
# chrUn_KI270510v1	2415	210.0	0.0
# chrUn_KI270509v1	2318	257.0	0.0
# chrUn_KI270518v1	2186	212.0	0.0
# chrUn_KI270508v1	1951	234.0	0.0
# chrUn_KI270516v1	1300	168.0	0.0
# chrUn_KI270512v1	22689	1560.0	0.0
# chrUn_KI270519v1	138126	8818.0	0.0
# chrUn_KI270522v1	5674	196.0	0.0
# chrUn_KI270511v1	8127	396.0	0.0
# chrUn_KI270515v1	6361	700.0	0.0
# chrUn_KI270507v1	5353	526.0	0.0
# chrUn_KI270517v1	3253	390.0	0.0
# chrUn_KI270529v1	1899	57.0	0.0
# chrUn_KI270528v1	2983	39.0	0.0
# chrUn_KI270530v1	2168	93.0	0.0
# chrUn_KI270539v1	993	11.0	0.0
# chrUn_KI270538v1	91309	5212.0	0.0
# chrUn_KI270544v1	1202	87.0	0.0
# chrUn_KI270548v1	1599	18.0	0.0
# chrUn_KI270583v1	1400	90.0	0.0
# chrUn_KI270587v1	2969	452.0	0.0
# chrUn_KI270580v1	1553	131.0	0.0
# chrUn_KI270581v1	7046	250.0	0.0
# chrUn_KI270579v1	31033	880.0	0.0
# chrUn_KI270589v1	44474	3303.0	0.0
# chrUn_KI270590v1	4685	852.0	0.0
# chrUn_KI270584v1	4513	419.0	0.0
# chrUn_KI270582v1	6504	264.0	0.0
# chrUn_KI270588v1	6158	602.0	0.0
# chrUn_KI270593v1	3041	212.0	0.0
# chrUn_KI270591v1	5796	1048.0	0.0
# chrUn_KI270330v1	1652	1250.0	0.0
# chrUn_KI270329v1	1040	36.0	0.0
# chrUn_KI270334v1	1368	105.0	0.0
# chrUn_KI270333v1	2699	2337.0	0.0
# chrUn_KI270335v1	1048	46.0	0.0
# chrUn_KI270338v1	1428	75.0	0.0
# chrUn_KI270340v1	1428	97.0	0.0
# chrUn_KI270336v1	1026	841.0	0.0
# chrUn_KI270337v1	1121	1584.0	0.0
# chrUn_KI270363v1	1803	66.0	0.0
# chrUn_KI270364v1	2855	83.0	0.0
# chrUn_KI270362v1	3530	120.0	0.0
# chrUn_KI270366v1	8320	311.0	0.0
# chrUn_KI270378v1	1048	26.0	0.0
# chrUn_KI270379v1	1045	22.0	0.0
# chrUn_KI270389v1	1298	42.0	0.0
# chrUn_KI270390v1	2387	31.0	0.0
# chrUn_KI270387v1	1537	95.0	0.0
# chrUn_KI270395v1	1143	142.0	0.0
# chrUn_KI270396v1	1880	102.0	0.0
# chrUn_KI270388v1	1216	42.0	0.0
# chrUn_KI270394v1	970	24.0	0.0
# chrUn_KI270386v1	1788	53.0	0.0
# chrUn_KI270391v1	1484	29.0	0.0
# chrUn_KI270383v1	1750	36.0	0.0
# chrUn_KI270393v1	1308	22.0	0.0
# chrUn_KI270384v1	1658	24.0	0.0
# chrUn_KI270392v1	971	16.0	0.0
# chrUn_KI270381v1	1930	51.0	0.0
# chrUn_KI270385v1	990	34.0	0.0
# chrUn_KI270382v1	4215	77.0	0.0
# chrUn_KI270376v1	1136	24.0	0.0
# chrUn_KI270374v1	2656	53.0	0.0
# chrUn_KI270372v1	1650	38.0	0.0
# chrUn_KI270373v1	1451	28.0	0.0
# chrUn_KI270375v1	2378	45.0	0.0
# chrUn_KI270371v1	2805	46.0	0.0
# chrUn_KI270448v1	7992	485.0	0.0
# chrUn_KI270521v1	7642	261.0	0.0
# chrUn_GL000195v1	182896	9662.0	0.0
# chrUn_GL000219v1	179198	17262.0	0.0
# chrUn_GL000220v1	161802	81305.0	0.0
# chrUn_GL000224v1	179693	58201.0	0.0
# chrUn_KI270741v1	157432	12827.0	0.0
# chrUn_GL000226v1	15008	2045.0	0.0
# chrUn_GL000213v1	164239	2453.0	0.0
# chrUn_KI270743v1	210658	14678.0	0.0
# chrUn_KI270744v1	168472	26926.0	0.0
# chrUn_KI270745v1	41891	1665.0	0.0
# chrUn_KI270746v1	66486	5653.0	0.0
# chrUn_KI270747v1	198735	5187.0	0.0
# chrUn_KI270748v1	93321	2861.0	0.0
# chrUn_KI270749v1	158759	5172.0	0.0
# chrUn_KI270750v1	148850	7020.0	0.0
# chrUn_KI270751v1	150742	14244.0	0.0
# chrUn_KI270752v1	27745	0.0	0.0
# chrUn_KI270753v1	62944	2685.0	0.0
# chrUn_KI270754v1	40191	9211.0	0.0
# chrUn_KI270755v1	36723	381.0	0.0
# chrUn_KI270756v1	79590	5559.0	0.0
# chrUn_KI270757v1	71251	6327.0	0.0
# chrUn_GL000214v1	137718	24864.0	0.0
# chrUn_KI270742v1	186739	27512.0	0.0
# chrUn_GL000216v2	176608	73242.0	0.0
# chrUn_GL000218v1	161147	13450.0	0.0
# chrX	156040895	3512908.0	0.0
# chrY	57227415	195165.0	0.0
# chrY_KI270740v1_random	37240	0.0	0.0
# Total Genome Size: 3.209286105E9	Total Aligned Tags: 1.10951494E8
# bwa	# 0.7.17-r1188
# bwa mem -t 4 -v 1 /storage/home/owl5022/scratch/2023-Krebs_BenzonaseSeq/00_Download_and_Preprocessing/../data/hg38_files/hg38.fa FQ/SRR3211682_1.fastq FQ/SRR3211682_2.fastq
# samtools	# 1.18
# samtools sort -@ 4
# MarkDuplicates	# Version:2.27.3
# MarkDuplicates --TAGGING_POLICY All --INPUT BAM/SRR3211682_sorted.bam --OUTPUT BAM/SRR3211682_dedup.bam --METRICS_FILE BAM/SRR3211682_dedup.metrics --REMOVE_DUPLICATES false --ASSUME_SORTED true --DUPLICATE_SCORING_STRATEGY SUM_OF_BASE_QUALITIES --READ_NAME_REGEX [a-zA-Z0-9]+:[0-9]:([0-9]+):([0-9]+):([0-9]+).*. --OPTICAL_DUPLICATE_PIXEL_DISTANCE 100 --VERBOSITY ERROR --QUIET true --VALIDATION_STRINGENCY LENIENT --MAX_SEQUENCES_FOR_DISK_READ_ENDS_MAP 50000 --MAX_FILE_HANDLES_FOR_READ_ENDS_MAP 8000 --SORTING_COLLECTION_SIZE_RATIO 0.25 --TAG_DUPLICATE_SET_MEMBERS false --REMOVE_SEQUENCING_DUPLICATES false --CLEAR_DT true --DUPLEX_UMI false --ADD_PG_TAG_TO_READS true --PROGRAM_RECORD_ID MarkDuplicates --PROGRAM_GROUP_NAME MarkDuplicates --MAX_OPTICAL_DUPLICATE_SET_SIZE 300000 --COMPRESSION_LEVEL 5 --MAX_RECORDS_IN_RAM 500000 --CREATE_INDEX false --CREATE_MD5_FILE false --GA4GH_CLIENT_SECRETS client_secrets.json --help false --version false --showHidden false --USE_JDK_DEFLATER false --USE_JDK_INFLATER false
# samtools.1	# 1.18
# samtools view -h -b -f 0x1 -F 0x404 -o /storage/home/owl5022/scratch/2023-Krebs_BenzonaseSeq/00_Download_and_Preprocessing/../data/BAM/MNase-seq_304U_rep1_hg38.bam BAM/SRR3211682_dedup.bam
# Average Insert Size: 129.10675743041222
# Median Insert Size: 126.0
# Mode Insert Size: 127.0
# Std deviation of Insert Size: 28.884873446927305
# Number of ReadPairs: 5.4852016E7
# Histogram
# Size (bp)	Frequency
0	119.0
1	0.0
2	55.0
3	106.0
4	164.0
5	213.0
6	203.0
7	157.0
8	146.0
9	246.0
10	226.0
11	220.0
12	192.0
13	230.0
14	373.0
15	341.0
16	302.0
17	274.0
18	274.0
19	493.0
20	417.0
21	529.0
22	500.0
23	503.0
24	679.0
25	590.0
26	553.0
27	485.0
28	502.0
29	671.0
30	785.0
31	800.0
32	669.0
33	826.0
34	1055.0
35	943.0
36	940.0
37	1019.0
38	1229.0
39	1663.0
40	2009.0
41	1941.0
42	1922.0
43	2039.0
44	2435.0
45	2528.0
46	2652.0
47	3055.0
48	3840.0
49	4786.0
50	4900.0
51	5285.0
52	5038.0
53	5407.0
54	5930.0
55	5946.0
56	6559.0
57	7552.0
58	9386.0
59	11312.0
60	11520.0
61	11671.0
62	11906.0
63	13257.0
64	15786.0
65	17146.0
66	19555.0
67	22156.0
68	25474.0
69	29357.0
70	31570.0
71	34616.0
72	37382.0
73	40756.0
74	42900.0
75	44399.0
76	46713.0
77	50738.0
78	55714.0
79	65254.0
80	77185.0
81	93504.0
82	111714.0
83	131937.0
84	153009.0
85	175660.0
86	203729.0
87	237844.0
88	279213.0
89	339539.0
90	381448.0
91	402494.0
92	421213.0
93	440602.0
94	459356.0
95	472115.0
96	481976.0
97	495323.0
98	503173.0
99	531868.0
100	575177.0
101	639139.0
102	710872.0
103	771071.0
104	816698.0
105	842451.0
106	851510.0
107	839113.0
108	836171.0
109	823518.0
110	801693.0
111	774957.0
112	750475.0
113	739018.0
114	732540.0
115	706386.0
116	697410.0
117	679445.0
118	686228.0
119	704877.0
120	741791.0
121	787988.0
122	837778.0
123	875698.0
124	891873.0
125	905844.0
126	922974.0
127	923860.0
128	893025.0
129	833867.0
130	787463.0
131	761246.0
132	726867.0
133	701259.0
134	666041.0
135	636694.0
136	620006.0
137	595460.0
138	569773.0
139	542830.0
140	522266.0
141	508033.0
142	520080.0
143	573693.0
144	636478.0
145	669688.0
146	665555.0
147	639414.0
148	605333.0
149	578163.0
150	552288.0
151	523254.0
152	488989.0
153	455477.0
154	427896.0
155	402046.0
156	381170.0
157	364708.0
158	343810.0
159	329752.0
160	321181.0
161	308496.0
162	298923.0
163	287739.0
164	279866.0
165	271171.0
166	260472.0
167	246900.0
168	235936.0
169	225647.0
170	215709.0
171	207307.0
172	198689.0
173	187423.0
174	178159.0
175	170369.0
176	161769.0
177	151043.0
178	141559.0
179	135258.0
180	129209.0
181	123676.0
182	116052.0
183	110718.0
184	104954.0
185	98754.0
186	93580.0
187	88240.0
188	83448.0
189	79984.0
190	77363.0
191	73517.0
192	69687.0
193	65237.0
194	62794.0
195	59574.0
196	55955.0
197	53074.0
198	50777.0
199	48352.0
200	46432.0
201	44389.0
202	42357.0
203	40784.0
204	38959.0
205	36448.0
206	34443.0
207	32949.0
208	31920.0
209	31118.0
210	29856.0
211	28599.0
212	27908.0
213	26828.0
214	26489.0
215	25233.0
216	24289.0
217	23155.0
218	23001.0
219	22430.0
220	21549.0
221	21170.0
222	20541.0
223	20065.0
224	19399.0
225	19016.0
226	18039.0
227	17350.0
228	17416.0
229	17191.0
230	16621.0
231	16346.0
232	16383.0
233	15658.0
234	15694.0
235	14710.0
236	14504.0
237	13961.0
238	13570.0
239	13637.0
240	13291.0
241	12959.0
242	12711.0
243	12110.0
244	11995.0
245	11758.0
246	11391.0
247	11167.0
248	10909.0
249	10897.0
250	10651.0
251	10419.0
252	10122.0
253	9911.0
254	9837.0
255	10241.0
256	9349.0
257	7568.0
258	8194.0
259	8498.0
260	4893.0
261	0.0
262	0.0
263	0.0
264	0.0
265	0.0
266	0.0
267	0.0
268	0.0
269	0.0
270	0.0
271	0.0
272	0.0
273	0.0
274	0.0
275	0.0
276	0.0
277	0.0
278	0.0
279	0.0
280	0.0
281	0.0
282	0.0
283	0.0
284	0.0
285	0.0
286	0.0
287	0.0
288	0.0
289	0.0
290	0.0
291	0.0
292	0.0
293	0.0
294	0.0
295	0.0
296	0.0
297	0.0
298	0.0
299	0.0
300	0.0
301	0.0
302	0.0
303	0.0
304	0.0
305	0.0
306	0.0
307	0.0
308	0.0
309	0.0
310	0.0
311	0.0
312	0.0
313	0.0
314	0.0
315	0.0
316	0.0
317	0.0
318	0.0
319	0.0
320	0.0
321	0.0
322	0.0
323	0.0
324	0.0
325	0.0
326	0.0
327	0.0
328	0.0
329	0.0
330	0.0
331	0.0
332	0.0
333	0.0
334	0.0
335	0.0
336	0.0
337	0.0
338	0.0
339	0.0
340	0.0
